<13>Jan 13 07:09:57 USCHNABH01 AgentDevice=WindowsLog	AgentLogFile=Security	PluginVersion=1.0.14	Source=Security	Computer=USCHNABH01	User=Jason-Aglietti	Domain=NA	EventID=642	EventIDCode=642	EventType=8	EventCategory=7	RecordNumber=4251288290	TimeGenerated=1389614994	TimeWritten=1389614994	Message=User Account Changed:   Target Account Name: Jason-Aglietti   Target Domain: NA   Target Account ID: NA\Jason-Aglietti   Caller User Name: Jason-Aglietti   Caller Domain: NA   Caller Logon ID: (0x0,0x77EF6103)   Privileges: -  Changed Attributes:   Sam Account Name: -   Display Name: -   User Principal Name: -   Home Directory: -   Home Drive: -   Script Path: -   Profile Path: -   User Workstations: -   Password Last Set: 1/13/2014 7:09:54 AM   Account Expires: -   Primary Group ID: -   AllowedToDelegateTo: -   Old UAC Value: -   New UAC Value: -   User Account Control: -   User Parameters: -   Sid History: -   Logon Hours: -   
<13>Jan 13 13:09:39 EUNLVEDC02 AgentDevice=WindowsLog	AgentLogFile=Security	PluginVersion=1.0.14	Source=Security	Computer=EUNLVEDC02	User=ETAdm	Domain=EUROPE	EventID=671	EventIDCode=671	EventType=8	EventCategory=7	RecordNumber=1830000276	TimeGenerated=1389614975	TimeWritten=1389614975	Message=User Account Unlocked:   Target Account Name: Marisa-Brasse   Target Domain:  EUROPE   Target Account ID: EUROPE\Marisa-Brasse   Caller User Name: ETAdm   Caller Domain: EUROPE   Caller Logon ID: (0x0,0x2E426CF7)   
<13>Jan 13 07:08:04 USCHPOSDC01 AgentDevice=WindowsLog	AgentLogFile=Security	PluginVersion=1.0.14	Source=Security	Computer=USCHPOSDC01	User=ANONYMOUS LOGON	Domain=NT AUTHORITY	EventID=642	EventIDCode=642	EventType=8	EventCategory=7	RecordNumber=2546053751	TimeGenerated=1389614880	TimeWritten=1389614880	Message=User Account Changed:   Target Account Name: 403403   Target Domain: POS   Target Account ID: POS\403403   Caller User Name: USCHPOSDC01$   Caller Domain: POS   Caller Logon ID: (0x0,0x3E7)   Privileges: -  Changed Attributes:   Sam Account Name: -   Display Name: -   User Principal Name: -   Home Directory: -   Home Drive: -   Script Path: -   Profile Path: -   User Workstations: -   Password Last Set: 1/13/2014 7:08:00 AM   Account Expires: -   Primary Group ID: -   AllowedToDelegateTo: -   Old UAC Value: -   New UAC Value: -   User Account Control: -   User Parameters: -   Sid History: -   Logon Hours: -   
<13>Jan 13 07:08:03 USCHPOSDC02 AgentDevice=WindowsLog	AgentLogFile=Security	PluginVersion=1.0.14	Source=Security	Computer=USCHPOSDC02	User=SVC-IDMAdmin	Domain=NA	EventID=671	EventIDCode=671	EventType=8	EventCategory=7	RecordNumber=574871735	TimeGenerated=1389614880	TimeWritten=1389614880	Message=User Account Unlocked:   Target Account Name: 403403   Target Domain:  POS   Target Account ID: POS\403403   Caller User Name: SVC-IDMAdmin   Caller Domain: NA   Caller Logon ID: (0x0,0x52583EAB)   
<13>Jan 13 07:08:03 USCHPOSDC02 AgentDevice=WindowsLog	AgentLogFile=Security	PluginVersion=1.0.14	Source=Security	Computer=USCHPOSDC02	User=SVC-IDMAdmin	Domain=NA	EventID=642	EventIDCode=642	EventType=8	EventCategory=7	RecordNumber=574871731	TimeGenerated=1389614880	TimeWritten=1389614880	Message=User Account Changed:   Target Account Name: 403403   Target Domain: POS   Target Account ID: POS\403403   Caller User Name: SVC-IDMAdmin   Caller Domain: NA   Caller Logon ID: (0x0,0x52583F2F)   Privileges: -  Changed Attributes:   Sam Account Name: -   Display Name: -   User Principal Name: -   Home Directory: -   Home Drive: -   Script Path: -   Profile Path: -   User Workstations: -   Password Last Set: 1/13/2014 7:08:00 AM   Account Expires: -   Primary Group ID: -   AllowedToDelegateTo: -   Old UAC Value: -   New UAC Value: -   User Account Control: -   User Parameters: -   Sid History: -   Logon Hours: -   
<13>Jan 13 07:07:56 USCHNABH01 AgentDevice=WindowsLog	AgentLogFile=Security	PluginVersion=1.0.14	Source=Security	Computer=USCHNABH01	User=ANONYMOUS LOGON	Domain=NT AUTHORITY	EventID=642	EventIDCode=642	EventType=8	EventCategory=7	RecordNumber=4251283214	TimeGenerated=1389614865	TimeWritten=1389614865	Message=User Account Changed:   Target Account Name: Shaun-Pearl   Target Domain: NA   Target Account ID: NA\Shaun-Pearl   Caller User Name: USCHNABH01$   Caller Domain: NA   Caller Logon ID: (0x0,0x3E7)   Privileges: -  Changed Attributes:   Sam Account Name: -   Display Name: -   User Principal Name: -   Home Directory: -   Home Drive: -   Script Path: -   Profile Path: -   User Workstations: -   Password Last Set: 1/13/2014 7:07:45 AM   Account Expires: -   Primary Group ID: -   AllowedToDelegateTo: -   Old UAC Value: -   New UAC Value: -   User Account Control: -   User Parameters: -   Sid History: -   Logon Hours: -   
<13>Jan 13 13:07:14 EUNLVEDC02 AgentDevice=WindowsLog	AgentLogFile=Security	PluginVersion=1.0.14	Source=Security	Computer=EUNLVEDC02	User=SYSTEM	Domain=NT AUTHORITY	EventID=644	EventIDCode=644	EventType=8	EventCategory=7	RecordNumber=1829997144	TimeGenerated=1389614832	TimeWritten=1389614832	Message=User Account Locked Out:   Target Account Name: Marisa-Brasse   Target Account ID: EUROPE\Marisa-Brasse   Caller Machine Name: NLLT00314840   Caller User Name: EUNLVEDC02$   Caller Domain: EUROPE   Caller Logon ID: (0x0,0x3E7)   
<13>Jan 13 13:07:00 EUNLVEDC01 AgentDevice=WindowsLog	AgentLogFile=Security	PluginVersion=1.0.14	Source=Security	Computer=EUNLVEDC01	User=AXSAdm	Domain=EUROPE	EventID=671	EventIDCode=671	EventType=8	EventCategory=7	RecordNumber=2555403366	TimeGenerated=1389614758	TimeWritten=1389614758	Message=User Account Unlocked:   Target Account Name: John-McNealis   Target Domain:  EUROPE   Target Account ID: EUROPE\John-McNealis   Caller User Name: AXSAdm   Caller Domain: EUROPE   Caller Logon ID: (0x0,0xBBA55A7)   
<13>Jan 13 13:05:23 EUNLVEDC01 AgentDevice=WindowsLog	AgentLogFile=Security	PluginVersion=1.0.14	Source=Security	Computer=EUNLVEDC01	User=SYSTEM	Domain=NT AUTHORITY	EventID=644	EventIDCode=644	EventType=8	EventCategory=7	RecordNumber=2555400260	TimeGenerated=1389614718	TimeWritten=1389614718	Message=User Account Locked Out:   Target Account Name: Sandra-Nolken   Target Account ID: EUROPE\Sandra-Nolken   Caller Machine Name:    Caller User Name: EUNLVEDC01$   Caller Domain: EUROPE   Caller Logon ID: (0x0,0x3E7)   
<13>Jan 13 13:05:20 EUNLVEDC02 AgentDevice=WindowsLog	AgentLogFile=Security	PluginVersion=1.0.14	Source=Security	Computer=EUNLVEDC02	User=MADDam	Domain=EUROPE	EventID=671	EventIDCode=671	EventType=8	EventCategory=7	RecordNumber=1829994207	TimeGenerated=1389614718	TimeWritten=1389614718	Message=User Account Unlocked:   Target Account Name: Mehdi-DEHRIB   Target Domain:  EUROPE   Target Account ID: EUROPE\Mehdi-DEHRIB   Caller User Name: MADDam   Caller Domain: EUROPE   Caller Logon ID: (0x0,0x2E4071F6)   
<13>Jan 13 07:04:56 USCHPOSDC01 AgentDevice=WindowsLog	AgentLogFile=Security	PluginVersion=1.0.14	Source=Security	Computer=USCHPOSDC01	User=SVC-IDMAdmin	Domain=NA	EventID=671	EventIDCode=671	EventType=8	EventCategory=7	RecordNumber=2546048103	TimeGenerated=1389614692	TimeWritten=1389614692	Message=User Account Unlocked:   Target Account Name: 439037   Target Domain:  POS   Target Account ID: POS\439037   Caller User Name: SVC-IDMAdmin   Caller Domain: NA   Caller Logon ID: (0x0,0x4B54A582)   
<13>Jan 13 07:04:54 USCHPOSDC01 AgentDevice=WindowsLog	AgentLogFile=Security	PluginVersion=1.0.14	Source=Security	Computer=USCHPOSDC01	User=SVC-IDMAdmin	Domain=NA	EventID=642	EventIDCode=642	EventType=8	EventCategory=7	RecordNumber=2546048081	TimeGenerated=1389614692	TimeWritten=1389614692	Message=User Account Changed:   Target Account Name: 439037   Target Domain: POS   Target Account ID: POS\439037   Caller User Name: SVC-IDMAdmin   Caller Domain: NA   Caller Logon ID: (0x0,0x4B54A652)   Privileges: -  Changed Attributes:   Sam Account Name: -   Display Name: -   User Principal Name: -   Home Directory: -   Home Drive: -   Script Path: -   Profile Path: -   User Workstations: -   Password Last Set: 1/13/2014 7:04:51 AM   Account Expires: -   Primary Group ID: -   AllowedToDelegateTo: -   Old UAC Value: -   New UAC Value: -   User Account Control: -   User Parameters: -   Sid History: -   Logon Hours: -   
<13>Jan 13 07:04:31 USCHPOSDC01 AgentDevice=WindowsLog	AgentLogFile=Security	PluginVersion=1.0.14	Source=Security	Computer=USCHPOSDC01	User=ANONYMOUS LOGON	Domain=NT AUTHORITY	EventID=642	EventIDCode=642	EventType=8	EventCategory=7	RecordNumber=2546047324	TimeGenerated=1389614668	TimeWritten=1389614668	Message=User Account Changed:   Target Account Name: 585410   Target Domain: POS   Target Account ID: POS\585410   Caller User Name: USCHPOSDC01$   Caller Domain: POS   Caller Logon ID: (0x0,0x3E7)   Privileges: -  Changed Attributes:   Sam Account Name: -   Display Name: -   User Principal Name: -   Home Directory: -   Home Drive: -   Script Path: -   Profile Path: -   User Workstations: -   Password Last Set: 1/13/2014 7:04:28 AM   Account Expires: -   Primary Group ID: -   AllowedToDelegateTo: -   Old UAC Value: -   New UAC Value: -   User Account Control: -   User Parameters: -   Sid History: -   Logon Hours: -   
<13>Jan 13 07:04:31 USCHPOSDC02 AgentDevice=WindowsLog	AgentLogFile=Security	PluginVersion=1.0.14	Source=Security	Computer=USCHPOSDC02	User=SVC-IDMAdmin	Domain=NA	EventID=671	EventIDCode=671	EventType=8	EventCategory=7	RecordNumber=574870722	TimeGenerated=1389614668	TimeWritten=1389614668	Message=User Account Unlocked:   Target Account Name: 585410   Target Domain:  POS   Target Account ID: POS\585410   Caller User Name: SVC-IDMAdmin   Caller Domain: NA   Caller Logon ID: (0x0,0x5256265F)   
<13>Jan 13 07:04:31 USCHPOSDC02 AgentDevice=WindowsLog	AgentLogFile=Security	PluginVersion=1.0.14	Source=Security	Computer=USCHPOSDC02	User=SVC-IDMAdmin	Domain=NA	EventID=642	EventIDCode=642	EventType=8	EventCategory=7	RecordNumber=574870715	TimeGenerated=1389614668	TimeWritten=1389614668	Message=User Account Changed:   Target Account Name: 585410   Target Domain: POS   Target Account ID: POS\585410   Caller User Name: SVC-IDMAdmin   Caller Domain: NA   Caller Logon ID: (0x0,0x52562750)   Privileges: -  Changed Attributes:   Sam Account Name: -   Display Name: -   User Principal Name: -   Home Directory: -   Home Drive: -   Script Path: -   Profile Path: -   User Workstations: -   Password Last Set: 1/13/2014 7:04:28 AM   Account Expires: -   Primary Group ID: -   AllowedToDelegateTo: -   Old UAC Value: -   New UAC Value: -   User Account Control: -   User Parameters: -   Sid History: -   Logon Hours: -   
<13>Jan 13 13:04:15 EUNLVEDC01 AgentDevice=WindowsLog	AgentLogFile=Security	PluginVersion=1.0.14	Source=Security	Computer=EUNLVEDC01	User=ANONYMOUS LOGON	Domain=NT AUTHORITY	EventID=642	EventIDCode=642	EventType=8	EventCategory=7	RecordNumber=2555398019	TimeGenerated=1389614653	TimeWritten=1389614653	Message=User Account Changed:   Target Account Name: Ilham-Laassal   Target Domain: EUROPE   Target Account ID: EUROPE\Ilham-Laassal   Caller User Name: EUNLVEDC01$   Caller Domain: EUROPE   Caller Logon ID: (0x0,0x3E7)   Privileges: -  Changed Attributes:   Sam Account Name: -   Display Name: -   User Principal Name: -   Home Directory: -   Home Drive: -   Script Path: -   Profile Path: -   User Workstations: -   Password Last Set: 1/13/2014 1:04:13 PM   Account Expires: -   Primary Group ID: -   AllowedToDelegateTo: -   Old UAC Value: -   New UAC Value: -   User Account Control: -   User Parameters: -   Sid History: -   Logon Hours: -   
<13>Jan 13 07:04:06 USCHNAHUB02 AgentDevice=WindowsLog	AgentLogFile=Security	PluginVersion=1.0.14	Source=Security	Computer=USCHNAHUB02	User=SYSTEM	Domain=NT AUTHORITY	EventID=644	EventIDCode=644	EventType=8	EventCategory=7	RecordNumber=3024199542	TimeGenerated=1389608199	TimeWritten=1389608199	Message=User Account Locked Out:   Target Account Name: Adrian-Macean   Target Account ID: NA\Adrian-Macean   Caller Machine Name: CHSECGPRS01   Caller User Name: USCHNAHUB02$   Caller Domain: NA   Caller Logon ID: (0x0,0x3E7)   
<13>Jan 13 07:04:05 USCHNABH01 AgentDevice=WindowsLog	AgentLogFile=Security	PluginVersion=1.0.14	Source=Security	Computer=USCHNABH01	User=SYSTEM	Domain=NT AUTHORITY	EventID=644	EventIDCode=644	EventType=8	EventCategory=7	RecordNumber=4251272063	TimeGenerated=1389614569	TimeWritten=1389614569	Message=User Account Locked Out:   Target Account Name: Ibrahim-Lawal   Target Account ID: NA\Ibrahim-Lawal   Caller Machine Name: MJEWCFW   Caller User Name: USCHNABH01$   Caller Domain: NA   Caller Logon ID: (0x0,0x3E7)   
<13>Jan 13 07:03:59 USCHNAHUB02 AgentDevice=WindowsLog	AgentLogFile=Security	PluginVersion=1.0.14	Source=Security	Computer=USCHNAHUB02	User=SYSTEM	Domain=NT AUTHORITY	EventID=644	EventIDCode=644	EventType=8	EventCategory=7	RecordNumber=3024199291	TimeGenerated=1389608183	TimeWritten=1389608183	Message=User Account Locked Out:   Target Account Name: Bala-Chandran   Target Account ID: NA\Bala-Chandran   Caller Machine Name: CISCO   Caller User Name: USCHNAHUB02$   Caller Domain: NA   Caller Logon ID: (0x0,0x3E7)   
<13>Jan 13 13:03:55 EUNLVEDC01 AgentDevice=WindowsLog	AgentLogFile=Security	PluginVersion=1.0.14	Source=Security	Computer=EUNLVEDC01	User=SYSTEM	Domain=NT AUTHORITY	EventID=644	EventIDCode=644	EventType=8	EventCategory=7	RecordNumber=2555397392	TimeGenerated=1389614631	TimeWritten=1389614631	Message=User Account Locked Out:   Target Account Name: Sophie-Fontaine   Target Account ID: EUROPE\Sophie-Fontaine   Caller Machine Name: EUSECTXPS02   Caller User Name: EUNLVEDC01$   Caller Domain: EUROPE   Caller Logon ID: (0x0,0x3E7)   
<13>Jan 13 13:03:43 EUNLVEDC02 AgentDevice=WindowsLog	AgentLogFile=Security	PluginVersion=1.0.14	Source=Security	Computer=EUNLVEDC02	User=EUWSADD	Domain=EUROPE	EventID=626	EventIDCode=626	EventType=8	EventCategory=7	RecordNumber=1829990775	TimeGenerated=1389614567	TimeWritten=1389614567	Message=User Account Enabled:   Target Account Name: NLLT00306530$   Target Domain: EUROPE   Target Account ID: EUROPE\NLLT00306530$   Caller User Name: EUWSADD   Caller Domain: EUROPE   Caller Logon ID: (0x0,0x2E3F36B3)   
<13>Jan 13 13:03:43 EUNLVEDC02 AgentDevice=WindowsLog	AgentLogFile=Security	PluginVersion=1.0.14	Source=Security	Computer=EUNLVEDC02	User=EUWSADD	Domain=EUROPE	EventID=629	EventIDCode=629	EventType=8	EventCategory=7	RecordNumber=1829990761	TimeGenerated=1389614567	TimeWritten=1389614567	Message=User Account Disabled:   Target Account Name: NLLT00306530$   Target Domain: EUROPE   Target Account ID: EUROPE\NLLT00306530$   Caller User Name: EUWSADD   Caller Domain: EUROPE   Caller Logon ID: (0x0,0x2E3F36B3)   
<13>Jan 13 13:03:43 EUNLVEDC02 AgentDevice=WindowsLog	AgentLogFile=Security	PluginVersion=1.0.14	Source=Security	Computer=EUNLVEDC02	User=EUWSADD	Domain=EUROPE	EventID=626	EventIDCode=626	EventType=8	EventCategory=7	RecordNumber=1829990748	TimeGenerated=1389614567	TimeWritten=1389614567	Message=User Account Enabled:   Target Account Name: NLLT00306530$   Target Domain: EUROPE   Target Account ID: EUROPE\NLLT00306530$   Caller User Name: EUWSADD   Caller Domain: EUROPE   Caller Logon ID: (0x0,0x2E3F36B3)   
<13>Jan 13 13:02:39 EUNLVEDC01 AgentDevice=WindowsLog	AgentLogFile=Security	PluginVersion=1.0.14	Source=Security	Computer=EUNLVEDC01	User=ANONYMOUS LOGON	Domain=NT AUTHORITY	EventID=642	EventIDCode=642	EventType=8	EventCategory=7	RecordNumber=2555394849	TimeGenerated=1389614556	TimeWritten=1389614556	Message=User Account Changed:   Target Account Name: Michael-Barraco   Target Domain: EUROPE   Target Account ID: EUROPE\Michael-Barraco   Caller User Name: EUNLVEDC01$   Caller Domain: EUROPE   Caller Logon ID: (0x0,0x3E7)   Privileges: -  Changed Attributes:   Sam Account Name: -   Display Name: -   User Principal Name: -   Home Directory: -   Home Drive: -   Script Path: -   Profile Path: -   User Workstations: -   Password Last Set: 1/13/2014 1:02:36 PM   Account Expires: -   Primary Group ID: -   AllowedToDelegateTo: -   Old UAC Value: -   New UAC Value: -   User Account Control: -   User Parameters: -   Sid History: -   Logon Hours: -   
<13>Jan 13 07:02:37 USCHPOSDC01 AgentDevice=WindowsLog	AgentLogFile=Security	PluginVersion=1.0.14	Source=Security	Computer=USCHPOSDC01	User=SYSTEM	Domain=NT AUTHORITY	EventID=644	EventIDCode=644	EventType=8	EventCategory=7	RecordNumber=2546044383	TimeGenerated=1389614554	TimeWritten=1389614554	Message=User Account Locked Out:   Target Account Name: 585410   Target Account ID: POS\585410   Caller Machine Name: USCHNABH03   Caller User Name: USCHPOSDC01$   Caller Domain: POS   Caller Logon ID: (0x0,0x3E7)   
<13>Jan 13 07:02:18 USCHRETDC01 AgentDevice=WindowsLog	AgentLogFile=Security	PluginVersion=1.0.14	Source=Security	Computer=USCHRETDC01	User=SYSTEM	Domain=NT AUTHORITY	EventID=644	EventIDCode=644	EventType=8	EventCategory=7	RecordNumber=2275648454	TimeGenerated=1389614534	TimeWritten=1389614534	Message=User Account Locked Out:   Target Account Name: Salesxp02818   Target Account ID: ODRETAIL\Salesxp02818   Caller Machine Name: ODS02818W09   Caller User Name: USCHRETDC01$   Caller Domain: ODRETAIL   Caller Logon ID: (0x0,0x3E7)   
<13>Jan 13 07:02:17 USCHRETDC02 AgentDevice=WindowsLog	AgentLogFile=Security	PluginVersion=1.0.14	Source=Security	Computer=USCHRETDC02	User=SYSTEM	Domain=NT AUTHORITY	EventID=644	EventIDCode=644	EventType=8	EventCategory=7	RecordNumber=2062370953	TimeGenerated=1389614534	TimeWritten=1389614534	Message=User Account Locked Out:   Target Account Name: Salesxp02818   Target Account ID: ODRETAIL\Salesxp02818   Caller Machine Name: ODS02818W09   Caller User Name: USCHRETDC02$   Caller Domain: ODRETAIL   Caller Logon ID: (0x0,0x3E7)   
<13>Jan 13 07:02:02 USCHNAHUB05 AgentDevice=WindowsLog	AgentLogFile=Security	PluginVersion=1.0.14	Source=Security	Computer=USCHNAHUB05	User=SYSTEM	Domain=NT AUTHORITY	EventID=644	EventIDCode=644	EventType=8	EventCategory=7	RecordNumber=615135717	TimeGenerated=1389614518	TimeWritten=1389614518	Message=User Account Locked Out:   Target Account Name: Adrian-Macean   Target Account ID: NA\Adrian-Macean   Caller Machine Name: CHSECGPRS03   Caller User Name: USCHNAHUB05$   Caller Domain: NA   Caller Logon ID: (0x0,0x3E7)   
<13>Jan 13 07:01:19 USCHNAHUB05 AgentDevice=WindowsLog	AgentLogFile=Security	PluginVersion=1.0.14	Source=Security	Computer=USCHNAHUB05	User=SVC-IDMAdmin	Domain=NA	EventID=671	EventIDCode=671	EventType=8	EventCategory=7	RecordNumber=615134392	TimeGenerated=1389614475	TimeWritten=1389614475	Message=User Account Unlocked:   Target Account Name: Nestor-Febles   Target Domain:  NA   Target Account ID: NA\Nestor-Febles   Caller User Name: SVC-IDMAdmin   Caller Domain: NA   Caller Logon ID: (0x0,0x1AAE0F76)   
<13>Jan 13 07:01:17 USCHNAHUB05 AgentDevice=WindowsLog	AgentLogFile=Security	PluginVersion=1.0.14	Source=Security	Computer=USCHNAHUB05	User=SVC-IDMAdmin	Domain=NA	EventID=642	EventIDCode=642	EventType=8	EventCategory=7	RecordNumber=615134365	TimeGenerated=1389614475	TimeWritten=1389614475	Message=User Account Changed:   Target Account Name: Nestor-Febles   Target Domain: NA   Target Account ID: NA\Nestor-Febles   Caller User Name: SVC-IDMAdmin   Caller Domain: NA   Caller Logon ID: (0x0,0x1AAE1024)   Privileges: -  Changed Attributes:   Sam Account Name: -   Display Name: -   User Principal Name: -   Home Directory: -   Home Drive: -   Script Path: -   Profile Path: -   User Workstations: -   Password Last Set: 1/13/2014 7:01:15 AM   Account Expires: -   Primary Group ID: -   AllowedToDelegateTo: -   Old UAC Value: -   New UAC Value: -   User Account Control: -   User Parameters: -   Sid History: -   Logon Hours: -   
<13>Jan 13 07:01:03 USCHNAHUB02 AgentDevice=WindowsLog	AgentLogFile=Security	PluginVersion=1.0.14	Source=Security	Computer=USCHNAHUB02	User=SYSTEM	Domain=NT AUTHORITY	EventID=644	EventIDCode=644	EventType=8	EventCategory=7	RecordNumber=3024190746	TimeGenerated=1389607866	TimeWritten=1389607866	Message=User Account Locked Out:   Target Account Name: JCBmgr   Target Account ID: NA\JCBmgr   Caller Machine Name: \\10.63.125.95   Caller User Name: USCHNAHUB02$   Caller Domain: NA   Caller Logon ID: (0x0,0x3E7)   
<13>Jan 13 07:00:49 USCHPOSDC01 AgentDevice=WindowsLog	AgentLogFile=Security	PluginVersion=1.0.14	Source=Security	Computer=USCHPOSDC01	User=ANONYMOUS LOGON	Domain=NT AUTHORITY	EventID=642	EventIDCode=642	EventType=8	EventCategory=7	RecordNumber=2546041181	TimeGenerated=1389614444	TimeWritten=1389614444	Message=User Account Changed:   Target Account Name: 611248   Target Domain: POS   Target Account ID: POS\611248   Caller User Name: USCHPOSDC01$   Caller Domain: POS   Caller Logon ID: (0x0,0x3E7)   Privileges: -  Changed Attributes:   Sam Account Name: -   Display Name: -   User Principal Name: -   Home Directory: -   Home Drive: -   Script Path: -   Profile Path: -   User Workstations: -   Password Last Set: 1/13/2014 7:00:44 AM   Account Expires: -   Primary Group ID: -   AllowedToDelegateTo: -   Old UAC Value: -   New UAC Value: -   User Account Control: -   User Parameters: -   Sid History: -   Logon Hours: -   
<13>Jan 13 07:00:48 USCHPOSDC02 AgentDevice=WindowsLog	AgentLogFile=Security	PluginVersion=1.0.14	Source=Security	Computer=USCHPOSDC02	User=SVC-IDMAdmin	Domain=NA	EventID=671	EventIDCode=671	EventType=8	EventCategory=7	RecordNumber=574869696	TimeGenerated=1389614445	TimeWritten=1389614445	Message=User Account Unlocked:   Target Account Name: 611248   Target Domain:  POS   Target Account ID: POS\611248   Caller User Name: SVC-IDMAdmin   Caller Domain: NA   Caller Logon ID: (0x0,0x52540535)   
<13>Jan 13 07:00:48 USCHPOSDC02 AgentDevice=WindowsLog	AgentLogFile=Security	PluginVersion=1.0.14	Source=Security	Computer=USCHPOSDC02	User=SVC-IDMAdmin	Domain=NA	EventID=642	EventIDCode=642	EventType=8	EventCategory=7	RecordNumber=574869692	TimeGenerated=1389614444	TimeWritten=1389614444	Message=User Account Changed:   Target Account Name: 611248   Target Domain: POS   Target Account ID: POS\611248   Caller User Name: SVC-IDMAdmin   Caller Domain: NA   Caller Logon ID: (0x0,0x525405C9)   Privileges: -  Changed Attributes:   Sam Account Name: -   Display Name: -   User Principal Name: -   Home Directory: -   Home Drive: -   Script Path: -   Profile Path: -   User Workstations: -   Password Last Set: 1/13/2014 7:00:44 AM   Account Expires: -   Primary Group ID: -   AllowedToDelegateTo: -   Old UAC Value: -   New UAC Value: -   User Account Control: -   User Parameters: -   Sid History: -   Logon Hours: -   
<13>Jan 13 07:00:47 USCHNAHUB02 AgentDevice=WindowsLog	AgentLogFile=Security	PluginVersion=1.0.14	Source=Security	Computer=USCHNAHUB02	User=ANONYMOUS LOGON	Domain=NT AUTHORITY	EventID=642	EventIDCode=642	EventType=8	EventCategory=7	RecordNumber=3024189935	TimeGenerated=1389607777	TimeWritten=1389607777	Message=User Account Changed:   Target Account Name: 617127MGR   Target Domain: NA   Target Account ID: NA\617127MGR   Caller User Name: USCHNAHUB02$   Caller Domain: NA   Caller Logon ID: (0x0,0x3E7)   Privileges: -  Changed Attributes:   Sam Account Name: -   Display Name: -   User Principal Name: -   Home Directory: -   Home Drive: -   Script Path: -   Profile Path: -   User Workstations: -   Password Last Set: 1/13/2014 5:09:37 AM   Account Expires: -   Primary Group ID: -   AllowedToDelegateTo: -   Old UAC Value: -   New UAC Value: -   User Account Control: -   User Parameters: -   Sid History: -   Logon Hours: -   
<13>Jan 13 07:00:20 USCHNAHUB02 AgentDevice=WindowsLog	AgentLogFile=Security	PluginVersion=1.0.14	Source=Security	Computer=USCHNAHUB02	User=SYSTEM	Domain=NT AUTHORITY	EventID=644	EventIDCode=644	EventType=8	EventCategory=7	RecordNumber=3024188696	TimeGenerated=1389607636	TimeWritten=1389607636	Message=User Account Locked Out:   Target Account Name: Eyerusalem-Micael   Target Account ID: NA\Eyerusalem-Micael   Caller Machine Name: MJEWCHE   Caller User Name: USCHNAHUB02$   Caller Domain: NA   Caller Logon ID: (0x0,0x3E7)   
<13>Jan 13 13:00:04 EUNLVEDC02 AgentDevice=WindowsLog	AgentLogFile=Security	PluginVersion=1.0.14	Source=Security	Computer=EUNLVEDC02	User=Peter-Huberts	Domain=EUROPE	EventID=642	EventIDCode=642	EventType=8	EventCategory=7	RecordNumber=1829982837	TimeGenerated=1389614399	TimeWritten=1389614399	Message=User Account Changed:   Target Account Name: Peter-Huberts   Target Domain: EUROPE   Target Account ID: EUROPE\Peter-Huberts   Caller User Name: Peter-Huberts   Caller Domain: EUROPE   Caller Logon ID: (0x0,0x2E3D6CC3)   Privileges: -  Changed Attributes:   Sam Account Name: -   Display Name: -   User Principal Name: -   Home Directory: -   Home Drive: -   Script Path: -   Profile Path: -   User Workstations: -   Password Last Set: 1/13/2014 12:59:59 PM   Account Expires: -   Primary Group ID: -   AllowedToDelegateTo: -   Old UAC Value: -   New UAC Value: -   User Account Control: -   User Parameters: -   Sid History: -   Logon Hours: -   
<13>Jan 13 13:00:02 EUNLVEDC01 AgentDevice=WindowsLog	AgentLogFile=Security	PluginVersion=1.0.14	Source=Security	Computer=EUNLVEDC01	User=ANONYMOUS LOGON	Domain=NT AUTHORITY	EventID=642	EventIDCode=642	EventType=8	EventCategory=7	RecordNumber=2555389710	TimeGenerated=1389614399	TimeWritten=1389614399	Message=User Account Changed:   Target Account Name: Peter-Huberts   Target Domain: EUROPE   Target Account ID: EUROPE\Peter-Huberts   Caller User Name: EUNLVEDC01$   Caller Domain: EUROPE   Caller Logon ID: (0x0,0x3E7)   Privileges: -  Changed Attributes:   Sam Account Name: -   Display Name: -   User Principal Name: -   Home Directory: -   Home Drive: -   Script Path: -   Profile Path: -   User Workstations: -   Password Last Set: 1/13/2014 12:59:59 PM   Account Expires: -   Primary Group ID: -   AllowedToDelegateTo: -   Old UAC Value: -   New UAC Value: -   User Account Control: -   User Parameters: -   Sid History: -   Logon Hours: -   
<13>Jan 13 06:58:23 USCHNAHUB02 AgentDevice=WindowsLog	AgentLogFile=Security	PluginVersion=1.0.14	Source=Security	Computer=USCHNAHUB02	User=ANONYMOUS LOGON	Domain=NT AUTHORITY	EventID=642	EventIDCode=642	EventType=8	EventCategory=7	RecordNumber=3024183120	TimeGenerated=1389607374	TimeWritten=1389607374	Message=User Account Changed:   Target Account Name: Alejandra-Ornelas   Target Domain: NA   Target Account ID: NA\Alejandra-Ornelas   Caller User Name: USCHNAHUB02$   Caller Domain: NA   Caller Logon ID: (0x0,0x3E7)   Privileges: -  Changed Attributes:   Sam Account Name: -   Display Name: -   User Principal Name: -   Home Directory: -   Home Drive: -   Script Path: -   Profile Path: -   User Workstations: -   Password Last Set: 1/13/2014 5:02:54 AM   Account Expires: -   Primary Group ID: -   AllowedToDelegateTo: -   Old UAC Value: -   New UAC Value: -   User Account Control: -   User Parameters: -   Sid History: -   Logon Hours: -   
<13>Jan 13 12:57:06 EUNLVEDC02 AgentDevice=WindowsLog	AgentLogFile=Security	PluginVersion=1.0.14	Source=Security	Computer=EUNLVEDC02	User=SusBadm	Domain=EUROPE	EventID=671	EventIDCode=671	EventType=8	EventCategory=7	RecordNumber=1829978635	TimeGenerated=1389614222	TimeWritten=1389614222	Message=User Account Unlocked:   Target Account Name: Neil-Matthews   Target Domain:  EUROPE   Target Account ID: EUROPE\Neil-Matthews   Caller User Name: SusBadm   Caller Domain: EUROPE   Caller Logon ID: (0x0,0x2E3C2853)   
<13>Jan 13 12:56:56 EUNLVEDC01 AgentDevice=WindowsLog	AgentLogFile=Security	PluginVersion=1.0.14	Source=Security	Computer=EUNLVEDC01	User=SusBadm	Domain=EUROPE	EventID=671	EventIDCode=671	EventType=8	EventCategory=7	RecordNumber=2555384362	TimeGenerated=1389614213	TimeWritten=1389614213	Message=User Account Unlocked:   Target Account Name: Neil-Matthews   Target Domain:  EUROPE   Target Account ID: EUROPE\Neil-Matthews   Caller User Name: SusBadm   Caller Domain: EUROPE   Caller Logon ID: (0x0,0xBAE132D)   
<13>Jan 13 12:56:50 EUNLVEDC01 AgentDevice=WindowsLog	AgentLogFile=Security	PluginVersion=1.0.14	Source=Security	Computer=EUNLVEDC01	User=SYSTEM	Domain=NT AUTHORITY	EventID=644	EventIDCode=644	EventType=8	EventCategory=7	RecordNumber=2555384210	TimeGenerated=1389614207	TimeWritten=1389614207	Message=User Account Locked Out:   Target Account Name: Neil-Matthews   Target Account ID: EUROPE\Neil-Matthews   Caller Machine Name: EUUKTEDC01   Caller User Name: EUNLVEDC01$   Caller Domain: EUROPE   Caller Logon ID: (0x0,0x3E7)   
<13>Jan 13 06:56:44 USCHC10WEB02 AgentDevice=WindowsLog	AgentLogFile=Security	PluginVersion=1.0.14	Source=Security	Computer=USCHC10WEB02	User=SYSTEM	Domain=NT AUTHORITY	EventID=644	EventIDCode=644	EventType=8	EventCategory=7	RecordNumber=116048110	TimeGenerated=1389614201	TimeWritten=1389614201	Message=User Account Locked Out:   Target Account Name: john-jacobs   Target Account ID: USCHC10WEB02\john-jacobs   Caller Machine Name: ODS00647W12   Caller User Name: USCHC10WEB02$   Caller Domain: NA   Caller Logon ID: (0x0,0x3E7)   
<13>Jan 13 12:56:38 EUNLVEDC01 AgentDevice=WindowsLog	AgentLogFile=Security	PluginVersion=1.0.14	Source=Security	Computer=EUNLVEDC01	User=SusBadm	Domain=EUROPE	EventID=642	EventIDCode=642	EventType=8	EventCategory=7	RecordNumber=2555383990	TimeGenerated=1389614196	TimeWritten=1389614196	Message=User Account Changed:   Target Account Name: Neil-Matthews   Target Domain: EUROPE   Target Account ID: EUROPE\Neil-Matthews   Caller User Name: SusBadm   Caller Domain: EUROPE   Caller Logon ID: (0x0,0xBADD2D9)   Privileges: -  Changed Attributes:   Sam Account Name: -   Display Name: -   User Principal Name: -   Home Directory: -   Home Drive: -   Script Path: -   Profile Path: -   User Workstations: -   Password Last Set: 1/13/2014 12:56:36 PM   Account Expires: -   Primary Group ID: -   AllowedToDelegateTo: -   Old UAC Value: -   New UAC Value: -   User Account Control: -   User Parameters: -   Sid History: -   Logon Hours: -   
<13>Jan 13 06:56:33 USCHPOSDC01 AgentDevice=WindowsLog	AgentLogFile=Security	PluginVersion=1.0.14	Source=Security	Computer=USCHPOSDC01	User=SYSTEM	Domain=NT AUTHORITY	EventID=644	EventIDCode=644	EventType=8	EventCategory=7	RecordNumber=2546035501	TimeGenerated=1389614190	TimeWritten=1389614190	Message=User Account Locked Out:   Target Account Name: 645425   Target Account ID: POS\645425   Caller Machine Name: USCHNABH03   Caller User Name: USCHPOSDC01$   Caller Domain: POS   Caller Logon ID: (0x0,0x3E7)   
<13>Jan 13 12:56:28 EUNLVEDC01 AgentDevice=WindowsLog	AgentLogFile=Security	PluginVersion=1.0.14	Source=Security	Computer=EUNLVEDC01	User=ANONYMOUS LOGON	Domain=NT AUTHORITY	EventID=642	EventIDCode=642	EventType=8	EventCategory=7	RecordNumber=2555383733	TimeGenerated=1389614185	TimeWritten=1389614185	Message=User Account Changed:   Target Account Name: Craig-Slater   Target Domain: EUROPE   Target Account ID: EUROPE\Craig-Slater   Caller User Name: EUNLVEDC01$   Caller Domain: EUROPE   Caller Logon ID: (0x0,0x3E7)   Privileges: -  Changed Attributes:   Sam Account Name: -   Display Name: -   User Principal Name: -   Home Directory: -   Home Drive: -   Script Path: -   Profile Path: -   User Workstations: -   Password Last Set: 1/13/2014 12:56:24 PM   Account Expires: -   Primary Group ID: -   AllowedToDelegateTo: -   Old UAC Value: -   New UAC Value: -   User Account Control: -   User Parameters: -   Sid History: -   Logon Hours: -   
<13>Jan 13 12:56:22 EUNLVEDC01 AgentDevice=WindowsLog	AgentLogFile=Security	PluginVersion=1.0.14	Source=Security	Computer=EUNLVEDC01	User=SYSTEM	Domain=NT AUTHORITY	EventID=644	EventIDCode=644	EventType=8	EventCategory=7	RecordNumber=2555383599	TimeGenerated=1389614179	TimeWritten=1389614179	Message=User Account Locked Out:   Target Account Name: Jackie-Patterson   Target Account ID: EUROPE\Jackie-Patterson   Caller Machine Name: NLLT00314969   Caller User Name: EUNLVEDC01$   Caller Domain: EUROPE   Caller Logon ID: (0x0,0x3E7)   
<13>Jan 13 12:55:39 EUNLVEDC01 AgentDevice=WindowsLog	AgentLogFile=Security	PluginVersion=1.0.14	Source=Security	Computer=EUNLVEDC01	User=ANONYMOUS LOGON	Domain=NT AUTHORITY	EventID=642	EventIDCode=642	EventType=8	EventCategory=7	RecordNumber=2555382214	TimeGenerated=1389614135	TimeWritten=1389614135	Message=User Account Changed:   Target Account Name: Sophie-Ndiaye   Target Domain: EUROPE   Target Account ID: EUROPE\Sophie-Ndiaye   Caller User Name: EUNLVEDC01$   Caller Domain: EUROPE   Caller Logon ID: (0x0,0x3E7)   Privileges: -  Changed Attributes:   Sam Account Name: -   Display Name: -   User Principal Name: -   Home Directory: -   Home Drive: -   Script Path: -   Profile Path: -   User Workstations: -   Password Last Set: 1/13/2014 12:55:35 PM   Account Expires: -   Primary Group ID: -   AllowedToDelegateTo: -   Old UAC Value: -   New UAC Value: -   User Account Control: -   User Parameters: -   Sid History: -   Logon Hours: -   
<13>Jan 13 12:55:35 EUNLVEDC02 AgentDevice=WindowsLog	AgentLogFile=Security	PluginVersion=1.0.14	Source=Security	Computer=EUNLVEDC02	User=RCAdm	Domain=EUROPE	EventID=671	EventIDCode=671	EventType=8	EventCategory=7	RecordNumber=1829976367	TimeGenerated=1389614132	TimeWritten=1389614132	Message=User Account Unlocked:   Target Account Name: Nicole-Engelke   Target Domain:  EUROPE   Target Account ID: EUROPE\Nicole-Engelke   Caller User Name: RCAdm   Caller Domain: EUROPE   Caller Logon ID: (0x0,0x2E3B7DA5)   
<13>Jan 13 12:55:10 EUNLVEDC02 AgentDevice=WindowsLog	AgentLogFile=Security	PluginVersion=1.0.14	Source=Security	Computer=EUNLVEDC02	User=SusBadm	Domain=EUROPE	EventID=671	EventIDCode=671	EventType=8	EventCategory=7	RecordNumber=1829975862	TimeGenerated=1389614108	TimeWritten=1389614108	Message=User Account Unlocked:   Target Account Name: Neil-Matthews   Target Domain:  EUROPE   Target Account ID: EUROPE\Neil-Matthews   Caller User Name: SusBadm   Caller Domain: EUROPE   Caller Logon ID: (0x0,0x2E3B54D2)   
<13>Jan 13 12:55:08 EUNLVEDC01 AgentDevice=WindowsLog	AgentLogFile=Security	PluginVersion=1.0.14	Source=Security	Computer=EUNLVEDC01	User=SusBadm	Domain=EUROPE	EventID=671	EventIDCode=671	EventType=8	EventCategory=7	RecordNumber=2555381034	TimeGenerated=1389614105	TimeWritten=1389614105	Message=User Account Unlocked:   Target Account Name: Neil-Matthews   Target Domain:  EUROPE   Target Account ID: EUROPE\Neil-Matthews   Caller User Name: SusBadm   Caller Domain: EUROPE   Caller Logon ID: (0x0,0xBAC2F68)   
<13>Jan 13 06:54:51 USCHC10WEB01 AgentDevice=WindowsLog	AgentLogFile=Security	PluginVersion=1.0.14	Source=Security	Computer=USCHC10WEB01	User=SYSTEM	Domain=NT AUTHORITY	EventID=644	EventIDCode=644	EventType=8	EventCategory=7	RecordNumber=115405284	TimeGenerated=1389614088	TimeWritten=1389614088	Message=User Account Locked Out:   Target Account Name: john-jacobs   Target Account ID: USCHC10WEB01\john-jacobs   Caller Machine Name: ODS03255W12   Caller User Name: USCHC10WEB01$   Caller Domain: NA   Caller Logon ID: (0x0,0x3E7)   
<13>Jan 13 06:53:58 USCHNAHUB02 AgentDevice=WindowsLog	AgentLogFile=Security	PluginVersion=1.0.14	Source=Security	Computer=USCHNAHUB02	User=ANONYMOUS LOGON	Domain=NT AUTHORITY	EventID=642	EventIDCode=642	EventType=8	EventCategory=7	RecordNumber=3024171936	TimeGenerated=1389606903	TimeWritten=1389606903	Message=User Account Changed:   Target Account Name: Prathap-Suresh   Target Domain: NA   Target Account ID: NA\Prathap-Suresh   Caller User Name: USCHNAHUB02$   Caller Domain: NA   Caller Logon ID: (0x0,0x3E7)   Privileges: -  Changed Attributes:   Sam Account Name: -   Display Name: -   User Principal Name: -   Home Directory: -   Home Drive: -   Script Path: -   Profile Path: -   User Workstations: -   Password Last Set: 1/13/2014 4:55:03 AM   Account Expires: -   Primary Group ID: -   AllowedToDelegateTo: -   Old UAC Value: -   New UAC Value: -   User Account Control: -   User Parameters: -   Sid History: -   Logon Hours: -   
<13>Jan 13 06:53:43 USHQNADC02 AgentDevice=WindowsLog	AgentLogFile=Security	PluginVersion=1.0.14	Source=Security	Computer=USHQNADC02	User=Jay-Braden	Domain=NA	EventID=642	EventIDCode=642	EventType=8	EventCategory=7	RecordNumber=4072965459	TimeGenerated=1389614020	TimeWritten=1389614020	Message=User Account Changed:   Target Account Name: Jay-Braden   Target Domain: NA   Target Account ID: NA\Jay-Braden   Caller User Name: Jay-Braden   Caller Domain: NA   Caller Logon ID: (0x0,0x2AA6857B)   Privileges: -  Changed Attributes:   Sam Account Name: -   Display Name: -   User Principal Name: -   Home Directory: -   Home Drive: -   Script Path: -   Profile Path: -   User Workstations: -   Password Last Set: 1/13/2014 6:53:40 AM   Account Expires: -   Primary Group ID: -   AllowedToDelegateTo: -   Old UAC Value: -   New UAC Value: -   User Account Control: -   User Parameters: -   Sid History: -   Logon Hours: -   
<13>Jan 13 06:52:45 USCHNABH01 AgentDevice=WindowsLog	AgentLogFile=Security	PluginVersion=1.0.14	Source=Security	Computer=USCHNABH01	User=ANONYMOUS LOGON	Domain=NT AUTHORITY	EventID=642	EventIDCode=642	EventType=8	EventCategory=7	RecordNumber=4251241985	TimeGenerated=1389613669	TimeWritten=1389613669	Message=User Account Changed:   Target Account Name: Ailyn-Portento   Target Domain: NA   Target Account ID: NA\Ailyn-Portento   Caller User Name: USCHNABH01$   Caller Domain: NA   Caller Logon ID: (0x0,0x3E7)   Privileges: -  Changed Attributes:   Sam Account Name: -   Display Name: -   User Principal Name: -   Home Directory: -   Home Drive: -   Script Path: -   Profile Path: -   User Workstations: -   Password Last Set: 1/13/2014 6:47:49 AM   Account Expires: -   Primary Group ID: -   AllowedToDelegateTo: -   Old UAC Value: -   New UAC Value: -   User Account Control: -   User Parameters: -   Sid History: -   Logon Hours: -   
<13>Jan 13 06:52:39 USCHNAHUB06 AgentDevice=WindowsLog	AgentLogFile=Security	PluginVersion=1.0.14	Source=Security	Computer=USCHNAHUB06	User=SVC-IDMAdmin	Domain=NA	EventID=671	EventIDCode=671	EventType=8	EventCategory=7	RecordNumber=706218653	TimeGenerated=1389613606	TimeWritten=1389613606	Message=User Account Unlocked:   Target Account Name: Michael-McCarthy   Target Domain:  NA   Target Account ID: NA\Michael-McCarthy   Caller User Name: SVC-IDMAdmin   Caller Domain: NA   Caller Logon ID: (0x0,0x5D9DBE)   
<13>Jan 13 06:52:39 USCHNAHUB06 AgentDevice=WindowsLog	AgentLogFile=Security	PluginVersion=1.0.14	Source=Security	Computer=USCHNAHUB06	User=SVC-IDMAdmin	Domain=NA	EventID=642	EventIDCode=642	EventType=8	EventCategory=7	RecordNumber=706218637	TimeGenerated=1389613606	TimeWritten=1389613606	Message=User Account Changed:   Target Account Name: Michael-McCarthy   Target Domain: NA   Target Account ID: NA\Michael-McCarthy   Caller User Name: SVC-IDMAdmin   Caller Domain: NA   Caller Logon ID: (0x0,0x5DA2C6)   Privileges: -  Changed Attributes:   Sam Account Name: -   Display Name: -   User Principal Name: -   Home Directory: -   Home Drive: -   Script Path: -   Profile Path: -   User Workstations: -   Password Last Set: 1/13/2014 6:46:46 AM   Account Expires: -   Primary Group ID: -   AllowedToDelegateTo: -   Old UAC Value: -   New UAC Value: -   User Account Control: -   User Parameters: -   Sid History: -   Logon Hours: -   
<13>Jan 13 12:52:13 EUNLVEDC01 AgentDevice=WindowsLog	AgentLogFile=Security	PluginVersion=1.0.14	Source=Security	Computer=EUNLVEDC01	User=ANONYMOUS LOGON	Domain=NT AUTHORITY	EventID=642	EventIDCode=642	EventType=8	EventCategory=7	RecordNumber=2555375648	TimeGenerated=1389613930	TimeWritten=1389613930	Message=User Account Changed:   Target Account Name: Viktorija-Stepsyte   Target Domain: EUROPE   Target Account ID: EUROPE\Viktorija-Stepsyte   Caller User Name: EUNLVEDC01$   Caller Domain: EUROPE   Caller Logon ID: (0x0,0x3E7)   Privileges: -  Changed Attributes:   Sam Account Name: -   Display Name: -   User Principal Name: -   Home Directory: -   Home Drive: -   Script Path: -   Profile Path: -   User Workstations: -   Password Last Set: 1/13/2014 12:52:10 PM   Account Expires: -   Primary Group ID: -   AllowedToDelegateTo: -   Old UAC Value: -   New UAC Value: -   User Account Control: -   User Parameters: -   Sid History: -   Logon Hours: -   
<13>Jan 13 12:51:47 EUNLVEDC01 AgentDevice=WindowsLog	AgentLogFile=Security	PluginVersion=1.0.14	Source=Security	Computer=EUNLVEDC01	User=SYSTEM	Domain=NT AUTHORITY	EventID=644	EventIDCode=644	EventType=8	EventCategory=7	RecordNumber=2555374987	TimeGenerated=1389613903	TimeWritten=1389613903	Message=User Account Locked Out:   Target Account Name: Neil-Matthews   Target Account ID: EUROPE\Neil-Matthews   Caller Machine Name: EUUKTEDC01   Caller User Name: EUNLVEDC01$   Caller Domain: EUROPE   Caller Logon ID: (0x0,0x3E7)   
<13>Jan 13 12:50:27 EUNLVEDC01 AgentDevice=WindowsLog	AgentLogFile=Security	PluginVersion=1.0.14	Source=Security	Computer=EUNLVEDC01	User=ANONYMOUS LOGON	Domain=NT AUTHORITY	EventID=642	EventIDCode=642	EventType=8	EventCategory=7	RecordNumber=2555372623	TimeGenerated=1389613823	TimeWritten=1389613823	Message=User Account Changed:   Target Account Name: Wayne-Latto   Target Domain: EUROPE   Target Account ID: EUROPE\Wayne-Latto   Caller User Name: EUNLVEDC01$   Caller Domain: EUROPE   Caller Logon ID: (0x0,0x3E7)   Privileges: -  Changed Attributes:   Sam Account Name: -   Display Name: -   User Principal Name: -   Home Directory: -   Home Drive: -   Script Path: -   Profile Path: -   User Workstations: -   Password Last Set: 1/13/2014 12:50:23 PM   Account Expires: -   Primary Group ID: -   AllowedToDelegateTo: -   Old UAC Value: -   New UAC Value: -   User Account Control: -   User Parameters: -   Sid History: -   Logon Hours: -   
<13>Jan 13 12:50:21 EUNLVEDC01 AgentDevice=WindowsLog	AgentLogFile=Security	PluginVersion=1.0.14	Source=Security	Computer=EUNLVEDC01	User=ANONYMOUS LOGON	Domain=NT AUTHORITY	EventID=642	EventIDCode=642	EventType=8	EventCategory=7	RecordNumber=2555372522	TimeGenerated=1389613818	TimeWritten=1389613818	Message=User Account Changed:   Target Account Name: Sandy-Delahaur   Target Domain: EUROPE   Target Account ID: EUROPE\Sandy-Delahaur   Caller User Name: EUNLVEDC01$   Caller Domain: EUROPE   Caller Logon ID: (0x0,0x3E7)   Privileges: -  Changed Attributes:   Sam Account Name: -   Display Name: -   User Principal Name: -   Home Directory: -   Home Drive: -   Script Path: -   Profile Path: -   User Workstations: -   Password Last Set: 1/13/2014 12:50:18 PM   Account Expires: -   Primary Group ID: -   AllowedToDelegateTo: -   Old UAC Value: -   New UAC Value: -   User Account Control: -   User Parameters: -   Sid History: -   Logon Hours: -   
<13>Jan 13 12:50:21 EUNLVEDC01 AgentDevice=WindowsLog	AgentLogFile=Security	PluginVersion=1.0.14	Source=Security	Computer=EUNLVEDC01	User=ANONYMOUS LOGON	Domain=NT AUTHORITY	EventID=642	EventIDCode=642	EventType=8	EventCategory=7	RecordNumber=2555372506	TimeGenerated=1389613817	TimeWritten=1389613817	Message=User Account Changed:   Target Account Name: Gina-Hutchinson   Target Domain: EUROPE   Target Account ID: EUROPE\Gina-Hutchinson   Caller User Name: EUNLVEDC01$   Caller Domain: EUROPE   Caller Logon ID: (0x0,0x3E7)   Privileges: -  Changed Attributes:   Sam Account Name: -   Display Name: -   User Principal Name: -   Home Directory: -   Home Drive: -   Script Path: -   Profile Path: -   User Workstations: -   Password Last Set: 1/13/2014 12:50:17 PM   Account Expires: -   Primary Group ID: -   AllowedToDelegateTo: -   Old UAC Value: -   New UAC Value: -   User Account Control: -   User Parameters: -   Sid History: -   Logon Hours: -   
<13>Jan 13 12:46:42 EUNLVEDC01 AgentDevice=WindowsLog	AgentLogFile=Security	PluginVersion=1.0.14	Source=Security	Computer=EUNLVEDC01	User=ANONYMOUS LOGON	Domain=NT AUTHORITY	EventID=642	EventIDCode=642	EventType=8	EventCategory=7	RecordNumber=2555367245	TimeGenerated=1389613599	TimeWritten=1389613599	Message=User Account Changed:   Target Account Name: Brigitte-Lefort   Target Domain: EUROPE   Target Account ID: EUROPE\Brigitte-Lefort   Caller User Name: EUNLVEDC01$   Caller Domain: EUROPE   Caller Logon ID: (0x0,0x3E7)   Privileges: -  Changed Attributes:   Sam Account Name: -   Display Name: -   User Principal Name: -   Home Directory: -   Home Drive: -   Script Path: -   Profile Path: -   User Workstations: -   Password Last Set: <never>    Account Expires: -   Primary Group ID: -   AllowedToDelegateTo: -   Old UAC Value: -   New UAC Value: -   User Account Control: -   User Parameters: -   Sid History: -   Logon Hours: -   
<13>Jan 13 06:45:17 USCHNAHUB06 AgentDevice=WindowsLog	AgentLogFile=Security	PluginVersion=1.0.14	Source=Security	Computer=USCHNAHUB06	User=Klaas-Prins	Domain=NA	EventID=671	EventIDCode=671	EventType=8	EventCategory=7	RecordNumber=706202012	TimeGenerated=1389608901	TimeWritten=1389608901	Message=User Account Unlocked:   Target Account Name: Bala-Chandran   Target Domain:  NA   Target Account ID: NA\Bala-Chandran   Caller User Name: Klaas-Prins   Caller Domain: NA   Caller Logon ID: (0x0,0x53ADF8)   
<13>Jan 13 06:45:08 USCHNAHUB05 AgentDevice=WindowsLog	AgentLogFile=Security	PluginVersion=1.0.14	Source=Security	Computer=USCHNAHUB05	User=SVC-IDMAdmin	Domain=NA	EventID=671	EventIDCode=671	EventType=8	EventCategory=7	RecordNumber=615101890	TimeGenerated=1389613494	TimeWritten=1389613494	Message=User Account Unlocked:   Target Account Name: Cristian-Rosales   Target Domain:  NA   Target Account ID: NA\Cristian-Rosales   Caller User Name: SVC-IDMAdmin   Caller Domain: NA   Caller Logon ID: (0x0,0x1AAA524D)   
<13>Jan 13 06:45:04 USCHNAHUB05 AgentDevice=WindowsLog	AgentLogFile=Security	PluginVersion=1.0.14	Source=Security	Computer=USCHNAHUB05	User=SVC-IDMAdmin	Domain=NA	EventID=642	EventIDCode=642	EventType=8	EventCategory=7	RecordNumber=615101811	TimeGenerated=1389613494	TimeWritten=1389613494	Message=User Account Changed:   Target Account Name: Cristian-Rosales   Target Domain: NA   Target Account ID: NA\Cristian-Rosales   Caller User Name: SVC-IDMAdmin   Caller Domain: NA   Caller Logon ID: (0x0,0x1AAA5447)   Privileges: -  Changed Attributes:   Sam Account Name: -   Display Name: -   User Principal Name: -   Home Directory: -   Home Drive: -   Script Path: -   Profile Path: -   User Workstations: -   Password Last Set: 1/13/2014 6:44:54 AM   Account Expires: -   Primary Group ID: -   AllowedToDelegateTo: -   Old UAC Value: -   New UAC Value: -   User Account Control: -   User Parameters: -   Sid History: -   Logon Hours: -   
<13>Jan 13 12:43:13 EUNLVEDC01 AgentDevice=WindowsLog	AgentLogFile=Security	PluginVersion=1.0.14	Source=Security	Computer=EUNLVEDC01	User=ANONYMOUS LOGON	Domain=NT AUTHORITY	EventID=642	EventIDCode=642	EventType=8	EventCategory=7	RecordNumber=2555362205	TimeGenerated=1389613391	TimeWritten=1389613391	Message=User Account Changed:   Target Account Name: James-Eves   Target Domain: EUROPE   Target Account ID: EUROPE\James-Eves   Caller User Name: EUNLVEDC01$   Caller Domain: EUROPE   Caller Logon ID: (0x0,0x3E7)   Privileges: -  Changed Attributes:   Sam Account Name: -   Display Name: -   User Principal Name: -   Home Directory: -   Home Drive: -   Script Path: -   Profile Path: -   User Workstations: -   Password Last Set: <never>    Account Expires: -   Primary Group ID: -   AllowedToDelegateTo: -   Old UAC Value: -   New UAC Value: -   User Account Control: -   User Parameters: -   Sid History: -   Logon Hours: -   
<13>Jan 13 06:42:47 USCHNAHUB02 AgentDevice=WindowsLog	AgentLogFile=Security	PluginVersion=1.0.14	Source=Security	Computer=USCHNAHUB02	User=SYSTEM	Domain=NT AUTHORITY	EventID=644	EventIDCode=644	EventType=8	EventCategory=7	RecordNumber=3024143213	TimeGenerated=1389606019	TimeWritten=1389606019	Message=User Account Locked Out:   Target Account Name: JCBmgr   Target Account ID: NA\JCBmgr   Caller Machine Name: \\10.63.125.95   Caller User Name: USCHNAHUB02$   Caller Domain: NA   Caller Logon ID: (0x0,0x3E7)   
<13>Jan 13 06:40:44 USCHNABH01 AgentDevice=WindowsLog	AgentLogFile=Security	PluginVersion=1.0.14	Source=Security	Computer=USCHNABH01	User=SYSTEM	Domain=NT AUTHORITY	EventID=644	EventIDCode=644	EventType=8	EventCategory=7	RecordNumber=4251214914	TimeGenerated=1389613242	TimeWritten=1389613242	Message=User Account Locked Out:   Target Account Name: Eyerusalem-Micael   Target Account ID: NA\Eyerusalem-Micael   Caller Machine Name: MJEWCHE   Caller User Name: USCHNABH01$   Caller Domain: NA   Caller Logon ID: (0x0,0x3E7)   
<13>Jan 13 06:40:38 USCHNABH01 AgentDevice=WindowsLog	AgentLogFile=Security	PluginVersion=1.0.14	Source=Security	Computer=USCHNABH01	User=SYSTEM	Domain=NT AUTHORITY	EventID=644	EventIDCode=644	EventType=8	EventCategory=7	RecordNumber=4251214668	TimeGenerated=1389613236	TimeWritten=1389613236	Message=User Account Locked Out:   Target Account Name: Rashad-Branch   Target Account ID: NA\Rashad-Branch   Caller Machine Name: MJEWCHE   Caller User Name: USCHNABH01$   Caller Domain: NA   Caller Logon ID: (0x0,0x3E7)   
<13>Jan 13 06:40:16 USCHNAHUB02 AgentDevice=WindowsLog	AgentLogFile=Security	PluginVersion=1.0.14	Source=Security	Computer=USCHNAHUB02	User=SYSTEM	Domain=NT AUTHORITY	EventID=644	EventIDCode=644	EventType=8	EventCategory=7	RecordNumber=3024135931	TimeGenerated=1389605779	TimeWritten=1389605779	Message=User Account Locked Out:   Target Account Name: 649314MAN   Target Account ID: NA\649314MAN   Caller Machine Name: USCHFINC01S01   Caller User Name: USCHNAHUB02$   Caller Domain: NA   Caller Logon ID: (0x0,0x3E7)   
