<13>Jan 12 00:31:15 USCHPOSDC01 AgentDevice=WindowsLog	AgentLogFile=Security	PluginVersion=1.0.14	Source=Security	Computer=USCHPOSDC01	User=SVC-ADIMPORT	Domain=POS	EventID=642	EventIDCode=642	EventType=8	EventCategory=7	RecordNumber=2544684509	TimeGenerated=1389504671	TimeWritten=1389504671	Message=User Account Changed:   Target Account Name: 655933   Target Domain: POS   Target Account ID: POS\655933   Caller User Name: SVC-ADIMPORT   Caller Domain: POS   Caller Logon ID: (0x0,0x47908560)   Privileges: -  Changed Attributes:   Sam Account Name: -   Display Name: JOSHUA VARNADOE   User Principal Name: -   Home Directory: -   Home Drive: -   Script Path: -   Profile Path: -   User Workstations: -   Password Last Set: -   Account Expires: -   Primary Group ID: -   AllowedToDelegateTo: -   Old UAC Value: -   New UAC Value: -   User Account Control: -   User Parameters: -   Sid History: -   Logon Hours: -   
<13>Jan 12 00:31:15 USCHPOSDC01 AgentDevice=WindowsLog	AgentLogFile=Security	PluginVersion=1.0.14	Source=Security	Computer=USCHPOSDC01	User=SVC-ADIMPORT	Domain=POS	EventID=626	EventIDCode=626	EventType=8	EventCategory=7	RecordNumber=2544684506	TimeGenerated=1389504671	TimeWritten=1389504671	Message=User Account Enabled:   Target Account Name: 655933   Target Domain: POS   Target Account ID: POS\655933   Caller User Name: SVC-ADIMPORT   Caller Domain: POS   Caller Logon ID: (0x0,0x47908560)   
<13>Jan 12 00:31:15 USCHPOSDC01 AgentDevice=WindowsLog	AgentLogFile=Security	PluginVersion=1.0.14	Source=Security	Computer=USCHPOSDC01	User=SVC-ADIMPORT	Domain=POS	EventID=642	EventIDCode=642	EventType=8	EventCategory=7	RecordNumber=2544684505	TimeGenerated=1389504671	TimeWritten=1389504671	Message=User Account Changed:   Target Account Name: 655933   Target Domain: POS   Target Account ID: POS\655933   Caller User Name: SVC-ADIMPORT   Caller Domain: POS   Caller Logon ID: (0x0,0x47908560)   Privileges: -  Changed Attributes:   Sam Account Name: -   Display Name: -   User Principal Name: -   Home Directory: -   Home Drive: -   Script Path: -   Profile Path: -   User Workstations: -   Password Last Set: -   Account Expires: -   Primary Group ID: -   AllowedToDelegateTo: -   Old UAC Value: 0x15   New UAC Value: 0x10   User Account Control:    Account Enabled    'Password Not Required' - Disabled    User Parameters: -   Sid History: -   Logon Hours: -   
<13>Jan 12 00:31:15 USCHPOSDC01 AgentDevice=WindowsLog	AgentLogFile=Security	PluginVersion=1.0.14	Source=Security	Computer=USCHPOSDC01	User=SVC-ADIMPORT	Domain=POS	EventID=642	EventIDCode=642	EventType=8	EventCategory=7	RecordNumber=2544684498	TimeGenerated=1389504671	TimeWritten=1389504671	Message=User Account Changed:   Target Account Name: 655933   Target Domain: POS   Target Account ID: POS\655933   Caller User Name: SVC-ADIMPORT   Caller Domain: POS   Caller Logon ID: (0x0,0x47914941)   Privileges: -  Changed Attributes:   Sam Account Name: -   Display Name: -   User Principal Name: -   Home Directory: -   Home Drive: -   Script Path: -   Profile Path: -   User Workstations: -   Password Last Set: 1/12/2014 12:31:11 AM   Account Expires: -   Primary Group ID: -   AllowedToDelegateTo: -   Old UAC Value: -   New UAC Value: -   User Account Control: -   User Parameters: -   Sid History: -   Logon Hours: -   
<13>Jan 12 00:31:13 USCHPOSDC01 AgentDevice=WindowsLog	AgentLogFile=Security	PluginVersion=1.0.14	Source=Security	Computer=USCHPOSDC01	User=SVC-ADIMPORT	Domain=POS	EventID=642	EventIDCode=642	EventType=8	EventCategory=7	RecordNumber=2544684463	TimeGenerated=1389504669	TimeWritten=1389504669	Message=User Account Changed:   Target Account Name: 655857   Target Domain: POS   Target Account ID: POS\655857   Caller User Name: SVC-ADIMPORT   Caller Domain: POS   Caller Logon ID: (0x0,0x47908560)   Privileges: -  Changed Attributes:   Sam Account Name: -   Display Name: FEDNY LOVAINCY   User Principal Name: -   Home Directory: -   Home Drive: -   Script Path: -   Profile Path: -   User Workstations: -   Password Last Set: -   Account Expires: -   Primary Group ID: -   AllowedToDelegateTo: -   Old UAC Value: -   New UAC Value: -   User Account Control: -   User Parameters: -   Sid History: -   Logon Hours: -   
<13>Jan 12 00:31:13 USCHPOSDC01 AgentDevice=WindowsLog	AgentLogFile=Security	PluginVersion=1.0.14	Source=Security	Computer=USCHPOSDC01	User=SVC-ADIMPORT	Domain=POS	EventID=626	EventIDCode=626	EventType=8	EventCategory=7	RecordNumber=2544684460	TimeGenerated=1389504669	TimeWritten=1389504669	Message=User Account Enabled:   Target Account Name: 655857   Target Domain: POS   Target Account ID: POS\655857   Caller User Name: SVC-ADIMPORT   Caller Domain: POS   Caller Logon ID: (0x0,0x47908560)   
<13>Jan 12 00:31:13 USCHPOSDC01 AgentDevice=WindowsLog	AgentLogFile=Security	PluginVersion=1.0.14	Source=Security	Computer=USCHPOSDC01	User=SVC-ADIMPORT	Domain=POS	EventID=642	EventIDCode=642	EventType=8	EventCategory=7	RecordNumber=2544684459	TimeGenerated=1389504669	TimeWritten=1389504669	Message=User Account Changed:   Target Account Name: 655857   Target Domain: POS   Target Account ID: POS\655857   Caller User Name: SVC-ADIMPORT   Caller Domain: POS   Caller Logon ID: (0x0,0x47908560)   Privileges: -  Changed Attributes:   Sam Account Name: -   Display Name: -   User Principal Name: -   Home Directory: -   Home Drive: -   Script Path: -   Profile Path: -   User Workstations: -   Password Last Set: -   Account Expires: -   Primary Group ID: -   AllowedToDelegateTo: -   Old UAC Value: 0x15   New UAC Value: 0x10   User Account Control:    Account Enabled    'Password Not Required' - Disabled    User Parameters: -   Sid History: -   Logon Hours: -   
<13>Jan 12 00:31:13 USCHPOSDC01 AgentDevice=WindowsLog	AgentLogFile=Security	PluginVersion=1.0.14	Source=Security	Computer=USCHPOSDC01	User=SVC-ADIMPORT	Domain=POS	EventID=642	EventIDCode=642	EventType=8	EventCategory=7	RecordNumber=2544684453	TimeGenerated=1389504669	TimeWritten=1389504669	Message=User Account Changed:   Target Account Name: 655857   Target Domain: POS   Target Account ID: POS\655857   Caller User Name: SVC-ADIMPORT   Caller Domain: POS   Caller Logon ID: (0x0,0x47913B28)   Privileges: -  Changed Attributes:   Sam Account Name: -   Display Name: -   User Principal Name: -   Home Directory: -   Home Drive: -   Script Path: -   Profile Path: -   User Workstations: -   Password Last Set: 1/12/2014 12:31:09 AM   Account Expires: -   Primary Group ID: -   AllowedToDelegateTo: -   Old UAC Value: -   New UAC Value: -   User Account Control: -   User Parameters: -   Sid History: -   Logon Hours: -   
<13>Jan 12 00:31:01 USCHPOSDC01 AgentDevice=WindowsLog	AgentLogFile=Security	PluginVersion=1.0.14	Source=Security	Computer=USCHPOSDC01	User=SVC-ADIMPORT	Domain=POS	EventID=642	EventIDCode=642	EventType=8	EventCategory=7	RecordNumber=2544684208	TimeGenerated=1389504658	TimeWritten=1389504658	Message=User Account Changed:   Target Account Name: 648318   Target Domain: POS   Target Account ID: POS\648318   Caller User Name: SVC-ADIMPORT   Caller Domain: POS   Caller Logon ID: (0x0,0x47908560)   Privileges: -  Changed Attributes:   Sam Account Name: -   Display Name: TELA WILLIAMS   User Principal Name: -   Home Directory: -   Home Drive: -   Script Path: -   Profile Path: -   User Workstations: -   Password Last Set: -   Account Expires: -   Primary Group ID: -   AllowedToDelegateTo: -   Old UAC Value: -   New UAC Value: -   User Account Control: -   User Parameters: -   Sid History: -   Logon Hours: -   
<13>Jan 12 00:31:01 USCHPOSDC01 AgentDevice=WindowsLog	AgentLogFile=Security	PluginVersion=1.0.14	Source=Security	Computer=USCHPOSDC01	User=SVC-ADIMPORT	Domain=POS	EventID=642	EventIDCode=642	EventType=8	EventCategory=7	RecordNumber=2544684204	TimeGenerated=1389504658	TimeWritten=1389504658	Message=User Account Changed:   Target Account Name: 648318   Target Domain: POS   Target Account ID: POS\648318   Caller User Name: SVC-ADIMPORT   Caller Domain: POS   Caller Logon ID: (0x0,0x47908560)   Privileges: -  Changed Attributes:   Sam Account Name: -   Display Name: -   User Principal Name: -   Home Directory: -   Home Drive: -   Script Path: -   Profile Path: -   User Workstations: -   Password Last Set: -   Account Expires: -   Primary Group ID: -   AllowedToDelegateTo: -   Old UAC Value: 0x15   New UAC Value: 0x10   User Account Control:    Account Enabled    'Password Not Required' - Disabled    User Parameters: -   Sid History: -   Logon Hours: -   
<13>Jan 12 00:31:01 USCHPOSDC01 AgentDevice=WindowsLog	AgentLogFile=Security	PluginVersion=1.0.14	Source=Security	Computer=USCHPOSDC01	User=SVC-ADIMPORT	Domain=POS	EventID=626	EventIDCode=626	EventType=8	EventCategory=7	RecordNumber=2544684205	TimeGenerated=1389504658	TimeWritten=1389504658	Message=User Account Enabled:   Target Account Name: 648318   Target Domain: POS   Target Account ID: POS\648318   Caller User Name: SVC-ADIMPORT   Caller Domain: POS   Caller Logon ID: (0x0,0x47908560)   
<13>Jan 12 00:31:01 USCHPOSDC01 AgentDevice=WindowsLog	AgentLogFile=Security	PluginVersion=1.0.14	Source=Security	Computer=USCHPOSDC01	User=SVC-ADIMPORT	Domain=POS	EventID=642	EventIDCode=642	EventType=8	EventCategory=7	RecordNumber=2544684198	TimeGenerated=1389504658	TimeWritten=1389504658	Message=User Account Changed:   Target Account Name: 648318   Target Domain: POS   Target Account ID: POS\648318   Caller User Name: SVC-ADIMPORT   Caller Domain: POS   Caller Logon ID: (0x0,0x4790D30F)   Privileges: -  Changed Attributes:   Sam Account Name: -   Display Name: -   User Principal Name: -   Home Directory: -   Home Drive: -   Script Path: -   Profile Path: -   User Workstations: -   Password Last Set: 1/12/2014 12:30:58 AM   Account Expires: -   Primary Group ID: -   AllowedToDelegateTo: -   Old UAC Value: -   New UAC Value: -   User Account Control: -   User Parameters: -   Sid History: -   Logon Hours: -   
<13>Jan 12 00:30:52 USCHPOSDC01 AgentDevice=WindowsLog	AgentLogFile=Security	PluginVersion=1.0.14	Source=Security	Computer=USCHPOSDC01	User=SVC-ADIMPORT	Domain=POS	EventID=642	EventIDCode=642	EventType=8	EventCategory=7	RecordNumber=2544684011	TimeGenerated=1389504650	TimeWritten=1389504650	Message=User Account Changed:   Target Account Name: 625811   Target Domain: POS   Target Account ID: POS\625811   Caller User Name: SVC-ADIMPORT   Caller Domain: POS   Caller Logon ID: (0x0,0x47908560)   Privileges: -  Changed Attributes:   Sam Account Name: -   Display Name: JULANA SMITH   User Principal Name: -   Home Directory: -   Home Drive: -   Script Path: -   Profile Path: -   User Workstations: -   Password Last Set: -   Account Expires: -   Primary Group ID: -   AllowedToDelegateTo: -   Old UAC Value: -   New UAC Value: -   User Account Control: -   User Parameters: -   Sid History: -   Logon Hours: -   
<13>Jan 12 00:30:52 USCHPOSDC01 AgentDevice=WindowsLog	AgentLogFile=Security	PluginVersion=1.0.14	Source=Security	Computer=USCHPOSDC01	User=SVC-ADIMPORT	Domain=POS	EventID=626	EventIDCode=626	EventType=8	EventCategory=7	RecordNumber=2544684008	TimeGenerated=1389504649	TimeWritten=1389504649	Message=User Account Enabled:   Target Account Name: 625811   Target Domain: POS   Target Account ID: POS\625811   Caller User Name: SVC-ADIMPORT   Caller Domain: POS   Caller Logon ID: (0x0,0x47908560)   
<13>Jan 12 00:30:52 USCHPOSDC01 AgentDevice=WindowsLog	AgentLogFile=Security	PluginVersion=1.0.14	Source=Security	Computer=USCHPOSDC01	User=SVC-ADIMPORT	Domain=POS	EventID=642	EventIDCode=642	EventType=8	EventCategory=7	RecordNumber=2544684007	TimeGenerated=1389504649	TimeWritten=1389504649	Message=User Account Changed:   Target Account Name: 625811   Target Domain: POS   Target Account ID: POS\625811   Caller User Name: SVC-ADIMPORT   Caller Domain: POS   Caller Logon ID: (0x0,0x47908560)   Privileges: -  Changed Attributes:   Sam Account Name: -   Display Name: -   User Principal Name: -   Home Directory: -   Home Drive: -   Script Path: -   Profile Path: -   User Workstations: -   Password Last Set: -   Account Expires: -   Primary Group ID: -   AllowedToDelegateTo: -   Old UAC Value: 0x15   New UAC Value: 0x10   User Account Control:    Account Enabled    'Password Not Required' - Disabled    User Parameters: -   Sid History: -   Logon Hours: -   
<13>Jan 12 00:30:52 USCHPOSDC01 AgentDevice=WindowsLog	AgentLogFile=Security	PluginVersion=1.0.14	Source=Security	Computer=USCHPOSDC01	User=SVC-ADIMPORT	Domain=POS	EventID=642	EventIDCode=642	EventType=8	EventCategory=7	RecordNumber=2544684001	TimeGenerated=1389504649	TimeWritten=1389504649	Message=User Account Changed:   Target Account Name: 625811   Target Domain: POS   Target Account ID: POS\625811   Caller User Name: SVC-ADIMPORT   Caller Domain: POS   Caller Logon ID: (0x0,0x4790B1C1)   Privileges: -  Changed Attributes:   Sam Account Name: -   Display Name: -   User Principal Name: -   Home Directory: -   Home Drive: -   Script Path: -   Profile Path: -   User Workstations: -   Password Last Set: 1/12/2014 12:30:49 AM   Account Expires: -   Primary Group ID: -   AllowedToDelegateTo: -   Old UAC Value: -   New UAC Value: -   User Account Control: -   User Parameters: -   Sid History: -   Logon Hours: -   
<13>Jan 12 00:30:40 USCHPOSDC01 AgentDevice=WindowsLog	AgentLogFile=Security	PluginVersion=1.0.14	Source=Security	Computer=USCHPOSDC01	User=SVC-ADIMPORT	Domain=POS	EventID=642	EventIDCode=642	EventType=8	EventCategory=7	RecordNumber=2544683726	TimeGenerated=1389504636	TimeWritten=1389504636	Message=User Account Changed:   Target Account Name: 211177   Target Domain: POS   Target Account ID: POS\211177   Caller User Name: SVC-ADIMPORT   Caller Domain: POS   Caller Logon ID: (0x0,0x47908560)   Privileges: -  Changed Attributes:   Sam Account Name: -   Display Name: JAMES MACCULLOCH   User Principal Name: -   Home Directory: -   Home Drive: -   Script Path: -   Profile Path: -   User Workstations: -   Password Last Set: -   Account Expires: -   Primary Group ID: -   AllowedToDelegateTo: -   Old UAC Value: -   New UAC Value: -   User Account Control: -   User Parameters: -   Sid History: -   Logon Hours: -   
<13>Jan 12 00:30:40 USCHPOSDC01 AgentDevice=WindowsLog	AgentLogFile=Security	PluginVersion=1.0.14	Source=Security	Computer=USCHPOSDC01	User=SVC-ADIMPORT	Domain=POS	EventID=626	EventIDCode=626	EventType=8	EventCategory=7	RecordNumber=2544683723	TimeGenerated=1389504636	TimeWritten=1389504636	Message=User Account Enabled:   Target Account Name: 211177   Target Domain: POS   Target Account ID: POS\211177   Caller User Name: SVC-ADIMPORT   Caller Domain: POS   Caller Logon ID: (0x0,0x47908560)   
<13>Jan 12 00:30:40 USCHPOSDC01 AgentDevice=WindowsLog	AgentLogFile=Security	PluginVersion=1.0.14	Source=Security	Computer=USCHPOSDC01	User=SVC-ADIMPORT	Domain=POS	EventID=642	EventIDCode=642	EventType=8	EventCategory=7	RecordNumber=2544683722	TimeGenerated=1389504636	TimeWritten=1389504636	Message=User Account Changed:   Target Account Name: 211177   Target Domain: POS   Target Account ID: POS\211177   Caller User Name: SVC-ADIMPORT   Caller Domain: POS   Caller Logon ID: (0x0,0x47908560)   Privileges: -  Changed Attributes:   Sam Account Name: -   Display Name: -   User Principal Name: -   Home Directory: -   Home Drive: -   Script Path: -   Profile Path: -   User Workstations: -   Password Last Set: -   Account Expires: -   Primary Group ID: -   AllowedToDelegateTo: -   Old UAC Value: 0x15   New UAC Value: 0x10   User Account Control:    Account Enabled    'Password Not Required' - Disabled    User Parameters: -   Sid History: -   Logon Hours: -   
<13>Jan 12 00:30:40 USCHPOSDC01 AgentDevice=WindowsLog	AgentLogFile=Security	PluginVersion=1.0.14	Source=Security	Computer=USCHPOSDC01	User=SVC-ADIMPORT	Domain=POS	EventID=642	EventIDCode=642	EventType=8	EventCategory=7	RecordNumber=2544683716	TimeGenerated=1389504636	TimeWritten=1389504636	Message=User Account Changed:   Target Account Name: 211177   Target Domain: POS   Target Account ID: POS\211177   Caller User Name: SVC-ADIMPORT   Caller Domain: POS   Caller Logon ID: (0x0,0x479085E8)   Privileges: -  Changed Attributes:   Sam Account Name: -   Display Name: -   User Principal Name: -   Home Directory: -   Home Drive: -   Script Path: -   Profile Path: -   User Workstations: -   Password Last Set: 1/12/2014 12:30:36 AM   Account Expires: -   Primary Group ID: -   AllowedToDelegateTo: -   Old UAC Value: -   New UAC Value: -   User Account Control: -   User Parameters: -   Sid History: -   Logon Hours: -   
<13>Jan 12 00:28:57 USHQNADC02 AgentDevice=WindowsLog	AgentLogFile=Security	PluginVersion=1.0.14	Source=Security	Computer=USHQNADC02	User=SYSTEM	Domain=NT AUTHORITY	EventID=644	EventIDCode=644	EventType=8	EventCategory=7	RecordNumber=4072380118	TimeGenerated=1389504535	TimeWritten=1389504535	Message=User Account Locked Out:   Target Account Name: JCBmgr   Target Account ID: NA\JCBmgr   Caller Machine Name: \\10.63.125.95   Caller User Name: USHQNADC02$   Caller Domain: NA   Caller Logon ID: (0x0,0x3E7)   
<13>Jan 12 00:29:18 USCHNAHUB02 AgentDevice=WindowsLog	AgentLogFile=Security	PluginVersion=1.0.14	Source=Security	Computer=USCHNAHUB02	User=SYSTEM	Domain=NT AUTHORITY	EventID=644	EventIDCode=644	EventType=8	EventCategory=7	RecordNumber=3020868520	TimeGenerated=1389504555	TimeWritten=1389504555	Message=User Account Locked Out:   Target Account Name: JCBmgr   Target Account ID: NA\JCBmgr   Caller Machine Name: \\10.63.125.95   Caller User Name: USCHNAHUB02$   Caller Domain: NA   Caller Logon ID: (0x0,0x3E7)   
<13>Jan 12 00:16:09 USCHPOSDC01 AgentDevice=WindowsLog	AgentLogFile=Security	PluginVersion=1.0.14	Source=Security	Computer=USCHPOSDC01	User=SYSTEM	Domain=NT AUTHORITY	EventID=644	EventIDCode=644	EventType=8	EventCategory=7	RecordNumber=2544681338	TimeGenerated=1389503766	TimeWritten=1389503766	Message=User Account Locked Out:   Target Account Name: 650816   Target Account ID: POS\650816   Caller Machine Name: ODS00912W07   Caller User Name: USCHPOSDC01$   Caller Domain: POS   Caller Logon ID: (0x0,0x3E7)   
<13>Jan 12 00:14:34 USCHPOSDC01 AgentDevice=WindowsLog	AgentLogFile=Security	PluginVersion=1.0.14	Source=Security	Computer=USCHPOSDC01	User=SVC-IDMAdmin	Domain=NA	EventID=671	EventIDCode=671	EventType=8	EventCategory=7	RecordNumber=2544680731	TimeGenerated=1389503672	TimeWritten=1389503672	Message=User Account Unlocked:   Target Account Name: 454048   Target Domain:  POS   Target Account ID: POS\454048   Caller User Name: SVC-IDMAdmin   Caller Domain: NA   Caller Logon ID: (0x0,0x478AAB53)   
<13>Jan 12 00:14:34 USCHPOSDC01 AgentDevice=WindowsLog	AgentLogFile=Security	PluginVersion=1.0.14	Source=Security	Computer=USCHPOSDC01	User=SVC-IDMAdmin	Domain=NA	EventID=642	EventIDCode=642	EventType=8	EventCategory=7	RecordNumber=2544680727	TimeGenerated=1389503672	TimeWritten=1389503672	Message=User Account Changed:   Target Account Name: 454048   Target Domain: POS   Target Account ID: POS\454048   Caller User Name: SVC-IDMAdmin   Caller Domain: NA   Caller Logon ID: (0x0,0x478AABF0)   Privileges: -  Changed Attributes:   Sam Account Name: -   Display Name: -   User Principal Name: -   Home Directory: -   Home Drive: -   Script Path: -   Profile Path: -   User Workstations: -   Password Last Set: 1/12/2014 12:14:31 AM   Account Expires: -   Primary Group ID: -   AllowedToDelegateTo: -   Old UAC Value: -   New UAC Value: -   User Account Control: -   User Parameters: -   Sid History: -   Logon Hours: -   
<13>Jan 12 00:13:44 USCHNAHUB02 AgentDevice=WindowsLog	AgentLogFile=Security	PluginVersion=1.0.14	Source=Security	Computer=USCHNAHUB02	User=ANONYMOUS LOGON	Domain=NT AUTHORITY	EventID=642	EventIDCode=642	EventType=8	EventCategory=7	RecordNumber=3020849462	TimeGenerated=1389503621	TimeWritten=1389503621	Message=User Account Changed:   Target Account Name: Mohan-Reddy   Target Domain: NA   Target Account ID: NA\Mohan-Reddy   Caller User Name: USCHNAHUB02$   Caller Domain: NA   Caller Logon ID: (0x0,0x3E7)   Privileges: -  Changed Attributes:   Sam Account Name: -   Display Name: -   User Principal Name: -   Home Directory: -   Home Drive: -   Script Path: -   Profile Path: -   User Workstations: -   Password Last Set: 1/12/2014 12:13:41 AM   Account Expires: -   Primary Group ID: -   AllowedToDelegateTo: -   Old UAC Value: -   New UAC Value: -   User Account Control: -   User Parameters: -   Sid History: -   Logon Hours: -   
<13>Jan 12 00:13:44 USCHNAHUB06 AgentDevice=WindowsLog	AgentLogFile=Security	PluginVersion=1.0.14	Source=Security	Computer=USCHNAHUB06	User=SVC-IDMAdmin	Domain=NA	EventID=671	EventIDCode=671	EventType=8	EventCategory=7	RecordNumber=704331303	TimeGenerated=1389503622	TimeWritten=1389503622	Message=User Account Unlocked:   Target Account Name: Mohan-Reddy   Target Domain:  NA   Target Account ID: NA\Mohan-Reddy   Caller User Name: SVC-IDMAdmin   Caller Domain: NA   Caller Logon ID: (0x0,0x12A091C5)   
<13>Jan 12 00:13:44 USCHNAHUB06 AgentDevice=WindowsLog	AgentLogFile=Security	PluginVersion=1.0.14	Source=Security	Computer=USCHNAHUB06	User=SVC-IDMAdmin	Domain=NA	EventID=642	EventIDCode=642	EventType=8	EventCategory=7	RecordNumber=704331291	TimeGenerated=1389503621	TimeWritten=1389503621	Message=User Account Changed:   Target Account Name: Mohan-Reddy   Target Domain: NA   Target Account ID: NA\Mohan-Reddy   Caller User Name: SVC-IDMAdmin   Caller Domain: NA   Caller Logon ID: (0x0,0x12A09402)   Privileges: -  Changed Attributes:   Sam Account Name: -   Display Name: -   User Principal Name: -   Home Directory: -   Home Drive: -   Script Path: -   Profile Path: -   User Workstations: -   Password Last Set: 1/12/2014 12:13:41 AM   Account Expires: -   Primary Group ID: -   AllowedToDelegateTo: -   Old UAC Value: -   New UAC Value: -   User Account Control: -   User Parameters: -   Sid History: -   Logon Hours: -   
<13>Jan 12 00:02:59 USCHNAHUB02 AgentDevice=WindowsLog	AgentLogFile=Security	PluginVersion=1.0.14	Source=Security	Computer=USCHNAHUB02	User=SYSTEM	Domain=NT AUTHORITY	EventID=644	EventIDCode=644	EventType=8	EventCategory=7	RecordNumber=3020836584	TimeGenerated=1389502976	TimeWritten=1389502976	Message=User Account Locked Out:   Target Account Name: 594632MGR   Target Account ID: NA\594632MGR   Caller Machine Name: S4SNC-DW   Caller User Name: USCHNAHUB02$   Caller Domain: NA   Caller Logon ID: (0x0,0x3E7)   
<13>Jan 11 23:58:05 USHQNADC02 AgentDevice=WindowsLog	AgentLogFile=Security	PluginVersion=1.0.14	Source=Security	Computer=USHQNADC02	User=SYSTEM	Domain=NT AUTHORITY	EventID=644	EventIDCode=644	EventType=8	EventCategory=7	RecordNumber=4072369479	TimeGenerated=1389502683	TimeWritten=1389502683	Message=User Account Locked Out:   Target Account Name: JCBmgr   Target Account ID: NA\JCBmgr   Caller Machine Name: \\10.63.125.95   Caller User Name: USHQNADC02$   Caller Domain: NA   Caller Logon ID: (0x0,0x3E7)   
<13>Jan 11 23:58:36 USCHNAHUB02 AgentDevice=WindowsLog	AgentLogFile=Security	PluginVersion=1.0.14	Source=Security	Computer=USCHNAHUB02	User=SYSTEM	Domain=NT AUTHORITY	EventID=644	EventIDCode=644	EventType=8	EventCategory=7	RecordNumber=3020831665	TimeGenerated=1389502712	TimeWritten=1389502712	Message=User Account Locked Out:   Target Account Name: JCBmgr   Target Account ID: NA\JCBmgr   Caller Machine Name: \\10.63.125.95   Caller User Name: USCHNAHUB02$   Caller Domain: NA   Caller Logon ID: (0x0,0x3E7)   
<13>Jan 11 23:34:36 USCHNAHUB02 AgentDevice=WindowsLog	AgentLogFile=Security	PluginVersion=1.0.14	Source=Security	Computer=USCHNAHUB02	User=SYSTEM	Domain=NT AUTHORITY	EventID=644	EventIDCode=644	EventType=8	EventCategory=7	RecordNumber=3020801921	TimeGenerated=1389501273	TimeWritten=1389501273	Message=User Account Locked Out:   Target Account Name: 649314MAN   Target Account ID: NA\649314MAN   Caller Machine Name: USCHFINC01S01   Caller User Name: USCHNAHUB02$   Caller Domain: NA   Caller Logon ID: (0x0,0x3E7)   
<13>Jan 11 23:27:41 USCHNAHUB02 AgentDevice=WindowsLog	AgentLogFile=Security	PluginVersion=1.0.14	Source=Security	Computer=USCHNAHUB02	User=SYSTEM	Domain=NT AUTHORITY	EventID=644	EventIDCode=644	EventType=8	EventCategory=7	RecordNumber=3020791220	TimeGenerated=1389500858	TimeWritten=1389500858	Message=User Account Locked Out:   Target Account Name: JCBmgr   Target Account ID: NA\JCBmgr   Caller Machine Name: \\10.63.125.95   Caller User Name: USCHNAHUB02$   Caller Domain: NA   Caller Logon ID: (0x0,0x3E7)   
<13>Jan 11 23:25:58 USHQNADC02 AgentDevice=WindowsLog	AgentLogFile=Security	PluginVersion=1.0.14	Source=Security	Computer=USHQNADC02	User=SYSTEM	Domain=NT AUTHORITY	EventID=644	EventIDCode=644	EventType=8	EventCategory=7	RecordNumber=4072359033	TimeGenerated=1389500754	TimeWritten=1389500754	Message=User Account Locked Out:   Target Account Name: JCBmgr   Target Account ID: NA\JCBmgr   Caller Machine Name: \\10.63.125.95   Caller User Name: USHQNADC02$   Caller Domain: NA   Caller Logon ID: (0x0,0x3E7)   
<13>Jan 11 23:25:17 USCHNAHUB03 AgentDevice=WindowsLog	AgentLogFile=Security	PluginVersion=1.0.14	Source=Security	Computer=USCHNAHUB03	User=SYSTEM	Domain=NT AUTHORITY	EventID=644	EventIDCode=644	EventType=8	EventCategory=7	RecordNumber=1592288724	TimeGenerated=1389497368	TimeWritten=1389497368	Message=User Account Locked Out:   Target Account Name: Francine-Staton   Target Account ID: NA\Francine-Staton   Caller Machine Name: R9KX8NE   Caller User Name: USCHNAHUB03$   Caller Domain: NA   Caller Logon ID: (0x0,0x3E7)   
<13>Jan 11 23:10:54 USCHPOSDC02 AgentDevice=WindowsLog	AgentLogFile=Security	PluginVersion=1.0.14	Source=Security	Computer=USCHPOSDC02	User=SVC-IDMAdmin	Domain=NA	EventID=671	EventIDCode=671	EventType=8	EventCategory=7	RecordNumber=573718856	TimeGenerated=1389499851	TimeWritten=1389499851	Message=User Account Unlocked:   Target Account Name: 628712   Target Domain:  POS   Target Account ID: POS\628712   Caller User Name: SVC-IDMAdmin   Caller Domain: NA   Caller Logon ID: (0x0,0x4D3F06E2)   
<13>Jan 11 23:10:54 USCHPOSDC02 AgentDevice=WindowsLog	AgentLogFile=Security	PluginVersion=1.0.14	Source=Security	Computer=USCHPOSDC02	User=SVC-IDMAdmin	Domain=NA	EventID=642	EventIDCode=642	EventType=8	EventCategory=7	RecordNumber=573718845	TimeGenerated=1389499851	TimeWritten=1389499851	Message=User Account Changed:   Target Account Name: 628712   Target Domain: POS   Target Account ID: POS\628712   Caller User Name: SVC-IDMAdmin   Caller Domain: NA   Caller Logon ID: (0x0,0x4D3F0844)   Privileges: -  Changed Attributes:   Sam Account Name: -   Display Name: -   User Principal Name: -   Home Directory: -   Home Drive: -   Script Path: -   Profile Path: -   User Workstations: -   Password Last Set: 1/11/2014 11:10:51 PM   Account Expires: -   Primary Group ID: -   AllowedToDelegateTo: -   Old UAC Value: -   New UAC Value: -   User Account Control: -   User Parameters: -   Sid History: -   Logon Hours: -   
<13>Jan 11 23:08:18 USCHPOSDC02 AgentDevice=WindowsLog	AgentLogFile=Security	PluginVersion=1.0.14	Source=Security	Computer=USCHPOSDC02	User=SVC-IDMAdmin	Domain=NA	EventID=671	EventIDCode=671	EventType=8	EventCategory=7	RecordNumber=573718376	TimeGenerated=1389499695	TimeWritten=1389499695	Message=User Account Unlocked:   Target Account Name: 651696   Target Domain:  POS   Target Account ID: POS\651696   Caller User Name: SVC-IDMAdmin   Caller Domain: NA   Caller Logon ID: (0x0,0x4D3C9C27)   
<13>Jan 11 23:08:18 USCHPOSDC02 AgentDevice=WindowsLog	AgentLogFile=Security	PluginVersion=1.0.14	Source=Security	Computer=USCHPOSDC02	User=SVC-IDMAdmin	Domain=NA	EventID=642	EventIDCode=642	EventType=8	EventCategory=7	RecordNumber=573718372	TimeGenerated=1389499694	TimeWritten=1389499694	Message=User Account Changed:   Target Account Name: 651696   Target Domain: POS   Target Account ID: POS\651696   Caller User Name: SVC-IDMAdmin   Caller Domain: NA   Caller Logon ID: (0x0,0x4D3CA1C5)   Privileges: -  Changed Attributes:   Sam Account Name: -   Display Name: -   User Principal Name: -   Home Directory: -   Home Drive: -   Script Path: -   Profile Path: -   User Workstations: -   Password Last Set: 1/11/2014 11:08:14 PM   Account Expires: -   Primary Group ID: -   AllowedToDelegateTo: -   Old UAC Value: -   New UAC Value: -   User Account Control: -   User Parameters: -   Sid History: -   Logon Hours: -   
<13>Jan 11 23:08:17 USCHPOSDC01 AgentDevice=WindowsLog	AgentLogFile=Security	PluginVersion=1.0.14	Source=Security	Computer=USCHPOSDC01	User=ANONYMOUS LOGON	Domain=NT AUTHORITY	EventID=642	EventIDCode=642	EventType=8	EventCategory=7	RecordNumber=2544657437	TimeGenerated=1389499694	TimeWritten=1389499694	Message=User Account Changed:   Target Account Name: 651696   Target Domain: POS   Target Account ID: POS\651696   Caller User Name: USCHPOSDC01$   Caller Domain: POS   Caller Logon ID: (0x0,0x3E7)   Privileges: -  Changed Attributes:   Sam Account Name: -   Display Name: -   User Principal Name: -   Home Directory: -   Home Drive: -   Script Path: -   Profile Path: -   User Workstations: -   Password Last Set: 1/11/2014 11:08:14 PM   Account Expires: -   Primary Group ID: -   AllowedToDelegateTo: -   Old UAC Value: -   New UAC Value: -   User Account Control: -   User Parameters: -   Sid History: -   Logon Hours: -   
<13>Jan 11 23:05:56 USCHPOSDC01 AgentDevice=WindowsLog	AgentLogFile=Security	PluginVersion=1.0.14	Source=Security	Computer=USCHPOSDC01	User=SYSTEM	Domain=NT AUTHORITY	EventID=644	EventIDCode=644	EventType=8	EventCategory=7	RecordNumber=2544656523	TimeGenerated=1389499553	TimeWritten=1389499553	Message=User Account Locked Out:   Target Account Name: 651696   Target Account ID: POS\651696   Caller Machine Name: USCHNABH03   Caller User Name: USCHPOSDC01$   Caller Domain: POS   Caller Logon ID: (0x0,0x3E7)   
<13>Jan 11 23:02:03 USCHNAHUB02 AgentDevice=WindowsLog	AgentLogFile=Security	PluginVersion=1.0.14	Source=Security	Computer=USCHNAHUB02	User=SYSTEM	Domain=NT AUTHORITY	EventID=644	EventIDCode=644	EventType=8	EventCategory=7	RecordNumber=3020757568	TimeGenerated=1389499319	TimeWritten=1389499319	Message=User Account Locked Out:   Target Account Name: Adrian-Macean   Target Account ID: NA\Adrian-Macean   Caller Machine Name: CHSECGPRS02   Caller User Name: USCHNAHUB02$   Caller Domain: NA   Caller Logon ID: (0x0,0x3E7)   
<13>Jan 11 23:00:55 USCHPOSDC01 AgentDevice=WindowsLog	AgentLogFile=Security	PluginVersion=1.0.14	Source=Security	Computer=USCHPOSDC01	User=SYSTEM	Domain=NT AUTHORITY	EventID=644	EventIDCode=644	EventType=8	EventCategory=7	RecordNumber=2544654562	TimeGenerated=1389499251	TimeWritten=1389499251	Message=User Account Locked Out:   Target Account Name: 611833   Target Account ID: POS\611833   Caller Machine Name: USCHNABH03   Caller User Name: USCHPOSDC01$   Caller Domain: POS   Caller Logon ID: (0x0,0x3E7)   
<13>Jan 11 22:55:59 USCHPOSDC02 AgentDevice=WindowsLog	AgentLogFile=Security	PluginVersion=1.0.14	Source=Security	Computer=USCHPOSDC02	User=SVC-IDMAdmin	Domain=NA	EventID=671	EventIDCode=671	EventType=8	EventCategory=7	RecordNumber=573716120	TimeGenerated=1389498956	TimeWritten=1389498956	Message=User Account Unlocked:   Target Account Name: 499852   Target Domain:  POS   Target Account ID: POS\499852   Caller User Name: SVC-IDMAdmin   Caller Domain: NA   Caller Logon ID: (0x0,0x4D314AE5)   
<13>Jan 11 22:55:59 USCHPOSDC02 AgentDevice=WindowsLog	AgentLogFile=Security	PluginVersion=1.0.14	Source=Security	Computer=USCHPOSDC02	User=SVC-IDMAdmin	Domain=NA	EventID=642	EventIDCode=642	EventType=8	EventCategory=7	RecordNumber=573716113	TimeGenerated=1389498955	TimeWritten=1389498955	Message=User Account Changed:   Target Account Name: 499852   Target Domain: POS   Target Account ID: POS\499852   Caller User Name: SVC-IDMAdmin   Caller Domain: NA   Caller Logon ID: (0x0,0x4D314B8C)   Privileges: -  Changed Attributes:   Sam Account Name: -   Display Name: -   User Principal Name: -   Home Directory: -   Home Drive: -   Script Path: -   Profile Path: -   User Workstations: -   Password Last Set: 1/11/2014 10:55:55 PM   Account Expires: -   Primary Group ID: -   AllowedToDelegateTo: -   Old UAC Value: -   New UAC Value: -   User Account Control: -   User Parameters: -   Sid History: -   Logon Hours: -   
<13>Jan 11 22:55:58 USCHPOSDC01 AgentDevice=WindowsLog	AgentLogFile=Security	PluginVersion=1.0.14	Source=Security	Computer=USCHPOSDC01	User=ANONYMOUS LOGON	Domain=NT AUTHORITY	EventID=642	EventIDCode=642	EventType=8	EventCategory=7	RecordNumber=2544652666	TimeGenerated=1389498955	TimeWritten=1389498955	Message=User Account Changed:   Target Account Name: 499852   Target Domain: POS   Target Account ID: POS\499852   Caller User Name: USCHPOSDC01$   Caller Domain: POS   Caller Logon ID: (0x0,0x3E7)   Privileges: -  Changed Attributes:   Sam Account Name: -   Display Name: -   User Principal Name: -   Home Directory: -   Home Drive: -   Script Path: -   Profile Path: -   User Workstations: -   Password Last Set: 1/11/2014 10:55:55 PM   Account Expires: -   Primary Group ID: -   AllowedToDelegateTo: -   Old UAC Value: -   New UAC Value: -   User Account Control: -   User Parameters: -   Sid History: -   Logon Hours: -   
<13>Jan 11 22:55:30 USCHNAHUB02 AgentDevice=WindowsLog	AgentLogFile=Security	PluginVersion=1.0.14	Source=Security	Computer=USCHNAHUB02	User=SYSTEM	Domain=NT AUTHORITY	EventID=644	EventIDCode=644	EventType=8	EventCategory=7	RecordNumber=3020749625	TimeGenerated=1389498927	TimeWritten=1389498927	Message=User Account Locked Out:   Target Account Name: JCBmgr   Target Account ID: NA\JCBmgr   Caller Machine Name: \\10.63.125.95   Caller User Name: USCHNAHUB02$   Caller Domain: NA   Caller Logon ID: (0x0,0x3E7)   
<13>Jan 11 22:54:47 USHQNADC02 AgentDevice=WindowsLog	AgentLogFile=Security	PluginVersion=1.0.14	Source=Security	Computer=USHQNADC02	User=SYSTEM	Domain=NT AUTHORITY	EventID=644	EventIDCode=644	EventType=8	EventCategory=7	RecordNumber=4072348184	TimeGenerated=1389498884	TimeWritten=1389498884	Message=User Account Locked Out:   Target Account Name: JCBmgr   Target Account ID: NA\JCBmgr   Caller Machine Name: \\10.63.125.95   Caller User Name: USHQNADC02$   Caller Domain: NA   Caller Logon ID: (0x0,0x3E7)   
<13>Jan 11 22:44:59 USCHPOSDC02 AgentDevice=WindowsLog	AgentLogFile=Security	PluginVersion=1.0.14	Source=Security	Computer=USCHPOSDC02	User=SVC-IDMAdmin	Domain=NA	EventID=671	EventIDCode=671	EventType=8	EventCategory=7	RecordNumber=573708759	TimeGenerated=1389498293	TimeWritten=1389498293	Message=User Account Unlocked:   Target Account Name: 651966   Target Domain:  POS   Target Account ID: POS\651966   Caller User Name: SVC-IDMAdmin   Caller Domain: NA   Caller Logon ID: (0x0,0x4D29BF0B)   
<13>Jan 11 22:44:59 USCHPOSDC02 AgentDevice=WindowsLog	AgentLogFile=Security	PluginVersion=1.0.14	Source=Security	Computer=USCHPOSDC02	User=SVC-IDMAdmin	Domain=NA	EventID=642	EventIDCode=642	EventType=8	EventCategory=7	RecordNumber=573708733	TimeGenerated=1389498293	TimeWritten=1389498293	Message=User Account Changed:   Target Account Name: 651966   Target Domain: POS   Target Account ID: POS\651966   Caller User Name: SVC-IDMAdmin   Caller Domain: NA   Caller Logon ID: (0x0,0x4D29C0D2)   Privileges: -  Changed Attributes:   Sam Account Name: -   Display Name: -   User Principal Name: -   Home Directory: -   Home Drive: -   Script Path: -   Profile Path: -   User Workstations: -   Password Last Set: 1/11/2014 10:44:52 PM   Account Expires: -   Primary Group ID: -   AllowedToDelegateTo: -   Old UAC Value: -   New UAC Value: -   User Account Control: -   User Parameters: -   Sid History: -   Logon Hours: -   
<13>Jan 11 22:43:04 USCHNAHUB02 AgentDevice=WindowsLog	AgentLogFile=Security	PluginVersion=1.0.14	Source=Security	Computer=USCHNAHUB02	User=SYSTEM	Domain=NT AUTHORITY	EventID=644	EventIDCode=644	EventType=8	EventCategory=7	RecordNumber=3020718107	TimeGenerated=1389497368	TimeWritten=1389497368	Message=User Account Locked Out:   Target Account Name: Francine-Staton   Target Account ID: NA\Francine-Staton   Caller Machine Name: R9KX8NE   Caller User Name: USCHNAHUB02$   Caller Domain: NA   Caller Logon ID: (0x0,0x3E7)   
<13>Jan 11 22:41:00 USCHNAHUB02 AgentDevice=WindowsLog	AgentLogFile=Security	PluginVersion=1.0.14	Source=Security	Computer=USCHNAHUB02	User=SYSTEM	Domain=NT AUTHORITY	EventID=644	EventIDCode=644	EventType=8	EventCategory=7	RecordNumber=3020712143	TimeGenerated=1389497060	TimeWritten=1389497060	Message=User Account Locked Out:   Target Account Name: JCBmgr   Target Account ID: NA\JCBmgr   Caller Machine Name: \\10.63.125.95   Caller User Name: USCHNAHUB02$   Caller Domain: NA   Caller Logon ID: (0x0,0x3E7)   
<13>Jan 11 22:37:27 USCHNAHUB02 AgentDevice=WindowsLog	AgentLogFile=Security	PluginVersion=1.0.14	Source=Security	Computer=USCHNAHUB02	User=SYSTEM	Domain=NT AUTHORITY	EventID=644	EventIDCode=644	EventType=8	EventCategory=7	RecordNumber=3020701835	TimeGenerated=1389496613	TimeWritten=1389496613	Message=User Account Locked Out:   Target Account Name: 594632MGR   Target Account ID: NA\594632MGR   Caller Machine Name: S4SNC-DW   Caller User Name: USCHNAHUB02$   Caller Domain: NA   Caller Logon ID: (0x0,0x3E7)   
<13>Jan 11 22:32:37 USCHPOSDC01 AgentDevice=WindowsLog	AgentLogFile=Security	PluginVersion=1.0.14	Source=Security	Computer=USCHPOSDC01	User=SVC-IDMAdmin	Domain=NA	EventID=671	EventIDCode=671	EventType=8	EventCategory=7	RecordNumber=2544642887	TimeGenerated=1389497554	TimeWritten=1389497554	Message=User Account Unlocked:   Target Account Name: 628182   Target Domain:  POS   Target Account ID: POS\628182   Caller User Name: SVC-IDMAdmin   Caller Domain: NA   Caller Logon ID: (0x0,0x475246FF)   
<13>Jan 11 22:32:37 USCHPOSDC01 AgentDevice=WindowsLog	AgentLogFile=Security	PluginVersion=1.0.14	Source=Security	Computer=USCHPOSDC01	User=SVC-IDMAdmin	Domain=NA	EventID=642	EventIDCode=642	EventType=8	EventCategory=7	RecordNumber=2544642878	TimeGenerated=1389497554	TimeWritten=1389497554	Message=User Account Changed:   Target Account Name: 628182   Target Domain: POS   Target Account ID: POS\628182   Caller User Name: SVC-IDMAdmin   Caller Domain: NA   Caller Logon ID: (0x0,0x475249A0)   Privileges: -  Changed Attributes:   Sam Account Name: -   Display Name: -   User Principal Name: -   Home Directory: -   Home Drive: -   Script Path: -   Profile Path: -   User Workstations: -   Password Last Set: 1/11/2014 10:32:34 PM   Account Expires: -   Primary Group ID: -   AllowedToDelegateTo: -   Old UAC Value: -   New UAC Value: -   User Account Control: -   User Parameters: -   Sid History: -   Logon Hours: -   
<13>Jan 11 22:28:50 USCHPOSDC01 AgentDevice=WindowsLog	AgentLogFile=Security	PluginVersion=1.0.14	Source=Security	Computer=USCHPOSDC01	User=SYSTEM	Domain=NT AUTHORITY	EventID=644	EventIDCode=644	EventType=8	EventCategory=7	RecordNumber=2544640862	TimeGenerated=1389497327	TimeWritten=1389497327	Message=User Account Locked Out:   Target Account Name: 630328   Target Account ID: POS\630328   Caller Machine Name: USCHNABH03   Caller User Name: USCHPOSDC01$   Caller Domain: POS   Caller Logon ID: (0x0,0x3E7)   
<13>Jan 11 22:28:04 USCHPOSDC02 AgentDevice=WindowsLog	AgentLogFile=Security	PluginVersion=1.0.14	Source=Security	Computer=USCHPOSDC02	User=SVC-IDMAdmin	Domain=NA	EventID=671	EventIDCode=671	EventType=8	EventCategory=7	RecordNumber=573703733	TimeGenerated=1389497237	TimeWritten=1389497237	Message=User Account Unlocked:   Target Account Name: 621869   Target Domain:  POS   Target Account ID: POS\621869   Caller User Name: SVC-IDMAdmin   Caller Domain: NA   Caller Logon ID: (0x0,0x4D1F6781)   
<13>Jan 11 22:28:04 USCHPOSDC02 AgentDevice=WindowsLog	AgentLogFile=Security	PluginVersion=1.0.14	Source=Security	Computer=USCHPOSDC02	User=SVC-IDMAdmin	Domain=NA	EventID=642	EventIDCode=642	EventType=8	EventCategory=7	RecordNumber=573703724	TimeGenerated=1389497237	TimeWritten=1389497237	Message=User Account Changed:   Target Account Name: 621869   Target Domain: POS   Target Account ID: POS\621869   Caller User Name: SVC-IDMAdmin   Caller Domain: NA   Caller Logon ID: (0x0,0x4D1F6DA0)   Privileges: -  Changed Attributes:   Sam Account Name: -   Display Name: -   User Principal Name: -   Home Directory: -   Home Drive: -   Script Path: -   Profile Path: -   User Workstations: -   Password Last Set: 1/11/2014 10:27:17 PM   Account Expires: -   Primary Group ID: -   AllowedToDelegateTo: -   Old UAC Value: -   New UAC Value: -   User Account Control: -   User Parameters: -   Sid History: -   Logon Hours: -   
<13>Jan 11 22:24:12 USHQNADC02 AgentDevice=WindowsLog	AgentLogFile=Security	PluginVersion=1.0.14	Source=Security	Computer=USHQNADC02	User=SYSTEM	Domain=NT AUTHORITY	EventID=644	EventIDCode=644	EventType=8	EventCategory=7	RecordNumber=4072337838	TimeGenerated=1389497050	TimeWritten=1389497050	Message=User Account Locked Out:   Target Account Name: JCBmgr   Target Account ID: NA\JCBmgr   Caller Machine Name: \\10.63.125.95   Caller User Name: USHQNADC02$   Caller Domain: NA   Caller Logon ID: (0x0,0x3E7)   
<13>Jan 11 22:17:16 USCHRETDC01 AgentDevice=WindowsLog	AgentLogFile=Security	PluginVersion=1.0.14	Source=Security	Computer=USCHRETDC01	User=SYSTEM	Domain=NT AUTHORITY	EventID=644	EventIDCode=644	EventType=8	EventCategory=7	RecordNumber=2272767469	TimeGenerated=1389496632	TimeWritten=1389496632	Message=User Account Locked Out:   Target Account Name: Salesxp00085   Target Account ID: ODRETAIL\Salesxp00085   Caller Machine Name: ODS00085W07   Caller User Name: USCHRETDC01$   Caller Domain: ODRETAIL   Caller Logon ID: (0x0,0x3E7)   
<13>Jan 11 22:17:16 USCHRETDC02 AgentDevice=WindowsLog	AgentLogFile=Security	PluginVersion=1.0.14	Source=Security	Computer=USCHRETDC02	User=SYSTEM	Domain=NT AUTHORITY	EventID=644	EventIDCode=644	EventType=8	EventCategory=7	RecordNumber=2059820016	TimeGenerated=1389496632	TimeWritten=1389496632	Message=User Account Locked Out:   Target Account Name: Salesxp00085   Target Account ID: ODRETAIL\Salesxp00085   Caller Machine Name: ODS00085W07   Caller User Name: USCHRETDC02$   Caller Domain: ODRETAIL   Caller Logon ID: (0x0,0x3E7)   
<13>Jan 11 22:16:07 USCHPOSDC02 AgentDevice=WindowsLog	AgentLogFile=Security	PluginVersion=1.0.14	Source=Security	Computer=USCHPOSDC02	User=SVC-IDMAdmin	Domain=NA	EventID=671	EventIDCode=671	EventType=8	EventCategory=7	RecordNumber=573686762	TimeGenerated=1389496563	TimeWritten=1389496563	Message=User Account Unlocked:   Target Account Name: 620272   Target Domain:  POS   Target Account ID: POS\620272   Caller User Name: SVC-IDMAdmin   Caller Domain: NA   Caller Logon ID: (0x0,0x4D1435E0)   
<13>Jan 11 22:16:07 USCHPOSDC02 AgentDevice=WindowsLog	AgentLogFile=Security	PluginVersion=1.0.14	Source=Security	Computer=USCHPOSDC02	User=SVC-IDMAdmin	Domain=NA	EventID=642	EventIDCode=642	EventType=8	EventCategory=7	RecordNumber=573686737	TimeGenerated=1389496563	TimeWritten=1389496563	Message=User Account Changed:   Target Account Name: 620272   Target Domain: POS   Target Account ID: POS\620272   Caller User Name: SVC-IDMAdmin   Caller Domain: NA   Caller Logon ID: (0x0,0x4D1436D1)   Privileges: -  Changed Attributes:   Sam Account Name: -   Display Name: -   User Principal Name: -   Home Directory: -   Home Drive: -   Script Path: -   Profile Path: -   User Workstations: -   Password Last Set: 1/11/2014 10:16:03 PM   Account Expires: -   Primary Group ID: -   AllowedToDelegateTo: -   Old UAC Value: -   New UAC Value: -   User Account Control: -   User Parameters: -   Sid History: -   Logon Hours: -   
<13>Jan 11 22:16:06 USCHPOSDC01 AgentDevice=WindowsLog	AgentLogFile=Security	PluginVersion=1.0.14	Source=Security	Computer=USCHPOSDC01	User=ANONYMOUS LOGON	Domain=NT AUTHORITY	EventID=642	EventIDCode=642	EventType=8	EventCategory=7	RecordNumber=2544633958	TimeGenerated=1389496563	TimeWritten=1389496563	Message=User Account Changed:   Target Account Name: 620272   Target Domain: POS   Target Account ID: POS\620272   Caller User Name: USCHPOSDC01$   Caller Domain: POS   Caller Logon ID: (0x0,0x3E7)   Privileges: -  Changed Attributes:   Sam Account Name: -   Display Name: -   User Principal Name: -   Home Directory: -   Home Drive: -   Script Path: -   Profile Path: -   User Workstations: -   Password Last Set: 1/11/2014 10:16:03 PM   Account Expires: -   Primary Group ID: -   AllowedToDelegateTo: -   Old UAC Value: -   New UAC Value: -   User Account Control: -   User Parameters: -   Sid History: -   Logon Hours: -   
<13>Jan 11 22:15:48 USCHPOSDC02 AgentDevice=WindowsLog	AgentLogFile=Security	PluginVersion=1.0.14	Source=Security	Computer=USCHPOSDC02	User=SVC-IDMAdmin	Domain=NA	EventID=671	EventIDCode=671	EventType=8	EventCategory=7	RecordNumber=573686209	TimeGenerated=1389496527	TimeWritten=1389496527	Message=User Account Unlocked:   Target Account Name: 431511   Target Domain:  POS   Target Account ID: POS\431511   Caller User Name: SVC-IDMAdmin   Caller Domain: NA   Caller Logon ID: (0x0,0x4D1385F0)   
<13>Jan 11 22:15:48 USCHPOSDC02 AgentDevice=WindowsLog	AgentLogFile=Security	PluginVersion=1.0.14	Source=Security	Computer=USCHPOSDC02	User=SVC-IDMAdmin	Domain=NA	EventID=642	EventIDCode=642	EventType=8	EventCategory=7	RecordNumber=573686205	TimeGenerated=1389496527	TimeWritten=1389496527	Message=User Account Changed:   Target Account Name: 431511   Target Domain: POS   Target Account ID: POS\431511   Caller User Name: SVC-IDMAdmin   Caller Domain: NA   Caller Logon ID: (0x0,0x4D1389C0)   Privileges: -  Changed Attributes:   Sam Account Name: -   Display Name: -   User Principal Name: -   Home Directory: -   Home Drive: -   Script Path: -   Profile Path: -   User Workstations: -   Password Last Set: 1/11/2014 10:15:27 PM   Account Expires: -   Primary Group ID: -   AllowedToDelegateTo: -   Old UAC Value: -   New UAC Value: -   User Account Control: -   User Parameters: -   Sid History: -   Logon Hours: -   
<13>Jan 11 22:15:30 USCHPOSDC01 AgentDevice=WindowsLog	AgentLogFile=Security	PluginVersion=1.0.14	Source=Security	Computer=USCHPOSDC01	User=ANONYMOUS LOGON	Domain=NT AUTHORITY	EventID=642	EventIDCode=642	EventType=8	EventCategory=7	RecordNumber=2544633670	TimeGenerated=1389496527	TimeWritten=1389496527	Message=User Account Changed:   Target Account Name: 431511   Target Domain: POS   Target Account ID: POS\431511   Caller User Name: USCHPOSDC01$   Caller Domain: POS   Caller Logon ID: (0x0,0x3E7)   Privileges: -  Changed Attributes:   Sam Account Name: -   Display Name: -   User Principal Name: -   Home Directory: -   Home Drive: -   Script Path: -   Profile Path: -   User Workstations: -   Password Last Set: 1/11/2014 10:15:27 PM   Account Expires: -   Primary Group ID: -   AllowedToDelegateTo: -   Old UAC Value: -   New UAC Value: -   User Account Control: -   User Parameters: -   Sid History: -   Logon Hours: -   
<13>Jan 11 22:14:07 USCHPOSDC01 AgentDevice=WindowsLog	AgentLogFile=Security	PluginVersion=1.0.14	Source=Security	Computer=USCHPOSDC01	User=SYSTEM	Domain=NT AUTHORITY	EventID=644	EventIDCode=644	EventType=8	EventCategory=7	RecordNumber=2544632545	TimeGenerated=1389496443	TimeWritten=1389496443	Message=User Account Locked Out:   Target Account Name: ODS00946   Target Account ID: POS\ODS00946   Caller Machine Name: USCHSAPROD02   Caller User Name: USCHPOSDC01$   Caller Domain: POS   Caller Logon ID: (0x0,0x3E7)   
<13>Jan 11 22:12:52 USCHNAHUB02 AgentDevice=WindowsLog	AgentLogFile=Security	PluginVersion=1.0.14	Source=Security	Computer=USCHNAHUB02	User=SYSTEM	Domain=NT AUTHORITY	EventID=644	EventIDCode=644	EventType=8	EventCategory=7	RecordNumber=3020644046	TimeGenerated=1389495390	TimeWritten=1389495390	Message=User Account Locked Out:   Target Account Name: 649314MAN   Target Account ID: NA\649314MAN   Caller Machine Name: USCHFINC01S01   Caller User Name: USCHNAHUB02$   Caller Domain: NA   Caller Logon ID: (0x0,0x3E7)   
<13>Jan 11 22:11:29 USCHNAHUB02 AgentDevice=WindowsLog	AgentLogFile=Security	PluginVersion=1.0.14	Source=Security	Computer=USCHNAHUB02	User=SYSTEM	Domain=NT AUTHORITY	EventID=644	EventIDCode=644	EventType=8	EventCategory=7	RecordNumber=3020639980	TimeGenerated=1389495216	TimeWritten=1389495216	Message=User Account Locked Out:   Target Account Name: JCBmgr   Target Account ID: NA\JCBmgr   Caller Machine Name: \\10.63.125.95   Caller User Name: USCHNAHUB02$   Caller Domain: NA   Caller Logon ID: (0x0,0x3E7)   
<13>Jan 11 22:09:52 USCHPOSDC01 AgentDevice=WindowsLog	AgentLogFile=Security	PluginVersion=1.0.14	Source=Security	Computer=USCHPOSDC01	User=SYSTEM	Domain=NT AUTHORITY	EventID=644	EventIDCode=644	EventType=8	EventCategory=7	RecordNumber=2544630498	TimeGenerated=1389496190	TimeWritten=1389496190	Message=User Account Locked Out:   Target Account Name: 652357   Target Account ID: POS\652357   Caller Machine Name: USCHNABH03   Caller User Name: USCHPOSDC01$   Caller Domain: POS   Caller Logon ID: (0x0,0x3E7)   
<13>Jan 11 22:05:47 USCHRETDC02 AgentDevice=WindowsLog	AgentLogFile=Security	PluginVersion=1.0.14	Source=Security	Computer=USCHRETDC02	User=SYSTEM	Domain=NT AUTHORITY	EventID=644	EventIDCode=644	EventType=8	EventCategory=7	RecordNumber=2059806148	TimeGenerated=1389495943	TimeWritten=1389495943	Message=User Account Locked Out:   Target Account Name: Salesxp00988   Target Account ID: ODRETAIL\Salesxp00988   Caller Machine Name: ODS00988W07   Caller User Name: USCHRETDC02$   Caller Domain: ODRETAIL   Caller Logon ID: (0x0,0x3E7)   
<13>Jan 11 22:05:47 USCHRETDC01 AgentDevice=WindowsLog	AgentLogFile=Security	PluginVersion=1.0.14	Source=Security	Computer=USCHRETDC01	User=SYSTEM	Domain=NT AUTHORITY	EventID=644	EventIDCode=644	EventType=8	EventCategory=7	RecordNumber=2272752067	TimeGenerated=1389495943	TimeWritten=1389495943	Message=User Account Locked Out:   Target Account Name: Salesxp00988   Target Account ID: ODRETAIL\Salesxp00988   Caller Machine Name: ODS00988W07   Caller User Name: USCHRETDC01$   Caller Domain: ODRETAIL   Caller Logon ID: (0x0,0x3E7)   
