<13>Jan 11 18:18:32 USCHNAHUB02 AgentDevice=WindowsLog	AgentLogFile=Security	PluginVersion=1.0.14	Source=Security	Computer=USCHNAHUB02	User=SYSTEM	Domain=NT AUTHORITY	EventID=644	EventIDCode=644	EventType=8	EventCategory=7	RecordNumber=3020302928	TimeGenerated=1389482309	TimeWritten=1389482309	Message=User Account Locked Out:   Target Account Name: JCBmgr   Target Account ID: NA\JCBmgr   Caller Machine Name: \\10.63.125.95   Caller User Name: USCHNAHUB02$   Caller Domain: NA   Caller Logon ID: (0x0,0x3E7)   
<13>Jan 11 18:17:59 USCHPOSDC01 AgentDevice=WindowsLog	AgentLogFile=Security	PluginVersion=1.0.14	Source=Security	Computer=USCHPOSDC01	User=SVC-IDMAdmin	Domain=NA	EventID=671	EventIDCode=671	EventType=8	EventCategory=7	RecordNumber=2544476919	TimeGenerated=1389482276	TimeWritten=1389482276	Message=User Account Unlocked:   Target Account Name: 645896   Target Domain:  POS   Target Account ID: POS\645896   Caller User Name: SVC-IDMAdmin   Caller Domain: NA   Caller Logon ID: (0x0,0x46DA1292)   
<13>Jan 11 18:17:57 USCHPOSDC01 AgentDevice=WindowsLog	AgentLogFile=Security	PluginVersion=1.0.14	Source=Security	Computer=USCHPOSDC01	User=SVC-IDMAdmin	Domain=NA	EventID=642	EventIDCode=642	EventType=8	EventCategory=7	RecordNumber=2544476889	TimeGenerated=1389482275	TimeWritten=1389482275	Message=User Account Changed:   Target Account Name: 645896   Target Domain: POS   Target Account ID: POS\645896   Caller User Name: SVC-IDMAdmin   Caller Domain: NA   Caller Logon ID: (0x0,0x46DA136A)   Privileges: -  Changed Attributes:   Sam Account Name: -   Display Name: -   User Principal Name: -   Home Directory: -   Home Drive: -   Script Path: -   Profile Path: -   User Workstations: -   Password Last Set: 1/11/2014 6:17:55 PM   Account Expires: -   Primary Group ID: -   AllowedToDelegateTo: -   Old UAC Value: -   New UAC Value: -   User Account Control: -   User Parameters: -   Sid History: -   Logon Hours: -   
<13>Jan 11 18:16:26 USCHNAHUB02 AgentDevice=WindowsLog	AgentLogFile=Security	PluginVersion=1.0.14	Source=Security	Computer=USCHNAHUB02	User=SYSTEM	Domain=NT AUTHORITY	EventID=644	EventIDCode=644	EventType=8	EventCategory=7	RecordNumber=3020300031	TimeGenerated=1389482184	TimeWritten=1389482184	Message=User Account Locked Out:   Target Account Name: 649314MAN   Target Account ID: NA\649314MAN   Caller Machine Name: USCHFINC01S01   Caller User Name: USCHNAHUB02$   Caller Domain: NA   Caller Logon ID: (0x0,0x3E7)   
<13>Jan 11 18:16:06 USCHPOSDC01 AgentDevice=WindowsLog	AgentLogFile=Security	PluginVersion=1.0.14	Source=Security	Computer=USCHPOSDC01	User=SVC-IDMAdmin	Domain=NA	EventID=671	EventIDCode=671	EventType=8	EventCategory=7	RecordNumber=2544475385	TimeGenerated=1389482163	TimeWritten=1389482163	Message=User Account Unlocked:   Target Account Name: 605170   Target Domain:  POS   Target Account ID: POS\605170   Caller User Name: SVC-IDMAdmin   Caller Domain: NA   Caller Logon ID: (0x0,0x46D9170F)   
<13>Jan 11 18:16:06 USCHPOSDC01 AgentDevice=WindowsLog	AgentLogFile=Security	PluginVersion=1.0.14	Source=Security	Computer=USCHPOSDC01	User=SVC-IDMAdmin	Domain=NA	EventID=642	EventIDCode=642	EventType=8	EventCategory=7	RecordNumber=2544475379	TimeGenerated=1389482163	TimeWritten=1389482163	Message=User Account Changed:   Target Account Name: 605170   Target Domain: POS   Target Account ID: POS\605170   Caller User Name: SVC-IDMAdmin   Caller Domain: NA   Caller Logon ID: (0x0,0x46D917AB)   Privileges: -  Changed Attributes:   Sam Account Name: -   Display Name: -   User Principal Name: -   Home Directory: -   Home Drive: -   Script Path: -   Profile Path: -   User Workstations: -   Password Last Set: 1/11/2014 6:16:03 PM   Account Expires: -   Primary Group ID: -   AllowedToDelegateTo: -   Old UAC Value: -   New UAC Value: -   User Account Control: -   User Parameters: -   Sid History: -   Logon Hours: -   
<13>Jan 11 18:15:22 USCHPOSDC01 AgentDevice=WindowsLog	AgentLogFile=Security	PluginVersion=1.0.14	Source=Security	Computer=USCHPOSDC01	User=SYSTEM	Domain=NT AUTHORITY	EventID=644	EventIDCode=644	EventType=8	EventCategory=7	RecordNumber=2544474643	TimeGenerated=1389482120	TimeWritten=1389482120	Message=User Account Locked Out:   Target Account Name: 230854   Target Account ID: POS\230854   Caller Machine Name: ODS00988W09   Caller User Name: USCHPOSDC01$   Caller Domain: POS   Caller Logon ID: (0x0,0x3E7)   
<13>Jan 11 18:12:04 USCHPOSDC01 AgentDevice=WindowsLog	AgentLogFile=Security	PluginVersion=1.0.14	Source=Security	Computer=USCHPOSDC01	User=SVC-IDMAdmin	Domain=NA	EventID=671	EventIDCode=671	EventType=8	EventCategory=7	RecordNumber=2544471893	TimeGenerated=1389481920	TimeWritten=1389481920	Message=User Account Unlocked:   Target Account Name: 625106   Target Domain:  POS   Target Account ID: POS\625106   Caller User Name: SVC-IDMAdmin   Caller Domain: NA   Caller Logon ID: (0x0,0x46D6FF3A)   
<13>Jan 11 18:12:04 USCHPOSDC01 AgentDevice=WindowsLog	AgentLogFile=Security	PluginVersion=1.0.14	Source=Security	Computer=USCHPOSDC01	User=SVC-IDMAdmin	Domain=NA	EventID=642	EventIDCode=642	EventType=8	EventCategory=7	RecordNumber=2544471881	TimeGenerated=1389481920	TimeWritten=1389481920	Message=User Account Changed:   Target Account Name: 625106   Target Domain: POS   Target Account ID: POS\625106   Caller User Name: SVC-IDMAdmin   Caller Domain: NA   Caller Logon ID: (0x0,0x46D6FFAD)   Privileges: -  Changed Attributes:   Sam Account Name: -   Display Name: -   User Principal Name: -   Home Directory: -   Home Drive: -   Script Path: -   Profile Path: -   User Workstations: -   Password Last Set: 1/11/2014 6:12:00 PM   Account Expires: -   Primary Group ID: -   AllowedToDelegateTo: -   Old UAC Value: -   New UAC Value: -   User Account Control: -   User Parameters: -   Sid History: -   Logon Hours: -   
<13>Jan 11 18:07:41 USCHPOSDC01 AgentDevice=WindowsLog	AgentLogFile=Security	PluginVersion=1.0.14	Source=Security	Computer=USCHPOSDC01	User=SYSTEM	Domain=NT AUTHORITY	EventID=644	EventIDCode=644	EventType=8	EventCategory=7	RecordNumber=2544468102	TimeGenerated=1389481658	TimeWritten=1389481658	Message=User Account Locked Out:   Target Account Name: ODS00375   Target Account ID: POS\ODS00375   Caller Machine Name: USCHSAPROD02   Caller User Name: USCHPOSDC01$   Caller Domain: POS   Caller Logon ID: (0x0,0x3E7)   
<13>Jan 11 18:03:06 USCHRETDC01 AgentDevice=WindowsLog	AgentLogFile=Security	PluginVersion=1.0.14	Source=Security	Computer=USCHRETDC01	User=SYSTEM	Domain=NT AUTHORITY	EventID=644	EventIDCode=644	EventType=8	EventCategory=7	RecordNumber=2272415799	TimeGenerated=1389481383	TimeWritten=1389481383	Message=User Account Locked Out:   Target Account Name: Salesxp00095   Target Account ID: ODRETAIL\Salesxp00095   Caller Machine Name: ODS00095W09   Caller User Name: USCHRETDC01$   Caller Domain: ODRETAIL   Caller Logon ID: (0x0,0x3E7)   
<13>Jan 11 18:02:50 USCHRETDC01 AgentDevice=WindowsLog	AgentLogFile=Security	PluginVersion=1.0.14	Source=Security	Computer=USCHRETDC01	User=SYSTEM	Domain=NT AUTHORITY	EventID=644	EventIDCode=644	EventType=8	EventCategory=7	RecordNumber=2272415410	TimeGenerated=1389481367	TimeWritten=1389481367	Message=User Account Locked Out:   Target Account Name: Salesxp02687   Target Account ID: ODRETAIL\Salesxp02687   Caller Machine Name: ODS02687W06   Caller User Name: USCHRETDC01$   Caller Domain: ODRETAIL   Caller Logon ID: (0x0,0x3E7)   
<13>Jan 11 18:02:50 USCHRETDC02 AgentDevice=WindowsLog	AgentLogFile=Security	PluginVersion=1.0.14	Source=Security	Computer=USCHRETDC02	User=SYSTEM	Domain=NT AUTHORITY	EventID=644	EventIDCode=644	EventType=8	EventCategory=7	RecordNumber=2059497973	TimeGenerated=1389481367	TimeWritten=1389481367	Message=User Account Locked Out:   Target Account Name: Salesxp02687   Target Account ID: ODRETAIL\Salesxp02687   Caller Machine Name: ODS02687W06   Caller User Name: USCHRETDC02$   Caller Domain: ODRETAIL   Caller Logon ID: (0x0,0x3E7)   
<13>Jan 11 18:02:20 USCHPOSDC01 AgentDevice=WindowsLog	AgentLogFile=Security	PluginVersion=1.0.14	Source=Security	Computer=USCHPOSDC01	User=SVC-IDMAdmin	Domain=NA	EventID=671	EventIDCode=671	EventType=8	EventCategory=7	RecordNumber=2544462708	TimeGenerated=1389481336	TimeWritten=1389481336	Message=User Account Unlocked:   Target Account Name: 623678   Target Domain:  POS   Target Account ID: POS\623678   Caller User Name: SVC-IDMAdmin   Caller Domain: NA   Caller Logon ID: (0x0,0x46D1D473)   
<13>Jan 11 18:02:20 USCHPOSDC01 AgentDevice=WindowsLog	AgentLogFile=Security	PluginVersion=1.0.14	Source=Security	Computer=USCHPOSDC01	User=SVC-IDMAdmin	Domain=NA	EventID=642	EventIDCode=642	EventType=8	EventCategory=7	RecordNumber=2544462699	TimeGenerated=1389481336	TimeWritten=1389481336	Message=User Account Changed:   Target Account Name: 623678   Target Domain: POS   Target Account ID: POS\623678   Caller User Name: SVC-IDMAdmin   Caller Domain: NA   Caller Logon ID: (0x0,0x46D1D55C)   Privileges: -  Changed Attributes:   Sam Account Name: -   Display Name: -   User Principal Name: -   Home Directory: -   Home Drive: -   Script Path: -   Profile Path: -   User Workstations: -   Password Last Set: 1/11/2014 6:02:16 PM   Account Expires: -   Primary Group ID: -   AllowedToDelegateTo: -   Old UAC Value: -   New UAC Value: -   User Account Control: -   User Parameters: -   Sid History: -   Logon Hours: -   
<13>Jan 11 18:01:57 USCHPOSDC01 AgentDevice=WindowsLog	AgentLogFile=Security	PluginVersion=1.0.14	Source=Security	Computer=USCHPOSDC01	User=SVC-IDMAdmin	Domain=NA	EventID=671	EventIDCode=671	EventType=8	EventCategory=7	RecordNumber=2544462252	TimeGenerated=1389481315	TimeWritten=1389481315	Message=User Account Unlocked:   Target Account Name: 651721   Target Domain:  POS   Target Account ID: POS\651721   Caller User Name: SVC-IDMAdmin   Caller Domain: NA   Caller Logon ID: (0x0,0x46D1A48F)   
<13>Jan 11 18:01:57 USCHPOSDC01 AgentDevice=WindowsLog	AgentLogFile=Security	PluginVersion=1.0.14	Source=Security	Computer=USCHPOSDC01	User=SVC-IDMAdmin	Domain=NA	EventID=642	EventIDCode=642	EventType=8	EventCategory=7	RecordNumber=2544462243	TimeGenerated=1389481315	TimeWritten=1389481315	Message=User Account Changed:   Target Account Name: 651721   Target Domain: POS   Target Account ID: POS\651721   Caller User Name: SVC-IDMAdmin   Caller Domain: NA   Caller Logon ID: (0x0,0x46D1A599)   Privileges: -  Changed Attributes:   Sam Account Name: -   Display Name: -   User Principal Name: -   Home Directory: -   Home Drive: -   Script Path: -   Profile Path: -   User Workstations: -   Password Last Set: 1/11/2014 6:01:54 PM   Account Expires: -   Primary Group ID: -   AllowedToDelegateTo: -   Old UAC Value: -   New UAC Value: -   User Account Control: -   User Parameters: -   Sid History: -   Logon Hours: -   
<13>Jan 11 18:01:25 USCHPOSDC01 AgentDevice=WindowsLog	AgentLogFile=Security	PluginVersion=1.0.14	Source=Security	Computer=USCHPOSDC01	User=SYSTEM	Domain=NT AUTHORITY	EventID=644	EventIDCode=644	EventType=8	EventCategory=7	RecordNumber=2544461739	TimeGenerated=1389481282	TimeWritten=1389481282	Message=User Account Locked Out:   Target Account Name: 650759   Target Account ID: POS\650759   Caller Machine Name: USCHNABH02   Caller User Name: USCHPOSDC01$   Caller Domain: POS   Caller Logon ID: (0x0,0x3E7)   
<13>Jan 11 18:01:17 USCHC10WEB01 AgentDevice=WindowsLog	AgentLogFile=Security	PluginVersion=1.0.14	Source=Security	Computer=USCHC10WEB01	User=SYSTEM	Domain=NT AUTHORITY	EventID=644	EventIDCode=644	EventType=8	EventCategory=7	RecordNumber=115320500	TimeGenerated=1389481274	TimeWritten=1389481274	Message=User Account Locked Out:   Target Account Name: john-jacobs   Target Account ID: USCHC10WEB01\john-jacobs   Caller Machine Name: ODS00357K10   Caller User Name: USCHC10WEB01$   Caller Domain: NA   Caller Logon ID: (0x0,0x3E7)   
<13>Jan 11 17:58:28 USCHPOSDC02 AgentDevice=WindowsLog	AgentLogFile=Security	PluginVersion=1.0.14	Source=Security	Computer=USCHPOSDC02	User=SVC-IDMAdmin	Domain=NA	EventID=671	EventIDCode=671	EventType=8	EventCategory=7	RecordNumber=573537126	TimeGenerated=1389481105	TimeWritten=1389481105	Message=User Account Unlocked:   Target Account Name: 651961   Target Domain:  POS   Target Account ID: POS\651961   Caller User Name: SVC-IDMAdmin   Caller Domain: NA   Caller Logon ID: (0x0,0x4C69C95D)   
<13>Jan 11 17:58:28 USCHPOSDC02 AgentDevice=WindowsLog	AgentLogFile=Security	PluginVersion=1.0.14	Source=Security	Computer=USCHPOSDC02	User=SVC-IDMAdmin	Domain=NA	EventID=642	EventIDCode=642	EventType=8	EventCategory=7	RecordNumber=573537118	TimeGenerated=1389481105	TimeWritten=1389481105	Message=User Account Changed:   Target Account Name: 651961   Target Domain: POS   Target Account ID: POS\651961   Caller User Name: SVC-IDMAdmin   Caller Domain: NA   Caller Logon ID: (0x0,0x4C69C9EA)   Privileges: -  Changed Attributes:   Sam Account Name: -   Display Name: -   User Principal Name: -   Home Directory: -   Home Drive: -   Script Path: -   Profile Path: -   User Workstations: -   Password Last Set: 1/11/2014 5:58:25 PM   Account Expires: -   Primary Group ID: -   AllowedToDelegateTo: -   Old UAC Value: -   New UAC Value: -   User Account Control: -   User Parameters: -   Sid History: -   Logon Hours: -   
<13>Jan 11 17:58:27 USCHPOSDC01 AgentDevice=WindowsLog	AgentLogFile=Security	PluginVersion=1.0.14	Source=Security	Computer=USCHPOSDC01	User=ANONYMOUS LOGON	Domain=NT AUTHORITY	EventID=642	EventIDCode=642	EventType=8	EventCategory=7	RecordNumber=2544459164	TimeGenerated=1389481105	TimeWritten=1389481105	Message=User Account Changed:   Target Account Name: 651961   Target Domain: POS   Target Account ID: POS\651961   Caller User Name: USCHPOSDC01$   Caller Domain: POS   Caller Logon ID: (0x0,0x3E7)   Privileges: -  Changed Attributes:   Sam Account Name: -   Display Name: -   User Principal Name: -   Home Directory: -   Home Drive: -   Script Path: -   Profile Path: -   User Workstations: -   Password Last Set: 1/11/2014 5:58:25 PM   Account Expires: -   Primary Group ID: -   AllowedToDelegateTo: -   Old UAC Value: -   New UAC Value: -   User Account Control: -   User Parameters: -   Sid History: -   Logon Hours: -   
<13>Jan 11 17:54:21 USCHPOSDC01 AgentDevice=WindowsLog	AgentLogFile=Security	PluginVersion=1.0.14	Source=Security	Computer=USCHPOSDC01	User=SVC-IDMAdmin	Domain=NA	EventID=671	EventIDCode=671	EventType=8	EventCategory=7	RecordNumber=2544456101	TimeGenerated=1389480858	TimeWritten=1389480858	Message=User Account Unlocked:   Target Account Name: 643590   Target Domain:  POS   Target Account ID: POS\643590   Caller User Name: SVC-IDMAdmin   Caller Domain: NA   Caller Logon ID: (0x0,0x46CDEDB6)   
<13>Jan 11 17:54:21 USCHPOSDC01 AgentDevice=WindowsLog	AgentLogFile=Security	PluginVersion=1.0.14	Source=Security	Computer=USCHPOSDC01	User=SVC-IDMAdmin	Domain=NA	EventID=642	EventIDCode=642	EventType=8	EventCategory=7	RecordNumber=2544456090	TimeGenerated=1389480858	TimeWritten=1389480858	Message=User Account Changed:   Target Account Name: 643590   Target Domain: POS   Target Account ID: POS\643590   Caller User Name: SVC-IDMAdmin   Caller Domain: NA   Caller Logon ID: (0x0,0x46CDEE66)   Privileges: -  Changed Attributes:   Sam Account Name: -   Display Name: -   User Principal Name: -   Home Directory: -   Home Drive: -   Script Path: -   Profile Path: -   User Workstations: -   Password Last Set: 1/11/2014 5:54:18 PM   Account Expires: -   Primary Group ID: -   AllowedToDelegateTo: -   Old UAC Value: -   New UAC Value: -   User Account Control: -   User Parameters: -   Sid History: -   Logon Hours: -   
<13>Jan 11 17:50:43 USCHPOSDC01 AgentDevice=WindowsLog	AgentLogFile=Security	PluginVersion=1.0.14	Source=Security	Computer=USCHPOSDC01	User=SVC-IDMAdmin	Domain=NA	EventID=671	EventIDCode=671	EventType=8	EventCategory=7	RecordNumber=2544453375	TimeGenerated=1389480641	TimeWritten=1389480641	Message=User Account Unlocked:   Target Account Name: 645132   Target Domain:  POS   Target Account ID: POS\645132   Caller User Name: SVC-IDMAdmin   Caller Domain: NA   Caller Logon ID: (0x0,0x46CC1384)   
<13>Jan 11 17:50:43 USCHPOSDC01 AgentDevice=WindowsLog	AgentLogFile=Security	PluginVersion=1.0.14	Source=Security	Computer=USCHPOSDC01	User=SVC-IDMAdmin	Domain=NA	EventID=642	EventIDCode=642	EventType=8	EventCategory=7	RecordNumber=2544453364	TimeGenerated=1389480641	TimeWritten=1389480641	Message=User Account Changed:   Target Account Name: 645132   Target Domain: POS   Target Account ID: POS\645132   Caller User Name: SVC-IDMAdmin   Caller Domain: NA   Caller Logon ID: (0x0,0x46CC1407)   Privileges: -  Changed Attributes:   Sam Account Name: -   Display Name: -   User Principal Name: -   Home Directory: -   Home Drive: -   Script Path: -   Profile Path: -   User Workstations: -   Password Last Set: 1/11/2014 5:50:41 PM   Account Expires: -   Primary Group ID: -   AllowedToDelegateTo: -   Old UAC Value: -   New UAC Value: -   User Account Control: -   User Parameters: -   Sid History: -   Logon Hours: -   
<13>Jan 11 17:48:29 USCHRETDC01 AgentDevice=WindowsLog	AgentLogFile=Security	PluginVersion=1.0.14	Source=Security	Computer=USCHRETDC01	User=SYSTEM	Domain=NT AUTHORITY	EventID=644	EventIDCode=644	EventType=8	EventCategory=7	RecordNumber=2272392143	TimeGenerated=1389480506	TimeWritten=1389480506	Message=User Account Locked Out:   Target Account Name: Salesxp02112   Target Account ID: ODRETAIL\Salesxp02112   Caller Machine Name: ODS02112W07   Caller User Name: USCHRETDC01$   Caller Domain: ODRETAIL   Caller Logon ID: (0x0,0x3E7)   
<13>Jan 11 17:48:29 USCHRETDC02 AgentDevice=WindowsLog	AgentLogFile=Security	PluginVersion=1.0.14	Source=Security	Computer=USCHRETDC02	User=SYSTEM	Domain=NT AUTHORITY	EventID=644	EventIDCode=644	EventType=8	EventCategory=7	RecordNumber=2059477724	TimeGenerated=1389480506	TimeWritten=1389480506	Message=User Account Locked Out:   Target Account Name: Salesxp02112   Target Account ID: ODRETAIL\Salesxp02112   Caller Machine Name: ODS02112W07   Caller User Name: USCHRETDC02$   Caller Domain: ODRETAIL   Caller Logon ID: (0x0,0x3E7)   
<13>Jan 11 17:47:49 USCHNAHUB02 AgentDevice=WindowsLog	AgentLogFile=Security	PluginVersion=1.0.14	Source=Security	Computer=USCHNAHUB02	User=SYSTEM	Domain=NT AUTHORITY	EventID=644	EventIDCode=644	EventType=8	EventCategory=7	RecordNumber=3020263627	TimeGenerated=1389480465	TimeWritten=1389480465	Message=User Account Locked Out:   Target Account Name: JCBmgr   Target Account ID: NA\JCBmgr   Caller Machine Name: \\10.63.125.95   Caller User Name: USCHNAHUB02$   Caller Domain: NA   Caller Logon ID: (0x0,0x3E7)   
<13>Jan 11 17:45:53 USCHPOSDC01 AgentDevice=WindowsLog	AgentLogFile=Security	PluginVersion=1.0.14	Source=Security	Computer=USCHPOSDC01	User=SVC-IDMAdmin	Domain=NA	EventID=671	EventIDCode=671	EventType=8	EventCategory=7	RecordNumber=2544449803	TimeGenerated=1389480350	TimeWritten=1389480350	Message=User Account Unlocked:   Target Account Name: 611833   Target Domain:  POS   Target Account ID: POS\611833   Caller User Name: SVC-IDMAdmin   Caller Domain: NA   Caller Logon ID: (0x0,0x46C9C00D)   
<13>Jan 11 17:45:53 USCHPOSDC01 AgentDevice=WindowsLog	AgentLogFile=Security	PluginVersion=1.0.14	Source=Security	Computer=USCHPOSDC01	User=SVC-IDMAdmin	Domain=NA	EventID=642	EventIDCode=642	EventType=8	EventCategory=7	RecordNumber=2544449798	TimeGenerated=1389480350	TimeWritten=1389480350	Message=User Account Changed:   Target Account Name: 611833   Target Domain: POS   Target Account ID: POS\611833   Caller User Name: SVC-IDMAdmin   Caller Domain: NA   Caller Logon ID: (0x0,0x46C9C180)   Privileges: -  Changed Attributes:   Sam Account Name: -   Display Name: -   User Principal Name: -   Home Directory: -   Home Drive: -   Script Path: -   Profile Path: -   User Workstations: -   Password Last Set: 1/11/2014 5:45:49 PM   Account Expires: -   Primary Group ID: -   AllowedToDelegateTo: -   Old UAC Value: -   New UAC Value: -   User Account Control: -   User Parameters: -   Sid History: -   Logon Hours: -   
<13>Jan 11 17:45:41 USCHPOSDC01 AgentDevice=WindowsLog	AgentLogFile=Security	PluginVersion=1.0.14	Source=Security	Computer=USCHPOSDC01	User=SVC-IDMAdmin	Domain=NA	EventID=671	EventIDCode=671	EventType=8	EventCategory=7	RecordNumber=2544449666	TimeGenerated=1389480338	TimeWritten=1389480338	Message=User Account Unlocked:   Target Account Name: 497827   Target Domain:  POS   Target Account ID: POS\497827   Caller User Name: SVC-IDMAdmin   Caller Domain: NA   Caller Logon ID: (0x0,0x46C9B052)   
<13>Jan 11 17:45:41 USCHPOSDC01 AgentDevice=WindowsLog	AgentLogFile=Security	PluginVersion=1.0.14	Source=Security	Computer=USCHPOSDC01	User=SVC-IDMAdmin	Domain=NA	EventID=642	EventIDCode=642	EventType=8	EventCategory=7	RecordNumber=2544449662	TimeGenerated=1389480337	TimeWritten=1389480337	Message=User Account Changed:   Target Account Name: 497827   Target Domain: POS   Target Account ID: POS\497827   Caller User Name: SVC-IDMAdmin   Caller Domain: NA   Caller Logon ID: (0x0,0x46C9B0C0)   Privileges: -  Changed Attributes:   Sam Account Name: -   Display Name: -   User Principal Name: -   Home Directory: -   Home Drive: -   Script Path: -   Profile Path: -   User Workstations: -   Password Last Set: 1/11/2014 5:45:37 PM   Account Expires: -   Primary Group ID: -   AllowedToDelegateTo: -   Old UAC Value: -   New UAC Value: -   User Account Control: -   User Parameters: -   Sid History: -   Logon Hours: -   
<13>Jan 11 17:42:35 USCHPOSDC01 AgentDevice=WindowsLog	AgentLogFile=Security	PluginVersion=1.0.14	Source=Security	Computer=USCHPOSDC01	User=SVC-IDMAdmin	Domain=NA	EventID=671	EventIDCode=671	EventType=8	EventCategory=7	RecordNumber=2544447393	TimeGenerated=1389480152	TimeWritten=1389480152	Message=User Account Unlocked:   Target Account Name: 577380   Target Domain:  POS   Target Account ID: POS\577380   Caller User Name: SVC-IDMAdmin   Caller Domain: NA   Caller Logon ID: (0x0,0x46C8056E)   
<13>Jan 11 17:42:35 USCHPOSDC01 AgentDevice=WindowsLog	AgentLogFile=Security	PluginVersion=1.0.14	Source=Security	Computer=USCHPOSDC01	User=SVC-IDMAdmin	Domain=NA	EventID=642	EventIDCode=642	EventType=8	EventCategory=7	RecordNumber=2544447388	TimeGenerated=1389480151	TimeWritten=1389480151	Message=User Account Changed:   Target Account Name: 577380   Target Domain: POS   Target Account ID: POS\577380   Caller User Name: SVC-IDMAdmin   Caller Domain: NA   Caller Logon ID: (0x0,0x46C80E91)   Privileges: -  Changed Attributes:   Sam Account Name: -   Display Name: -   User Principal Name: -   Home Directory: -   Home Drive: -   Script Path: -   Profile Path: -   User Workstations: -   Password Last Set: 1/11/2014 5:42:31 PM   Account Expires: -   Primary Group ID: -   AllowedToDelegateTo: -   Old UAC Value: -   New UAC Value: -   User Account Control: -   User Parameters: -   Sid History: -   Logon Hours: -   
<13>Jan 11 17:42:31 USCHPOSDC01 AgentDevice=WindowsLog	AgentLogFile=Security	PluginVersion=1.0.14	Source=Security	Computer=USCHPOSDC01	User=SYSTEM	Domain=NT AUTHORITY	EventID=644	EventIDCode=644	EventType=8	EventCategory=7	RecordNumber=2544447344	TimeGenerated=1389480149	TimeWritten=1389480149	Message=User Account Locked Out:   Target Account Name: 497827   Target Account ID: POS\497827   Caller Machine Name: USCHNABH03   Caller User Name: USCHPOSDC01$   Caller Domain: POS   Caller Logon ID: (0x0,0x3E7)   
<13>Jan 11 17:40:13 USCHRETDC01 AgentDevice=WindowsLog	AgentLogFile=Security	PluginVersion=1.0.14	Source=Security	Computer=USCHRETDC01	User=SYSTEM	Domain=NT AUTHORITY	EventID=644	EventIDCode=644	EventType=8	EventCategory=7	RecordNumber=2272378959	TimeGenerated=1389480011	TimeWritten=1389480011	Message=User Account Locked Out:   Target Account Name: Salesxp00570   Target Account ID: ODRETAIL\Salesxp00570   Caller Machine Name: ODS00570W09   Caller User Name: USCHRETDC01$   Caller Domain: ODRETAIL   Caller Logon ID: (0x0,0x3E7)   
<13>Jan 11 17:40:06 USCHPOSDC02 AgentDevice=WindowsLog	AgentLogFile=Security	PluginVersion=1.0.14	Source=Security	Computer=USCHPOSDC02	User=SVC-IDMAdmin	Domain=NA	EventID=671	EventIDCode=671	EventType=8	EventCategory=7	RecordNumber=573527178	TimeGenerated=1389480002	TimeWritten=1389480002	Message=User Account Unlocked:   Target Account Name: 645649   Target Domain:  POS   Target Account ID: POS\645649   Caller User Name: SVC-IDMAdmin   Caller Domain: NA   Caller Logon ID: (0x0,0x4C5E03EC)   
<13>Jan 11 17:40:06 USCHPOSDC02 AgentDevice=WindowsLog	AgentLogFile=Security	PluginVersion=1.0.14	Source=Security	Computer=USCHPOSDC02	User=SVC-IDMAdmin	Domain=NA	EventID=642	EventIDCode=642	EventType=8	EventCategory=7	RecordNumber=573527174	TimeGenerated=1389480002	TimeWritten=1389480002	Message=User Account Changed:   Target Account Name: 645649   Target Domain: POS   Target Account ID: POS\645649   Caller User Name: SVC-IDMAdmin   Caller Domain: NA   Caller Logon ID: (0x0,0x4C5E08B9)   Privileges: -  Changed Attributes:   Sam Account Name: -   Display Name: -   User Principal Name: -   Home Directory: -   Home Drive: -   Script Path: -   Profile Path: -   User Workstations: -   Password Last Set: 1/11/2014 5:40:02 PM   Account Expires: -   Primary Group ID: -   AllowedToDelegateTo: -   Old UAC Value: -   New UAC Value: -   User Account Control: -   User Parameters: -   Sid History: -   Logon Hours: -   
<13>Jan 11 17:40:06 USCHPOSDC01 AgentDevice=WindowsLog	AgentLogFile=Security	PluginVersion=1.0.14	Source=Security	Computer=USCHPOSDC01	User=ANONYMOUS LOGON	Domain=NT AUTHORITY	EventID=642	EventIDCode=642	EventType=8	EventCategory=7	RecordNumber=2544445617	TimeGenerated=1389480002	TimeWritten=1389480002	Message=User Account Changed:   Target Account Name: 645649   Target Domain: POS   Target Account ID: POS\645649   Caller User Name: USCHPOSDC01$   Caller Domain: POS   Caller Logon ID: (0x0,0x3E7)   Privileges: -  Changed Attributes:   Sam Account Name: -   Display Name: -   User Principal Name: -   Home Directory: -   Home Drive: -   Script Path: -   Profile Path: -   User Workstations: -   Password Last Set: 1/11/2014 5:40:02 PM   Account Expires: -   Primary Group ID: -   AllowedToDelegateTo: -   Old UAC Value: -   New UAC Value: -   User Account Control: -   User Parameters: -   Sid History: -   Logon Hours: -   
<13>Jan 11 17:39:42 USCHRETDC01 AgentDevice=WindowsLog	AgentLogFile=Security	PluginVersion=1.0.14	Source=Security	Computer=USCHRETDC01	User=SYSTEM	Domain=NT AUTHORITY	EventID=644	EventIDCode=644	EventType=8	EventCategory=7	RecordNumber=2272378058	TimeGenerated=1389479979	TimeWritten=1389479979	Message=User Account Locked Out:   Target Account Name: Salesxp02122   Target Account ID: ODRETAIL\Salesxp02122   Caller Machine Name: ODS02122W06   Caller User Name: USCHRETDC01$   Caller Domain: ODRETAIL   Caller Logon ID: (0x0,0x3E7)   
<13>Jan 11 17:39:42 USCHPOSDC01 AgentDevice=WindowsLog	AgentLogFile=Security	PluginVersion=1.0.14	Source=Security	Computer=USCHPOSDC01	User=SYSTEM	Domain=NT AUTHORITY	EventID=644	EventIDCode=644	EventType=8	EventCategory=7	RecordNumber=2544445330	TimeGenerated=1389479978	TimeWritten=1389479978	Message=User Account Locked Out:   Target Account Name: 651721   Target Account ID: POS\651721   Caller Machine Name: ODS00523W05   Caller User Name: USCHPOSDC01$   Caller Domain: POS   Caller Logon ID: (0x0,0x3E7)   
<13>Jan 11 17:35:04 USCHPOSDC02 AgentDevice=WindowsLog	AgentLogFile=Security	PluginVersion=1.0.14	Source=Security	Computer=USCHPOSDC02	User=SVC-IDMAdmin	Domain=NA	EventID=671	EventIDCode=671	EventType=8	EventCategory=7	RecordNumber=573522069	TimeGenerated=1389479701	TimeWritten=1389479701	Message=User Account Unlocked:   Target Account Name: 619290   Target Domain:  POS   Target Account ID: POS\619290   Caller User Name: SVC-IDMAdmin   Caller Domain: NA   Caller Logon ID: (0x0,0x4C5A1D81)   
<13>Jan 11 17:35:04 USCHPOSDC02 AgentDevice=WindowsLog	AgentLogFile=Security	PluginVersion=1.0.14	Source=Security	Computer=USCHPOSDC02	User=SVC-IDMAdmin	Domain=NA	EventID=642	EventIDCode=642	EventType=8	EventCategory=7	RecordNumber=573522053	TimeGenerated=1389479701	TimeWritten=1389479701	Message=User Account Changed:   Target Account Name: 619290   Target Domain: POS   Target Account ID: POS\619290   Caller User Name: SVC-IDMAdmin   Caller Domain: NA   Caller Logon ID: (0x0,0x4C5A1DE5)   Privileges: -  Changed Attributes:   Sam Account Name: -   Display Name: -   User Principal Name: -   Home Directory: -   Home Drive: -   Script Path: -   Profile Path: -   User Workstations: -   Password Last Set: 1/11/2014 5:35:01 PM   Account Expires: -   Primary Group ID: -   AllowedToDelegateTo: -   Old UAC Value: -   New UAC Value: -   User Account Control: -   User Parameters: -   Sid History: -   Logon Hours: -   
<13>Jan 11 17:35:04 USCHPOSDC01 AgentDevice=WindowsLog	AgentLogFile=Security	PluginVersion=1.0.14	Source=Security	Computer=USCHPOSDC01	User=ANONYMOUS LOGON	Domain=NT AUTHORITY	EventID=642	EventIDCode=642	EventType=8	EventCategory=7	RecordNumber=2544441981	TimeGenerated=1389479701	TimeWritten=1389479701	Message=User Account Changed:   Target Account Name: 619290   Target Domain: POS   Target Account ID: POS\619290   Caller User Name: USCHPOSDC01$   Caller Domain: POS   Caller Logon ID: (0x0,0x3E7)   Privileges: -  Changed Attributes:   Sam Account Name: -   Display Name: -   User Principal Name: -   Home Directory: -   Home Drive: -   Script Path: -   Profile Path: -   User Workstations: -   Password Last Set: 1/11/2014 5:35:01 PM   Account Expires: -   Primary Group ID: -   AllowedToDelegateTo: -   Old UAC Value: -   New UAC Value: -   User Account Control: -   User Parameters: -   Sid History: -   Logon Hours: -   
<13>Jan 11 17:34:53 USCHPOSDC01 AgentDevice=WindowsLog	AgentLogFile=Security	PluginVersion=1.0.14	Source=Security	Computer=USCHPOSDC01	User=SVC-IDMAdmin	Domain=NA	EventID=671	EventIDCode=671	EventType=8	EventCategory=7	RecordNumber=2544441866	TimeGenerated=1389479690	TimeWritten=1389479690	Message=User Account Unlocked:   Target Account Name: 645752   Target Domain:  POS   Target Account ID: POS\645752   Caller User Name: SVC-IDMAdmin   Caller Domain: NA   Caller Logon ID: (0x0,0x46C4A435)   
<13>Jan 11 17:34:51 USCHPOSDC01 AgentDevice=WindowsLog	AgentLogFile=Security	PluginVersion=1.0.14	Source=Security	Computer=USCHPOSDC01	User=SVC-IDMAdmin	Domain=NA	EventID=642	EventIDCode=642	EventType=8	EventCategory=7	RecordNumber=2544441860	TimeGenerated=1389479689	TimeWritten=1389479689	Message=User Account Changed:   Target Account Name: 645752   Target Domain: POS   Target Account ID: POS\645752   Caller User Name: SVC-IDMAdmin   Caller Domain: NA   Caller Logon ID: (0x0,0x46C4A4EB)   Privileges: -  Changed Attributes:   Sam Account Name: -   Display Name: -   User Principal Name: -   Home Directory: -   Home Drive: -   Script Path: -   Profile Path: -   User Workstations: -   Password Last Set: 1/11/2014 5:34:49 PM   Account Expires: -   Primary Group ID: -   AllowedToDelegateTo: -   Old UAC Value: -   New UAC Value: -   User Account Control: -   User Parameters: -   Sid History: -   Logon Hours: -   
<13>Jan 11 17:33:55 USCHPOSDC01 AgentDevice=WindowsLog	AgentLogFile=Security	PluginVersion=1.0.14	Source=Security	Computer=USCHPOSDC01	User=ANONYMOUS LOGON	Domain=NT AUTHORITY	EventID=642	EventIDCode=642	EventType=8	EventCategory=7	RecordNumber=2544441003	TimeGenerated=1389479631	TimeWritten=1389479631	Message=User Account Changed:   Target Account Name: 587821   Target Domain: POS   Target Account ID: POS\587821   Caller User Name: USCHPOSDC01$   Caller Domain: POS   Caller Logon ID: (0x0,0x3E7)   Privileges: -  Changed Attributes:   Sam Account Name: -   Display Name: -   User Principal Name: -   Home Directory: -   Home Drive: -   Script Path: -   Profile Path: -   User Workstations: -   Password Last Set: 1/11/2014 5:33:51 PM   Account Expires: -   Primary Group ID: -   AllowedToDelegateTo: -   Old UAC Value: -   New UAC Value: -   User Account Control: -   User Parameters: -   Sid History: -   Logon Hours: -   
<13>Jan 11 17:33:53 USCHPOSDC02 AgentDevice=WindowsLog	AgentLogFile=Security	PluginVersion=1.0.14	Source=Security	Computer=USCHPOSDC02	User=SVC-IDMAdmin	Domain=NA	EventID=671	EventIDCode=671	EventType=8	EventCategory=7	RecordNumber=573521727	TimeGenerated=1389479631	TimeWritten=1389479631	Message=User Account Unlocked:   Target Account Name: 587821   Target Domain:  POS   Target Account ID: POS\587821   Caller User Name: SVC-IDMAdmin   Caller Domain: NA   Caller Logon ID: (0x0,0x4C596714)   
<13>Jan 11 17:33:53 USCHPOSDC02 AgentDevice=WindowsLog	AgentLogFile=Security	PluginVersion=1.0.14	Source=Security	Computer=USCHPOSDC02	User=SVC-IDMAdmin	Domain=NA	EventID=642	EventIDCode=642	EventType=8	EventCategory=7	RecordNumber=573521715	TimeGenerated=1389479631	TimeWritten=1389479631	Message=User Account Changed:   Target Account Name: 587821   Target Domain: POS   Target Account ID: POS\587821   Caller User Name: SVC-IDMAdmin   Caller Domain: NA   Caller Logon ID: (0x0,0x4C59687E)   Privileges: -  Changed Attributes:   Sam Account Name: -   Display Name: -   User Principal Name: -   Home Directory: -   Home Drive: -   Script Path: -   Profile Path: -   User Workstations: -   Password Last Set: 1/11/2014 5:33:51 PM   Account Expires: -   Primary Group ID: -   AllowedToDelegateTo: -   Old UAC Value: -   New UAC Value: -   User Account Control: -   User Parameters: -   Sid History: -   Logon Hours: -   
<13>Jan 11 17:32:24 USCHPOSDC01 AgentDevice=WindowsLog	AgentLogFile=Security	PluginVersion=1.0.14	Source=Security	Computer=USCHPOSDC01	User=SYSTEM	Domain=NT AUTHORITY	EventID=644	EventIDCode=644	EventType=8	EventCategory=7	RecordNumber=2544439850	TimeGenerated=1389479541	TimeWritten=1389479541	Message=User Account Locked Out:   Target Account Name: 533736   Target Account ID: POS\533736   Caller Machine Name: USCHNABH03   Caller User Name: USCHPOSDC01$   Caller Domain: POS   Caller Logon ID: (0x0,0x3E7)   
<13>Jan 11 17:31:58 USCHPOSDC01 AgentDevice=WindowsLog	AgentLogFile=Security	PluginVersion=1.0.14	Source=Security	Computer=USCHPOSDC01	User=SYSTEM	Domain=NT AUTHORITY	EventID=644	EventIDCode=644	EventType=8	EventCategory=7	RecordNumber=2544439422	TimeGenerated=1389479514	TimeWritten=1389479514	Message=User Account Locked Out:   Target Account Name: 640046   Target Account ID: POS\640046   Caller Machine Name: ODS02778K04   Caller User Name: USCHPOSDC01$   Caller Domain: POS   Caller Logon ID: (0x0,0x3E7)   
<13>Jan 11 17:31:16 USHQFSC02S02 AgentDevice=WindowsLog	AgentLogFile=Security	PluginVersion=1.0.14	Source=Security	Computer=USHQFSC02S01	User=SYSTEM	Domain=NT AUTHORITY	EventID=644	EventIDCode=644	EventType=8	EventCategory=7	RecordNumber=170520657	TimeGenerated=1389479457	TimeWritten=1389479457	Message=User Account Locked Out:   Target Account Name: john-jacobs   Target Account ID: USHQFSC02S02\john-jacobs   Caller Machine Name: ODS03237K04   Caller User Name: USHQFSC02S01$   Caller Domain: NA   Caller Logon ID: (0x0,0x3E7)   
<13>Jan 11 17:31:00 USHQFSC02S01 AgentDevice=WindowsLog	AgentLogFile=Security	PluginVersion=1.0.14	Source=Security	Computer=USHQFSC02S01	User=SYSTEM	Domain=NT AUTHORITY	EventID=644	EventIDCode=644	EventType=8	EventCategory=7	RecordNumber=309868052	TimeGenerated=1389479457	TimeWritten=1389479457	Message=User Account Locked Out:   Target Account Name: john-jacobs   Target Account ID: USHQFSC02S01\john-jacobs   Caller Machine Name: ODS03237K04   Caller User Name: USHQFSC02S01$   Caller Domain: NA   Caller Logon ID: (0x0,0x3E7)   
<13>Jan 11 17:26:47 USCHNAHUB02 AgentDevice=WindowsLog	AgentLogFile=Security	PluginVersion=1.0.14	Source=Security	Computer=USCHNAHUB02	User=SYSTEM	Domain=NT AUTHORITY	EventID=644	EventIDCode=644	EventType=8	EventCategory=7	RecordNumber=3020235151	TimeGenerated=1389479203	TimeWritten=1389479203	Message=User Account Locked Out:   Target Account Name: Tom-Judson   Target Account ID: NA\Tom-Judson   Caller Machine Name: W8941DEH5PE-2.local   Caller User Name: USCHNAHUB02$   Caller Domain: NA   Caller Logon ID: (0x0,0x3E7)   
<13>Jan 11 17:26:46 USCHNAHUB05 AgentDevice=WindowsLog	AgentLogFile=Security	PluginVersion=1.0.14	Source=Security	Computer=USCHNAHUB05	User=SYSTEM	Domain=NT AUTHORITY	EventID=644	EventIDCode=644	EventType=8	EventCategory=7	RecordNumber=613788397	TimeGenerated=1389479203	TimeWritten=1389479203	Message=User Account Locked Out:   Target Account Name: Tom-Judson   Target Account ID: NA\Tom-Judson   Caller Machine Name: W8941DEH5PE-2.local   Caller User Name: USCHNAHUB05$   Caller Domain: NA   Caller Logon ID: (0x0,0x3E7)   
<13>Jan 11 17:23:59 USCHRETDC01 AgentDevice=WindowsLog	AgentLogFile=Security	PluginVersion=1.0.14	Source=Security	Computer=USCHRETDC01	User=SYSTEM	Domain=NT AUTHORITY	EventID=644	EventIDCode=644	EventType=8	EventCategory=7	RecordNumber=2272350944	TimeGenerated=1389479035	TimeWritten=1389479035	Message=User Account Locked Out:   Target Account Name: Salesxp00671   Target Account ID: ODRETAIL\Salesxp00671   Caller Machine Name: ODS00671W06   Caller User Name: USCHRETDC01$   Caller Domain: ODRETAIL   Caller Logon ID: (0x0,0x3E7)   
<13>Jan 11 17:21:56 USCHPOSDC01 AgentDevice=WindowsLog	AgentLogFile=Security	PluginVersion=1.0.14	Source=Security	Computer=USCHPOSDC01	User=SVC-IDMAdmin	Domain=NA	EventID=671	EventIDCode=671	EventType=8	EventCategory=7	RecordNumber=2544431073	TimeGenerated=1389478913	TimeWritten=1389478913	Message=User Account Unlocked:   Target Account Name: 066567   Target Domain:  POS   Target Account ID: POS\066567   Caller User Name: SVC-IDMAdmin   Caller Domain: NA   Caller Logon ID: (0x0,0x46BDE9FA)   
<13>Jan 11 17:21:56 USCHPOSDC01 AgentDevice=WindowsLog	AgentLogFile=Security	PluginVersion=1.0.14	Source=Security	Computer=USCHPOSDC01	User=SVC-IDMAdmin	Domain=NA	EventID=642	EventIDCode=642	EventType=8	EventCategory=7	RecordNumber=2544431061	TimeGenerated=1389478913	TimeWritten=1389478913	Message=User Account Changed:   Target Account Name: 066567   Target Domain: POS   Target Account ID: POS\066567   Caller User Name: SVC-IDMAdmin   Caller Domain: NA   Caller Logon ID: (0x0,0x46BDEA9E)   Privileges: -  Changed Attributes:   Sam Account Name: -   Display Name: -   User Principal Name: -   Home Directory: -   Home Drive: -   Script Path: -   Profile Path: -   User Workstations: -   Password Last Set: 1/11/2014 5:21:53 PM   Account Expires: -   Primary Group ID: -   AllowedToDelegateTo: -   Old UAC Value: -   New UAC Value: -   User Account Control: -   User Parameters: -   Sid History: -   Logon Hours: -   
<13>Jan 11 17:18:20 USCHPOSDC01 AgentDevice=WindowsLog	AgentLogFile=Security	PluginVersion=1.0.14	Source=Security	Computer=USCHPOSDC01	User=SVC-IDMAdmin	Domain=NA	EventID=671	EventIDCode=671	EventType=8	EventCategory=7	RecordNumber=2544428163	TimeGenerated=1389478698	TimeWritten=1389478698	Message=User Account Unlocked:   Target Account Name: 640371   Target Domain:  POS   Target Account ID: POS\640371   Caller User Name: SVC-IDMAdmin   Caller Domain: NA   Caller Logon ID: (0x0,0x46BC1145)   
<13>Jan 11 17:18:20 USCHPOSDC01 AgentDevice=WindowsLog	AgentLogFile=Security	PluginVersion=1.0.14	Source=Security	Computer=USCHPOSDC01	User=SVC-IDMAdmin	Domain=NA	EventID=642	EventIDCode=642	EventType=8	EventCategory=7	RecordNumber=2544428146	TimeGenerated=1389478698	TimeWritten=1389478698	Message=User Account Changed:   Target Account Name: 640371   Target Domain: POS   Target Account ID: POS\640371   Caller User Name: SVC-IDMAdmin   Caller Domain: NA   Caller Logon ID: (0x0,0x46BC11BB)   Privileges: -  Changed Attributes:   Sam Account Name: -   Display Name: -   User Principal Name: -   Home Directory: -   Home Drive: -   Script Path: -   Profile Path: -   User Workstations: -   Password Last Set: 1/11/2014 5:18:18 PM   Account Expires: -   Primary Group ID: -   AllowedToDelegateTo: -   Old UAC Value: -   New UAC Value: -   User Account Control: -   User Parameters: -   Sid History: -   Logon Hours: -   
<13>Jan 11 17:18:02 USCHPOSDC01 AgentDevice=WindowsLog	AgentLogFile=Security	PluginVersion=1.0.14	Source=Security	Computer=USCHPOSDC01	User=SYSTEM	Domain=NT AUTHORITY	EventID=644	EventIDCode=644	EventType=8	EventCategory=7	RecordNumber=2544427886	TimeGenerated=1389478680	TimeWritten=1389478680	Message=User Account Locked Out:   Target Account Name: 066567   Target Account ID: POS\066567   Caller Machine Name: USCHNABH03   Caller User Name: USCHPOSDC01$   Caller Domain: POS   Caller Logon ID: (0x0,0x3E7)   
<13>Jan 11 17:17:24 USCHPOSDC01 AgentDevice=WindowsLog	AgentLogFile=Security	PluginVersion=1.0.14	Source=Security	Computer=USCHPOSDC01	User=SVC-IDMAdmin	Domain=NA	EventID=671	EventIDCode=671	EventType=8	EventCategory=7	RecordNumber=2544427291	TimeGenerated=1389478640	TimeWritten=1389478640	Message=User Account Unlocked:   Target Account Name: 644660   Target Domain:  POS   Target Account ID: POS\644660   Caller User Name: SVC-IDMAdmin   Caller Domain: NA   Caller Logon ID: (0x0,0x46BBA0A0)   
<13>Jan 11 17:17:24 USCHPOSDC01 AgentDevice=WindowsLog	AgentLogFile=Security	PluginVersion=1.0.14	Source=Security	Computer=USCHPOSDC01	User=SVC-IDMAdmin	Domain=NA	EventID=642	EventIDCode=642	EventType=8	EventCategory=7	RecordNumber=2544427285	TimeGenerated=1389478640	TimeWritten=1389478640	Message=User Account Changed:   Target Account Name: 644660   Target Domain: POS   Target Account ID: POS\644660   Caller User Name: SVC-IDMAdmin   Caller Domain: NA   Caller Logon ID: (0x0,0x46BBA161)   Privileges: -  Changed Attributes:   Sam Account Name: -   Display Name: -   User Principal Name: -   Home Directory: -   Home Drive: -   Script Path: -   Profile Path: -   User Workstations: -   Password Last Set: 1/11/2014 5:17:20 PM   Account Expires: -   Primary Group ID: -   AllowedToDelegateTo: -   Old UAC Value: -   New UAC Value: -   User Account Control: -   User Parameters: -   Sid History: -   Logon Hours: -   
<13>Jan 11 17:16:55 USCHNAHUB02 AgentDevice=WindowsLog	AgentLogFile=Security	PluginVersion=1.0.14	Source=Security	Computer=USCHNAHUB02	User=SYSTEM	Domain=NT AUTHORITY	EventID=644	EventIDCode=644	EventType=8	EventCategory=7	RecordNumber=3020220063	TimeGenerated=1389478612	TimeWritten=1389478612	Message=User Account Locked Out:   Target Account Name: JCBmgr   Target Account ID: NA\JCBmgr   Caller Machine Name: \\10.63.125.95   Caller User Name: USCHNAHUB02$   Caller Domain: NA   Caller Logon ID: (0x0,0x3E7)   
<13>Jan 11 17:16:51 USCHPOSDC01 AgentDevice=WindowsLog	AgentLogFile=Security	PluginVersion=1.0.14	Source=Security	Computer=USCHPOSDC01	User=SVC-IDMAdmin	Domain=NA	EventID=671	EventIDCode=671	EventType=8	EventCategory=7	RecordNumber=2544426754	TimeGenerated=1389478608	TimeWritten=1389478608	Message=User Account Unlocked:   Target Account Name: 645180   Target Domain:  POS   Target Account ID: POS\645180   Caller User Name: SVC-IDMAdmin   Caller Domain: NA   Caller Logon ID: (0x0,0x46BB6FE1)   
<13>Jan 11 17:16:49 USCHPOSDC01 AgentDevice=WindowsLog	AgentLogFile=Security	PluginVersion=1.0.14	Source=Security	Computer=USCHPOSDC01	User=SVC-IDMAdmin	Domain=NA	EventID=642	EventIDCode=642	EventType=8	EventCategory=7	RecordNumber=2544426749	TimeGenerated=1389478607	TimeWritten=1389478607	Message=User Account Changed:   Target Account Name: 645180   Target Domain: POS   Target Account ID: POS\645180   Caller User Name: SVC-IDMAdmin   Caller Domain: NA   Caller Logon ID: (0x0,0x46BB706A)   Privileges: -  Changed Attributes:   Sam Account Name: -   Display Name: -   User Principal Name: -   Home Directory: -   Home Drive: -   Script Path: -   Profile Path: -   User Workstations: -   Password Last Set: 1/11/2014 5:16:47 PM   Account Expires: -   Primary Group ID: -   AllowedToDelegateTo: -   Old UAC Value: -   New UAC Value: -   User Account Control: -   User Parameters: -   Sid History: -   Logon Hours: -   
<13>Jan 11 17:16:43 USCHNAHUB02 AgentDevice=WindowsLog	AgentLogFile=Security	PluginVersion=1.0.14	Source=Security	Computer=USCHNAHUB02	User=SYSTEM	Domain=NT AUTHORITY	EventID=644	EventIDCode=644	EventType=8	EventCategory=7	RecordNumber=3020219727	TimeGenerated=1389478600	TimeWritten=1389478600	Message=User Account Locked Out:   Target Account Name: Adrian-Macean   Target Account ID: NA\Adrian-Macean   Caller Machine Name: CHSECGPRS06   Caller User Name: USCHNAHUB02$   Caller Domain: NA   Caller Logon ID: (0x0,0x3E7)   
<13>Jan 11 17:15:59 USCHPOSDC01 AgentDevice=WindowsLog	AgentLogFile=Security	PluginVersion=1.0.14	Source=Security	Computer=USCHPOSDC01	User=SYSTEM	Domain=NT AUTHORITY	EventID=644	EventIDCode=644	EventType=8	EventCategory=7	RecordNumber=2544425969	TimeGenerated=1389478555	TimeWritten=1389478555	Message=User Account Locked Out:   Target Account Name: 648879   Target Account ID: POS\648879   Caller Machine Name: USCHNABH03   Caller User Name: USCHPOSDC01$   Caller Domain: POS   Caller Logon ID: (0x0,0x3E7)   
<13>Jan 11 17:09:27 USCHPOSDC02 AgentDevice=WindowsLog	AgentLogFile=Security	PluginVersion=1.0.14	Source=Security	Computer=USCHPOSDC02	User=SVC-IDMAdmin	Domain=NA	EventID=671	EventIDCode=671	EventType=8	EventCategory=7	RecordNumber=573484740	TimeGenerated=1389478152	TimeWritten=1389478152	Message=User Account Unlocked:   Target Account Name: 557153   Target Domain:  POS   Target Account ID: POS\557153   Caller User Name: SVC-IDMAdmin   Caller Domain: NA   Caller Logon ID: (0x0,0x4C40A6FA)   
<13>Jan 11 17:09:27 USCHPOSDC02 AgentDevice=WindowsLog	AgentLogFile=Security	PluginVersion=1.0.14	Source=Security	Computer=USCHPOSDC02	User=SVC-IDMAdmin	Domain=NA	EventID=642	EventIDCode=642	EventType=8	EventCategory=7	RecordNumber=573484733	TimeGenerated=1389478152	TimeWritten=1389478152	Message=User Account Changed:   Target Account Name: 557153   Target Domain: POS   Target Account ID: POS\557153   Caller User Name: SVC-IDMAdmin   Caller Domain: NA   Caller Logon ID: (0x0,0x4C40AD6E)   Privileges: -  Changed Attributes:   Sam Account Name: -   Display Name: -   User Principal Name: -   Home Directory: -   Home Drive: -   Script Path: -   Profile Path: -   User Workstations: -   Password Last Set: 1/11/2014 5:09:12 PM   Account Expires: -   Primary Group ID: -   AllowedToDelegateTo: -   Old UAC Value: -   New UAC Value: -   User Account Control: -   User Parameters: -   Sid History: -   Logon Hours: -   
<13>Jan 11 17:09:15 USCHPOSDC01 AgentDevice=WindowsLog	AgentLogFile=Security	PluginVersion=1.0.14	Source=Security	Computer=USCHPOSDC01	User=ANONYMOUS LOGON	Domain=NT AUTHORITY	EventID=642	EventIDCode=642	EventType=8	EventCategory=7	RecordNumber=2544420069	TimeGenerated=1389478152	TimeWritten=1389478152	Message=User Account Changed:   Target Account Name: 557153   Target Domain: POS   Target Account ID: POS\557153   Caller User Name: USCHPOSDC01$   Caller Domain: POS   Caller Logon ID: (0x0,0x3E7)   Privileges: -  Changed Attributes:   Sam Account Name: -   Display Name: -   User Principal Name: -   Home Directory: -   Home Drive: -   Script Path: -   Profile Path: -   User Workstations: -   Password Last Set: 1/11/2014 5:09:12 PM   Account Expires: -   Primary Group ID: -   AllowedToDelegateTo: -   Old UAC Value: -   New UAC Value: -   User Account Control: -   User Parameters: -   Sid History: -   Logon Hours: -   
<13>Jan 11 17:08:36 USCHPOSDC01 AgentDevice=WindowsLog	AgentLogFile=Security	PluginVersion=1.0.14	Source=Security	Computer=USCHPOSDC01	User=SYSTEM	Domain=NT AUTHORITY	EventID=644	EventIDCode=644	EventType=8	EventCategory=7	RecordNumber=2544419317	TimeGenerated=1389478114	TimeWritten=1389478114	Message=User Account Locked Out:   Target Account Name: 535938   Target Account ID: POS\535938   Caller Machine Name: USCHNABH03   Caller User Name: USCHPOSDC01$   Caller Domain: POS   Caller Logon ID: (0x0,0x3E7)   
<13>Jan 11 17:06:35 USCHPOSDC01 AgentDevice=WindowsLog	AgentLogFile=Security	PluginVersion=1.0.14	Source=Security	Computer=USCHPOSDC01	User=ANONYMOUS LOGON	Domain=NT AUTHORITY	EventID=642	EventIDCode=642	EventType=8	EventCategory=7	RecordNumber=2544417576	TimeGenerated=1389477992	TimeWritten=1389477992	Message=User Account Changed:   Target Account Name: 642163   Target Domain: POS   Target Account ID: POS\642163   Caller User Name: USCHPOSDC01$   Caller Domain: POS   Caller Logon ID: (0x0,0x3E7)   Privileges: -  Changed Attributes:   Sam Account Name: -   Display Name: -   User Principal Name: -   Home Directory: -   Home Drive: -   Script Path: -   Profile Path: -   User Workstations: -   Password Last Set: 1/11/2014 5:06:32 PM   Account Expires: -   Primary Group ID: -   AllowedToDelegateTo: -   Old UAC Value: -   New UAC Value: -   User Account Control: -   User Parameters: -   Sid History: -   Logon Hours: -   
<13>Jan 11 17:06:35 USCHPOSDC02 AgentDevice=WindowsLog	AgentLogFile=Security	PluginVersion=1.0.14	Source=Security	Computer=USCHPOSDC02	User=SVC-IDMAdmin	Domain=NA	EventID=671	EventIDCode=671	EventType=8	EventCategory=7	RecordNumber=573481632	TimeGenerated=1389477992	TimeWritten=1389477992	Message=User Account Unlocked:   Target Account Name: 642163   Target Domain:  POS   Target Account ID: POS\642163   Caller User Name: SVC-IDMAdmin   Caller Domain: NA   Caller Logon ID: (0x0,0x4C3E8C55)   
