<13>Jan 13 00:30:46 USCHPOSDC01 AgentDevice=WindowsLog	AgentLogFile=Security	PluginVersion=1.0.14	Source=Security	Computer=USCHPOSDC01	User=SVC-ADIMPORT	Domain=POS	EventID=629	EventIDCode=629	EventType=8	EventCategory=7	RecordNumber=2545766733	TimeGenerated=1389591044	TimeWritten=1389591044	Message=User Account Disabled:   Target Account Name: 627714   Target Domain: POS   Target Account ID: POS\627714   Caller User Name: SVC-ADIMPORT   Caller Domain: POS   Caller Logon ID: (0x0,0x4A68DF28)   
<13>Jan 13 00:30:46 USCHPOSDC01 AgentDevice=WindowsLog	AgentLogFile=Security	PluginVersion=1.0.14	Source=Security	Computer=USCHPOSDC01	User=SVC-ADIMPORT	Domain=POS	EventID=642	EventIDCode=642	EventType=8	EventCategory=7	RecordNumber=2545766732	TimeGenerated=1389591044	TimeWritten=1389591044	Message=User Account Changed:   Target Account Name: 627714   Target Domain: POS   Target Account ID: POS\627714   Caller User Name: SVC-ADIMPORT   Caller Domain: POS   Caller Logon ID: (0x0,0x4A68DF28)   Privileges: -  Changed Attributes:   Sam Account Name: -   Display Name: -   User Principal Name: -   Home Directory: -   Home Drive: -   Script Path: -   Profile Path: -   User Workstations: -   Password Last Set: -   Account Expires: -   Primary Group ID: -   AllowedToDelegateTo: -   Old UAC Value: 0x10   New UAC Value: 0x11   User Account Control:    Account Disabled    User Parameters: -   Sid History: -   Logon Hours: -   
<13>Jan 13 00:30:46 USCHPOSDC01 AgentDevice=WindowsLog	AgentLogFile=Security	PluginVersion=1.0.14	Source=Security	Computer=USCHPOSDC01	User=SVC-ADIMPORT	Domain=POS	EventID=629	EventIDCode=629	EventType=8	EventCategory=7	RecordNumber=2545766728	TimeGenerated=1389591044	TimeWritten=1389591044	Message=User Account Disabled:   Target Account Name: 620783   Target Domain: POS   Target Account ID: POS\620783   Caller User Name: SVC-ADIMPORT   Caller Domain: POS   Caller Logon ID: (0x0,0x4A68DF28)   
<13>Jan 13 00:30:46 USCHPOSDC01 AgentDevice=WindowsLog	AgentLogFile=Security	PluginVersion=1.0.14	Source=Security	Computer=USCHPOSDC01	User=SVC-ADIMPORT	Domain=POS	EventID=642	EventIDCode=642	EventType=8	EventCategory=7	RecordNumber=2545766727	TimeGenerated=1389591044	TimeWritten=1389591044	Message=User Account Changed:   Target Account Name: 620783   Target Domain: POS   Target Account ID: POS\620783   Caller User Name: SVC-ADIMPORT   Caller Domain: POS   Caller Logon ID: (0x0,0x4A68DF28)   Privileges: -  Changed Attributes:   Sam Account Name: -   Display Name: -   User Principal Name: -   Home Directory: -   Home Drive: -   Script Path: -   Profile Path: -   User Workstations: -   Password Last Set: -   Account Expires: -   Primary Group ID: -   AllowedToDelegateTo: -   Old UAC Value: 0x10   New UAC Value: 0x11   User Account Control:    Account Disabled    User Parameters: -   Sid History: -   Logon Hours: -   
<13>Jan 13 00:30:46 USCHPOSDC01 AgentDevice=WindowsLog	AgentLogFile=Security	PluginVersion=1.0.14	Source=Security	Computer=USCHPOSDC01	User=SVC-ADIMPORT	Domain=POS	EventID=642	EventIDCode=642	EventType=8	EventCategory=7	RecordNumber=2545766723	TimeGenerated=1389591044	TimeWritten=1389591044	Message=User Account Changed:   Target Account Name: 617203   Target Domain: POS   Target Account ID: POS\617203   Caller User Name: SVC-ADIMPORT   Caller Domain: POS   Caller Logon ID: (0x0,0x4A68DF28)   Privileges: -  Changed Attributes:   Sam Account Name: -   Display Name: -   User Principal Name: -   Home Directory: -   Home Drive: -   Script Path: -   Profile Path: -   User Workstations: -   Password Last Set: -   Account Expires: -   Primary Group ID: -   AllowedToDelegateTo: -   Old UAC Value: 0x10   New UAC Value: 0x11   User Account Control:    Account Disabled    User Parameters: -   Sid History: -   Logon Hours: -   
<13>Jan 13 00:30:46 USCHPOSDC01 AgentDevice=WindowsLog	AgentLogFile=Security	PluginVersion=1.0.14	Source=Security	Computer=USCHPOSDC01	User=SVC-ADIMPORT	Domain=POS	EventID=629	EventIDCode=629	EventType=8	EventCategory=7	RecordNumber=2545766724	TimeGenerated=1389591044	TimeWritten=1389591044	Message=User Account Disabled:   Target Account Name: 617203   Target Domain: POS   Target Account ID: POS\617203   Caller User Name: SVC-ADIMPORT   Caller Domain: POS   Caller Logon ID: (0x0,0x4A68DF28)   
<13>Jan 13 00:30:46 USCHPOSDC01 AgentDevice=WindowsLog	AgentLogFile=Security	PluginVersion=1.0.14	Source=Security	Computer=USCHPOSDC01	User=SVC-ADIMPORT	Domain=POS	EventID=642	EventIDCode=642	EventType=8	EventCategory=7	RecordNumber=2545766715	TimeGenerated=1389591043	TimeWritten=1389591043	Message=User Account Changed:   Target Account Name: 612309   Target Domain: POS   Target Account ID: POS\612309   Caller User Name: SVC-ADIMPORT   Caller Domain: POS   Caller Logon ID: (0x0,0x4A68DF28)   Privileges: -  Changed Attributes:   Sam Account Name: -   Display Name: -   User Principal Name: -   Home Directory: -   Home Drive: -   Script Path: -   Profile Path: -   User Workstations: -   Password Last Set: -   Account Expires: -   Primary Group ID: -   AllowedToDelegateTo: -   Old UAC Value: 0x10   New UAC Value: 0x11   User Account Control:    Account Disabled    User Parameters: -   Sid History: -   Logon Hours: -   
<13>Jan 13 00:30:46 USCHPOSDC01 AgentDevice=WindowsLog	AgentLogFile=Security	PluginVersion=1.0.14	Source=Security	Computer=USCHPOSDC01	User=SVC-ADIMPORT	Domain=POS	EventID=629	EventIDCode=629	EventType=8	EventCategory=7	RecordNumber=2545766716	TimeGenerated=1389591043	TimeWritten=1389591043	Message=User Account Disabled:   Target Account Name: 612309   Target Domain: POS   Target Account ID: POS\612309   Caller User Name: SVC-ADIMPORT   Caller Domain: POS   Caller Logon ID: (0x0,0x4A68DF28)   
<13>Jan 13 00:30:46 USCHPOSDC01 AgentDevice=WindowsLog	AgentLogFile=Security	PluginVersion=1.0.14	Source=Security	Computer=USCHPOSDC01	User=SVC-ADIMPORT	Domain=POS	EventID=629	EventIDCode=629	EventType=8	EventCategory=7	RecordNumber=2545766712	TimeGenerated=1389591043	TimeWritten=1389591043	Message=User Account Disabled:   Target Account Name: 598718   Target Domain: POS   Target Account ID: POS\598718   Caller User Name: SVC-ADIMPORT   Caller Domain: POS   Caller Logon ID: (0x0,0x4A68DF28)   
<13>Jan 13 00:30:46 USCHPOSDC01 AgentDevice=WindowsLog	AgentLogFile=Security	PluginVersion=1.0.14	Source=Security	Computer=USCHPOSDC01	User=SVC-ADIMPORT	Domain=POS	EventID=642	EventIDCode=642	EventType=8	EventCategory=7	RecordNumber=2545766711	TimeGenerated=1389591043	TimeWritten=1389591043	Message=User Account Changed:   Target Account Name: 598718   Target Domain: POS   Target Account ID: POS\598718   Caller User Name: SVC-ADIMPORT   Caller Domain: POS   Caller Logon ID: (0x0,0x4A68DF28)   Privileges: -  Changed Attributes:   Sam Account Name: -   Display Name: -   User Principal Name: -   Home Directory: -   Home Drive: -   Script Path: -   Profile Path: -   User Workstations: -   Password Last Set: -   Account Expires: -   Primary Group ID: -   AllowedToDelegateTo: -   Old UAC Value: 0x10   New UAC Value: 0x11   User Account Control:    Account Disabled    User Parameters: -   Sid History: -   Logon Hours: -   
<13>Jan 13 00:30:46 USCHPOSDC01 AgentDevice=WindowsLog	AgentLogFile=Security	PluginVersion=1.0.14	Source=Security	Computer=USCHPOSDC01	User=SVC-ADIMPORT	Domain=POS	EventID=629	EventIDCode=629	EventType=8	EventCategory=7	RecordNumber=2545766708	TimeGenerated=1389591043	TimeWritten=1389591043	Message=User Account Disabled:   Target Account Name: 597951   Target Domain: POS   Target Account ID: POS\597951   Caller User Name: SVC-ADIMPORT   Caller Domain: POS   Caller Logon ID: (0x0,0x4A68DF28)   
<13>Jan 13 00:30:46 USCHPOSDC01 AgentDevice=WindowsLog	AgentLogFile=Security	PluginVersion=1.0.14	Source=Security	Computer=USCHPOSDC01	User=SVC-ADIMPORT	Domain=POS	EventID=642	EventIDCode=642	EventType=8	EventCategory=7	RecordNumber=2545766707	TimeGenerated=1389591043	TimeWritten=1389591043	Message=User Account Changed:   Target Account Name: 597951   Target Domain: POS   Target Account ID: POS\597951   Caller User Name: SVC-ADIMPORT   Caller Domain: POS   Caller Logon ID: (0x0,0x4A68DF28)   Privileges: -  Changed Attributes:   Sam Account Name: -   Display Name: -   User Principal Name: -   Home Directory: -   Home Drive: -   Script Path: -   Profile Path: -   User Workstations: -   Password Last Set: -   Account Expires: -   Primary Group ID: -   AllowedToDelegateTo: -   Old UAC Value: 0x10   New UAC Value: 0x11   User Account Control:    Account Disabled    User Parameters: -   Sid History: -   Logon Hours: -   
<13>Jan 13 00:30:46 USCHPOSDC01 AgentDevice=WindowsLog	AgentLogFile=Security	PluginVersion=1.0.14	Source=Security	Computer=USCHPOSDC01	User=SVC-ADIMPORT	Domain=POS	EventID=629	EventIDCode=629	EventType=8	EventCategory=7	RecordNumber=2545766704	TimeGenerated=1389591043	TimeWritten=1389591043	Message=User Account Disabled:   Target Account Name: 530209   Target Domain: POS   Target Account ID: POS\530209   Caller User Name: SVC-ADIMPORT   Caller Domain: POS   Caller Logon ID: (0x0,0x4A68DF28)   
<13>Jan 13 00:30:46 USCHPOSDC01 AgentDevice=WindowsLog	AgentLogFile=Security	PluginVersion=1.0.14	Source=Security	Computer=USCHPOSDC01	User=SVC-ADIMPORT	Domain=POS	EventID=642	EventIDCode=642	EventType=8	EventCategory=7	RecordNumber=2545766703	TimeGenerated=1389591043	TimeWritten=1389591043	Message=User Account Changed:   Target Account Name: 530209   Target Domain: POS   Target Account ID: POS\530209   Caller User Name: SVC-ADIMPORT   Caller Domain: POS   Caller Logon ID: (0x0,0x4A68DF28)   Privileges: -  Changed Attributes:   Sam Account Name: -   Display Name: -   User Principal Name: -   Home Directory: -   Home Drive: -   Script Path: -   Profile Path: -   User Workstations: -   Password Last Set: -   Account Expires: -   Primary Group ID: -   AllowedToDelegateTo: -   Old UAC Value: 0x10   New UAC Value: 0x11   User Account Control:    Account Disabled    User Parameters: -   Sid History: -   Logon Hours: -   
<13>Jan 13 00:30:46 USCHPOSDC01 AgentDevice=WindowsLog	AgentLogFile=Security	PluginVersion=1.0.14	Source=Security	Computer=USCHPOSDC01	User=SVC-ADIMPORT	Domain=POS	EventID=629	EventIDCode=629	EventType=8	EventCategory=7	RecordNumber=2545766694	TimeGenerated=1389591042	TimeWritten=1389591042	Message=User Account Disabled:   Target Account Name: 267707   Target Domain: POS   Target Account ID: POS\267707   Caller User Name: SVC-ADIMPORT   Caller Domain: POS   Caller Logon ID: (0x0,0x4A68DF28)   
<13>Jan 13 00:30:46 USCHPOSDC01 AgentDevice=WindowsLog	AgentLogFile=Security	PluginVersion=1.0.14	Source=Security	Computer=USCHPOSDC01	User=SVC-ADIMPORT	Domain=POS	EventID=642	EventIDCode=642	EventType=8	EventCategory=7	RecordNumber=2545766693	TimeGenerated=1389591042	TimeWritten=1389591042	Message=User Account Changed:   Target Account Name: 267707   Target Domain: POS   Target Account ID: POS\267707   Caller User Name: SVC-ADIMPORT   Caller Domain: POS   Caller Logon ID: (0x0,0x4A68DF28)   Privileges: -  Changed Attributes:   Sam Account Name: -   Display Name: -   User Principal Name: -   Home Directory: -   Home Drive: -   Script Path: -   Profile Path: -   User Workstations: -   Password Last Set: -   Account Expires: -   Primary Group ID: -   AllowedToDelegateTo: -   Old UAC Value: 0x10   New UAC Value: 0x11   User Account Control:    Account Disabled    User Parameters: -   Sid History: -   Logon Hours: -   
<13>Jan 13 00:30:44 USCHPOSDC01 AgentDevice=WindowsLog	AgentLogFile=Security	PluginVersion=1.0.14	Source=Security	Computer=USCHPOSDC01	User=SVC-ADIMPORT	Domain=POS	EventID=629	EventIDCode=629	EventType=8	EventCategory=7	RecordNumber=2545766689	TimeGenerated=1389591042	TimeWritten=1389591042	Message=User Account Disabled:   Target Account Name: 259238   Target Domain: POS   Target Account ID: POS\259238   Caller User Name: SVC-ADIMPORT   Caller Domain: POS   Caller Logon ID: (0x0,0x4A68DF28)   
<13>Jan 13 00:30:44 USCHPOSDC01 AgentDevice=WindowsLog	AgentLogFile=Security	PluginVersion=1.0.14	Source=Security	Computer=USCHPOSDC01	User=SVC-ADIMPORT	Domain=POS	EventID=642	EventIDCode=642	EventType=8	EventCategory=7	RecordNumber=2545766688	TimeGenerated=1389591042	TimeWritten=1389591042	Message=User Account Changed:   Target Account Name: 259238   Target Domain: POS   Target Account ID: POS\259238   Caller User Name: SVC-ADIMPORT   Caller Domain: POS   Caller Logon ID: (0x0,0x4A68DF28)   Privileges: -  Changed Attributes:   Sam Account Name: -   Display Name: -   User Principal Name: -   Home Directory: -   Home Drive: -   Script Path: -   Profile Path: -   User Workstations: -   Password Last Set: -   Account Expires: -   Primary Group ID: -   AllowedToDelegateTo: -   Old UAC Value: 0x10   New UAC Value: 0x11   User Account Control:    Account Disabled    User Parameters: -   Sid History: -   Logon Hours: -   
<13>Jan 13 00:30:44 USCHPOSDC01 AgentDevice=WindowsLog	AgentLogFile=Security	PluginVersion=1.0.14	Source=Security	Computer=USCHPOSDC01	User=SVC-ADIMPORT	Domain=POS	EventID=629	EventIDCode=629	EventType=8	EventCategory=7	RecordNumber=2545766685	TimeGenerated=1389591042	TimeWritten=1389591042	Message=User Account Disabled:   Target Account Name: 226543   Target Domain: POS   Target Account ID: POS\226543   Caller User Name: SVC-ADIMPORT   Caller Domain: POS   Caller Logon ID: (0x0,0x4A68DF28)   
<13>Jan 13 00:30:44 USCHPOSDC01 AgentDevice=WindowsLog	AgentLogFile=Security	PluginVersion=1.0.14	Source=Security	Computer=USCHPOSDC01	User=SVC-ADIMPORT	Domain=POS	EventID=642	EventIDCode=642	EventType=8	EventCategory=7	RecordNumber=2545766684	TimeGenerated=1389591042	TimeWritten=1389591042	Message=User Account Changed:   Target Account Name: 226543   Target Domain: POS   Target Account ID: POS\226543   Caller User Name: SVC-ADIMPORT   Caller Domain: POS   Caller Logon ID: (0x0,0x4A68DF28)   Privileges: -  Changed Attributes:   Sam Account Name: -   Display Name: -   User Principal Name: -   Home Directory: -   Home Drive: -   Script Path: -   Profile Path: -   User Workstations: -   Password Last Set: -   Account Expires: -   Primary Group ID: -   AllowedToDelegateTo: -   Old UAC Value: 0x10   New UAC Value: 0x11   User Account Control:    Account Disabled    User Parameters: -   Sid History: -   Logon Hours: -   
<13>Jan 13 00:30:44 USCHPOSDC01 AgentDevice=WindowsLog	AgentLogFile=Security	PluginVersion=1.0.14	Source=Security	Computer=USCHPOSDC01	User=SVC-ADIMPORT	Domain=POS	EventID=642	EventIDCode=642	EventType=8	EventCategory=7	RecordNumber=2545766680	TimeGenerated=1389591042	TimeWritten=1389591042	Message=User Account Changed:   Target Account Name: 209832   Target Domain: POS   Target Account ID: POS\209832   Caller User Name: SVC-ADIMPORT   Caller Domain: POS   Caller Logon ID: (0x0,0x4A68DF28)   Privileges: -  Changed Attributes:   Sam Account Name: -   Display Name: -   User Principal Name: -   Home Directory: -   Home Drive: -   Script Path: -   Profile Path: -   User Workstations: -   Password Last Set: -   Account Expires: -   Primary Group ID: -   AllowedToDelegateTo: -   Old UAC Value: 0x10   New UAC Value: 0x11   User Account Control:    Account Disabled    User Parameters: -   Sid History: -   Logon Hours: -   
<13>Jan 13 00:30:44 USCHPOSDC01 AgentDevice=WindowsLog	AgentLogFile=Security	PluginVersion=1.0.14	Source=Security	Computer=USCHPOSDC01	User=SVC-ADIMPORT	Domain=POS	EventID=629	EventIDCode=629	EventType=8	EventCategory=7	RecordNumber=2545766681	TimeGenerated=1389591042	TimeWritten=1389591042	Message=User Account Disabled:   Target Account Name: 209832   Target Domain: POS   Target Account ID: POS\209832   Caller User Name: SVC-ADIMPORT   Caller Domain: POS   Caller Logon ID: (0x0,0x4A68DF28)   
<13>Jan 13 00:30:44 USCHPOSDC01 AgentDevice=WindowsLog	AgentLogFile=Security	PluginVersion=1.0.14	Source=Security	Computer=USCHPOSDC01	User=SVC-ADIMPORT	Domain=POS	EventID=629	EventIDCode=629	EventType=8	EventCategory=7	RecordNumber=2545766677	TimeGenerated=1389591041	TimeWritten=1389591041	Message=User Account Disabled:   Target Account Name: 141928   Target Domain: POS   Target Account ID: POS\141928   Caller User Name: SVC-ADIMPORT   Caller Domain: POS   Caller Logon ID: (0x0,0x4A68DF28)   
<13>Jan 13 00:30:44 USCHPOSDC01 AgentDevice=WindowsLog	AgentLogFile=Security	PluginVersion=1.0.14	Source=Security	Computer=USCHPOSDC01	User=SVC-ADIMPORT	Domain=POS	EventID=642	EventIDCode=642	EventType=8	EventCategory=7	RecordNumber=2545766676	TimeGenerated=1389591041	TimeWritten=1389591041	Message=User Account Changed:   Target Account Name: 141928   Target Domain: POS   Target Account ID: POS\141928   Caller User Name: SVC-ADIMPORT   Caller Domain: POS   Caller Logon ID: (0x0,0x4A68DF28)   Privileges: -  Changed Attributes:   Sam Account Name: -   Display Name: -   User Principal Name: -   Home Directory: -   Home Drive: -   Script Path: -   Profile Path: -   User Workstations: -   Password Last Set: -   Account Expires: -   Primary Group ID: -   AllowedToDelegateTo: -   Old UAC Value: 0x10   New UAC Value: 0x11   User Account Control:    Account Disabled    User Parameters: -   Sid History: -   Logon Hours: -   
<13>Jan 13 00:30:44 USCHPOSDC01 AgentDevice=WindowsLog	AgentLogFile=Security	PluginVersion=1.0.14	Source=Security	Computer=USCHPOSDC01	User=SVC-ADIMPORT	Domain=POS	EventID=642	EventIDCode=642	EventType=8	EventCategory=7	RecordNumber=2545766673	TimeGenerated=1389591041	TimeWritten=1389591041	Message=User Account Changed:   Target Account Name: 656111   Target Domain: POS   Target Account ID: POS\656111   Caller User Name: SVC-ADIMPORT   Caller Domain: POS   Caller Logon ID: (0x0,0x4A68DF28)   Privileges: -  Changed Attributes:   Sam Account Name: -   Display Name: MIRANDA ROBINSON   User Principal Name: -   Home Directory: -   Home Drive: -   Script Path: -   Profile Path: -   User Workstations: -   Password Last Set: -   Account Expires: -   Primary Group ID: -   AllowedToDelegateTo: -   Old UAC Value: -   New UAC Value: -   User Account Control: -   User Parameters: -   Sid History: -   Logon Hours: -   
<13>Jan 13 00:30:44 USCHPOSDC01 AgentDevice=WindowsLog	AgentLogFile=Security	PluginVersion=1.0.14	Source=Security	Computer=USCHPOSDC01	User=SVC-ADIMPORT	Domain=POS	EventID=626	EventIDCode=626	EventType=8	EventCategory=7	RecordNumber=2545766670	TimeGenerated=1389591041	TimeWritten=1389591041	Message=User Account Enabled:   Target Account Name: 656111   Target Domain: POS   Target Account ID: POS\656111   Caller User Name: SVC-ADIMPORT   Caller Domain: POS   Caller Logon ID: (0x0,0x4A68DF28)   
<13>Jan 13 00:30:44 USCHPOSDC01 AgentDevice=WindowsLog	AgentLogFile=Security	PluginVersion=1.0.14	Source=Security	Computer=USCHPOSDC01	User=SVC-ADIMPORT	Domain=POS	EventID=642	EventIDCode=642	EventType=8	EventCategory=7	RecordNumber=2545766669	TimeGenerated=1389591041	TimeWritten=1389591041	Message=User Account Changed:   Target Account Name: 656111   Target Domain: POS   Target Account ID: POS\656111   Caller User Name: SVC-ADIMPORT   Caller Domain: POS   Caller Logon ID: (0x0,0x4A68DF28)   Privileges: -  Changed Attributes:   Sam Account Name: -   Display Name: -   User Principal Name: -   Home Directory: -   Home Drive: -   Script Path: -   Profile Path: -   User Workstations: -   Password Last Set: -   Account Expires: -   Primary Group ID: -   AllowedToDelegateTo: -   Old UAC Value: 0x15   New UAC Value: 0x10   User Account Control:    Account Enabled    'Password Not Required' - Disabled    User Parameters: -   Sid History: -   Logon Hours: -   
<13>Jan 13 00:30:44 USCHPOSDC01 AgentDevice=WindowsLog	AgentLogFile=Security	PluginVersion=1.0.14	Source=Security	Computer=USCHPOSDC01	User=SVC-ADIMPORT	Domain=POS	EventID=642	EventIDCode=642	EventType=8	EventCategory=7	RecordNumber=2545766663	TimeGenerated=1389591041	TimeWritten=1389591041	Message=User Account Changed:   Target Account Name: 656111   Target Domain: POS   Target Account ID: POS\656111   Caller User Name: SVC-ADIMPORT   Caller Domain: POS   Caller Logon ID: (0x0,0x4A692D00)   Privileges: -  Changed Attributes:   Sam Account Name: -   Display Name: -   User Principal Name: -   Home Directory: -   Home Drive: -   Script Path: -   Profile Path: -   User Workstations: -   Password Last Set: 1/13/2014 12:30:41 AM   Account Expires: -   Primary Group ID: -   AllowedToDelegateTo: -   Old UAC Value: -   New UAC Value: -   User Account Control: -   User Parameters: -   Sid History: -   Logon Hours: -   
<13>Jan 13 00:30:44 USCHPOSDC01 AgentDevice=WindowsLog	AgentLogFile=Security	PluginVersion=1.0.14	Source=Security	Computer=USCHPOSDC01	User=SVC-ADIMPORT	Domain=POS	EventID=642	EventIDCode=642	EventType=8	EventCategory=7	RecordNumber=2545766653	TimeGenerated=1389591040	TimeWritten=1389591040	Message=User Account Changed:   Target Account Name: 656110   Target Domain: POS   Target Account ID: POS\656110   Caller User Name: SVC-ADIMPORT   Caller Domain: POS   Caller Logon ID: (0x0,0x4A68DF28)   Privileges: -  Changed Attributes:   Sam Account Name: -   Display Name: TRISTAN NEWMAN   User Principal Name: -   Home Directory: -   Home Drive: -   Script Path: -   Profile Path: -   User Workstations: -   Password Last Set: -   Account Expires: -   Primary Group ID: -   AllowedToDelegateTo: -   Old UAC Value: -   New UAC Value: -   User Account Control: -   User Parameters: -   Sid History: -   Logon Hours: -   
<13>Jan 13 00:30:44 USCHPOSDC01 AgentDevice=WindowsLog	AgentLogFile=Security	PluginVersion=1.0.14	Source=Security	Computer=USCHPOSDC01	User=SVC-ADIMPORT	Domain=POS	EventID=626	EventIDCode=626	EventType=8	EventCategory=7	RecordNumber=2545766650	TimeGenerated=1389591040	TimeWritten=1389591040	Message=User Account Enabled:   Target Account Name: 656110   Target Domain: POS   Target Account ID: POS\656110   Caller User Name: SVC-ADIMPORT   Caller Domain: POS   Caller Logon ID: (0x0,0x4A68DF28)   
<13>Jan 13 00:30:44 USCHPOSDC01 AgentDevice=WindowsLog	AgentLogFile=Security	PluginVersion=1.0.14	Source=Security	Computer=USCHPOSDC01	User=SVC-ADIMPORT	Domain=POS	EventID=642	EventIDCode=642	EventType=8	EventCategory=7	RecordNumber=2545766649	TimeGenerated=1389591040	TimeWritten=1389591040	Message=User Account Changed:   Target Account Name: 656110   Target Domain: POS   Target Account ID: POS\656110   Caller User Name: SVC-ADIMPORT   Caller Domain: POS   Caller Logon ID: (0x0,0x4A68DF28)   Privileges: -  Changed Attributes:   Sam Account Name: -   Display Name: -   User Principal Name: -   Home Directory: -   Home Drive: -   Script Path: -   Profile Path: -   User Workstations: -   Password Last Set: -   Account Expires: -   Primary Group ID: -   AllowedToDelegateTo: -   Old UAC Value: 0x15   New UAC Value: 0x10   User Account Control:    Account Enabled    'Password Not Required' - Disabled    User Parameters: -   Sid History: -   Logon Hours: -   
<13>Jan 13 00:30:42 USCHPOSDC01 AgentDevice=WindowsLog	AgentLogFile=Security	PluginVersion=1.0.14	Source=Security	Computer=USCHPOSDC01	User=SVC-ADIMPORT	Domain=POS	EventID=642	EventIDCode=642	EventType=8	EventCategory=7	RecordNumber=2545766643	TimeGenerated=1389591040	TimeWritten=1389591040	Message=User Account Changed:   Target Account Name: 656110   Target Domain: POS   Target Account ID: POS\656110   Caller User Name: SVC-ADIMPORT   Caller Domain: POS   Caller Logon ID: (0x0,0x4A692BFD)   Privileges: -  Changed Attributes:   Sam Account Name: -   Display Name: -   User Principal Name: -   Home Directory: -   Home Drive: -   Script Path: -   Profile Path: -   User Workstations: -   Password Last Set: 1/13/2014 12:30:40 AM   Account Expires: -   Primary Group ID: -   AllowedToDelegateTo: -   Old UAC Value: -   New UAC Value: -   User Account Control: -   User Parameters: -   Sid History: -   Logon Hours: -   
<13>Jan 13 00:30:42 USCHPOSDC01 AgentDevice=WindowsLog	AgentLogFile=Security	PluginVersion=1.0.14	Source=Security	Computer=USCHPOSDC01	User=SVC-ADIMPORT	Domain=POS	EventID=642	EventIDCode=642	EventType=8	EventCategory=7	RecordNumber=2545766632	TimeGenerated=1389591039	TimeWritten=1389591039	Message=User Account Changed:   Target Account Name: 656109   Target Domain: POS   Target Account ID: POS\656109   Caller User Name: SVC-ADIMPORT   Caller Domain: POS   Caller Logon ID: (0x0,0x4A68DF28)   Privileges: -  Changed Attributes:   Sam Account Name: -   Display Name: JAMES WATSON   User Principal Name: -   Home Directory: -   Home Drive: -   Script Path: -   Profile Path: -   User Workstations: -   Password Last Set: -   Account Expires: -   Primary Group ID: -   AllowedToDelegateTo: -   Old UAC Value: -   New UAC Value: -   User Account Control: -   User Parameters: -   Sid History: -   Logon Hours: -   
<13>Jan 13 00:30:42 USCHPOSDC01 AgentDevice=WindowsLog	AgentLogFile=Security	PluginVersion=1.0.14	Source=Security	Computer=USCHPOSDC01	User=SVC-ADIMPORT	Domain=POS	EventID=626	EventIDCode=626	EventType=8	EventCategory=7	RecordNumber=2545766629	TimeGenerated=1389591039	TimeWritten=1389591039	Message=User Account Enabled:   Target Account Name: 656109   Target Domain: POS   Target Account ID: POS\656109   Caller User Name: SVC-ADIMPORT   Caller Domain: POS   Caller Logon ID: (0x0,0x4A68DF28)   
<13>Jan 13 00:30:42 USCHPOSDC01 AgentDevice=WindowsLog	AgentLogFile=Security	PluginVersion=1.0.14	Source=Security	Computer=USCHPOSDC01	User=SVC-ADIMPORT	Domain=POS	EventID=642	EventIDCode=642	EventType=8	EventCategory=7	RecordNumber=2545766628	TimeGenerated=1389591039	TimeWritten=1389591039	Message=User Account Changed:   Target Account Name: 656109   Target Domain: POS   Target Account ID: POS\656109   Caller User Name: SVC-ADIMPORT   Caller Domain: POS   Caller Logon ID: (0x0,0x4A68DF28)   Privileges: -  Changed Attributes:   Sam Account Name: -   Display Name: -   User Principal Name: -   Home Directory: -   Home Drive: -   Script Path: -   Profile Path: -   User Workstations: -   Password Last Set: -   Account Expires: -   Primary Group ID: -   AllowedToDelegateTo: -   Old UAC Value: 0x15   New UAC Value: 0x10   User Account Control:    Account Enabled    'Password Not Required' - Disabled    User Parameters: -   Sid History: -   Logon Hours: -   
<13>Jan 13 00:30:42 USCHPOSDC01 AgentDevice=WindowsLog	AgentLogFile=Security	PluginVersion=1.0.14	Source=Security	Computer=USCHPOSDC01	User=SVC-ADIMPORT	Domain=POS	EventID=642	EventIDCode=642	EventType=8	EventCategory=7	RecordNumber=2545766620	TimeGenerated=1389591039	TimeWritten=1389591039	Message=User Account Changed:   Target Account Name: 656109   Target Domain: POS   Target Account ID: POS\656109   Caller User Name: SVC-ADIMPORT   Caller Domain: POS   Caller Logon ID: (0x0,0x4A692B0B)   Privileges: -  Changed Attributes:   Sam Account Name: -   Display Name: -   User Principal Name: -   Home Directory: -   Home Drive: -   Script Path: -   Profile Path: -   User Workstations: -   Password Last Set: 1/13/2014 12:30:39 AM   Account Expires: -   Primary Group ID: -   AllowedToDelegateTo: -   Old UAC Value: -   New UAC Value: -   User Account Control: -   User Parameters: -   Sid History: -   Logon Hours: -   
<13>Jan 13 00:30:42 USCHPOSDC01 AgentDevice=WindowsLog	AgentLogFile=Security	PluginVersion=1.0.14	Source=Security	Computer=USCHPOSDC01	User=SVC-ADIMPORT	Domain=POS	EventID=642	EventIDCode=642	EventType=8	EventCategory=7	RecordNumber=2545766609	TimeGenerated=1389591038	TimeWritten=1389591038	Message=User Account Changed:   Target Account Name: 656108   Target Domain: POS   Target Account ID: POS\656108   Caller User Name: SVC-ADIMPORT   Caller Domain: POS   Caller Logon ID: (0x0,0x4A68DF28)   Privileges: -  Changed Attributes:   Sam Account Name: -   Display Name: JAKE STOTZ   User Principal Name: -   Home Directory: -   Home Drive: -   Script Path: -   Profile Path: -   User Workstations: -   Password Last Set: -   Account Expires: -   Primary Group ID: -   AllowedToDelegateTo: -   Old UAC Value: -   New UAC Value: -   User Account Control: -   User Parameters: -   Sid History: -   Logon Hours: -   
<13>Jan 13 00:30:42 USCHPOSDC01 AgentDevice=WindowsLog	AgentLogFile=Security	PluginVersion=1.0.14	Source=Security	Computer=USCHPOSDC01	User=SVC-ADIMPORT	Domain=POS	EventID=642	EventIDCode=642	EventType=8	EventCategory=7	RecordNumber=2545766605	TimeGenerated=1389591038	TimeWritten=1389591038	Message=User Account Changed:   Target Account Name: 656108   Target Domain: POS   Target Account ID: POS\656108   Caller User Name: SVC-ADIMPORT   Caller Domain: POS   Caller Logon ID: (0x0,0x4A68DF28)   Privileges: -  Changed Attributes:   Sam Account Name: -   Display Name: -   User Principal Name: -   Home Directory: -   Home Drive: -   Script Path: -   Profile Path: -   User Workstations: -   Password Last Set: -   Account Expires: -   Primary Group ID: -   AllowedToDelegateTo: -   Old UAC Value: 0x15   New UAC Value: 0x10   User Account Control:    Account Enabled    'Password Not Required' - Disabled    User Parameters: -   Sid History: -   Logon Hours: -   
<13>Jan 13 00:30:42 USCHPOSDC01 AgentDevice=WindowsLog	AgentLogFile=Security	PluginVersion=1.0.14	Source=Security	Computer=USCHPOSDC01	User=SVC-ADIMPORT	Domain=POS	EventID=626	EventIDCode=626	EventType=8	EventCategory=7	RecordNumber=2545766606	TimeGenerated=1389591038	TimeWritten=1389591038	Message=User Account Enabled:   Target Account Name: 656108   Target Domain: POS   Target Account ID: POS\656108   Caller User Name: SVC-ADIMPORT   Caller Domain: POS   Caller Logon ID: (0x0,0x4A68DF28)   
<13>Jan 13 00:30:42 USCHPOSDC01 AgentDevice=WindowsLog	AgentLogFile=Security	PluginVersion=1.0.14	Source=Security	Computer=USCHPOSDC01	User=SVC-ADIMPORT	Domain=POS	EventID=642	EventIDCode=642	EventType=8	EventCategory=7	RecordNumber=2545766599	TimeGenerated=1389591038	TimeWritten=1389591038	Message=User Account Changed:   Target Account Name: 656108   Target Domain: POS   Target Account ID: POS\656108   Caller User Name: SVC-ADIMPORT   Caller Domain: POS   Caller Logon ID: (0x0,0x4A692985)   Privileges: -  Changed Attributes:   Sam Account Name: -   Display Name: -   User Principal Name: -   Home Directory: -   Home Drive: -   Script Path: -   Profile Path: -   User Workstations: -   Password Last Set: 1/13/2014 12:30:38 AM   Account Expires: -   Primary Group ID: -   AllowedToDelegateTo: -   Old UAC Value: -   New UAC Value: -   User Account Control: -   User Parameters: -   Sid History: -   Logon Hours: -   
<13>Jan 13 00:30:40 USCHPOSDC01 AgentDevice=WindowsLog	AgentLogFile=Security	PluginVersion=1.0.14	Source=Security	Computer=USCHPOSDC01	User=SVC-ADIMPORT	Domain=POS	EventID=642	EventIDCode=642	EventType=8	EventCategory=7	RecordNumber=2545766583	TimeGenerated=1389591037	TimeWritten=1389591037	Message=User Account Changed:   Target Account Name: 656107   Target Domain: POS   Target Account ID: POS\656107   Caller User Name: SVC-ADIMPORT   Caller Domain: POS   Caller Logon ID: (0x0,0x4A68DF28)   Privileges: -  Changed Attributes:   Sam Account Name: -   Display Name: GARY YANG   User Principal Name: -   Home Directory: -   Home Drive: -   Script Path: -   Profile Path: -   User Workstations: -   Password Last Set: -   Account Expires: -   Primary Group ID: -   AllowedToDelegateTo: -   Old UAC Value: -   New UAC Value: -   User Account Control: -   User Parameters: -   Sid History: -   Logon Hours: -   
<13>Jan 13 00:30:40 USCHPOSDC01 AgentDevice=WindowsLog	AgentLogFile=Security	PluginVersion=1.0.14	Source=Security	Computer=USCHPOSDC01	User=SVC-ADIMPORT	Domain=POS	EventID=626	EventIDCode=626	EventType=8	EventCategory=7	RecordNumber=2545766580	TimeGenerated=1389591037	TimeWritten=1389591037	Message=User Account Enabled:   Target Account Name: 656107   Target Domain: POS   Target Account ID: POS\656107   Caller User Name: SVC-ADIMPORT   Caller Domain: POS   Caller Logon ID: (0x0,0x4A68DF28)   
<13>Jan 13 00:30:40 USCHPOSDC01 AgentDevice=WindowsLog	AgentLogFile=Security	PluginVersion=1.0.14	Source=Security	Computer=USCHPOSDC01	User=SVC-ADIMPORT	Domain=POS	EventID=642	EventIDCode=642	EventType=8	EventCategory=7	RecordNumber=2545766579	TimeGenerated=1389591037	TimeWritten=1389591037	Message=User Account Changed:   Target Account Name: 656107   Target Domain: POS   Target Account ID: POS\656107   Caller User Name: SVC-ADIMPORT   Caller Domain: POS   Caller Logon ID: (0x0,0x4A68DF28)   Privileges: -  Changed Attributes:   Sam Account Name: -   Display Name: -   User Principal Name: -   Home Directory: -   Home Drive: -   Script Path: -   Profile Path: -   User Workstations: -   Password Last Set: -   Account Expires: -   Primary Group ID: -   AllowedToDelegateTo: -   Old UAC Value: 0x15   New UAC Value: 0x10   User Account Control:    Account Enabled    'Password Not Required' - Disabled    User Parameters: -   Sid History: -   Logon Hours: -   
<13>Jan 13 00:30:40 USCHPOSDC01 AgentDevice=WindowsLog	AgentLogFile=Security	PluginVersion=1.0.14	Source=Security	Computer=USCHPOSDC01	User=SVC-ADIMPORT	Domain=POS	EventID=642	EventIDCode=642	EventType=8	EventCategory=7	RecordNumber=2545766573	TimeGenerated=1389591037	TimeWritten=1389591037	Message=User Account Changed:   Target Account Name: 656107   Target Domain: POS   Target Account ID: POS\656107   Caller User Name: SVC-ADIMPORT   Caller Domain: POS   Caller Logon ID: (0x0,0x4A691DCD)   Privileges: -  Changed Attributes:   Sam Account Name: -   Display Name: -   User Principal Name: -   Home Directory: -   Home Drive: -   Script Path: -   Profile Path: -   User Workstations: -   Password Last Set: 1/13/2014 12:30:37 AM   Account Expires: -   Primary Group ID: -   AllowedToDelegateTo: -   Old UAC Value: -   New UAC Value: -   User Account Control: -   User Parameters: -   Sid History: -   Logon Hours: -   
<13>Jan 13 00:30:40 USCHPOSDC01 AgentDevice=WindowsLog	AgentLogFile=Security	PluginVersion=1.0.14	Source=Security	Computer=USCHPOSDC01	User=SVC-ADIMPORT	Domain=POS	EventID=642	EventIDCode=642	EventType=8	EventCategory=7	RecordNumber=2545766563	TimeGenerated=1389591036	TimeWritten=1389591036	Message=User Account Changed:   Target Account Name: 656106   Target Domain: POS   Target Account ID: POS\656106   Caller User Name: SVC-ADIMPORT   Caller Domain: POS   Caller Logon ID: (0x0,0x4A68DF28)   Privileges: -  Changed Attributes:   Sam Account Name: -   Display Name: DANIEL HEASLEY   User Principal Name: -   Home Directory: -   Home Drive: -   Script Path: -   Profile Path: -   User Workstations: -   Password Last Set: -   Account Expires: -   Primary Group ID: -   AllowedToDelegateTo: -   Old UAC Value: -   New UAC Value: -   User Account Control: -   User Parameters: -   Sid History: -   Logon Hours: -   
<13>Jan 13 00:30:40 USCHPOSDC01 AgentDevice=WindowsLog	AgentLogFile=Security	PluginVersion=1.0.14	Source=Security	Computer=USCHPOSDC01	User=SVC-ADIMPORT	Domain=POS	EventID=626	EventIDCode=626	EventType=8	EventCategory=7	RecordNumber=2545766558	TimeGenerated=1389591036	TimeWritten=1389591036	Message=User Account Enabled:   Target Account Name: 656106   Target Domain: POS   Target Account ID: POS\656106   Caller User Name: SVC-ADIMPORT   Caller Domain: POS   Caller Logon ID: (0x0,0x4A68DF28)   
<13>Jan 13 00:30:40 USCHPOSDC01 AgentDevice=WindowsLog	AgentLogFile=Security	PluginVersion=1.0.14	Source=Security	Computer=USCHPOSDC01	User=SVC-ADIMPORT	Domain=POS	EventID=642	EventIDCode=642	EventType=8	EventCategory=7	RecordNumber=2545766557	TimeGenerated=1389591036	TimeWritten=1389591036	Message=User Account Changed:   Target Account Name: 656106   Target Domain: POS   Target Account ID: POS\656106   Caller User Name: SVC-ADIMPORT   Caller Domain: POS   Caller Logon ID: (0x0,0x4A68DF28)   Privileges: -  Changed Attributes:   Sam Account Name: -   Display Name: -   User Principal Name: -   Home Directory: -   Home Drive: -   Script Path: -   Profile Path: -   User Workstations: -   Password Last Set: -   Account Expires: -   Primary Group ID: -   AllowedToDelegateTo: -   Old UAC Value: 0x15   New UAC Value: 0x10   User Account Control:    Account Enabled    'Password Not Required' - Disabled    User Parameters: -   Sid History: -   Logon Hours: -   
<13>Jan 13 00:30:40 USCHPOSDC01 AgentDevice=WindowsLog	AgentLogFile=Security	PluginVersion=1.0.14	Source=Security	Computer=USCHPOSDC01	User=SVC-ADIMPORT	Domain=POS	EventID=642	EventIDCode=642	EventType=8	EventCategory=7	RecordNumber=2545766551	TimeGenerated=1389591036	TimeWritten=1389591036	Message=User Account Changed:   Target Account Name: 656106   Target Domain: POS   Target Account ID: POS\656106   Caller User Name: SVC-ADIMPORT   Caller Domain: POS   Caller Logon ID: (0x0,0x4A691A19)   Privileges: -  Changed Attributes:   Sam Account Name: -   Display Name: -   User Principal Name: -   Home Directory: -   Home Drive: -   Script Path: -   Profile Path: -   User Workstations: -   Password Last Set: 1/13/2014 12:30:36 AM   Account Expires: -   Primary Group ID: -   AllowedToDelegateTo: -   Old UAC Value: -   New UAC Value: -   User Account Control: -   User Parameters: -   Sid History: -   Logon Hours: -   
<13>Jan 13 00:30:38 USCHPOSDC01 AgentDevice=WindowsLog	AgentLogFile=Security	PluginVersion=1.0.14	Source=Security	Computer=USCHPOSDC01	User=SVC-ADIMPORT	Domain=POS	EventID=642	EventIDCode=642	EventType=8	EventCategory=7	RecordNumber=2545766540	TimeGenerated=1389591035	TimeWritten=1389591035	Message=User Account Changed:   Target Account Name: 656105   Target Domain: POS   Target Account ID: POS\656105   Caller User Name: SVC-ADIMPORT   Caller Domain: POS   Caller Logon ID: (0x0,0x4A68DF28)   Privileges: -  Changed Attributes:   Sam Account Name: -   Display Name: CHRIS SILVEY   User Principal Name: -   Home Directory: -   Home Drive: -   Script Path: -   Profile Path: -   User Workstations: -   Password Last Set: -   Account Expires: -   Primary Group ID: -   AllowedToDelegateTo: -   Old UAC Value: -   New UAC Value: -   User Account Control: -   User Parameters: -   Sid History: -   Logon Hours: -   
<13>Jan 13 00:30:38 USCHPOSDC01 AgentDevice=WindowsLog	AgentLogFile=Security	PluginVersion=1.0.14	Source=Security	Computer=USCHPOSDC01	User=SVC-ADIMPORT	Domain=POS	EventID=642	EventIDCode=642	EventType=8	EventCategory=7	RecordNumber=2545766536	TimeGenerated=1389591035	TimeWritten=1389591035	Message=User Account Changed:   Target Account Name: 656105   Target Domain: POS   Target Account ID: POS\656105   Caller User Name: SVC-ADIMPORT   Caller Domain: POS   Caller Logon ID: (0x0,0x4A68DF28)   Privileges: -  Changed Attributes:   Sam Account Name: -   Display Name: -   User Principal Name: -   Home Directory: -   Home Drive: -   Script Path: -   Profile Path: -   User Workstations: -   Password Last Set: -   Account Expires: -   Primary Group ID: -   AllowedToDelegateTo: -   Old UAC Value: 0x15   New UAC Value: 0x10   User Account Control:    Account Enabled    'Password Not Required' - Disabled    User Parameters: -   Sid History: -   Logon Hours: -   
<13>Jan 13 00:30:38 USCHPOSDC01 AgentDevice=WindowsLog	AgentLogFile=Security	PluginVersion=1.0.14	Source=Security	Computer=USCHPOSDC01	User=SVC-ADIMPORT	Domain=POS	EventID=626	EventIDCode=626	EventType=8	EventCategory=7	RecordNumber=2545766537	TimeGenerated=1389591035	TimeWritten=1389591035	Message=User Account Enabled:   Target Account Name: 656105   Target Domain: POS   Target Account ID: POS\656105   Caller User Name: SVC-ADIMPORT   Caller Domain: POS   Caller Logon ID: (0x0,0x4A68DF28)   
<13>Jan 13 00:30:38 USCHPOSDC01 AgentDevice=WindowsLog	AgentLogFile=Security	PluginVersion=1.0.14	Source=Security	Computer=USCHPOSDC01	User=SVC-ADIMPORT	Domain=POS	EventID=642	EventIDCode=642	EventType=8	EventCategory=7	RecordNumber=2545766530	TimeGenerated=1389591035	TimeWritten=1389591035	Message=User Account Changed:   Target Account Name: 656105   Target Domain: POS   Target Account ID: POS\656105   Caller User Name: SVC-ADIMPORT   Caller Domain: POS   Caller Logon ID: (0x0,0x4A69192F)   Privileges: -  Changed Attributes:   Sam Account Name: -   Display Name: -   User Principal Name: -   Home Directory: -   Home Drive: -   Script Path: -   Profile Path: -   User Workstations: -   Password Last Set: 1/13/2014 12:30:35 AM   Account Expires: -   Primary Group ID: -   AllowedToDelegateTo: -   Old UAC Value: -   New UAC Value: -   User Account Control: -   User Parameters: -   Sid History: -   Logon Hours: -   
<13>Jan 13 00:30:38 USCHPOSDC01 AgentDevice=WindowsLog	AgentLogFile=Security	PluginVersion=1.0.14	Source=Security	Computer=USCHPOSDC01	User=SVC-ADIMPORT	Domain=POS	EventID=642	EventIDCode=642	EventType=8	EventCategory=7	RecordNumber=2545766520	TimeGenerated=1389591034	TimeWritten=1389591034	Message=User Account Changed:   Target Account Name: 656104   Target Domain: POS   Target Account ID: POS\656104   Caller User Name: SVC-ADIMPORT   Caller Domain: POS   Caller Logon ID: (0x0,0x4A68DF28)   Privileges: -  Changed Attributes:   Sam Account Name: -   Display Name: AMBER DAVY   User Principal Name: -   Home Directory: -   Home Drive: -   Script Path: -   Profile Path: -   User Workstations: -   Password Last Set: -   Account Expires: -   Primary Group ID: -   AllowedToDelegateTo: -   Old UAC Value: -   New UAC Value: -   User Account Control: -   User Parameters: -   Sid History: -   Logon Hours: -   
<13>Jan 13 00:30:38 USCHPOSDC01 AgentDevice=WindowsLog	AgentLogFile=Security	PluginVersion=1.0.14	Source=Security	Computer=USCHPOSDC01	User=SVC-ADIMPORT	Domain=POS	EventID=642	EventIDCode=642	EventType=8	EventCategory=7	RecordNumber=2545766516	TimeGenerated=1389591034	TimeWritten=1389591034	Message=User Account Changed:   Target Account Name: 656104   Target Domain: POS   Target Account ID: POS\656104   Caller User Name: SVC-ADIMPORT   Caller Domain: POS   Caller Logon ID: (0x0,0x4A68DF28)   Privileges: -  Changed Attributes:   Sam Account Name: -   Display Name: -   User Principal Name: -   Home Directory: -   Home Drive: -   Script Path: -   Profile Path: -   User Workstations: -   Password Last Set: -   Account Expires: -   Primary Group ID: -   AllowedToDelegateTo: -   Old UAC Value: 0x15   New UAC Value: 0x10   User Account Control:    Account Enabled    'Password Not Required' - Disabled    User Parameters: -   Sid History: -   Logon Hours: -   
<13>Jan 13 00:30:38 USCHPOSDC01 AgentDevice=WindowsLog	AgentLogFile=Security	PluginVersion=1.0.14	Source=Security	Computer=USCHPOSDC01	User=SVC-ADIMPORT	Domain=POS	EventID=626	EventIDCode=626	EventType=8	EventCategory=7	RecordNumber=2545766517	TimeGenerated=1389591034	TimeWritten=1389591034	Message=User Account Enabled:   Target Account Name: 656104   Target Domain: POS   Target Account ID: POS\656104   Caller User Name: SVC-ADIMPORT   Caller Domain: POS   Caller Logon ID: (0x0,0x4A68DF28)   
<13>Jan 13 00:30:38 USCHPOSDC01 AgentDevice=WindowsLog	AgentLogFile=Security	PluginVersion=1.0.14	Source=Security	Computer=USCHPOSDC01	User=SVC-ADIMPORT	Domain=POS	EventID=642	EventIDCode=642	EventType=8	EventCategory=7	RecordNumber=2545766510	TimeGenerated=1389591034	TimeWritten=1389591034	Message=User Account Changed:   Target Account Name: 656104   Target Domain: POS   Target Account ID: POS\656104   Caller User Name: SVC-ADIMPORT   Caller Domain: POS   Caller Logon ID: (0x0,0x4A6917D1)   Privileges: -  Changed Attributes:   Sam Account Name: -   Display Name: -   User Principal Name: -   Home Directory: -   Home Drive: -   Script Path: -   Profile Path: -   User Workstations: -   Password Last Set: 1/13/2014 12:30:34 AM   Account Expires: -   Primary Group ID: -   AllowedToDelegateTo: -   Old UAC Value: -   New UAC Value: -   User Account Control: -   User Parameters: -   Sid History: -   Logon Hours: -   
<13>Jan 13 00:30:36 USCHPOSDC01 AgentDevice=WindowsLog	AgentLogFile=Security	PluginVersion=1.0.14	Source=Security	Computer=USCHPOSDC01	User=SVC-ADIMPORT	Domain=POS	EventID=642	EventIDCode=642	EventType=8	EventCategory=7	RecordNumber=2545766500	TimeGenerated=1389591034	TimeWritten=1389591034	Message=User Account Changed:   Target Account Name: 656103   Target Domain: POS   Target Account ID: POS\656103   Caller User Name: SVC-ADIMPORT   Caller Domain: POS   Caller Logon ID: (0x0,0x4A68DF28)   Privileges: -  Changed Attributes:   Sam Account Name: -   Display Name: DONALD JOSEPH   User Principal Name: -   Home Directory: -   Home Drive: -   Script Path: -   Profile Path: -   User Workstations: -   Password Last Set: -   Account Expires: -   Primary Group ID: -   AllowedToDelegateTo: -   Old UAC Value: -   New UAC Value: -   User Account Control: -   User Parameters: -   Sid History: -   Logon Hours: -   
<13>Jan 13 00:30:36 USCHPOSDC01 AgentDevice=WindowsLog	AgentLogFile=Security	PluginVersion=1.0.14	Source=Security	Computer=USCHPOSDC01	User=SVC-ADIMPORT	Domain=POS	EventID=626	EventIDCode=626	EventType=8	EventCategory=7	RecordNumber=2545766497	TimeGenerated=1389591033	TimeWritten=1389591033	Message=User Account Enabled:   Target Account Name: 656103   Target Domain: POS   Target Account ID: POS\656103   Caller User Name: SVC-ADIMPORT   Caller Domain: POS   Caller Logon ID: (0x0,0x4A68DF28)   
<13>Jan 13 00:30:36 USCHPOSDC01 AgentDevice=WindowsLog	AgentLogFile=Security	PluginVersion=1.0.14	Source=Security	Computer=USCHPOSDC01	User=SVC-ADIMPORT	Domain=POS	EventID=642	EventIDCode=642	EventType=8	EventCategory=7	RecordNumber=2545766496	TimeGenerated=1389591033	TimeWritten=1389591033	Message=User Account Changed:   Target Account Name: 656103   Target Domain: POS   Target Account ID: POS\656103   Caller User Name: SVC-ADIMPORT   Caller Domain: POS   Caller Logon ID: (0x0,0x4A68DF28)   Privileges: -  Changed Attributes:   Sam Account Name: -   Display Name: -   User Principal Name: -   Home Directory: -   Home Drive: -   Script Path: -   Profile Path: -   User Workstations: -   Password Last Set: -   Account Expires: -   Primary Group ID: -   AllowedToDelegateTo: -   Old UAC Value: 0x15   New UAC Value: 0x10   User Account Control:    Account Enabled    'Password Not Required' - Disabled    User Parameters: -   Sid History: -   Logon Hours: -   
<13>Jan 13 00:30:36 USCHPOSDC01 AgentDevice=WindowsLog	AgentLogFile=Security	PluginVersion=1.0.14	Source=Security	Computer=USCHPOSDC01	User=SVC-ADIMPORT	Domain=POS	EventID=642	EventIDCode=642	EventType=8	EventCategory=7	RecordNumber=2545766489	TimeGenerated=1389591033	TimeWritten=1389591033	Message=User Account Changed:   Target Account Name: 656103   Target Domain: POS   Target Account ID: POS\656103   Caller User Name: SVC-ADIMPORT   Caller Domain: POS   Caller Logon ID: (0x0,0x4A691591)   Privileges: -  Changed Attributes:   Sam Account Name: -   Display Name: -   User Principal Name: -   Home Directory: -   Home Drive: -   Script Path: -   Profile Path: -   User Workstations: -   Password Last Set: 1/13/2014 12:30:33 AM   Account Expires: -   Primary Group ID: -   AllowedToDelegateTo: -   Old UAC Value: -   New UAC Value: -   User Account Control: -   User Parameters: -   Sid History: -   Logon Hours: -   
<13>Jan 13 00:30:36 USCHPOSDC01 AgentDevice=WindowsLog	AgentLogFile=Security	PluginVersion=1.0.14	Source=Security	Computer=USCHPOSDC01	User=SVC-ADIMPORT	Domain=POS	EventID=642	EventIDCode=642	EventType=8	EventCategory=7	RecordNumber=2545766473	TimeGenerated=1389591033	TimeWritten=1389591033	Message=User Account Changed:   Target Account Name: 656102   Target Domain: POS   Target Account ID: POS\656102   Caller User Name: SVC-ADIMPORT   Caller Domain: POS   Caller Logon ID: (0x0,0x4A68DF28)   Privileges: -  Changed Attributes:   Sam Account Name: -   Display Name: -   User Principal Name: -   Home Directory: -   Home Drive: -   Script Path: -   Profile Path: -   User Workstations: -   Password Last Set: -   Account Expires: -   Primary Group ID: -   AllowedToDelegateTo: -   Old UAC Value: 0x15   New UAC Value: 0x10   User Account Control:    Account Enabled    'Password Not Required' - Disabled    User Parameters: -   Sid History: -   Logon Hours: -   
<13>Jan 13 00:30:36 USCHPOSDC01 AgentDevice=WindowsLog	AgentLogFile=Security	PluginVersion=1.0.14	Source=Security	Computer=USCHPOSDC01	User=SVC-ADIMPORT	Domain=POS	EventID=642	EventIDCode=642	EventType=8	EventCategory=7	RecordNumber=2545766478	TimeGenerated=1389591033	TimeWritten=1389591033	Message=User Account Changed:   Target Account Name: 656102   Target Domain: POS   Target Account ID: POS\656102   Caller User Name: SVC-ADIMPORT   Caller Domain: POS   Caller Logon ID: (0x0,0x4A68DF28)   Privileges: -  Changed Attributes:   Sam Account Name: -   Display Name: ELIZABETH NEIMAN   User Principal Name: -   Home Directory: -   Home Drive: -   Script Path: -   Profile Path: -   User Workstations: -   Password Last Set: -   Account Expires: -   Primary Group ID: -   AllowedToDelegateTo: -   Old UAC Value: -   New UAC Value: -   User Account Control: -   User Parameters: -   Sid History: -   Logon Hours: -   
<13>Jan 13 00:30:36 USCHPOSDC01 AgentDevice=WindowsLog	AgentLogFile=Security	PluginVersion=1.0.14	Source=Security	Computer=USCHPOSDC01	User=SVC-ADIMPORT	Domain=POS	EventID=626	EventIDCode=626	EventType=8	EventCategory=7	RecordNumber=2545766474	TimeGenerated=1389591033	TimeWritten=1389591033	Message=User Account Enabled:   Target Account Name: 656102   Target Domain: POS   Target Account ID: POS\656102   Caller User Name: SVC-ADIMPORT   Caller Domain: POS   Caller Logon ID: (0x0,0x4A68DF28)   
