<13>Jan 12 00:31:30 USCHPOSDC01 AgentDevice=WindowsLog	AgentLogFile=Security	PluginVersion=1.0.14	Source=Security	Computer=USCHPOSDC01	User=SVC-ADIMPORT	Domain=POS	EventID=642	EventIDCode=642	EventType=8	EventCategory=7	RecordNumber=2544684874	TimeGenerated=1389504687	TimeWritten=1389504687	Message=User Account Changed:   Target Account Name: 656080   Target Domain: POS   Target Account ID: POS\656080   Caller User Name: SVC-ADIMPORT   Caller Domain: POS   Caller Logon ID: (0x0,0x47908560)   Privileges: -  Changed Attributes:   Sam Account Name: -   Display Name: VICTOR NICHOLSON   User Principal Name: -   Home Directory: -   Home Drive: -   Script Path: -   Profile Path: -   User Workstations: -   Password Last Set: -   Account Expires: -   Primary Group ID: -   AllowedToDelegateTo: -   Old UAC Value: -   New UAC Value: -   User Account Control: -   User Parameters: -   Sid History: -   Logon Hours: -   
<13>Jan 12 00:31:30 USCHPOSDC01 AgentDevice=WindowsLog	AgentLogFile=Security	PluginVersion=1.0.14	Source=Security	Computer=USCHPOSDC01	User=SVC-ADIMPORT	Domain=POS	EventID=626	EventIDCode=626	EventType=8	EventCategory=7	RecordNumber=2544684871	TimeGenerated=1389504687	TimeWritten=1389504687	Message=User Account Enabled:   Target Account Name: 656080   Target Domain: POS   Target Account ID: POS\656080   Caller User Name: SVC-ADIMPORT   Caller Domain: POS   Caller Logon ID: (0x0,0x47908560)   
<13>Jan 12 00:31:30 USCHPOSDC01 AgentDevice=WindowsLog	AgentLogFile=Security	PluginVersion=1.0.14	Source=Security	Computer=USCHPOSDC01	User=SVC-ADIMPORT	Domain=POS	EventID=642	EventIDCode=642	EventType=8	EventCategory=7	RecordNumber=2544684870	TimeGenerated=1389504687	TimeWritten=1389504687	Message=User Account Changed:   Target Account Name: 656080   Target Domain: POS   Target Account ID: POS\656080   Caller User Name: SVC-ADIMPORT   Caller Domain: POS   Caller Logon ID: (0x0,0x47908560)   Privileges: -  Changed Attributes:   Sam Account Name: -   Display Name: -   User Principal Name: -   Home Directory: -   Home Drive: -   Script Path: -   Profile Path: -   User Workstations: -   Password Last Set: -   Account Expires: -   Primary Group ID: -   AllowedToDelegateTo: -   Old UAC Value: 0x15   New UAC Value: 0x10   User Account Control:    Account Enabled    'Password Not Required' - Disabled    User Parameters: -   Sid History: -   Logon Hours: -   
<13>Jan 12 00:31:30 USCHPOSDC01 AgentDevice=WindowsLog	AgentLogFile=Security	PluginVersion=1.0.14	Source=Security	Computer=USCHPOSDC01	User=SVC-ADIMPORT	Domain=POS	EventID=642	EventIDCode=642	EventType=8	EventCategory=7	RecordNumber=2544684864	TimeGenerated=1389504687	TimeWritten=1389504687	Message=User Account Changed:   Target Account Name: 656080   Target Domain: POS   Target Account ID: POS\656080   Caller User Name: SVC-ADIMPORT   Caller Domain: POS   Caller Logon ID: (0x0,0x479184F3)   Privileges: -  Changed Attributes:   Sam Account Name: -   Display Name: -   User Principal Name: -   Home Directory: -   Home Drive: -   Script Path: -   Profile Path: -   User Workstations: -   Password Last Set: 1/12/2014 12:31:27 AM   Account Expires: -   Primary Group ID: -   AllowedToDelegateTo: -   Old UAC Value: -   New UAC Value: -   User Account Control: -   User Parameters: -   Sid History: -   Logon Hours: -   
<13>Jan 12 00:31:30 USCHPOSDC01 AgentDevice=WindowsLog	AgentLogFile=Security	PluginVersion=1.0.14	Source=Security	Computer=USCHPOSDC01	User=SVC-ADIMPORT	Domain=POS	EventID=642	EventIDCode=642	EventType=8	EventCategory=7	RecordNumber=2544684850	TimeGenerated=1389504686	TimeWritten=1389504686	Message=User Account Changed:   Target Account Name: 656079   Target Domain: POS   Target Account ID: POS\656079   Caller User Name: SVC-ADIMPORT   Caller Domain: POS   Caller Logon ID: (0x0,0x47908560)   Privileges: -  Changed Attributes:   Sam Account Name: -   Display Name: SAM LUKE   User Principal Name: -   Home Directory: -   Home Drive: -   Script Path: -   Profile Path: -   User Workstations: -   Password Last Set: -   Account Expires: -   Primary Group ID: -   AllowedToDelegateTo: -   Old UAC Value: -   New UAC Value: -   User Account Control: -   User Parameters: -   Sid History: -   Logon Hours: -   
<13>Jan 12 00:31:30 USCHPOSDC01 AgentDevice=WindowsLog	AgentLogFile=Security	PluginVersion=1.0.14	Source=Security	Computer=USCHPOSDC01	User=SVC-ADIMPORT	Domain=POS	EventID=626	EventIDCode=626	EventType=8	EventCategory=7	RecordNumber=2544684847	TimeGenerated=1389504686	TimeWritten=1389504686	Message=User Account Enabled:   Target Account Name: 656079   Target Domain: POS   Target Account ID: POS\656079   Caller User Name: SVC-ADIMPORT   Caller Domain: POS   Caller Logon ID: (0x0,0x47908560)   
<13>Jan 12 00:31:30 USCHPOSDC01 AgentDevice=WindowsLog	AgentLogFile=Security	PluginVersion=1.0.14	Source=Security	Computer=USCHPOSDC01	User=SVC-ADIMPORT	Domain=POS	EventID=642	EventIDCode=642	EventType=8	EventCategory=7	RecordNumber=2544684846	TimeGenerated=1389504686	TimeWritten=1389504686	Message=User Account Changed:   Target Account Name: 656079   Target Domain: POS   Target Account ID: POS\656079   Caller User Name: SVC-ADIMPORT   Caller Domain: POS   Caller Logon ID: (0x0,0x47908560)   Privileges: -  Changed Attributes:   Sam Account Name: -   Display Name: -   User Principal Name: -   Home Directory: -   Home Drive: -   Script Path: -   Profile Path: -   User Workstations: -   Password Last Set: -   Account Expires: -   Primary Group ID: -   AllowedToDelegateTo: -   Old UAC Value: 0x15   New UAC Value: 0x10   User Account Control:    Account Enabled    'Password Not Required' - Disabled    User Parameters: -   Sid History: -   Logon Hours: -   
<13>Jan 12 00:31:30 USCHPOSDC01 AgentDevice=WindowsLog	AgentLogFile=Security	PluginVersion=1.0.14	Source=Security	Computer=USCHPOSDC01	User=SVC-ADIMPORT	Domain=POS	EventID=642	EventIDCode=642	EventType=8	EventCategory=7	RecordNumber=2544684840	TimeGenerated=1389504686	TimeWritten=1389504686	Message=User Account Changed:   Target Account Name: 656079   Target Domain: POS   Target Account ID: POS\656079   Caller User Name: SVC-ADIMPORT   Caller Domain: POS   Caller Logon ID: (0x0,0x479183A5)   Privileges: -  Changed Attributes:   Sam Account Name: -   Display Name: -   User Principal Name: -   Home Directory: -   Home Drive: -   Script Path: -   Profile Path: -   User Workstations: -   Password Last Set: 1/12/2014 12:31:26 AM   Account Expires: -   Primary Group ID: -   AllowedToDelegateTo: -   Old UAC Value: -   New UAC Value: -   User Account Control: -   User Parameters: -   Sid History: -   Logon Hours: -   
<13>Jan 12 00:31:28 USCHPOSDC01 AgentDevice=WindowsLog	AgentLogFile=Security	PluginVersion=1.0.14	Source=Security	Computer=USCHPOSDC01	User=SVC-ADIMPORT	Domain=POS	EventID=642	EventIDCode=642	EventType=8	EventCategory=7	RecordNumber=2544684829	TimeGenerated=1389504685	TimeWritten=1389504685	Message=User Account Changed:   Target Account Name: 656078   Target Domain: POS   Target Account ID: POS\656078   Caller User Name: SVC-ADIMPORT   Caller Domain: POS   Caller Logon ID: (0x0,0x47908560)   Privileges: -  Changed Attributes:   Sam Account Name: -   Display Name: MUKUNTA MAZIMBA   User Principal Name: -   Home Directory: -   Home Drive: -   Script Path: -   Profile Path: -   User Workstations: -   Password Last Set: -   Account Expires: -   Primary Group ID: -   AllowedToDelegateTo: -   Old UAC Value: -   New UAC Value: -   User Account Control: -   User Parameters: -   Sid History: -   Logon Hours: -   
<13>Jan 12 00:31:28 USCHPOSDC01 AgentDevice=WindowsLog	AgentLogFile=Security	PluginVersion=1.0.14	Source=Security	Computer=USCHPOSDC01	User=SVC-ADIMPORT	Domain=POS	EventID=626	EventIDCode=626	EventType=8	EventCategory=7	RecordNumber=2544684826	TimeGenerated=1389504685	TimeWritten=1389504685	Message=User Account Enabled:   Target Account Name: 656078   Target Domain: POS   Target Account ID: POS\656078   Caller User Name: SVC-ADIMPORT   Caller Domain: POS   Caller Logon ID: (0x0,0x47908560)   
<13>Jan 12 00:31:28 USCHPOSDC01 AgentDevice=WindowsLog	AgentLogFile=Security	PluginVersion=1.0.14	Source=Security	Computer=USCHPOSDC01	User=SVC-ADIMPORT	Domain=POS	EventID=642	EventIDCode=642	EventType=8	EventCategory=7	RecordNumber=2544684825	TimeGenerated=1389504685	TimeWritten=1389504685	Message=User Account Changed:   Target Account Name: 656078   Target Domain: POS   Target Account ID: POS\656078   Caller User Name: SVC-ADIMPORT   Caller Domain: POS   Caller Logon ID: (0x0,0x47908560)   Privileges: -  Changed Attributes:   Sam Account Name: -   Display Name: -   User Principal Name: -   Home Directory: -   Home Drive: -   Script Path: -   Profile Path: -   User Workstations: -   Password Last Set: -   Account Expires: -   Primary Group ID: -   AllowedToDelegateTo: -   Old UAC Value: 0x15   New UAC Value: 0x10   User Account Control:    Account Enabled    'Password Not Required' - Disabled    User Parameters: -   Sid History: -   Logon Hours: -   
<13>Jan 12 00:31:28 USCHPOSDC01 AgentDevice=WindowsLog	AgentLogFile=Security	PluginVersion=1.0.14	Source=Security	Computer=USCHPOSDC01	User=SVC-ADIMPORT	Domain=POS	EventID=642	EventIDCode=642	EventType=8	EventCategory=7	RecordNumber=2544684819	TimeGenerated=1389504685	TimeWritten=1389504685	Message=User Account Changed:   Target Account Name: 656078   Target Domain: POS   Target Account ID: POS\656078   Caller User Name: SVC-ADIMPORT   Caller Domain: POS   Caller Logon ID: (0x0,0x47918232)   Privileges: -  Changed Attributes:   Sam Account Name: -   Display Name: -   User Principal Name: -   Home Directory: -   Home Drive: -   Script Path: -   Profile Path: -   User Workstations: -   Password Last Set: 1/12/2014 12:31:25 AM   Account Expires: -   Primary Group ID: -   AllowedToDelegateTo: -   Old UAC Value: -   New UAC Value: -   User Account Control: -   User Parameters: -   Sid History: -   Logon Hours: -   
<13>Jan 12 00:31:28 USCHPOSDC01 AgentDevice=WindowsLog	AgentLogFile=Security	PluginVersion=1.0.14	Source=Security	Computer=USCHPOSDC01	User=SVC-ADIMPORT	Domain=POS	EventID=642	EventIDCode=642	EventType=8	EventCategory=7	RecordNumber=2544684807	TimeGenerated=1389504684	TimeWritten=1389504684	Message=User Account Changed:   Target Account Name: 656077   Target Domain: POS   Target Account ID: POS\656077   Caller User Name: SVC-ADIMPORT   Caller Domain: POS   Caller Logon ID: (0x0,0x47908560)   Privileges: -  Changed Attributes:   Sam Account Name: -   Display Name: CYNTHIA MARTIN   User Principal Name: -   Home Directory: -   Home Drive: -   Script Path: -   Profile Path: -   User Workstations: -   Password Last Set: -   Account Expires: -   Primary Group ID: -   AllowedToDelegateTo: -   Old UAC Value: -   New UAC Value: -   User Account Control: -   User Parameters: -   Sid History: -   Logon Hours: -   
<13>Jan 12 00:31:28 USCHPOSDC01 AgentDevice=WindowsLog	AgentLogFile=Security	PluginVersion=1.0.14	Source=Security	Computer=USCHPOSDC01	User=SVC-ADIMPORT	Domain=POS	EventID=626	EventIDCode=626	EventType=8	EventCategory=7	RecordNumber=2544684804	TimeGenerated=1389504684	TimeWritten=1389504684	Message=User Account Enabled:   Target Account Name: 656077   Target Domain: POS   Target Account ID: POS\656077   Caller User Name: SVC-ADIMPORT   Caller Domain: POS   Caller Logon ID: (0x0,0x47908560)   
<13>Jan 12 00:31:28 USCHPOSDC01 AgentDevice=WindowsLog	AgentLogFile=Security	PluginVersion=1.0.14	Source=Security	Computer=USCHPOSDC01	User=SVC-ADIMPORT	Domain=POS	EventID=642	EventIDCode=642	EventType=8	EventCategory=7	RecordNumber=2544684803	TimeGenerated=1389504684	TimeWritten=1389504684	Message=User Account Changed:   Target Account Name: 656077   Target Domain: POS   Target Account ID: POS\656077   Caller User Name: SVC-ADIMPORT   Caller Domain: POS   Caller Logon ID: (0x0,0x47908560)   Privileges: -  Changed Attributes:   Sam Account Name: -   Display Name: -   User Principal Name: -   Home Directory: -   Home Drive: -   Script Path: -   Profile Path: -   User Workstations: -   Password Last Set: -   Account Expires: -   Primary Group ID: -   AllowedToDelegateTo: -   Old UAC Value: 0x15   New UAC Value: 0x10   User Account Control:    Account Enabled    'Password Not Required' - Disabled    User Parameters: -   Sid History: -   Logon Hours: -   
<13>Jan 12 00:31:28 USCHPOSDC01 AgentDevice=WindowsLog	AgentLogFile=Security	PluginVersion=1.0.14	Source=Security	Computer=USCHPOSDC01	User=SVC-ADIMPORT	Domain=POS	EventID=642	EventIDCode=642	EventType=8	EventCategory=7	RecordNumber=2544684797	TimeGenerated=1389504684	TimeWritten=1389504684	Message=User Account Changed:   Target Account Name: 656077   Target Domain: POS   Target Account ID: POS\656077   Caller User Name: SVC-ADIMPORT   Caller Domain: POS   Caller Logon ID: (0x0,0x47917826)   Privileges: -  Changed Attributes:   Sam Account Name: -   Display Name: -   User Principal Name: -   Home Directory: -   Home Drive: -   Script Path: -   Profile Path: -   User Workstations: -   Password Last Set: 1/12/2014 12:31:24 AM   Account Expires: -   Primary Group ID: -   AllowedToDelegateTo: -   Old UAC Value: -   New UAC Value: -   User Account Control: -   User Parameters: -   Sid History: -   Logon Hours: -   
<13>Jan 12 00:31:26 USCHPOSDC01 AgentDevice=WindowsLog	AgentLogFile=Security	PluginVersion=1.0.14	Source=Security	Computer=USCHPOSDC01	User=SVC-ADIMPORT	Domain=POS	EventID=642	EventIDCode=642	EventType=8	EventCategory=7	RecordNumber=2544684782	TimeGenerated=1389504683	TimeWritten=1389504683	Message=User Account Changed:   Target Account Name: 656073   Target Domain: POS   Target Account ID: POS\656073   Caller User Name: SVC-ADIMPORT   Caller Domain: POS   Caller Logon ID: (0x0,0x47908560)   Privileges: -  Changed Attributes:   Sam Account Name: -   Display Name: JASON FAZENDIN   User Principal Name: -   Home Directory: -   Home Drive: -   Script Path: -   Profile Path: -   User Workstations: -   Password Last Set: -   Account Expires: -   Primary Group ID: -   AllowedToDelegateTo: -   Old UAC Value: -   New UAC Value: -   User Account Control: -   User Parameters: -   Sid History: -   Logon Hours: -   
<13>Jan 12 00:31:26 USCHPOSDC01 AgentDevice=WindowsLog	AgentLogFile=Security	PluginVersion=1.0.14	Source=Security	Computer=USCHPOSDC01	User=SVC-ADIMPORT	Domain=POS	EventID=626	EventIDCode=626	EventType=8	EventCategory=7	RecordNumber=2544684779	TimeGenerated=1389504683	TimeWritten=1389504683	Message=User Account Enabled:   Target Account Name: 656073   Target Domain: POS   Target Account ID: POS\656073   Caller User Name: SVC-ADIMPORT   Caller Domain: POS   Caller Logon ID: (0x0,0x47908560)   
<13>Jan 12 00:31:26 USCHPOSDC01 AgentDevice=WindowsLog	AgentLogFile=Security	PluginVersion=1.0.14	Source=Security	Computer=USCHPOSDC01	User=SVC-ADIMPORT	Domain=POS	EventID=642	EventIDCode=642	EventType=8	EventCategory=7	RecordNumber=2544684778	TimeGenerated=1389504683	TimeWritten=1389504683	Message=User Account Changed:   Target Account Name: 656073   Target Domain: POS   Target Account ID: POS\656073   Caller User Name: SVC-ADIMPORT   Caller Domain: POS   Caller Logon ID: (0x0,0x47908560)   Privileges: -  Changed Attributes:   Sam Account Name: -   Display Name: -   User Principal Name: -   Home Directory: -   Home Drive: -   Script Path: -   Profile Path: -   User Workstations: -   Password Last Set: -   Account Expires: -   Primary Group ID: -   AllowedToDelegateTo: -   Old UAC Value: 0x15   New UAC Value: 0x10   User Account Control:    Account Enabled    'Password Not Required' - Disabled    User Parameters: -   Sid History: -   Logon Hours: -   
<13>Jan 12 00:31:26 USCHPOSDC01 AgentDevice=WindowsLog	AgentLogFile=Security	PluginVersion=1.0.14	Source=Security	Computer=USCHPOSDC01	User=SVC-ADIMPORT	Domain=POS	EventID=642	EventIDCode=642	EventType=8	EventCategory=7	RecordNumber=2544684772	TimeGenerated=1389504683	TimeWritten=1389504683	Message=User Account Changed:   Target Account Name: 656073   Target Domain: POS   Target Account ID: POS\656073   Caller User Name: SVC-ADIMPORT   Caller Domain: POS   Caller Logon ID: (0x0,0x479175D0)   Privileges: -  Changed Attributes:   Sam Account Name: -   Display Name: -   User Principal Name: -   Home Directory: -   Home Drive: -   Script Path: -   Profile Path: -   User Workstations: -   Password Last Set: 1/12/2014 12:31:23 AM   Account Expires: -   Primary Group ID: -   AllowedToDelegateTo: -   Old UAC Value: -   New UAC Value: -   User Account Control: -   User Parameters: -   Sid History: -   Logon Hours: -   
<13>Jan 12 00:31:26 USCHPOSDC01 AgentDevice=WindowsLog	AgentLogFile=Security	PluginVersion=1.0.14	Source=Security	Computer=USCHPOSDC01	User=SVC-ADIMPORT	Domain=POS	EventID=642	EventIDCode=642	EventType=8	EventCategory=7	RecordNumber=2544684760	TimeGenerated=1389504682	TimeWritten=1389504682	Message=User Account Changed:   Target Account Name: 656072   Target Domain: POS   Target Account ID: POS\656072   Caller User Name: SVC-ADIMPORT   Caller Domain: POS   Caller Logon ID: (0x0,0x47908560)   Privileges: -  Changed Attributes:   Sam Account Name: -   Display Name: JUANA PARTIDAFILOTEO   User Principal Name: -   Home Directory: -   Home Drive: -   Script Path: -   Profile Path: -   User Workstations: -   Password Last Set: -   Account Expires: -   Primary Group ID: -   AllowedToDelegateTo: -   Old UAC Value: -   New UAC Value: -   User Account Control: -   User Parameters: -   Sid History: -   Logon Hours: -   
<13>Jan 12 00:31:26 USCHPOSDC01 AgentDevice=WindowsLog	AgentLogFile=Security	PluginVersion=1.0.14	Source=Security	Computer=USCHPOSDC01	User=SVC-ADIMPORT	Domain=POS	EventID=626	EventIDCode=626	EventType=8	EventCategory=7	RecordNumber=2544684756	TimeGenerated=1389504682	TimeWritten=1389504682	Message=User Account Enabled:   Target Account Name: 656072   Target Domain: POS   Target Account ID: POS\656072   Caller User Name: SVC-ADIMPORT   Caller Domain: POS   Caller Logon ID: (0x0,0x47908560)   
<13>Jan 12 00:31:26 USCHPOSDC01 AgentDevice=WindowsLog	AgentLogFile=Security	PluginVersion=1.0.14	Source=Security	Computer=USCHPOSDC01	User=SVC-ADIMPORT	Domain=POS	EventID=642	EventIDCode=642	EventType=8	EventCategory=7	RecordNumber=2544684755	TimeGenerated=1389504682	TimeWritten=1389504682	Message=User Account Changed:   Target Account Name: 656072   Target Domain: POS   Target Account ID: POS\656072   Caller User Name: SVC-ADIMPORT   Caller Domain: POS   Caller Logon ID: (0x0,0x47908560)   Privileges: -  Changed Attributes:   Sam Account Name: -   Display Name: -   User Principal Name: -   Home Directory: -   Home Drive: -   Script Path: -   Profile Path: -   User Workstations: -   Password Last Set: -   Account Expires: -   Primary Group ID: -   AllowedToDelegateTo: -   Old UAC Value: 0x15   New UAC Value: 0x10   User Account Control:    Account Enabled    'Password Not Required' - Disabled    User Parameters: -   Sid History: -   Logon Hours: -   
<13>Jan 12 00:31:26 USCHPOSDC01 AgentDevice=WindowsLog	AgentLogFile=Security	PluginVersion=1.0.14	Source=Security	Computer=USCHPOSDC01	User=SVC-ADIMPORT	Domain=POS	EventID=642	EventIDCode=642	EventType=8	EventCategory=7	RecordNumber=2544684749	TimeGenerated=1389504682	TimeWritten=1389504682	Message=User Account Changed:   Target Account Name: 656072   Target Domain: POS   Target Account ID: POS\656072   Caller User Name: SVC-ADIMPORT   Caller Domain: POS   Caller Logon ID: (0x0,0x47917085)   Privileges: -  Changed Attributes:   Sam Account Name: -   Display Name: -   User Principal Name: -   Home Directory: -   Home Drive: -   Script Path: -   Profile Path: -   User Workstations: -   Password Last Set: 1/12/2014 12:31:22 AM   Account Expires: -   Primary Group ID: -   AllowedToDelegateTo: -   Old UAC Value: -   New UAC Value: -   User Account Control: -   User Parameters: -   Sid History: -   Logon Hours: -   
<13>Jan 12 00:31:24 USCHPOSDC01 AgentDevice=WindowsLog	AgentLogFile=Security	PluginVersion=1.0.14	Source=Security	Computer=USCHPOSDC01	User=SVC-ADIMPORT	Domain=POS	EventID=642	EventIDCode=642	EventType=8	EventCategory=7	RecordNumber=2544684739	TimeGenerated=1389504681	TimeWritten=1389504681	Message=User Account Changed:   Target Account Name: 656071   Target Domain: POS   Target Account ID: POS\656071   Caller User Name: SVC-ADIMPORT   Caller Domain: POS   Caller Logon ID: (0x0,0x47908560)   Privileges: -  Changed Attributes:   Sam Account Name: -   Display Name: ABBYGAIL MALLE   User Principal Name: -   Home Directory: -   Home Drive: -   Script Path: -   Profile Path: -   User Workstations: -   Password Last Set: -   Account Expires: -   Primary Group ID: -   AllowedToDelegateTo: -   Old UAC Value: -   New UAC Value: -   User Account Control: -   User Parameters: -   Sid History: -   Logon Hours: -   
<13>Jan 12 00:31:24 USCHPOSDC01 AgentDevice=WindowsLog	AgentLogFile=Security	PluginVersion=1.0.14	Source=Security	Computer=USCHPOSDC01	User=SVC-ADIMPORT	Domain=POS	EventID=626	EventIDCode=626	EventType=8	EventCategory=7	RecordNumber=2544684736	TimeGenerated=1389504681	TimeWritten=1389504681	Message=User Account Enabled:   Target Account Name: 656071   Target Domain: POS   Target Account ID: POS\656071   Caller User Name: SVC-ADIMPORT   Caller Domain: POS   Caller Logon ID: (0x0,0x47908560)   
<13>Jan 12 00:31:24 USCHPOSDC01 AgentDevice=WindowsLog	AgentLogFile=Security	PluginVersion=1.0.14	Source=Security	Computer=USCHPOSDC01	User=SVC-ADIMPORT	Domain=POS	EventID=642	EventIDCode=642	EventType=8	EventCategory=7	RecordNumber=2544684735	TimeGenerated=1389504681	TimeWritten=1389504681	Message=User Account Changed:   Target Account Name: 656071   Target Domain: POS   Target Account ID: POS\656071   Caller User Name: SVC-ADIMPORT   Caller Domain: POS   Caller Logon ID: (0x0,0x47908560)   Privileges: -  Changed Attributes:   Sam Account Name: -   Display Name: -   User Principal Name: -   Home Directory: -   Home Drive: -   Script Path: -   Profile Path: -   User Workstations: -   Password Last Set: -   Account Expires: -   Primary Group ID: -   AllowedToDelegateTo: -   Old UAC Value: 0x15   New UAC Value: 0x10   User Account Control:    Account Enabled    'Password Not Required' - Disabled    User Parameters: -   Sid History: -   Logon Hours: -   
<13>Jan 12 00:31:24 USCHPOSDC01 AgentDevice=WindowsLog	AgentLogFile=Security	PluginVersion=1.0.14	Source=Security	Computer=USCHPOSDC01	User=SVC-ADIMPORT	Domain=POS	EventID=642	EventIDCode=642	EventType=8	EventCategory=7	RecordNumber=2544684729	TimeGenerated=1389504681	TimeWritten=1389504681	Message=User Account Changed:   Target Account Name: 656071   Target Domain: POS   Target Account ID: POS\656071   Caller User Name: SVC-ADIMPORT   Caller Domain: POS   Caller Logon ID: (0x0,0x47916F4B)   Privileges: -  Changed Attributes:   Sam Account Name: -   Display Name: -   User Principal Name: -   Home Directory: -   Home Drive: -   Script Path: -   Profile Path: -   User Workstations: -   Password Last Set: 1/12/2014 12:31:21 AM   Account Expires: -   Primary Group ID: -   AllowedToDelegateTo: -   Old UAC Value: -   New UAC Value: -   User Account Control: -   User Parameters: -   Sid History: -   Logon Hours: -   
<13>Jan 12 00:31:24 USCHPOSDC01 AgentDevice=WindowsLog	AgentLogFile=Security	PluginVersion=1.0.14	Source=Security	Computer=USCHPOSDC01	User=SVC-ADIMPORT	Domain=POS	EventID=642	EventIDCode=642	EventType=8	EventCategory=7	RecordNumber=2544684719	TimeGenerated=1389504680	TimeWritten=1389504680	Message=User Account Changed:   Target Account Name: 656068   Target Domain: POS   Target Account ID: POS\656068   Caller User Name: SVC-ADIMPORT   Caller Domain: POS   Caller Logon ID: (0x0,0x47908560)   Privileges: -  Changed Attributes:   Sam Account Name: -   Display Name: RICKY CROW   User Principal Name: -   Home Directory: -   Home Drive: -   Script Path: -   Profile Path: -   User Workstations: -   Password Last Set: -   Account Expires: -   Primary Group ID: -   AllowedToDelegateTo: -   Old UAC Value: -   New UAC Value: -   User Account Control: -   User Parameters: -   Sid History: -   Logon Hours: -   
<13>Jan 12 00:31:23 USCHPOSDC01 AgentDevice=WindowsLog	AgentLogFile=Security	PluginVersion=1.0.14	Source=Security	Computer=USCHPOSDC01	User=SVC-ADIMPORT	Domain=POS	EventID=626	EventIDCode=626	EventType=8	EventCategory=7	RecordNumber=2544684716	TimeGenerated=1389504680	TimeWritten=1389504680	Message=User Account Enabled:   Target Account Name: 656068   Target Domain: POS   Target Account ID: POS\656068   Caller User Name: SVC-ADIMPORT   Caller Domain: POS   Caller Logon ID: (0x0,0x47908560)   
<13>Jan 12 00:31:23 USCHPOSDC01 AgentDevice=WindowsLog	AgentLogFile=Security	PluginVersion=1.0.14	Source=Security	Computer=USCHPOSDC01	User=SVC-ADIMPORT	Domain=POS	EventID=642	EventIDCode=642	EventType=8	EventCategory=7	RecordNumber=2544684715	TimeGenerated=1389504680	TimeWritten=1389504680	Message=User Account Changed:   Target Account Name: 656068   Target Domain: POS   Target Account ID: POS\656068   Caller User Name: SVC-ADIMPORT   Caller Domain: POS   Caller Logon ID: (0x0,0x47908560)   Privileges: -  Changed Attributes:   Sam Account Name: -   Display Name: -   User Principal Name: -   Home Directory: -   Home Drive: -   Script Path: -   Profile Path: -   User Workstations: -   Password Last Set: -   Account Expires: -   Primary Group ID: -   AllowedToDelegateTo: -   Old UAC Value: 0x15   New UAC Value: 0x10   User Account Control:    Account Enabled    'Password Not Required' - Disabled    User Parameters: -   Sid History: -   Logon Hours: -   
<13>Jan 12 00:31:23 USCHPOSDC01 AgentDevice=WindowsLog	AgentLogFile=Security	PluginVersion=1.0.14	Source=Security	Computer=USCHPOSDC01	User=SVC-ADIMPORT	Domain=POS	EventID=642	EventIDCode=642	EventType=8	EventCategory=7	RecordNumber=2544684709	TimeGenerated=1389504680	TimeWritten=1389504680	Message=User Account Changed:   Target Account Name: 656068   Target Domain: POS   Target Account ID: POS\656068   Caller User Name: SVC-ADIMPORT   Caller Domain: POS   Caller Logon ID: (0x0,0x47916DFE)   Privileges: -  Changed Attributes:   Sam Account Name: -   Display Name: -   User Principal Name: -   Home Directory: -   Home Drive: -   Script Path: -   Profile Path: -   User Workstations: -   Password Last Set: 1/12/2014 12:31:20 AM   Account Expires: -   Primary Group ID: -   AllowedToDelegateTo: -   Old UAC Value: -   New UAC Value: -   User Account Control: -   User Parameters: -   Sid History: -   Logon Hours: -   
<13>Jan 12 00:31:23 USCHPOSDC01 AgentDevice=WindowsLog	AgentLogFile=Security	PluginVersion=1.0.14	Source=Security	Computer=USCHPOSDC01	User=SVC-ADIMPORT	Domain=POS	EventID=642	EventIDCode=642	EventType=8	EventCategory=7	RecordNumber=2544684697	TimeGenerated=1389504679	TimeWritten=1389504679	Message=User Account Changed:   Target Account Name: 656062   Target Domain: POS   Target Account ID: POS\656062   Caller User Name: SVC-ADIMPORT   Caller Domain: POS   Caller Logon ID: (0x0,0x47908560)   Privileges: -  Changed Attributes:   Sam Account Name: -   Display Name: COLIN NEWMAN   User Principal Name: -   Home Directory: -   Home Drive: -   Script Path: -   Profile Path: -   User Workstations: -   Password Last Set: -   Account Expires: -   Primary Group ID: -   AllowedToDelegateTo: -   Old UAC Value: -   New UAC Value: -   User Account Control: -   User Parameters: -   Sid History: -   Logon Hours: -   
<13>Jan 12 00:31:23 USCHPOSDC01 AgentDevice=WindowsLog	AgentLogFile=Security	PluginVersion=1.0.14	Source=Security	Computer=USCHPOSDC01	User=SVC-ADIMPORT	Domain=POS	EventID=626	EventIDCode=626	EventType=8	EventCategory=7	RecordNumber=2544684694	TimeGenerated=1389504679	TimeWritten=1389504679	Message=User Account Enabled:   Target Account Name: 656062   Target Domain: POS   Target Account ID: POS\656062   Caller User Name: SVC-ADIMPORT   Caller Domain: POS   Caller Logon ID: (0x0,0x47908560)   
<13>Jan 12 00:31:23 USCHPOSDC01 AgentDevice=WindowsLog	AgentLogFile=Security	PluginVersion=1.0.14	Source=Security	Computer=USCHPOSDC01	User=SVC-ADIMPORT	Domain=POS	EventID=642	EventIDCode=642	EventType=8	EventCategory=7	RecordNumber=2544684693	TimeGenerated=1389504679	TimeWritten=1389504679	Message=User Account Changed:   Target Account Name: 656062   Target Domain: POS   Target Account ID: POS\656062   Caller User Name: SVC-ADIMPORT   Caller Domain: POS   Caller Logon ID: (0x0,0x47908560)   Privileges: -  Changed Attributes:   Sam Account Name: -   Display Name: -   User Principal Name: -   Home Directory: -   Home Drive: -   Script Path: -   Profile Path: -   User Workstations: -   Password Last Set: -   Account Expires: -   Primary Group ID: -   AllowedToDelegateTo: -   Old UAC Value: 0x15   New UAC Value: 0x10   User Account Control:    Account Enabled    'Password Not Required' - Disabled    User Parameters: -   Sid History: -   Logon Hours: -   
<13>Jan 12 00:31:21 USCHPOSDC01 AgentDevice=WindowsLog	AgentLogFile=Security	PluginVersion=1.0.14	Source=Security	Computer=USCHPOSDC01	User=SVC-ADIMPORT	Domain=POS	EventID=642	EventIDCode=642	EventType=8	EventCategory=7	RecordNumber=2544684682	TimeGenerated=1389504679	TimeWritten=1389504679	Message=User Account Changed:   Target Account Name: 656062   Target Domain: POS   Target Account ID: POS\656062   Caller User Name: SVC-ADIMPORT   Caller Domain: POS   Caller Logon ID: (0x0,0x47916156)   Privileges: -  Changed Attributes:   Sam Account Name: -   Display Name: -   User Principal Name: -   Home Directory: -   Home Drive: -   Script Path: -   Profile Path: -   User Workstations: -   Password Last Set: 1/12/2014 12:31:19 AM   Account Expires: -   Primary Group ID: -   AllowedToDelegateTo: -   Old UAC Value: -   New UAC Value: -   User Account Control: -   User Parameters: -   Sid History: -   Logon Hours: -   
<13>Jan 12 00:31:21 USCHPOSDC01 AgentDevice=WindowsLog	AgentLogFile=Security	PluginVersion=1.0.14	Source=Security	Computer=USCHPOSDC01	User=SVC-ADIMPORT	Domain=POS	EventID=642	EventIDCode=642	EventType=8	EventCategory=7	RecordNumber=2544684672	TimeGenerated=1389504678	TimeWritten=1389504678	Message=User Account Changed:   Target Account Name: 656054   Target Domain: POS   Target Account ID: POS\656054   Caller User Name: SVC-ADIMPORT   Caller Domain: POS   Caller Logon ID: (0x0,0x47908560)   Privileges: -  Changed Attributes:   Sam Account Name: -   Display Name: JAMES SCHUMACHER   User Principal Name: -   Home Directory: -   Home Drive: -   Script Path: -   Profile Path: -   User Workstations: -   Password Last Set: -   Account Expires: -   Primary Group ID: -   AllowedToDelegateTo: -   Old UAC Value: -   New UAC Value: -   User Account Control: -   User Parameters: -   Sid History: -   Logon Hours: -   
<13>Jan 12 00:31:21 USCHPOSDC01 AgentDevice=WindowsLog	AgentLogFile=Security	PluginVersion=1.0.14	Source=Security	Computer=USCHPOSDC01	User=SVC-ADIMPORT	Domain=POS	EventID=626	EventIDCode=626	EventType=8	EventCategory=7	RecordNumber=2544684669	TimeGenerated=1389504678	TimeWritten=1389504678	Message=User Account Enabled:   Target Account Name: 656054   Target Domain: POS   Target Account ID: POS\656054   Caller User Name: SVC-ADIMPORT   Caller Domain: POS   Caller Logon ID: (0x0,0x47908560)   
<13>Jan 12 00:31:21 USCHPOSDC01 AgentDevice=WindowsLog	AgentLogFile=Security	PluginVersion=1.0.14	Source=Security	Computer=USCHPOSDC01	User=SVC-ADIMPORT	Domain=POS	EventID=642	EventIDCode=642	EventType=8	EventCategory=7	RecordNumber=2544684668	TimeGenerated=1389504678	TimeWritten=1389504678	Message=User Account Changed:   Target Account Name: 656054   Target Domain: POS   Target Account ID: POS\656054   Caller User Name: SVC-ADIMPORT   Caller Domain: POS   Caller Logon ID: (0x0,0x47908560)   Privileges: -  Changed Attributes:   Sam Account Name: -   Display Name: -   User Principal Name: -   Home Directory: -   Home Drive: -   Script Path: -   Profile Path: -   User Workstations: -   Password Last Set: -   Account Expires: -   Primary Group ID: -   AllowedToDelegateTo: -   Old UAC Value: 0x15   New UAC Value: 0x10   User Account Control:    Account Enabled    'Password Not Required' - Disabled    User Parameters: -   Sid History: -   Logon Hours: -   
<13>Jan 12 00:31:21 USCHPOSDC01 AgentDevice=WindowsLog	AgentLogFile=Security	PluginVersion=1.0.14	Source=Security	Computer=USCHPOSDC01	User=SVC-ADIMPORT	Domain=POS	EventID=642	EventIDCode=642	EventType=8	EventCategory=7	RecordNumber=2544684661	TimeGenerated=1389504678	TimeWritten=1389504678	Message=User Account Changed:   Target Account Name: 656054   Target Domain: POS   Target Account ID: POS\656054   Caller User Name: SVC-ADIMPORT   Caller Domain: POS   Caller Logon ID: (0x0,0x47915F9B)   Privileges: -  Changed Attributes:   Sam Account Name: -   Display Name: -   User Principal Name: -   Home Directory: -   Home Drive: -   Script Path: -   Profile Path: -   User Workstations: -   Password Last Set: 1/12/2014 12:31:18 AM   Account Expires: -   Primary Group ID: -   AllowedToDelegateTo: -   Old UAC Value: -   New UAC Value: -   User Account Control: -   User Parameters: -   Sid History: -   Logon Hours: -   
<13>Jan 12 00:31:21 USCHPOSDC01 AgentDevice=WindowsLog	AgentLogFile=Security	PluginVersion=1.0.14	Source=Security	Computer=USCHPOSDC01	User=SVC-ADIMPORT	Domain=POS	EventID=642	EventIDCode=642	EventType=8	EventCategory=7	RecordNumber=2544684650	TimeGenerated=1389504677	TimeWritten=1389504677	Message=User Account Changed:   Target Account Name: 656052   Target Domain: POS   Target Account ID: POS\656052   Caller User Name: SVC-ADIMPORT   Caller Domain: POS   Caller Logon ID: (0x0,0x47908560)   Privileges: -  Changed Attributes:   Sam Account Name: -   Display Name: JOEY HERNANDEZ   User Principal Name: -   Home Directory: -   Home Drive: -   Script Path: -   Profile Path: -   User Workstations: -   Password Last Set: -   Account Expires: -   Primary Group ID: -   AllowedToDelegateTo: -   Old UAC Value: -   New UAC Value: -   User Account Control: -   User Parameters: -   Sid History: -   Logon Hours: -   
<13>Jan 12 00:31:21 USCHPOSDC01 AgentDevice=WindowsLog	AgentLogFile=Security	PluginVersion=1.0.14	Source=Security	Computer=USCHPOSDC01	User=SVC-ADIMPORT	Domain=POS	EventID=626	EventIDCode=626	EventType=8	EventCategory=7	RecordNumber=2544684641	TimeGenerated=1389504677	TimeWritten=1389504677	Message=User Account Enabled:   Target Account Name: 656052   Target Domain: POS   Target Account ID: POS\656052   Caller User Name: SVC-ADIMPORT   Caller Domain: POS   Caller Logon ID: (0x0,0x47908560)   
<13>Jan 12 00:31:21 USCHPOSDC01 AgentDevice=WindowsLog	AgentLogFile=Security	PluginVersion=1.0.14	Source=Security	Computer=USCHPOSDC01	User=SVC-ADIMPORT	Domain=POS	EventID=642	EventIDCode=642	EventType=8	EventCategory=7	RecordNumber=2544684640	TimeGenerated=1389504677	TimeWritten=1389504677	Message=User Account Changed:   Target Account Name: 656052   Target Domain: POS   Target Account ID: POS\656052   Caller User Name: SVC-ADIMPORT   Caller Domain: POS   Caller Logon ID: (0x0,0x47908560)   Privileges: -  Changed Attributes:   Sam Account Name: -   Display Name: -   User Principal Name: -   Home Directory: -   Home Drive: -   Script Path: -   Profile Path: -   User Workstations: -   Password Last Set: -   Account Expires: -   Primary Group ID: -   AllowedToDelegateTo: -   Old UAC Value: 0x15   New UAC Value: 0x10   User Account Control:    Account Enabled    'Password Not Required' - Disabled    User Parameters: -   Sid History: -   Logon Hours: -   
<13>Jan 12 00:31:19 USCHPOSDC01 AgentDevice=WindowsLog	AgentLogFile=Security	PluginVersion=1.0.14	Source=Security	Computer=USCHPOSDC01	User=SVC-ADIMPORT	Domain=POS	EventID=642	EventIDCode=642	EventType=8	EventCategory=7	RecordNumber=2544684632	TimeGenerated=1389504677	TimeWritten=1389504677	Message=User Account Changed:   Target Account Name: 656052   Target Domain: POS   Target Account ID: POS\656052   Caller User Name: SVC-ADIMPORT   Caller Domain: POS   Caller Logon ID: (0x0,0x47915D31)   Privileges: -  Changed Attributes:   Sam Account Name: -   Display Name: -   User Principal Name: -   Home Directory: -   Home Drive: -   Script Path: -   Profile Path: -   User Workstations: -   Password Last Set: 1/12/2014 12:31:17 AM   Account Expires: -   Primary Group ID: -   AllowedToDelegateTo: -   Old UAC Value: -   New UAC Value: -   User Account Control: -   User Parameters: -   Sid History: -   Logon Hours: -   
<13>Jan 12 00:31:19 USCHPOSDC01 AgentDevice=WindowsLog	AgentLogFile=Security	PluginVersion=1.0.14	Source=Security	Computer=USCHPOSDC01	User=SVC-ADIMPORT	Domain=POS	EventID=642	EventIDCode=642	EventType=8	EventCategory=7	RecordNumber=2544684621	TimeGenerated=1389504676	TimeWritten=1389504676	Message=User Account Changed:   Target Account Name: 656038   Target Domain: POS   Target Account ID: POS\656038   Caller User Name: SVC-ADIMPORT   Caller Domain: POS   Caller Logon ID: (0x0,0x47908560)   Privileges: -  Changed Attributes:   Sam Account Name: -   Display Name: ANTHONY RODRIGUEZ   User Principal Name: -   Home Directory: -   Home Drive: -   Script Path: -   Profile Path: -   User Workstations: -   Password Last Set: -   Account Expires: -   Primary Group ID: -   AllowedToDelegateTo: -   Old UAC Value: -   New UAC Value: -   User Account Control: -   User Parameters: -   Sid History: -   Logon Hours: -   
<13>Jan 12 00:31:19 USCHPOSDC01 AgentDevice=WindowsLog	AgentLogFile=Security	PluginVersion=1.0.14	Source=Security	Computer=USCHPOSDC01	User=SVC-ADIMPORT	Domain=POS	EventID=626	EventIDCode=626	EventType=8	EventCategory=7	RecordNumber=2544684617	TimeGenerated=1389504676	TimeWritten=1389504676	Message=User Account Enabled:   Target Account Name: 656038   Target Domain: POS   Target Account ID: POS\656038   Caller User Name: SVC-ADIMPORT   Caller Domain: POS   Caller Logon ID: (0x0,0x47908560)   
<13>Jan 12 00:31:19 USCHPOSDC01 AgentDevice=WindowsLog	AgentLogFile=Security	PluginVersion=1.0.14	Source=Security	Computer=USCHPOSDC01	User=SVC-ADIMPORT	Domain=POS	EventID=642	EventIDCode=642	EventType=8	EventCategory=7	RecordNumber=2544684616	TimeGenerated=1389504676	TimeWritten=1389504676	Message=User Account Changed:   Target Account Name: 656038   Target Domain: POS   Target Account ID: POS\656038   Caller User Name: SVC-ADIMPORT   Caller Domain: POS   Caller Logon ID: (0x0,0x47908560)   Privileges: -  Changed Attributes:   Sam Account Name: -   Display Name: -   User Principal Name: -   Home Directory: -   Home Drive: -   Script Path: -   Profile Path: -   User Workstations: -   Password Last Set: -   Account Expires: -   Primary Group ID: -   AllowedToDelegateTo: -   Old UAC Value: 0x15   New UAC Value: 0x10   User Account Control:    Account Enabled    'Password Not Required' - Disabled    User Parameters: -   Sid History: -   Logon Hours: -   
<13>Jan 12 00:31:19 USCHPOSDC01 AgentDevice=WindowsLog	AgentLogFile=Security	PluginVersion=1.0.14	Source=Security	Computer=USCHPOSDC01	User=SVC-ADIMPORT	Domain=POS	EventID=642	EventIDCode=642	EventType=8	EventCategory=7	RecordNumber=2544684610	TimeGenerated=1389504676	TimeWritten=1389504676	Message=User Account Changed:   Target Account Name: 656038   Target Domain: POS   Target Account ID: POS\656038   Caller User Name: SVC-ADIMPORT   Caller Domain: POS   Caller Logon ID: (0x0,0x47915C33)   Privileges: -  Changed Attributes:   Sam Account Name: -   Display Name: -   User Principal Name: -   Home Directory: -   Home Drive: -   Script Path: -   Profile Path: -   User Workstations: -   Password Last Set: 1/12/2014 12:31:16 AM   Account Expires: -   Primary Group ID: -   AllowedToDelegateTo: -   Old UAC Value: -   New UAC Value: -   User Account Control: -   User Parameters: -   Sid History: -   Logon Hours: -   
<13>Jan 12 00:31:19 USCHPOSDC01 AgentDevice=WindowsLog	AgentLogFile=Security	PluginVersion=1.0.14	Source=Security	Computer=USCHPOSDC01	User=SVC-ADIMPORT	Domain=POS	EventID=642	EventIDCode=642	EventType=8	EventCategory=7	RecordNumber=2544684595	TimeGenerated=1389504675	TimeWritten=1389504675	Message=User Account Changed:   Target Account Name: 656029   Target Domain: POS   Target Account ID: POS\656029   Caller User Name: SVC-ADIMPORT   Caller Domain: POS   Caller Logon ID: (0x0,0x47908560)   Privileges: -  Changed Attributes:   Sam Account Name: -   Display Name: MARTHA CARRILLO   User Principal Name: -   Home Directory: -   Home Drive: -   Script Path: -   Profile Path: -   User Workstations: -   Password Last Set: -   Account Expires: -   Primary Group ID: -   AllowedToDelegateTo: -   Old UAC Value: -   New UAC Value: -   User Account Control: -   User Parameters: -   Sid History: -   Logon Hours: -   
<13>Jan 12 00:31:19 USCHPOSDC01 AgentDevice=WindowsLog	AgentLogFile=Security	PluginVersion=1.0.14	Source=Security	Computer=USCHPOSDC01	User=SVC-ADIMPORT	Domain=POS	EventID=626	EventIDCode=626	EventType=8	EventCategory=7	RecordNumber=2544684592	TimeGenerated=1389504675	TimeWritten=1389504675	Message=User Account Enabled:   Target Account Name: 656029   Target Domain: POS   Target Account ID: POS\656029   Caller User Name: SVC-ADIMPORT   Caller Domain: POS   Caller Logon ID: (0x0,0x47908560)   
<13>Jan 12 00:31:19 USCHPOSDC01 AgentDevice=WindowsLog	AgentLogFile=Security	PluginVersion=1.0.14	Source=Security	Computer=USCHPOSDC01	User=SVC-ADIMPORT	Domain=POS	EventID=642	EventIDCode=642	EventType=8	EventCategory=7	RecordNumber=2544684591	TimeGenerated=1389504675	TimeWritten=1389504675	Message=User Account Changed:   Target Account Name: 656029   Target Domain: POS   Target Account ID: POS\656029   Caller User Name: SVC-ADIMPORT   Caller Domain: POS   Caller Logon ID: (0x0,0x47908560)   Privileges: -  Changed Attributes:   Sam Account Name: -   Display Name: -   User Principal Name: -   Home Directory: -   Home Drive: -   Script Path: -   Profile Path: -   User Workstations: -   Password Last Set: -   Account Expires: -   Primary Group ID: -   AllowedToDelegateTo: -   Old UAC Value: 0x15   New UAC Value: 0x10   User Account Control:    Account Enabled    'Password Not Required' - Disabled    User Parameters: -   Sid History: -   Logon Hours: -   
<13>Jan 12 00:31:17 USCHPOSDC01 AgentDevice=WindowsLog	AgentLogFile=Security	PluginVersion=1.0.14	Source=Security	Computer=USCHPOSDC01	User=SVC-ADIMPORT	Domain=POS	EventID=642	EventIDCode=642	EventType=8	EventCategory=7	RecordNumber=2544684585	TimeGenerated=1389504675	TimeWritten=1389504675	Message=User Account Changed:   Target Account Name: 656029   Target Domain: POS   Target Account ID: POS\656029   Caller User Name: SVC-ADIMPORT   Caller Domain: POS   Caller Logon ID: (0x0,0x47915AB5)   Privileges: -  Changed Attributes:   Sam Account Name: -   Display Name: -   User Principal Name: -   Home Directory: -   Home Drive: -   Script Path: -   Profile Path: -   User Workstations: -   Password Last Set: 1/12/2014 12:31:15 AM   Account Expires: -   Primary Group ID: -   AllowedToDelegateTo: -   Old UAC Value: -   New UAC Value: -   User Account Control: -   User Parameters: -   Sid History: -   Logon Hours: -   
<13>Jan 12 00:31:17 USCHPOSDC01 AgentDevice=WindowsLog	AgentLogFile=Security	PluginVersion=1.0.14	Source=Security	Computer=USCHPOSDC01	User=SVC-ADIMPORT	Domain=POS	EventID=642	EventIDCode=642	EventType=8	EventCategory=7	RecordNumber=2544684561	TimeGenerated=1389504674	TimeWritten=1389504674	Message=User Account Changed:   Target Account Name: 656001   Target Domain: POS   Target Account ID: POS\656001   Caller User Name: SVC-ADIMPORT   Caller Domain: POS   Caller Logon ID: (0x0,0x47908560)   Privileges: -  Changed Attributes:   Sam Account Name: -   Display Name: ANTONIO HUTTON   User Principal Name: -   Home Directory: -   Home Drive: -   Script Path: -   Profile Path: -   User Workstations: -   Password Last Set: -   Account Expires: -   Primary Group ID: -   AllowedToDelegateTo: -   Old UAC Value: -   New UAC Value: -   User Account Control: -   User Parameters: -   Sid History: -   Logon Hours: -   
<13>Jan 12 00:31:17 USCHPOSDC01 AgentDevice=WindowsLog	AgentLogFile=Security	PluginVersion=1.0.14	Source=Security	Computer=USCHPOSDC01	User=SVC-ADIMPORT	Domain=POS	EventID=626	EventIDCode=626	EventType=8	EventCategory=7	RecordNumber=2544684558	TimeGenerated=1389504674	TimeWritten=1389504674	Message=User Account Enabled:   Target Account Name: 656001   Target Domain: POS   Target Account ID: POS\656001   Caller User Name: SVC-ADIMPORT   Caller Domain: POS   Caller Logon ID: (0x0,0x47908560)   
<13>Jan 12 00:31:17 USCHPOSDC01 AgentDevice=WindowsLog	AgentLogFile=Security	PluginVersion=1.0.14	Source=Security	Computer=USCHPOSDC01	User=SVC-ADIMPORT	Domain=POS	EventID=642	EventIDCode=642	EventType=8	EventCategory=7	RecordNumber=2544684557	TimeGenerated=1389504674	TimeWritten=1389504674	Message=User Account Changed:   Target Account Name: 656001   Target Domain: POS   Target Account ID: POS\656001   Caller User Name: SVC-ADIMPORT   Caller Domain: POS   Caller Logon ID: (0x0,0x47908560)   Privileges: -  Changed Attributes:   Sam Account Name: -   Display Name: -   User Principal Name: -   Home Directory: -   Home Drive: -   Script Path: -   Profile Path: -   User Workstations: -   Password Last Set: -   Account Expires: -   Primary Group ID: -   AllowedToDelegateTo: -   Old UAC Value: 0x15   New UAC Value: 0x10   User Account Control:    Account Enabled    'Password Not Required' - Disabled    User Parameters: -   Sid History: -   Logon Hours: -   
<13>Jan 12 00:31:17 USCHPOSDC01 AgentDevice=WindowsLog	AgentLogFile=Security	PluginVersion=1.0.14	Source=Security	Computer=USCHPOSDC01	User=SVC-ADIMPORT	Domain=POS	EventID=642	EventIDCode=642	EventType=8	EventCategory=7	RecordNumber=2544684550	TimeGenerated=1389504673	TimeWritten=1389504673	Message=User Account Changed:   Target Account Name: 656001   Target Domain: POS   Target Account ID: POS\656001   Caller User Name: SVC-ADIMPORT   Caller Domain: POS   Caller Logon ID: (0x0,0x47914C31)   Privileges: -  Changed Attributes:   Sam Account Name: -   Display Name: -   User Principal Name: -   Home Directory: -   Home Drive: -   Script Path: -   Profile Path: -   User Workstations: -   Password Last Set: 1/12/2014 12:31:13 AM   Account Expires: -   Primary Group ID: -   AllowedToDelegateTo: -   Old UAC Value: -   New UAC Value: -   User Account Control: -   User Parameters: -   Sid History: -   Logon Hours: -   
<13>Jan 12 00:31:15 USCHPOSDC01 AgentDevice=WindowsLog	AgentLogFile=Security	PluginVersion=1.0.14	Source=Security	Computer=USCHPOSDC01	User=SVC-ADIMPORT	Domain=POS	EventID=642	EventIDCode=642	EventType=8	EventCategory=7	RecordNumber=2544684538	TimeGenerated=1389504673	TimeWritten=1389504673	Message=User Account Changed:   Target Account Name: 655998   Target Domain: POS   Target Account ID: POS\655998   Caller User Name: SVC-ADIMPORT   Caller Domain: POS   Caller Logon ID: (0x0,0x47908560)   Privileges: -  Changed Attributes:   Sam Account Name: -   Display Name: TEAL RUSSEAU   User Principal Name: -   Home Directory: -   Home Drive: -   Script Path: -   Profile Path: -   User Workstations: -   Password Last Set: -   Account Expires: -   Primary Group ID: -   AllowedToDelegateTo: -   Old UAC Value: -   New UAC Value: -   User Account Control: -   User Parameters: -   Sid History: -   Logon Hours: -   
<13>Jan 12 00:31:15 USCHPOSDC01 AgentDevice=WindowsLog	AgentLogFile=Security	PluginVersion=1.0.14	Source=Security	Computer=USCHPOSDC01	User=SVC-ADIMPORT	Domain=POS	EventID=626	EventIDCode=626	EventType=8	EventCategory=7	RecordNumber=2544684535	TimeGenerated=1389504673	TimeWritten=1389504673	Message=User Account Enabled:   Target Account Name: 655998   Target Domain: POS   Target Account ID: POS\655998   Caller User Name: SVC-ADIMPORT   Caller Domain: POS   Caller Logon ID: (0x0,0x47908560)   
<13>Jan 12 00:31:15 USCHPOSDC01 AgentDevice=WindowsLog	AgentLogFile=Security	PluginVersion=1.0.14	Source=Security	Computer=USCHPOSDC01	User=SVC-ADIMPORT	Domain=POS	EventID=642	EventIDCode=642	EventType=8	EventCategory=7	RecordNumber=2544684534	TimeGenerated=1389504673	TimeWritten=1389504673	Message=User Account Changed:   Target Account Name: 655998   Target Domain: POS   Target Account ID: POS\655998   Caller User Name: SVC-ADIMPORT   Caller Domain: POS   Caller Logon ID: (0x0,0x47908560)   Privileges: -  Changed Attributes:   Sam Account Name: -   Display Name: -   User Principal Name: -   Home Directory: -   Home Drive: -   Script Path: -   Profile Path: -   User Workstations: -   Password Last Set: -   Account Expires: -   Primary Group ID: -   AllowedToDelegateTo: -   Old UAC Value: 0x15   New UAC Value: 0x10   User Account Control:    Account Enabled    'Password Not Required' - Disabled    User Parameters: -   Sid History: -   Logon Hours: -   
<13>Jan 12 00:31:15 USCHPOSDC01 AgentDevice=WindowsLog	AgentLogFile=Security	PluginVersion=1.0.14	Source=Security	Computer=USCHPOSDC01	User=SVC-ADIMPORT	Domain=POS	EventID=642	EventIDCode=642	EventType=8	EventCategory=7	RecordNumber=2544684528	TimeGenerated=1389504672	TimeWritten=1389504672	Message=User Account Changed:   Target Account Name: 655998   Target Domain: POS   Target Account ID: POS\655998   Caller User Name: SVC-ADIMPORT   Caller Domain: POS   Caller Logon ID: (0x0,0x47914AA8)   Privileges: -  Changed Attributes:   Sam Account Name: -   Display Name: -   User Principal Name: -   Home Directory: -   Home Drive: -   Script Path: -   Profile Path: -   User Workstations: -   Password Last Set: 1/12/2014 12:31:12 AM   Account Expires: -   Primary Group ID: -   AllowedToDelegateTo: -   Old UAC Value: -   New UAC Value: -   User Account Control: -   User Parameters: -   Sid History: -   Logon Hours: -   
