<13>Jan 13 07:57:24 USCHNAHUB02 AgentDevice=WindowsLog	AgentLogFile=Security	PluginVersion=1.0.14	Source=Security	Computer=USCHNAHUB02	User=SYSTEM	Domain=NT AUTHORITY	EventID=644	EventIDCode=644	EventType=8	EventCategory=7	RecordNumber=3024320849	TimeGenerated=1389610288	TimeWritten=1389610288	Message=User Account Locked Out:   Target Account Name: Ibrahim-Lawal   Target Account ID: NA\Ibrahim-Lawal   Caller Machine Name: MJEWCFW   Caller User Name: USCHNAHUB02$   Caller Domain: NA   Caller Logon ID: (0x0,0x3E7)   
<13>Jan 13 13:56:15 EUNLVEDC02 AgentDevice=WindowsLog	AgentLogFile=Security	PluginVersion=1.0.14	Source=Security	Computer=EUNLVEDC02	User=ANONYMOUS LOGON	Domain=NT AUTHORITY	EventID=642	EventIDCode=642	EventType=8	EventCategory=7	RecordNumber=1830107232	TimeGenerated=1389617772	TimeWritten=1389617772	Message=User Account Changed:   Target Account Name: Raluca-Hazi   Target Domain: EUROPE   Target Account ID: EUROPE\Raluca-Hazi   Caller User Name: ANONYMOUS LOGON   Caller Domain: NT AUTHORITY   Caller Logon ID: (0x0,0x2E5D5396)   Privileges: -  Changed Attributes:   Sam Account Name: -   Display Name: -   User Principal Name: -   Home Directory: -   Home Drive: -   Script Path: -   Profile Path: -   User Workstations: -   Password Last Set: 1/13/2014 1:56:12 PM   Account Expires: -   Primary Group ID: -   AllowedToDelegateTo: -   Old UAC Value: -   New UAC Value: -   User Account Control: -   User Parameters: -   Sid History: -   Logon Hours: -   
<13>Jan 13 13:55:59 EUNLVEDC01 AgentDevice=WindowsLog	AgentLogFile=Security	PluginVersion=1.0.14	Source=Security	Computer=EUNLVEDC01	User=ANONYMOUS LOGON	Domain=NT AUTHORITY	EventID=642	EventIDCode=642	EventType=8	EventCategory=7	RecordNumber=2555514603	TimeGenerated=1389616802	TimeWritten=1389616802	Message=User Account Changed:   Target Account Name: Steven-Howe   Target Domain: EUROPE   Target Account ID: EUROPE\Steven-Howe   Caller User Name: EUNLVEDC01$   Caller Domain: EUROPE   Caller Logon ID: (0x0,0x3E7)   Privileges: -  Changed Attributes:   Sam Account Name: -   Display Name: -   User Principal Name: -   Home Directory: -   Home Drive: -   Script Path: -   Profile Path: -   User Workstations: -   Password Last Set: 1/13/2014 1:40:02 PM   Account Expires: -   Primary Group ID: -   AllowedToDelegateTo: -   Old UAC Value: -   New UAC Value: -   User Account Control: -   User Parameters: -   Sid History: -   Logon Hours: -   
<13>Jan 13 07:55:38 USCHNAHUB02 AgentDevice=WindowsLog	AgentLogFile=Security	PluginVersion=1.0.14	Source=Security	Computer=USCHNAHUB02	User=SYSTEM	Domain=NT AUTHORITY	EventID=644	EventIDCode=644	EventType=8	EventCategory=7	RecordNumber=3024315671	TimeGenerated=1389610164	TimeWritten=1389610164	Message=User Account Locked Out:   Target Account Name: Dean-Edwards   Target Account ID: NA\Dean-Edwards   Caller Machine Name: CISCO   Caller User Name: USCHNAHUB02$   Caller Domain: NA   Caller Logon ID: (0x0,0x3E7)   
<13>Jan 13 07:55:23 USCHNABH02 AgentDevice=WindowsLog	AgentLogFile=Security	PluginVersion=1.0.14	Source=Security	Computer=USCHNABH02	User=Wanda-Chormicle	Domain=NA	EventID=642	EventIDCode=642	EventType=8	EventCategory=7	RecordNumber=1402529039	TimeGenerated=1389617720	TimeWritten=1389617720	Message=User Account Changed:   Target Account Name: Wanda-Chormicle   Target Domain: NA   Target Account ID: NA\Wanda-Chormicle   Caller User Name: Wanda-Chormicle   Caller Domain: NA   Caller Logon ID: (0x0,0x454FD1E6)   Privileges: -  Changed Attributes:   Sam Account Name: -   Display Name: -   User Principal Name: -   Home Directory: -   Home Drive: -   Script Path: -   Profile Path: -   User Workstations: -   Password Last Set: 1/13/2014 7:55:20 AM   Account Expires: -   Primary Group ID: -   AllowedToDelegateTo: -   Old UAC Value: -   New UAC Value: -   User Account Control: -   User Parameters: -   Sid History: -   Logon Hours: -   
<13>Jan 13 07:54:03 USCHNABH03 AgentDevice=WindowsLog	AgentLogFile=Security	PluginVersion=1.0.14	Source=Security	Computer=USCHNABH03	User=ANONYMOUS LOGON	Domain=NT AUTHORITY	EventID=642	EventIDCode=642	EventType=8	EventCategory=7	RecordNumber=1925668400	TimeGenerated=1389617641	TimeWritten=1389617641	Message=User Account Changed:   Target Account Name: Denise-DeFerrari   Target Domain: NA   Target Account ID: NA\Denise-DeFerrari   Caller User Name: ANONYMOUS LOGON   Caller Domain: NT AUTHORITY   Caller Logon ID: (0x0,0x3A02E4A)   Privileges: -  Changed Attributes:   Sam Account Name: -   Display Name: -   User Principal Name: -   Home Directory: -   Home Drive: -   Script Path: -   Profile Path: -   User Workstations: -   Password Last Set: 1/13/2014 7:54:01 AM   Account Expires: -   Primary Group ID: -   AllowedToDelegateTo: -   Old UAC Value: -   New UAC Value: -   User Account Control: -   User Parameters: -   Sid History: -   Logon Hours: -   
<13>Jan 13 07:53:40 USCHNAHUB02 AgentDevice=WindowsLog	AgentLogFile=Security	PluginVersion=1.0.14	Source=Security	Computer=USCHNAHUB02	User=SYSTEM	Domain=NT AUTHORITY	EventID=644	EventIDCode=644	EventType=8	EventCategory=7	RecordNumber=3024310060	TimeGenerated=1389609703	TimeWritten=1389609703	Message=User Account Locked Out:   Target Account Name: JCBmgr   Target Account ID: NA\JCBmgr   Caller Machine Name: \\10.63.125.95   Caller User Name: USCHNAHUB02$   Caller Domain: NA   Caller Logon ID: (0x0,0x3E7)   
<13>Jan 13 13:52:57 EUNLVEDC01 AgentDevice=WindowsLog	AgentLogFile=Security	PluginVersion=1.0.14	Source=Security	Computer=EUNLVEDC01	User=ANONYMOUS LOGON	Domain=NT AUTHORITY	EventID=642	EventIDCode=642	EventType=8	EventCategory=7	RecordNumber=2555506068	TimeGenerated=1389616541	TimeWritten=1389616541	Message=User Account Changed:   Target Account Name: Francois-Burchi   Target Domain: EUROPE   Target Account ID: EUROPE\Francois-Burchi   Caller User Name: EUNLVEDC01$   Caller Domain: EUROPE   Caller Logon ID: (0x0,0x3E7)   Privileges: -  Changed Attributes:   Sam Account Name: -   Display Name: -   User Principal Name: -   Home Directory: -   Home Drive: -   Script Path: -   Profile Path: -   User Workstations: -   Password Last Set: <never>    Account Expires: -   Primary Group ID: -   AllowedToDelegateTo: -   Old UAC Value: -   New UAC Value: -   User Account Control: -   User Parameters: -   Sid History: -   Logon Hours: -   
<13>Jan 13 13:52:56 EUNLVEDC02 AgentDevice=WindowsLog	AgentLogFile=Security	PluginVersion=1.0.14	Source=Security	Computer=EUNLVEDC02	User=SusBadm	Domain=EUROPE	EventID=671	EventIDCode=671	EventType=8	EventCategory=7	RecordNumber=1830101093	TimeGenerated=1389617574	TimeWritten=1389617574	Message=User Account Unlocked:   Target Account Name: Jackie-Patterson   Target Domain:  EUROPE   Target Account ID: EUROPE\Jackie-Patterson   Caller User Name: SusBadm   Caller Domain: EUROPE   Caller Logon ID: (0x0,0x2E5B9C73)   
<13>Jan 13 13:48:24 EUNLVEDC01 AgentDevice=WindowsLog	AgentLogFile=Security	PluginVersion=1.0.14	Source=Security	Computer=EUNLVEDC01	User=ANONYMOUS LOGON	Domain=NT AUTHORITY	EventID=642	EventIDCode=642	EventType=8	EventCategory=7	RecordNumber=2555493241	TimeGenerated=1389616164	TimeWritten=1389616164	Message=User Account Changed:   Target Account Name: Felicie-Cornavin   Target Domain: EUROPE   Target Account ID: EUROPE\Felicie-Cornavin   Caller User Name: EUNLVEDC01$   Caller Domain: EUROPE   Caller Logon ID: (0x0,0x3E7)   Privileges: -  Changed Attributes:   Sam Account Name: -   Display Name: -   User Principal Name: -   Home Directory: -   Home Drive: -   Script Path: -   Profile Path: -   User Workstations: -   Password Last Set: 1/13/2014 1:29:23 PM   Account Expires: -   Primary Group ID: -   AllowedToDelegateTo: -   Old UAC Value: -   New UAC Value: -   User Account Control: -   User Parameters: -   Sid History: -   Logon Hours: -   
<13>Jan 13 07:46:57 USCHNAHUB02 AgentDevice=WindowsLog	AgentLogFile=Security	PluginVersion=1.0.14	Source=Security	Computer=USCHNAHUB02	User=ANONYMOUS LOGON	Domain=NT AUTHORITY	EventID=642	EventIDCode=642	EventType=8	EventCategory=7	RecordNumber=3024293354	TimeGenerated=1389609207	TimeWritten=1389609207	Message=User Account Changed:   Target Account Name: Tommy-Tognacci   Target Domain: NA   Target Account ID: NA\Tommy-Tognacci   Caller User Name: USCHNAHUB02$   Caller Domain: NA   Caller Logon ID: (0x0,0x3E7)   Privileges: -  Changed Attributes:   Sam Account Name: -   Display Name: -   User Principal Name: -   Home Directory: -   Home Drive: -   Script Path: -   Profile Path: -   User Workstations: -   Password Last Set: 1/13/2014 5:33:27 AM   Account Expires: -   Primary Group ID: -   AllowedToDelegateTo: -   Old UAC Value: -   New UAC Value: -   User Account Control: -   User Parameters: -   Sid History: -   Logon Hours: -   
<13>Jan 13 07:46:42 USCHNABH01 AgentDevice=WindowsLog	AgentLogFile=Security	PluginVersion=1.0.14	Source=Security	Computer=USCHNABH01	User=SYSTEM	Domain=NT AUTHORITY	EventID=644	EventIDCode=644	EventType=8	EventCategory=7	RecordNumber=4251385093	TimeGenerated=1389616402	TimeWritten=1389616402	Message=User Account Locked Out:   Target Account Name: Ibrahim-Lawal   Target Account ID: NA\Ibrahim-Lawal   Caller Machine Name: MJEWCFW   Caller User Name: USCHNABH01$   Caller Domain: NA   Caller Logon ID: (0x0,0x3E7)   
<13>Jan 13 07:43:51 USCHPOSDC01 AgentDevice=WindowsLog	AgentLogFile=Security	PluginVersion=1.0.14	Source=Security	Computer=USCHPOSDC01	User=ANONYMOUS LOGON	Domain=NT AUTHORITY	EventID=642	EventIDCode=642	EventType=8	EventCategory=7	RecordNumber=2546138680	TimeGenerated=1389617027	TimeWritten=1389617027	Message=User Account Changed:   Target Account Name: 629992   Target Domain: POS   Target Account ID: POS\629992   Caller User Name: USCHPOSDC01$   Caller Domain: POS   Caller Logon ID: (0x0,0x3E7)   Privileges: -  Changed Attributes:   Sam Account Name: -   Display Name: -   User Principal Name: -   Home Directory: -   Home Drive: -   Script Path: -   Profile Path: -   User Workstations: -   Password Last Set: 1/13/2014 7:43:47 AM   Account Expires: -   Primary Group ID: -   AllowedToDelegateTo: -   Old UAC Value: -   New UAC Value: -   User Account Control: -   User Parameters: -   Sid History: -   Logon Hours: -   
<13>Jan 13 07:43:50 USCHPOSDC02 AgentDevice=WindowsLog	AgentLogFile=Security	PluginVersion=1.0.14	Source=Security	Computer=USCHPOSDC02	User=SVC-IDMAdmin	Domain=NA	EventID=671	EventIDCode=671	EventType=8	EventCategory=7	RecordNumber=574884699	TimeGenerated=1389617028	TimeWritten=1389617028	Message=User Account Unlocked:   Target Account Name: 629992   Target Domain:  POS   Target Account ID: POS\629992   Caller User Name: SVC-IDMAdmin   Caller Domain: NA   Caller Logon ID: (0x0,0x526C4C3B)   
<13>Jan 13 07:43:50 USCHPOSDC02 AgentDevice=WindowsLog	AgentLogFile=Security	PluginVersion=1.0.14	Source=Security	Computer=USCHPOSDC02	User=SVC-IDMAdmin	Domain=NA	EventID=642	EventIDCode=642	EventType=8	EventCategory=7	RecordNumber=574884693	TimeGenerated=1389617027	TimeWritten=1389617027	Message=User Account Changed:   Target Account Name: 629992   Target Domain: POS   Target Account ID: POS\629992   Caller User Name: SVC-IDMAdmin   Caller Domain: NA   Caller Logon ID: (0x0,0x526C4D3D)   Privileges: -  Changed Attributes:   Sam Account Name: -   Display Name: -   User Principal Name: -   Home Directory: -   Home Drive: -   Script Path: -   Profile Path: -   User Workstations: -   Password Last Set: 1/13/2014 7:43:47 AM   Account Expires: -   Primary Group ID: -   AllowedToDelegateTo: -   Old UAC Value: -   New UAC Value: -   User Account Control: -   User Parameters: -   Sid History: -   Logon Hours: -   
<13>Jan 13 13:42:16 EUNLVEDC01 AgentDevice=WindowsLog	AgentLogFile=Security	PluginVersion=1.0.14	Source=Security	Computer=EUNLVEDC01	User=ANONYMOUS LOGON	Domain=NT AUTHORITY	EventID=642	EventIDCode=642	EventType=8	EventCategory=7	RecordNumber=2555475409	TimeGenerated=1389615521	TimeWritten=1389615521	Message=User Account Changed:   Target Account Name: Gavin-Kelly   Target Domain: EUROPE   Target Account ID: EUROPE\Gavin-Kelly   Caller User Name: EUNLVEDC01$   Caller Domain: EUROPE   Caller Logon ID: (0x0,0x3E7)   Privileges: -  Changed Attributes:   Sam Account Name: -   Display Name: -   User Principal Name: -   Home Directory: -   Home Drive: -   Script Path: -   Profile Path: -   User Workstations: -   Password Last Set: 1/13/2014 1:18:41 PM   Account Expires: -   Primary Group ID: -   AllowedToDelegateTo: -   Old UAC Value: -   New UAC Value: -   User Account Control: -   User Parameters: -   Sid History: -   Logon Hours: -   
<13>Jan 13 13:42:12 EUNLVEDC01 AgentDevice=WindowsLog	AgentLogFile=Security	PluginVersion=1.0.14	Source=Security	Computer=EUNLVEDC01	User=ANONYMOUS LOGON	Domain=NT AUTHORITY	EventID=642	EventIDCode=642	EventType=8	EventCategory=7	RecordNumber=2555475218	TimeGenerated=1389615514	TimeWritten=1389615514	Message=User Account Changed:   Target Account Name: DEAdm   Target Domain: EUROPE   Target Account ID: EUROPE\DEAdm   Caller User Name: EUNLVEDC01$   Caller Domain: EUROPE   Caller Logon ID: (0x0,0x3E7)   Privileges: -  Changed Attributes:   Sam Account Name: -   Display Name: -   User Principal Name: -   Home Directory: -   Home Drive: -   Script Path: -   Profile Path: -   User Workstations: -   Password Last Set: 1/13/2014 1:18:34 PM   Account Expires: -   Primary Group ID: -   AllowedToDelegateTo: -   Old UAC Value: -   New UAC Value: -   User Account Control: -   User Parameters: -   Sid History: -   Logon Hours: -   
<13>Jan 13 13:42:08 EUNLVEDC01 AgentDevice=WindowsLog	AgentLogFile=Security	PluginVersion=1.0.14	Source=Security	Computer=EUNLVEDC01	User=ANONYMOUS LOGON	Domain=NT AUTHORITY	EventID=642	EventIDCode=642	EventType=8	EventCategory=7	RecordNumber=2555475036	TimeGenerated=1389615505	TimeWritten=1389615505	Message=User Account Changed:   Target Account Name: Dean-Edwards   Target Domain: EUROPE   Target Account ID: EUROPE\Dean-Edwards   Caller User Name: EUNLVEDC01$   Caller Domain: EUROPE   Caller Logon ID: (0x0,0x3E7)   Privileges: -  Changed Attributes:   Sam Account Name: -   Display Name: -   User Principal Name: -   Home Directory: -   Home Drive: -   Script Path: -   Profile Path: -   User Workstations: -   Password Last Set: 1/13/2014 1:18:25 PM   Account Expires: -   Primary Group ID: -   AllowedToDelegateTo: -   Old UAC Value: -   New UAC Value: -   User Account Control: -   User Parameters: -   Sid History: -   Logon Hours: -   
<13>Jan 13 07:42:05 USCHNAHUB06 AgentDevice=WindowsLog	AgentLogFile=Security	PluginVersion=1.0.14	Source=Security	Computer=USCHNAHUB06	User=SVC-IDMAdmin	Domain=NA	EventID=671	EventIDCode=671	EventType=8	EventCategory=7	RecordNumber=706223264	TimeGenerated=1389616922	TimeWritten=1389616922	Message=User Account Unlocked:   Target Account Name: Adriana-Chavira   Target Domain:  NA   Target Account ID: NA\Adriana-Chavira   Caller User Name: SVC-IDMAdmin   Caller Domain: NA   Caller Logon ID: (0x0,0x63E23A)   
<13>Jan 13 07:42:05 USCHNAHUB06 AgentDevice=WindowsLog	AgentLogFile=Security	PluginVersion=1.0.14	Source=Security	Computer=USCHNAHUB06	User=SVC-IDMAdmin	Domain=NA	EventID=642	EventIDCode=642	EventType=8	EventCategory=7	RecordNumber=706223251	TimeGenerated=1389616921	TimeWritten=1389616921	Message=User Account Changed:   Target Account Name: Adriana-Chavira   Target Domain: NA   Target Account ID: NA\Adriana-Chavira   Caller User Name: SVC-IDMAdmin   Caller Domain: NA   Caller Logon ID: (0x0,0x63E272)   Privileges: -  Changed Attributes:   Sam Account Name: -   Display Name: -   User Principal Name: -   Home Directory: -   Home Drive: -   Script Path: -   Profile Path: -   User Workstations: -   Password Last Set: 1/13/2014 7:42:01 AM   Account Expires: -   Primary Group ID: -   AllowedToDelegateTo: -   Old UAC Value: -   New UAC Value: -   User Account Control: -   User Parameters: -   Sid History: -   Logon Hours: -   
<13>Jan 13 13:41:53 EUNLVEDC01 AgentDevice=WindowsLog	AgentLogFile=Security	PluginVersion=1.0.14	Source=Security	Computer=EUNLVEDC01	User=SYSTEM	Domain=NT AUTHORITY	EventID=644	EventIDCode=644	EventType=8	EventCategory=7	RecordNumber=2555474373	TimeGenerated=1389615477	TimeWritten=1389615477	Message=User Account Locked Out:   Target Account Name: Gavin-Kelly   Target Account ID: EUROPE\Gavin-Kelly   Caller Machine Name: IEPC114900   Caller User Name: EUNLVEDC01$   Caller Domain: EUROPE   Caller Logon ID: (0x0,0x3E7)   
<13>Jan 13 13:41:12 EUNLVEDC01 AgentDevice=WindowsLog	AgentLogFile=Security	PluginVersion=1.0.14	Source=Security	Computer=EUNLVEDC01	User=ANONYMOUS LOGON	Domain=NT AUTHORITY	EventID=642	EventIDCode=642	EventType=8	EventCategory=7	RecordNumber=2555472317	TimeGenerated=1389615402	TimeWritten=1389615402	Message=User Account Changed:   Target Account Name: Marisa-Brasse   Target Domain: EUROPE   Target Account ID: EUROPE\Marisa-Brasse   Caller User Name: ANONYMOUS LOGON   Caller Domain: NT AUTHORITY   Caller Logon ID: (0x0,0xBF2B375)   Privileges: -  Changed Attributes:   Sam Account Name: -   Display Name: -   User Principal Name: -   Home Directory: -   Home Drive: -   Script Path: -   Profile Path: -   User Workstations: -   Password Last Set: 1/13/2014 1:16:42 PM   Account Expires: -   Primary Group ID: -   AllowedToDelegateTo: -   Old UAC Value: -   New UAC Value: -   User Account Control: -   User Parameters: -   Sid History: -   Logon Hours: -   
<13>Jan 13 13:40:58 EUNLVEDC01 AgentDevice=WindowsLog	AgentLogFile=Security	PluginVersion=1.0.14	Source=Security	Computer=EUNLVEDC01	User=SYSTEM	Domain=NT AUTHORITY	EventID=644	EventIDCode=644	EventType=8	EventCategory=7	RecordNumber=2555471591	TimeGenerated=1389615377	TimeWritten=1389615377	Message=User Account Locked Out:   Target Account Name: Nicole-Schopf   Target Account ID: EUROPE\Nicole-Schopf   Caller Machine Name: ATPC00300542   Caller User Name: EUNLVEDC01$   Caller Domain: EUROPE   Caller Logon ID: (0x0,0x3E7)   
<13>Jan 13 07:38:40 USCHNAHUB05 AgentDevice=WindowsLog	AgentLogFile=Security	PluginVersion=1.0.14	Source=Security	Computer=USCHNAHUB05	User=SVC-IDMAdmin	Domain=NA	EventID=671	EventIDCode=671	EventType=8	EventCategory=7	RecordNumber=615214330	TimeGenerated=1389616718	TimeWritten=1389616718	Message=User Account Unlocked:   Target Account Name: Terry-Greninger   Target Domain:  NA   Target Account ID: NA\Terry-Greninger   Caller User Name: SVC-IDMAdmin   Caller Domain: NA   Caller Logon ID: (0x0,0x1AB7E26E)   
<13>Jan 13 07:38:40 USCHNAHUB05 AgentDevice=WindowsLog	AgentLogFile=Security	PluginVersion=1.0.14	Source=Security	Computer=USCHNAHUB05	User=SVC-IDMAdmin	Domain=NA	EventID=642	EventIDCode=642	EventType=8	EventCategory=7	RecordNumber=615214298	TimeGenerated=1389616717	TimeWritten=1389616717	Message=User Account Changed:   Target Account Name: Terry-Greninger   Target Domain: NA   Target Account ID: NA\Terry-Greninger   Caller User Name: SVC-IDMAdmin   Caller Domain: NA   Caller Logon ID: (0x0,0x1AB7E2DE)   Privileges: -  Changed Attributes:   Sam Account Name: -   Display Name: -   User Principal Name: -   Home Directory: -   Home Drive: -   Script Path: -   Profile Path: -   User Workstations: -   Password Last Set: 1/13/2014 7:38:37 AM   Account Expires: -   Primary Group ID: -   AllowedToDelegateTo: -   Old UAC Value: -   New UAC Value: -   User Account Control: -   User Parameters: -   Sid History: -   Logon Hours: -   
<13>Jan 13 13:38:15 EUNLVEDC01 AgentDevice=WindowsLog	AgentLogFile=Security	PluginVersion=1.0.14	Source=Security	Computer=EUNLVEDC01	User=ETAdm	Domain=EUROPE	EventID=671	EventIDCode=671	EventType=8	EventCategory=7	RecordNumber=2555463686	TimeGenerated=1389615161	TimeWritten=1389615161	Message=User Account Unlocked:   Target Account Name: Marisa-Brasse   Target Domain:  EUROPE   Target Account ID: EUROPE\Marisa-Brasse   Caller User Name: ETAdm   Caller Domain: EUROPE   Caller Logon ID: (0x0,0xBEE316F)   
<13>Jan 13 13:37:41 EUNLVEDC01 AgentDevice=WindowsLog	AgentLogFile=Security	PluginVersion=1.0.14	Source=Security	Computer=EUNLVEDC01	User=ANONYMOUS LOGON	Domain=NT AUTHORITY	EventID=642	EventIDCode=642	EventType=8	EventCategory=7	RecordNumber=2555462176	TimeGenerated=1389615114	TimeWritten=1389615114	Message=User Account Changed:   Target Account Name: Marisa-Brasse   Target Domain: EUROPE   Target Account ID: EUROPE\Marisa-Brasse   Caller User Name: EUNLVEDC01$   Caller Domain: EUROPE   Caller Logon ID: (0x0,0x3E7)   Privileges: -  Changed Attributes:   Sam Account Name: -   Display Name: -   User Principal Name: -   Home Directory: -   Home Drive: -   Script Path: -   Profile Path: -   User Workstations: -   Password Last Set: <never>    Account Expires: -   Primary Group ID: -   AllowedToDelegateTo: -   Old UAC Value: -   New UAC Value: -   User Account Control: -   User Parameters: -   Sid History: -   Logon Hours: -   
<13>Jan 13 13:37:41 EUNLVEDC01 AgentDevice=WindowsLog	AgentLogFile=Security	PluginVersion=1.0.14	Source=Security	Computer=EUNLVEDC01	User=ANONYMOUS LOGON	Domain=NT AUTHORITY	EventID=642	EventIDCode=642	EventType=8	EventCategory=7	RecordNumber=2555462163	TimeGenerated=1389615114	TimeWritten=1389615114	Message=User Account Changed:   Target Account Name: Marisa-Brasse   Target Domain: EUROPE   Target Account ID: EUROPE\Marisa-Brasse   Caller User Name: EUNLVEDC01$   Caller Domain: EUROPE   Caller Logon ID: (0x0,0x3E7)   Privileges: -  Changed Attributes:   Sam Account Name: -   Display Name: -   User Principal Name: -   Home Directory: -   Home Drive: -   Script Path: -   Profile Path: -   User Workstations: -   Password Last Set: 1/13/2014 1:11:54 PM   Account Expires: -   Primary Group ID: -   AllowedToDelegateTo: -   Old UAC Value: -   New UAC Value: -   User Account Control: -   User Parameters: -   Sid History: -   Logon Hours: -   
<13>Jan 13 07:37:02 USCHNABH01 AgentDevice=WindowsLog	AgentLogFile=Security	PluginVersion=1.0.14	Source=Security	Computer=USCHNABH01	User=SYSTEM	Domain=NT AUTHORITY	EventID=644	EventIDCode=644	EventType=8	EventCategory=7	RecordNumber=4251361069	TimeGenerated=1389616015	TimeWritten=1389616015	Message=User Account Locked Out:   Target Account Name: Rashad-Branch   Target Account ID: NA\Rashad-Branch   Caller Machine Name: MJEWCHE   Caller User Name: USCHNABH01$   Caller Domain: NA   Caller Logon ID: (0x0,0x3E7)   
<13>Jan 13 07:36:44 USCHPOSDC01 AgentDevice=WindowsLog	AgentLogFile=Security	PluginVersion=1.0.14	Source=Security	Computer=USCHPOSDC01	User=ANONYMOUS LOGON	Domain=NT AUTHORITY	EventID=642	EventIDCode=642	EventType=8	EventCategory=7	RecordNumber=2546126180	TimeGenerated=1389616600	TimeWritten=1389616600	Message=User Account Changed:   Target Account Name: 095727   Target Domain: POS   Target Account ID: POS\095727   Caller User Name: USCHPOSDC01$   Caller Domain: POS   Caller Logon ID: (0x0,0x3E7)   Privileges: -  Changed Attributes:   Sam Account Name: -   Display Name: -   User Principal Name: -   Home Directory: -   Home Drive: -   Script Path: -   Profile Path: -   User Workstations: -   Password Last Set: 1/13/2014 7:36:40 AM   Account Expires: -   Primary Group ID: -   AllowedToDelegateTo: -   Old UAC Value: -   New UAC Value: -   User Account Control: -   User Parameters: -   Sid History: -   Logon Hours: -   
<13>Jan 13 07:36:43 USCHPOSDC02 AgentDevice=WindowsLog	AgentLogFile=Security	PluginVersion=1.0.14	Source=Security	Computer=USCHPOSDC02	User=SVC-IDMAdmin	Domain=NA	EventID=671	EventIDCode=671	EventType=8	EventCategory=7	RecordNumber=574881973	TimeGenerated=1389616600	TimeWritten=1389616600	Message=User Account Unlocked:   Target Account Name: 095727   Target Domain:  POS   Target Account ID: POS\095727   Caller User Name: SVC-IDMAdmin   Caller Domain: NA   Caller Logon ID: (0x0,0x52686780)   
<13>Jan 13 07:36:43 USCHPOSDC02 AgentDevice=WindowsLog	AgentLogFile=Security	PluginVersion=1.0.14	Source=Security	Computer=USCHPOSDC02	User=SVC-IDMAdmin	Domain=NA	EventID=642	EventIDCode=642	EventType=8	EventCategory=7	RecordNumber=574881966	TimeGenerated=1389616600	TimeWritten=1389616600	Message=User Account Changed:   Target Account Name: 095727   Target Domain: POS   Target Account ID: POS\095727   Caller User Name: SVC-IDMAdmin   Caller Domain: NA   Caller Logon ID: (0x0,0x52686804)   Privileges: -  Changed Attributes:   Sam Account Name: -   Display Name: -   User Principal Name: -   Home Directory: -   Home Drive: -   Script Path: -   Profile Path: -   User Workstations: -   Password Last Set: 1/13/2014 7:36:40 AM   Account Expires: -   Primary Group ID: -   AllowedToDelegateTo: -   Old UAC Value: -   New UAC Value: -   User Account Control: -   User Parameters: -   Sid History: -   Logon Hours: -   
<13>Jan 13 07:34:34 USCHNAHUB05 AgentDevice=WindowsLog	AgentLogFile=Security	PluginVersion=1.0.14	Source=Security	Computer=USCHNAHUB05	User=SVC-IDMAdmin	Domain=NA	EventID=671	EventIDCode=671	EventType=8	EventCategory=7	RecordNumber=615204623	TimeGenerated=1389616472	TimeWritten=1389616472	Message=User Account Unlocked:   Target Account Name: David-Wilt   Target Domain:  NA   Target Account ID: NA\David-Wilt   Caller User Name: SVC-IDMAdmin   Caller Domain: NA   Caller Logon ID: (0x0,0x1AB6DDDF)   
<13>Jan 13 07:34:34 USCHNAHUB05 AgentDevice=WindowsLog	AgentLogFile=Security	PluginVersion=1.0.14	Source=Security	Computer=USCHNAHUB05	User=SVC-IDMAdmin	Domain=NA	EventID=642	EventIDCode=642	EventType=8	EventCategory=7	RecordNumber=615204611	TimeGenerated=1389616471	TimeWritten=1389616471	Message=User Account Changed:   Target Account Name: David-Wilt   Target Domain: NA   Target Account ID: NA\David-Wilt   Caller User Name: SVC-IDMAdmin   Caller Domain: NA   Caller Logon ID: (0x0,0x1AB6DE55)   Privileges: -  Changed Attributes:   Sam Account Name: -   Display Name: -   User Principal Name: -   Home Directory: -   Home Drive: -   Script Path: -   Profile Path: -   User Workstations: -   Password Last Set: 1/13/2014 7:34:31 AM   Account Expires: -   Primary Group ID: -   AllowedToDelegateTo: -   Old UAC Value: -   New UAC Value: -   User Account Control: -   User Parameters: -   Sid History: -   Logon Hours: -   
<13>Jan 13 07:34:17 USCHRETDC01 AgentDevice=WindowsLog	AgentLogFile=Security	PluginVersion=1.0.14	Source=Security	Computer=USCHRETDC01	User=SYSTEM	Domain=NT AUTHORITY	EventID=644	EventIDCode=644	EventType=8	EventCategory=7	RecordNumber=2275693073	TimeGenerated=1389616455	TimeWritten=1389616455	Message=User Account Locked Out:   Target Account Name: appmgr   Target Account ID: ODRETAIL\appmgr   Caller Machine Name:    Caller User Name: USCHRETDC01$   Caller Domain: ODRETAIL   Caller Logon ID: (0x0,0x3E7)   
<13>Jan 13 13:33:42 EUNLVEDC01 AgentDevice=WindowsLog	AgentLogFile=Security	PluginVersion=1.0.14	Source=Security	Computer=EUNLVEDC01	User=MBRAdm	Domain=EUROPE	EventID=626	EventIDCode=626	EventType=8	EventCategory=7	RecordNumber=2555454585	TimeGenerated=1389615046	TimeWritten=1389615046	Message=User Account Enabled:   Target Account Name: ROCJPC00134864$   Target Domain: EUROPE   Target Account ID: EUROPE\ROCJPC00134864$   Caller User Name: MBRAdm   Caller Domain: EUROPE   Caller Logon ID: (0x0,0xBE6339C)   
<13>Jan 13 07:33:22 USCHNAHUB05 AgentDevice=WindowsLog	AgentLogFile=Security	PluginVersion=1.0.14	Source=Security	Computer=USCHNAHUB05	User=SVC-IDMAdmin	Domain=NA	EventID=671	EventIDCode=671	EventType=8	EventCategory=7	RecordNumber=615201488	TimeGenerated=1389616398	TimeWritten=1389616398	Message=User Account Unlocked:   Target Account Name: Christopher-Mancuso   Target Domain:  NA   Target Account ID: NA\Christopher-Mancuso   Caller User Name: SVC-IDMAdmin   Caller Domain: NA   Caller Logon ID: (0x0,0x1AB68B53)   
<13>Jan 13 07:33:22 USCHNAHUB05 AgentDevice=WindowsLog	AgentLogFile=Security	PluginVersion=1.0.14	Source=Security	Computer=USCHNAHUB05	User=SVC-IDMAdmin	Domain=NA	EventID=642	EventIDCode=642	EventType=8	EventCategory=7	RecordNumber=615201472	TimeGenerated=1389616398	TimeWritten=1389616398	Message=User Account Changed:   Target Account Name: Christopher-Mancuso   Target Domain: NA   Target Account ID: NA\Christopher-Mancuso   Caller User Name: SVC-IDMAdmin   Caller Domain: NA   Caller Logon ID: (0x0,0x1AB68C2A)   Privileges: -  Changed Attributes:   Sam Account Name: -   Display Name: -   User Principal Name: -   Home Directory: -   Home Drive: -   Script Path: -   Profile Path: -   User Workstations: -   Password Last Set: 1/13/2014 7:33:17 AM   Account Expires: -   Primary Group ID: -   AllowedToDelegateTo: -   Old UAC Value: -   New UAC Value: -   User Account Control: -   User Parameters: -   Sid History: -   Logon Hours: -   
<13>Jan 13 07:33:21 USCHPOSDC01 AgentDevice=WindowsLog	AgentLogFile=Security	PluginVersion=1.0.14	Source=Security	Computer=USCHPOSDC01	User=SVC-IDMAdmin	Domain=NA	EventID=671	EventIDCode=671	EventType=8	EventCategory=7	RecordNumber=2546122412	TimeGenerated=1389616398	TimeWritten=1389616398	Message=User Account Unlocked:   Target Account Name: 259037   Target Domain:  POS   Target Account ID: POS\259037   Caller User Name: SVC-IDMAdmin   Caller Domain: NA   Caller Logon ID: (0x0,0x4B728827)   
<13>Jan 13 07:33:21 USCHPOSDC01 AgentDevice=WindowsLog	AgentLogFile=Security	PluginVersion=1.0.14	Source=Security	Computer=USCHPOSDC01	User=SVC-IDMAdmin	Domain=NA	EventID=642	EventIDCode=642	EventType=8	EventCategory=7	RecordNumber=2546122403	TimeGenerated=1389616397	TimeWritten=1389616397	Message=User Account Changed:   Target Account Name: 259037   Target Domain: POS   Target Account ID: POS\259037   Caller User Name: SVC-IDMAdmin   Caller Domain: NA   Caller Logon ID: (0x0,0x4B7289A4)   Privileges: -  Changed Attributes:   Sam Account Name: -   Display Name: -   User Principal Name: -   Home Directory: -   Home Drive: -   Script Path: -   Profile Path: -   User Workstations: -   Password Last Set: 1/13/2014 7:33:17 AM   Account Expires: -   Primary Group ID: -   AllowedToDelegateTo: -   Old UAC Value: -   New UAC Value: -   User Account Control: -   User Parameters: -   Sid History: -   Logon Hours: -   
<13>Jan 13 07:33:02 USCHRETDC01 AgentDevice=WindowsLog	AgentLogFile=Security	PluginVersion=1.0.14	Source=Security	Computer=USCHRETDC01	User=SYSTEM	Domain=NT AUTHORITY	EventID=644	EventIDCode=644	EventType=8	EventCategory=7	RecordNumber=2275691385	TimeGenerated=1389616379	TimeWritten=1389616379	Message=User Account Locked Out:   Target Account Name: appmgr   Target Account ID: ODRETAIL\appmgr   Caller Machine Name:    Caller User Name: USCHRETDC01$   Caller Domain: ODRETAIL   Caller Logon ID: (0x0,0x3E7)   
<13>Jan 13 13:31:40 EUNLVEDC01 AgentDevice=WindowsLog	AgentLogFile=Security	PluginVersion=1.0.14	Source=Security	Computer=EUNLVEDC01	User=SYSTEM	Domain=NT AUTHORITY	EventID=644	EventIDCode=644	EventType=8	EventCategory=7	RecordNumber=2555450683	TimeGenerated=1389615024	TimeWritten=1389615024	Message=User Account Locked Out:   Target Account Name: Marisa-Brasse   Target Account ID: EUROPE\Marisa-Brasse   Caller Machine Name: NLLT00314840   Caller User Name: EUNLVEDC01$   Caller Domain: EUROPE   Caller Logon ID: (0x0,0x3E7)   
<13>Jan 13 07:31:15 USCHRETDC01 AgentDevice=WindowsLog	AgentLogFile=Security	PluginVersion=1.0.14	Source=Security	Computer=USCHRETDC01	User=SYSTEM	Domain=NT AUTHORITY	EventID=644	EventIDCode=644	EventType=8	EventCategory=7	RecordNumber=2275689041	TimeGenerated=1389616272	TimeWritten=1389616272	Message=User Account Locked Out:   Target Account Name: appmgr   Target Account ID: ODRETAIL\appmgr   Caller Machine Name:    Caller User Name: USCHRETDC01$   Caller Domain: ODRETAIL   Caller Logon ID: (0x0,0x3E7)   
<13>Jan 13 07:30:29 USCHNABH01 AgentDevice=WindowsLog	AgentLogFile=Security	PluginVersion=1.0.14	Source=Security	Computer=USCHNABH01	User=ANONYMOUS LOGON	Domain=NT AUTHORITY	EventID=642	EventIDCode=642	EventType=8	EventCategory=7	RecordNumber=4251342454	TimeGenerated=1389615726	TimeWritten=1389615726	Message=User Account Changed:   Target Account Name: Christine-Marji   Target Domain: NA   Target Account ID: NA\Christine-Marji   Caller User Name: ANONYMOUS LOGON   Caller Domain: NT AUTHORITY   Caller Logon ID: (0x0,0x78050070)   Privileges: -  Changed Attributes:   Sam Account Name: -   Display Name: -   User Principal Name: -   Home Directory: -   Home Drive: -   Script Path: -   Profile Path: -   User Workstations: -   Password Last Set: 1/13/2014 7:22:06 AM   Account Expires: -   Primary Group ID: -   AllowedToDelegateTo: -   Old UAC Value: -   New UAC Value: -   User Account Control: -   User Parameters: -   Sid History: -   Logon Hours: -   
<13>Jan 13 07:30:08 USCHRETDC01 AgentDevice=WindowsLog	AgentLogFile=Security	PluginVersion=1.0.14	Source=Security	Computer=USCHRETDC01	User=SYSTEM	Domain=NT AUTHORITY	EventID=644	EventIDCode=644	EventType=8	EventCategory=7	RecordNumber=2275687600	TimeGenerated=1389616204	TimeWritten=1389616204	Message=User Account Locked Out:   Target Account Name: appmgr   Target Account ID: ODRETAIL\appmgr   Caller Machine Name:    Caller User Name: USCHRETDC01$   Caller Domain: ODRETAIL   Caller Logon ID: (0x0,0x3E7)   
<13>Jan 13 07:30:08 USCHRETDC01 AgentDevice=WindowsLog	AgentLogFile=Security	PluginVersion=1.0.14	Source=Security	Computer=USCHRETDC01	User=SYSTEM	Domain=NT AUTHORITY	EventID=644	EventIDCode=644	EventType=8	EventCategory=7	RecordNumber=2275687596	TimeGenerated=1389616204	TimeWritten=1389616204	Message=User Account Locked Out:   Target Account Name: appmgr   Target Account ID: ODRETAIL\appmgr   Caller Machine Name:    Caller User Name: USCHRETDC01$   Caller Domain: ODRETAIL   Caller Logon ID: (0x0,0x3E7)   
<13>Jan 13 07:29:17 USCHNAHUB05 AgentDevice=WindowsLog	AgentLogFile=Security	PluginVersion=1.0.14	Source=Security	Computer=USCHNAHUB05	User=SVC-IDMAdmin	Domain=NA	EventID=671	EventIDCode=671	EventType=8	EventCategory=7	RecordNumber=615191460	TimeGenerated=1389616154	TimeWritten=1389616154	Message=User Account Unlocked:   Target Account Name: Dorothy-Starks   Target Domain:  NA   Target Account ID: NA\Dorothy-Starks   Caller User Name: SVC-IDMAdmin   Caller Domain: NA   Caller Logon ID: (0x0,0x1AB49B20)   
<13>Jan 13 07:29:17 USCHNAHUB05 AgentDevice=WindowsLog	AgentLogFile=Security	PluginVersion=1.0.14	Source=Security	Computer=USCHNAHUB05	User=SVC-IDMAdmin	Domain=NA	EventID=642	EventIDCode=642	EventType=8	EventCategory=7	RecordNumber=615191441	TimeGenerated=1389616154	TimeWritten=1389616154	Message=User Account Changed:   Target Account Name: Dorothy-Starks   Target Domain: NA   Target Account ID: NA\Dorothy-Starks   Caller User Name: SVC-IDMAdmin   Caller Domain: NA   Caller Logon ID: (0x0,0x1AB49C91)   Privileges: -  Changed Attributes:   Sam Account Name: -   Display Name: -   User Principal Name: -   Home Directory: -   Home Drive: -   Script Path: -   Profile Path: -   User Workstations: -   Password Last Set: 1/13/2014 7:29:14 AM   Account Expires: -   Primary Group ID: -   AllowedToDelegateTo: -   Old UAC Value: -   New UAC Value: -   User Account Control: -   User Parameters: -   Sid History: -   Logon Hours: -   
<13>Jan 13 07:28:30 USCHNAHUB02 AgentDevice=WindowsLog	AgentLogFile=Security	PluginVersion=1.0.14	Source=Security	Computer=USCHNAHUB02	User=ANONYMOUS LOGON	Domain=NT AUTHORITY	EventID=642	EventIDCode=642	EventType=8	EventCategory=7	RecordNumber=3024255125	TimeGenerated=1389609086	TimeWritten=1389609086	Message=User Account Changed:   Target Account Name: Bala-Chandran   Target Domain: NA   Target Account ID: NA\Bala-Chandran   Caller User Name: USCHNAHUB02$   Caller Domain: NA   Caller Logon ID: (0x0,0x3E7)   Privileges: -  Changed Attributes:   Sam Account Name: -   Display Name: -   User Principal Name: -   Home Directory: -   Home Drive: -   Script Path: -   Profile Path: -   User Workstations: -   Password Last Set: 1/13/2014 5:31:26 AM   Account Expires: -   Primary Group ID: -   AllowedToDelegateTo: -   Old UAC Value: -   New UAC Value: -   User Account Control: -   User Parameters: -   Sid History: -   Logon Hours: -   
<13>Jan 13 07:28:06 USCHC10WEB02 AgentDevice=WindowsLog	AgentLogFile=Security	PluginVersion=1.0.14	Source=Security	Computer=USCHC10WEB02	User=SYSTEM	Domain=NT AUTHORITY	EventID=644	EventIDCode=644	EventType=8	EventCategory=7	RecordNumber=116057824	TimeGenerated=1389616083	TimeWritten=1389616083	Message=User Account Locked Out:   Target Account Name: john-jacobs   Target Account ID: USCHC10WEB02\john-jacobs   Caller Machine Name: ODS02785W12   Caller User Name: USCHC10WEB02$   Caller Domain: NA   Caller Logon ID: (0x0,0x3E7)   
<13>Jan 13 13:26:32 EUNLVEDC01 AgentDevice=WindowsLog	AgentLogFile=Security	PluginVersion=1.0.14	Source=Security	Computer=EUNLVEDC01	User=ETAdm	Domain=EUROPE	EventID=671	EventIDCode=671	EventType=8	EventCategory=7	RecordNumber=2555441193	TimeGenerated=1389614972	TimeWritten=1389614972	Message=User Account Unlocked:   Target Account Name: Marisa-Brasse   Target Domain:  EUROPE   Target Account ID: EUROPE\Marisa-Brasse   Caller User Name: ETAdm   Caller Domain: EUROPE   Caller Logon ID: (0x0,0xBDAFACD)   
<13>Jan 13 07:26:10 USCHC10WEB01 AgentDevice=WindowsLog	AgentLogFile=Security	PluginVersion=1.0.14	Source=Security	Computer=USCHC10WEB01	User=SYSTEM	Domain=NT AUTHORITY	EventID=644	EventIDCode=644	EventType=8	EventCategory=7	RecordNumber=115416118	TimeGenerated=1389615968	TimeWritten=1389615968	Message=User Account Locked Out:   Target Account Name: john-jacobs   Target Account ID: USCHC10WEB01\john-jacobs   Caller Machine Name: ODS02507W12   Caller User Name: USCHC10WEB01$   Caller Domain: NA   Caller Logon ID: (0x0,0x3E7)   
<13>Jan 13 13:23:56 EUNLVEDC02 AgentDevice=WindowsLog	AgentLogFile=Security	PluginVersion=1.0.14	Source=Security	Computer=EUNLVEDC02	User=DESAdm	Domain=EUROPE	EventID=671	EventIDCode=671	EventType=8	EventCategory=7	RecordNumber=1830038565	TimeGenerated=1389615658	TimeWritten=1389615658	Message=User Account Unlocked:   Target Account Name: Annemie-Donk   Target Domain:  EUROPE   Target Account ID: EUROPE\Annemie-Donk   Caller User Name: DESAdm   Caller Domain: EUROPE   Caller Logon ID: (0x0,0x2E4AE7BD)   
<13>Jan 13 13:23:03 EUNLVEDC01 AgentDevice=WindowsLog	AgentLogFile=Security	PluginVersion=1.0.14	Source=Security	Computer=EUNLVEDC01	User=SYSTEM	Domain=NT AUTHORITY	EventID=644	EventIDCode=644	EventType=8	EventCategory=7	RecordNumber=2555434585	TimeGenerated=1389614939	TimeWritten=1389614939	Message=User Account Locked Out:   Target Account Name: Jenna-McFarlane   Target Account ID: EUROPE\Jenna-McFarlane   Caller Machine Name: USCHCTXPS05   Caller User Name: EUNLVEDC01$   Caller Domain: EUROPE   Caller Logon ID: (0x0,0x3E7)   
<13>Jan 13 07:22:36 USCHPOSDC01 AgentDevice=WindowsLog	AgentLogFile=Security	PluginVersion=1.0.14	Source=Security	Computer=USCHPOSDC01	User=SYSTEM	Domain=NT AUTHORITY	EventID=644	EventIDCode=644	EventType=8	EventCategory=7	RecordNumber=2546095091	TimeGenerated=1389615697	TimeWritten=1389615697	Message=User Account Locked Out:   Target Account Name: 259037   Target Account ID: POS\259037   Caller Machine Name: USCHNAHUB02   Caller User Name: USCHPOSDC01$   Caller Domain: POS   Caller Logon ID: (0x0,0x3E7)   
<13>Jan 13 07:21:52 USCHPOSDC01 AgentDevice=WindowsLog	AgentLogFile=Security	PluginVersion=1.0.14	Source=Security	Computer=USCHPOSDC01	User=ANONYMOUS LOGON	Domain=NT AUTHORITY	EventID=642	EventIDCode=642	EventType=8	EventCategory=7	RecordNumber=2546093006	TimeGenerated=1389615619	TimeWritten=1389615619	Message=User Account Changed:   Target Account Name: 636344   Target Domain: POS   Target Account ID: POS\636344   Caller User Name: USCHPOSDC01$   Caller Domain: POS   Caller Logon ID: (0x0,0x3E7)   Privileges: -  Changed Attributes:   Sam Account Name: -   Display Name: -   User Principal Name: -   Home Directory: -   Home Drive: -   Script Path: -   Profile Path: -   User Workstations: -   Password Last Set: 1/13/2014 7:20:19 AM   Account Expires: -   Primary Group ID: -   AllowedToDelegateTo: -   Old UAC Value: -   New UAC Value: -   User Account Control: -   User Parameters: -   Sid History: -   Logon Hours: -   
<13>Jan 13 07:20:58 USCHPOSDC01 AgentDevice=WindowsLog	AgentLogFile=Security	PluginVersion=1.0.14	Source=Security	Computer=USCHPOSDC01	User=ANONYMOUS LOGON	Domain=NT AUTHORITY	EventID=642	EventIDCode=642	EventType=8	EventCategory=7	RecordNumber=2546090417	TimeGenerated=1389615529	TimeWritten=1389615529	Message=User Account Changed:   Target Account Name: 495795   Target Domain: POS   Target Account ID: POS\495795   Caller User Name: USCHPOSDC01$   Caller Domain: POS   Caller Logon ID: (0x0,0x3E7)   Privileges: -  Changed Attributes:   Sam Account Name: -   Display Name: -   User Principal Name: -   Home Directory: -   Home Drive: -   Script Path: -   Profile Path: -   User Workstations: -   Password Last Set: 1/13/2014 7:18:49 AM   Account Expires: -   Primary Group ID: -   AllowedToDelegateTo: -   Old UAC Value: -   New UAC Value: -   User Account Control: -   User Parameters: -   Sid History: -   Logon Hours: -   
<13>Jan 13 07:20:22 USCHPOSDC02 AgentDevice=WindowsLog	AgentLogFile=Security	PluginVersion=1.0.14	Source=Security	Computer=USCHPOSDC02	User=SVC-IDMAdmin	Domain=NA	EventID=671	EventIDCode=671	EventType=8	EventCategory=7	RecordNumber=574875520	TimeGenerated=1389615619	TimeWritten=1389615619	Message=User Account Unlocked:   Target Account Name: 636344   Target Domain:  POS   Target Account ID: POS\636344   Caller User Name: SVC-IDMAdmin   Caller Domain: NA   Caller Logon ID: (0x0,0x525EF831)   
<13>Jan 13 07:20:22 USCHPOSDC02 AgentDevice=WindowsLog	AgentLogFile=Security	PluginVersion=1.0.14	Source=Security	Computer=USCHPOSDC02	User=SVC-IDMAdmin	Domain=NA	EventID=642	EventIDCode=642	EventType=8	EventCategory=7	RecordNumber=574875513	TimeGenerated=1389615619	TimeWritten=1389615619	Message=User Account Changed:   Target Account Name: 636344   Target Domain: POS   Target Account ID: POS\636344   Caller User Name: SVC-IDMAdmin   Caller Domain: NA   Caller Logon ID: (0x0,0x525EF904)   Privileges: -  Changed Attributes:   Sam Account Name: -   Display Name: -   User Principal Name: -   Home Directory: -   Home Drive: -   Script Path: -   Profile Path: -   User Workstations: -   Password Last Set: 1/13/2014 7:20:19 AM   Account Expires: -   Primary Group ID: -   AllowedToDelegateTo: -   Old UAC Value: -   New UAC Value: -   User Account Control: -   User Parameters: -   Sid History: -   Logon Hours: -   
<13>Jan 13 07:18:51 USCHPOSDC02 AgentDevice=WindowsLog	AgentLogFile=Security	PluginVersion=1.0.14	Source=Security	Computer=USCHPOSDC02	User=SVC-IDMAdmin	Domain=NA	EventID=671	EventIDCode=671	EventType=8	EventCategory=7	RecordNumber=574874809	TimeGenerated=1389615529	TimeWritten=1389615529	Message=User Account Unlocked:   Target Account Name: 495795   Target Domain:  POS   Target Account ID: POS\495795   Caller User Name: SVC-IDMAdmin   Caller Domain: NA   Caller Logon ID: (0x0,0x525E1181)   
<13>Jan 13 07:18:51 USCHPOSDC02 AgentDevice=WindowsLog	AgentLogFile=Security	PluginVersion=1.0.14	Source=Security	Computer=USCHPOSDC02	User=SVC-IDMAdmin	Domain=NA	EventID=642	EventIDCode=642	EventType=8	EventCategory=7	RecordNumber=574874804	TimeGenerated=1389615528	TimeWritten=1389615528	Message=User Account Changed:   Target Account Name: 495795   Target Domain: POS   Target Account ID: POS\495795   Caller User Name: SVC-IDMAdmin   Caller Domain: NA   Caller Logon ID: (0x0,0x525E1204)   Privileges: -  Changed Attributes:   Sam Account Name: -   Display Name: -   User Principal Name: -   Home Directory: -   Home Drive: -   Script Path: -   Profile Path: -   User Workstations: -   Password Last Set: 1/13/2014 7:18:48 AM   Account Expires: -   Primary Group ID: -   AllowedToDelegateTo: -   Old UAC Value: -   New UAC Value: -   User Account Control: -   User Parameters: -   Sid History: -   Logon Hours: -   
<13>Jan 13 07:17:11 USCHPOSDC01 AgentDevice=WindowsLog	AgentLogFile=Security	PluginVersion=1.0.14	Source=Security	Computer=USCHPOSDC01	User=SYSTEM	Domain=NT AUTHORITY	EventID=644	EventIDCode=644	EventType=8	EventCategory=7	RecordNumber=2546079581	TimeGenerated=1389615260	TimeWritten=1389615260	Message=User Account Locked Out:   Target Account Name: 655270   Target Account ID: POS\655270   Caller Machine Name: USCHNABH03   Caller User Name: USCHPOSDC01$   Caller Domain: POS   Caller Logon ID: (0x0,0x3E7)   
<13>Jan 13 07:15:42 USCHNAHUB02 AgentDevice=WindowsLog	AgentLogFile=Security	PluginVersion=1.0.14	Source=Security	Computer=USCHNAHUB02	User=Klaas-Prins	Domain=NA	EventID=671	EventIDCode=671	EventType=8	EventCategory=7	RecordNumber=3024228003	TimeGenerated=1389608888	TimeWritten=1389608888	Message=User Account Unlocked:   Target Account Name: Bala-Chandran   Target Domain:  NA   Target Account ID: NA\Bala-Chandran   Caller User Name: Klaas-Prins   Caller Domain: NA   Caller Logon ID: (0x0,0x600764D1)   
<13>Jan 13 13:13:35 EUNLVEDC01 AgentDevice=WindowsLog	AgentLogFile=Security	PluginVersion=1.0.14	Source=Security	Computer=EUNLVEDC01	User=SYSTEM	Domain=NT AUTHORITY	EventID=644	EventIDCode=644	EventType=8	EventCategory=7	RecordNumber=2555416386	TimeGenerated=1389614845	TimeWritten=1389614845	Message=User Account Locked Out:   Target Account Name: Janine-Kusters   Target Account ID: EUROPE\Janine-Kusters   Caller Machine Name:    Caller User Name: EUNLVEDC01$   Caller Domain: EUROPE   Caller Logon ID: (0x0,0x3E7)   
<13>Jan 13 13:12:46 EUNLVEDC02 AgentDevice=WindowsLog	AgentLogFile=Security	PluginVersion=1.0.14	Source=Security	Computer=EUNLVEDC02	User=ETAdm	Domain=EUROPE	EventID=671	EventIDCode=671	EventType=8	EventCategory=7	RecordNumber=1830006457	TimeGenerated=1389615163	TimeWritten=1389615163	Message=User Account Unlocked:   Target Account Name: Marisa-Brasse   Target Domain:  EUROPE   Target Account ID: EUROPE\Marisa-Brasse   Caller User Name: ETAdm   Caller Domain: EUROPE   Caller Logon ID: (0x0,0x2E444058)   
<13>Jan 13 13:12:30 EUNLVEDC01 AgentDevice=WindowsLog	AgentLogFile=Security	PluginVersion=1.0.14	Source=Security	Computer=EUNLVEDC01	User=SYSTEM	Domain=NT AUTHORITY	EventID=644	EventIDCode=644	EventType=8	EventCategory=7	RecordNumber=2555414356	TimeGenerated=1389614832	TimeWritten=1389614832	Message=User Account Locked Out:   Target Account Name: Marisa-Brasse   Target Account ID: EUROPE\Marisa-Brasse   Caller Machine Name: NLLT00314840   Caller User Name: EUNLVEDC01$   Caller Domain: EUROPE   Caller Logon ID: (0x0,0x3E7)   
<13>Jan 13 07:11:51 USCHPOSDC01 AgentDevice=WindowsLog	AgentLogFile=Security	PluginVersion=1.0.14	Source=Security	Computer=USCHPOSDC01	User=ANONYMOUS LOGON	Domain=NT AUTHORITY	EventID=642	EventIDCode=642	EventType=8	EventCategory=7	RecordNumber=2546064242	TimeGenerated=1389615064	TimeWritten=1389615064	Message=User Account Changed:   Target Account Name: 532833   Target Domain: POS   Target Account ID: POS\532833   Caller User Name: USCHPOSDC01$   Caller Domain: POS   Caller Logon ID: (0x0,0x3E7)   Privileges: -  Changed Attributes:   Sam Account Name: -   Display Name: -   User Principal Name: -   Home Directory: -   Home Drive: -   Script Path: -   Profile Path: -   User Workstations: -   Password Last Set: 1/13/2014 7:11:04 AM   Account Expires: -   Primary Group ID: -   AllowedToDelegateTo: -   Old UAC Value: -   New UAC Value: -   User Account Control: -   User Parameters: -   Sid History: -   Logon Hours: -   
<13>Jan 13 13:11:26 EUNLVEDC01 AgentDevice=WindowsLog	AgentLogFile=Security	PluginVersion=1.0.14	Source=Security	Computer=EUNLVEDC01	User=SYSTEM	Domain=NT AUTHORITY	EventID=644	EventIDCode=644	EventType=8	EventCategory=7	RecordNumber=2555412193	TimeGenerated=1389614825	TimeWritten=1389614825	Message=User Account Locked Out:   Target Account Name: Sarah-Willmer   Target Account ID: EUROPE\Sarah-Willmer   Caller Machine Name:    Caller User Name: EUNLVEDC01$   Caller Domain: EUROPE   Caller Logon ID: (0x0,0x3E7)   
<13>Jan 13 07:11:08 USCHPOSDC02 AgentDevice=WindowsLog	AgentLogFile=Security	PluginVersion=1.0.14	Source=Security	Computer=USCHPOSDC02	User=SVC-IDMAdmin	Domain=NA	EventID=671	EventIDCode=671	EventType=8	EventCategory=7	RecordNumber=574872613	TimeGenerated=1389615064	TimeWritten=1389615064	Message=User Account Unlocked:   Target Account Name: 532833   Target Domain:  POS   Target Account ID: POS\532833   Caller User Name: SVC-IDMAdmin   Caller Domain: NA   Caller Logon ID: (0x0,0x5259B7E9)   
<13>Jan 13 07:11:06 USCHPOSDC02 AgentDevice=WindowsLog	AgentLogFile=Security	PluginVersion=1.0.14	Source=Security	Computer=USCHPOSDC02	User=SVC-IDMAdmin	Domain=NA	EventID=642	EventIDCode=642	EventType=8	EventCategory=7	RecordNumber=574872606	TimeGenerated=1389615064	TimeWritten=1389615064	Message=User Account Changed:   Target Account Name: 532833   Target Domain: POS   Target Account ID: POS\532833   Caller User Name: SVC-IDMAdmin   Caller Domain: NA   Caller Logon ID: (0x0,0x5259B852)   Privileges: -  Changed Attributes:   Sam Account Name: -   Display Name: -   User Principal Name: -   Home Directory: -   Home Drive: -   Script Path: -   Profile Path: -   User Workstations: -   Password Last Set: 1/13/2014 7:11:04 AM   Account Expires: -   Primary Group ID: -   AllowedToDelegateTo: -   Old UAC Value: -   New UAC Value: -   User Account Control: -   User Parameters: -   Sid History: -   Logon Hours: -   
<13>Jan 13 13:10:27 EUNLVEDC02 AgentDevice=WindowsLog	AgentLogFile=Security	PluginVersion=1.0.14	Source=Security	Computer=EUNLVEDC02	User=SYSTEM	Domain=NT AUTHORITY	EventID=644	EventIDCode=644	EventType=8	EventCategory=7	RecordNumber=1830001252	TimeGenerated=1389615024	TimeWritten=1389615024	Message=User Account Locked Out:   Target Account Name: Marisa-Brasse   Target Account ID: EUROPE\Marisa-Brasse   Caller Machine Name: NLLT00314840   Caller User Name: EUNLVEDC02$   Caller Domain: EUROPE   Caller Logon ID: (0x0,0x3E7)   
