<13>Jan 13 00:30:36 USCHPOSDC01 AgentDevice=WindowsLog	AgentLogFile=Security	PluginVersion=1.0.14	Source=Security	Computer=USCHPOSDC01	User=SVC-ADIMPORT	Domain=POS	EventID=642	EventIDCode=642	EventType=8	EventCategory=7	RecordNumber=2545766461	TimeGenerated=1389591032	TimeWritten=1389591032	Message=User Account Changed:   Target Account Name: 656102   Target Domain: POS   Target Account ID: POS\656102   Caller User Name: SVC-ADIMPORT   Caller Domain: POS   Caller Logon ID: (0x0,0x4A690F1E)   Privileges: -  Changed Attributes:   Sam Account Name: -   Display Name: -   User Principal Name: -   Home Directory: -   Home Drive: -   Script Path: -   Profile Path: -   User Workstations: -   Password Last Set: 1/13/2014 12:30:32 AM   Account Expires: -   Primary Group ID: -   AllowedToDelegateTo: -   Old UAC Value: -   New UAC Value: -   User Account Control: -   User Parameters: -   Sid History: -   Logon Hours: -   
<13>Jan 13 00:30:34 USCHPOSDC01 AgentDevice=WindowsLog	AgentLogFile=Security	PluginVersion=1.0.14	Source=Security	Computer=USCHPOSDC01	User=SVC-ADIMPORT	Domain=POS	EventID=642	EventIDCode=642	EventType=8	EventCategory=7	RecordNumber=2545766450	TimeGenerated=1389591031	TimeWritten=1389591031	Message=User Account Changed:   Target Account Name: 656101   Target Domain: POS   Target Account ID: POS\656101   Caller User Name: SVC-ADIMPORT   Caller Domain: POS   Caller Logon ID: (0x0,0x4A68DF28)   Privileges: -  Changed Attributes:   Sam Account Name: -   Display Name: CANDICE MIEARS   User Principal Name: -   Home Directory: -   Home Drive: -   Script Path: -   Profile Path: -   User Workstations: -   Password Last Set: -   Account Expires: -   Primary Group ID: -   AllowedToDelegateTo: -   Old UAC Value: -   New UAC Value: -   User Account Control: -   User Parameters: -   Sid History: -   Logon Hours: -   
<13>Jan 13 00:30:34 USCHPOSDC01 AgentDevice=WindowsLog	AgentLogFile=Security	PluginVersion=1.0.14	Source=Security	Computer=USCHPOSDC01	User=SVC-ADIMPORT	Domain=POS	EventID=626	EventIDCode=626	EventType=8	EventCategory=7	RecordNumber=2545766447	TimeGenerated=1389591031	TimeWritten=1389591031	Message=User Account Enabled:   Target Account Name: 656101   Target Domain: POS   Target Account ID: POS\656101   Caller User Name: SVC-ADIMPORT   Caller Domain: POS   Caller Logon ID: (0x0,0x4A68DF28)   
<13>Jan 13 00:30:34 USCHPOSDC01 AgentDevice=WindowsLog	AgentLogFile=Security	PluginVersion=1.0.14	Source=Security	Computer=USCHPOSDC01	User=SVC-ADIMPORT	Domain=POS	EventID=642	EventIDCode=642	EventType=8	EventCategory=7	RecordNumber=2545766446	TimeGenerated=1389591031	TimeWritten=1389591031	Message=User Account Changed:   Target Account Name: 656101   Target Domain: POS   Target Account ID: POS\656101   Caller User Name: SVC-ADIMPORT   Caller Domain: POS   Caller Logon ID: (0x0,0x4A68DF28)   Privileges: -  Changed Attributes:   Sam Account Name: -   Display Name: -   User Principal Name: -   Home Directory: -   Home Drive: -   Script Path: -   Profile Path: -   User Workstations: -   Password Last Set: -   Account Expires: -   Primary Group ID: -   AllowedToDelegateTo: -   Old UAC Value: 0x15   New UAC Value: 0x10   User Account Control:    Account Enabled    'Password Not Required' - Disabled    User Parameters: -   Sid History: -   Logon Hours: -   
<13>Jan 13 00:30:34 USCHPOSDC01 AgentDevice=WindowsLog	AgentLogFile=Security	PluginVersion=1.0.14	Source=Security	Computer=USCHPOSDC01	User=SVC-ADIMPORT	Domain=POS	EventID=642	EventIDCode=642	EventType=8	EventCategory=7	RecordNumber=2545766440	TimeGenerated=1389591031	TimeWritten=1389591031	Message=User Account Changed:   Target Account Name: 656101   Target Domain: POS   Target Account ID: POS\656101   Caller User Name: SVC-ADIMPORT   Caller Domain: POS   Caller Logon ID: (0x0,0x4A6908AB)   Privileges: -  Changed Attributes:   Sam Account Name: -   Display Name: -   User Principal Name: -   Home Directory: -   Home Drive: -   Script Path: -   Profile Path: -   User Workstations: -   Password Last Set: 1/13/2014 12:30:31 AM   Account Expires: -   Primary Group ID: -   AllowedToDelegateTo: -   Old UAC Value: -   New UAC Value: -   User Account Control: -   User Parameters: -   Sid History: -   Logon Hours: -   
<13>Jan 13 00:30:34 USCHPOSDC01 AgentDevice=WindowsLog	AgentLogFile=Security	PluginVersion=1.0.14	Source=Security	Computer=USCHPOSDC01	User=SVC-ADIMPORT	Domain=POS	EventID=642	EventIDCode=642	EventType=8	EventCategory=7	RecordNumber=2545766430	TimeGenerated=1389591031	TimeWritten=1389591031	Message=User Account Changed:   Target Account Name: 656100   Target Domain: POS   Target Account ID: POS\656100   Caller User Name: SVC-ADIMPORT   Caller Domain: POS   Caller Logon ID: (0x0,0x4A68DF28)   Privileges: -  Changed Attributes:   Sam Account Name: -   Display Name: DARREN SMITH   User Principal Name: -   Home Directory: -   Home Drive: -   Script Path: -   Profile Path: -   User Workstations: -   Password Last Set: -   Account Expires: -   Primary Group ID: -   AllowedToDelegateTo: -   Old UAC Value: -   New UAC Value: -   User Account Control: -   User Parameters: -   Sid History: -   Logon Hours: -   
<13>Jan 13 00:30:34 USCHPOSDC01 AgentDevice=WindowsLog	AgentLogFile=Security	PluginVersion=1.0.14	Source=Security	Computer=USCHPOSDC01	User=SVC-ADIMPORT	Domain=POS	EventID=626	EventIDCode=626	EventType=8	EventCategory=7	RecordNumber=2545766426	TimeGenerated=1389591030	TimeWritten=1389591030	Message=User Account Enabled:   Target Account Name: 656100   Target Domain: POS   Target Account ID: POS\656100   Caller User Name: SVC-ADIMPORT   Caller Domain: POS   Caller Logon ID: (0x0,0x4A68DF28)   
<13>Jan 13 00:30:34 USCHPOSDC01 AgentDevice=WindowsLog	AgentLogFile=Security	PluginVersion=1.0.14	Source=Security	Computer=USCHPOSDC01	User=SVC-ADIMPORT	Domain=POS	EventID=642	EventIDCode=642	EventType=8	EventCategory=7	RecordNumber=2545766425	TimeGenerated=1389591030	TimeWritten=1389591030	Message=User Account Changed:   Target Account Name: 656100   Target Domain: POS   Target Account ID: POS\656100   Caller User Name: SVC-ADIMPORT   Caller Domain: POS   Caller Logon ID: (0x0,0x4A68DF28)   Privileges: -  Changed Attributes:   Sam Account Name: -   Display Name: -   User Principal Name: -   Home Directory: -   Home Drive: -   Script Path: -   Profile Path: -   User Workstations: -   Password Last Set: -   Account Expires: -   Primary Group ID: -   AllowedToDelegateTo: -   Old UAC Value: 0x15   New UAC Value: 0x10   User Account Control:    Account Enabled    'Password Not Required' - Disabled    User Parameters: -   Sid History: -   Logon Hours: -   
<13>Jan 13 00:30:34 USCHPOSDC01 AgentDevice=WindowsLog	AgentLogFile=Security	PluginVersion=1.0.14	Source=Security	Computer=USCHPOSDC01	User=SVC-ADIMPORT	Domain=POS	EventID=642	EventIDCode=642	EventType=8	EventCategory=7	RecordNumber=2545766418	TimeGenerated=1389591030	TimeWritten=1389591030	Message=User Account Changed:   Target Account Name: 656100   Target Domain: POS   Target Account ID: POS\656100   Caller User Name: SVC-ADIMPORT   Caller Domain: POS   Caller Logon ID: (0x0,0x4A690737)   Privileges: -  Changed Attributes:   Sam Account Name: -   Display Name: -   User Principal Name: -   Home Directory: -   Home Drive: -   Script Path: -   Profile Path: -   User Workstations: -   Password Last Set: 1/13/2014 12:30:30 AM   Account Expires: -   Primary Group ID: -   AllowedToDelegateTo: -   Old UAC Value: -   New UAC Value: -   User Account Control: -   User Parameters: -   Sid History: -   Logon Hours: -   
<13>Jan 13 00:30:34 USCHPOSDC01 AgentDevice=WindowsLog	AgentLogFile=Security	PluginVersion=1.0.14	Source=Security	Computer=USCHPOSDC01	User=SVC-ADIMPORT	Domain=POS	EventID=642	EventIDCode=642	EventType=8	EventCategory=7	RecordNumber=2545766408	TimeGenerated=1389591030	TimeWritten=1389591030	Message=User Account Changed:   Target Account Name: 656099   Target Domain: POS   Target Account ID: POS\656099   Caller User Name: SVC-ADIMPORT   Caller Domain: POS   Caller Logon ID: (0x0,0x4A68DF28)   Privileges: -  Changed Attributes:   Sam Account Name: -   Display Name: NGUYEN KIMLONG   User Principal Name: -   Home Directory: -   Home Drive: -   Script Path: -   Profile Path: -   User Workstations: -   Password Last Set: -   Account Expires: -   Primary Group ID: -   AllowedToDelegateTo: -   Old UAC Value: -   New UAC Value: -   User Account Control: -   User Parameters: -   Sid History: -   Logon Hours: -   
<13>Jan 13 00:30:32 USCHPOSDC01 AgentDevice=WindowsLog	AgentLogFile=Security	PluginVersion=1.0.14	Source=Security	Computer=USCHPOSDC01	User=SVC-ADIMPORT	Domain=POS	EventID=626	EventIDCode=626	EventType=8	EventCategory=7	RecordNumber=2545766405	TimeGenerated=1389591029	TimeWritten=1389591029	Message=User Account Enabled:   Target Account Name: 656099   Target Domain: POS   Target Account ID: POS\656099   Caller User Name: SVC-ADIMPORT   Caller Domain: POS   Caller Logon ID: (0x0,0x4A68DF28)   
<13>Jan 13 00:30:32 USCHPOSDC01 AgentDevice=WindowsLog	AgentLogFile=Security	PluginVersion=1.0.14	Source=Security	Computer=USCHPOSDC01	User=SVC-ADIMPORT	Domain=POS	EventID=642	EventIDCode=642	EventType=8	EventCategory=7	RecordNumber=2545766404	TimeGenerated=1389591029	TimeWritten=1389591029	Message=User Account Changed:   Target Account Name: 656099   Target Domain: POS   Target Account ID: POS\656099   Caller User Name: SVC-ADIMPORT   Caller Domain: POS   Caller Logon ID: (0x0,0x4A68DF28)   Privileges: -  Changed Attributes:   Sam Account Name: -   Display Name: -   User Principal Name: -   Home Directory: -   Home Drive: -   Script Path: -   Profile Path: -   User Workstations: -   Password Last Set: -   Account Expires: -   Primary Group ID: -   AllowedToDelegateTo: -   Old UAC Value: 0x15   New UAC Value: 0x10   User Account Control:    Account Enabled    'Password Not Required' - Disabled    User Parameters: -   Sid History: -   Logon Hours: -   
<13>Jan 13 00:30:32 USCHPOSDC01 AgentDevice=WindowsLog	AgentLogFile=Security	PluginVersion=1.0.14	Source=Security	Computer=USCHPOSDC01	User=SVC-ADIMPORT	Domain=POS	EventID=642	EventIDCode=642	EventType=8	EventCategory=7	RecordNumber=2545766398	TimeGenerated=1389591029	TimeWritten=1389591029	Message=User Account Changed:   Target Account Name: 656099   Target Domain: POS   Target Account ID: POS\656099   Caller User Name: SVC-ADIMPORT   Caller Domain: POS   Caller Logon ID: (0x0,0x4A690603)   Privileges: -  Changed Attributes:   Sam Account Name: -   Display Name: -   User Principal Name: -   Home Directory: -   Home Drive: -   Script Path: -   Profile Path: -   User Workstations: -   Password Last Set: 1/13/2014 12:30:29 AM   Account Expires: -   Primary Group ID: -   AllowedToDelegateTo: -   Old UAC Value: -   New UAC Value: -   User Account Control: -   User Parameters: -   Sid History: -   Logon Hours: -   
<13>Jan 13 00:30:32 USCHPOSDC01 AgentDevice=WindowsLog	AgentLogFile=Security	PluginVersion=1.0.14	Source=Security	Computer=USCHPOSDC01	User=SVC-ADIMPORT	Domain=POS	EventID=642	EventIDCode=642	EventType=8	EventCategory=7	RecordNumber=2545766388	TimeGenerated=1389591029	TimeWritten=1389591029	Message=User Account Changed:   Target Account Name: 656098   Target Domain: POS   Target Account ID: POS\656098   Caller User Name: SVC-ADIMPORT   Caller Domain: POS   Caller Logon ID: (0x0,0x4A68DF28)   Privileges: -  Changed Attributes:   Sam Account Name: -   Display Name: TEVITA PEAUA   User Principal Name: -   Home Directory: -   Home Drive: -   Script Path: -   Profile Path: -   User Workstations: -   Password Last Set: -   Account Expires: -   Primary Group ID: -   AllowedToDelegateTo: -   Old UAC Value: -   New UAC Value: -   User Account Control: -   User Parameters: -   Sid History: -   Logon Hours: -   
<13>Jan 13 00:30:32 USCHPOSDC01 AgentDevice=WindowsLog	AgentLogFile=Security	PluginVersion=1.0.14	Source=Security	Computer=USCHPOSDC01	User=SVC-ADIMPORT	Domain=POS	EventID=626	EventIDCode=626	EventType=8	EventCategory=7	RecordNumber=2545766385	TimeGenerated=1389591028	TimeWritten=1389591028	Message=User Account Enabled:   Target Account Name: 656098   Target Domain: POS   Target Account ID: POS\656098   Caller User Name: SVC-ADIMPORT   Caller Domain: POS   Caller Logon ID: (0x0,0x4A68DF28)   
<13>Jan 13 00:30:32 USCHPOSDC01 AgentDevice=WindowsLog	AgentLogFile=Security	PluginVersion=1.0.14	Source=Security	Computer=USCHPOSDC01	User=SVC-ADIMPORT	Domain=POS	EventID=642	EventIDCode=642	EventType=8	EventCategory=7	RecordNumber=2545766384	TimeGenerated=1389591028	TimeWritten=1389591028	Message=User Account Changed:   Target Account Name: 656098   Target Domain: POS   Target Account ID: POS\656098   Caller User Name: SVC-ADIMPORT   Caller Domain: POS   Caller Logon ID: (0x0,0x4A68DF28)   Privileges: -  Changed Attributes:   Sam Account Name: -   Display Name: -   User Principal Name: -   Home Directory: -   Home Drive: -   Script Path: -   Profile Path: -   User Workstations: -   Password Last Set: -   Account Expires: -   Primary Group ID: -   AllowedToDelegateTo: -   Old UAC Value: 0x15   New UAC Value: 0x10   User Account Control:    Account Enabled    'Password Not Required' - Disabled    User Parameters: -   Sid History: -   Logon Hours: -   
<13>Jan 13 00:30:32 USCHPOSDC01 AgentDevice=WindowsLog	AgentLogFile=Security	PluginVersion=1.0.14	Source=Security	Computer=USCHPOSDC01	User=SVC-ADIMPORT	Domain=POS	EventID=642	EventIDCode=642	EventType=8	EventCategory=7	RecordNumber=2545766378	TimeGenerated=1389591028	TimeWritten=1389591028	Message=User Account Changed:   Target Account Name: 656098   Target Domain: POS   Target Account ID: POS\656098   Caller User Name: SVC-ADIMPORT   Caller Domain: POS   Caller Logon ID: (0x0,0x4A6904F4)   Privileges: -  Changed Attributes:   Sam Account Name: -   Display Name: -   User Principal Name: -   Home Directory: -   Home Drive: -   Script Path: -   Profile Path: -   User Workstations: -   Password Last Set: 1/13/2014 12:30:28 AM   Account Expires: -   Primary Group ID: -   AllowedToDelegateTo: -   Old UAC Value: -   New UAC Value: -   User Account Control: -   User Parameters: -   Sid History: -   Logon Hours: -   
<13>Jan 13 00:30:32 USCHPOSDC01 AgentDevice=WindowsLog	AgentLogFile=Security	PluginVersion=1.0.14	Source=Security	Computer=USCHPOSDC01	User=SVC-ADIMPORT	Domain=POS	EventID=642	EventIDCode=642	EventType=8	EventCategory=7	RecordNumber=2545766368	TimeGenerated=1389591028	TimeWritten=1389591028	Message=User Account Changed:   Target Account Name: 656093   Target Domain: POS   Target Account ID: POS\656093   Caller User Name: SVC-ADIMPORT   Caller Domain: POS   Caller Logon ID: (0x0,0x4A68DF28)   Privileges: -  Changed Attributes:   Sam Account Name: -   Display Name: MARIAH DOMINGUEZ   User Principal Name: -   Home Directory: -   Home Drive: -   Script Path: -   Profile Path: -   User Workstations: -   Password Last Set: -   Account Expires: -   Primary Group ID: -   AllowedToDelegateTo: -   Old UAC Value: -   New UAC Value: -   User Account Control: -   User Parameters: -   Sid History: -   Logon Hours: -   
<13>Jan 13 00:30:32 USCHPOSDC01 AgentDevice=WindowsLog	AgentLogFile=Security	PluginVersion=1.0.14	Source=Security	Computer=USCHPOSDC01	User=SVC-ADIMPORT	Domain=POS	EventID=626	EventIDCode=626	EventType=8	EventCategory=7	RecordNumber=2545766365	TimeGenerated=1389591028	TimeWritten=1389591028	Message=User Account Enabled:   Target Account Name: 656093   Target Domain: POS   Target Account ID: POS\656093   Caller User Name: SVC-ADIMPORT   Caller Domain: POS   Caller Logon ID: (0x0,0x4A68DF28)   
<13>Jan 13 00:30:32 USCHPOSDC01 AgentDevice=WindowsLog	AgentLogFile=Security	PluginVersion=1.0.14	Source=Security	Computer=USCHPOSDC01	User=SVC-ADIMPORT	Domain=POS	EventID=642	EventIDCode=642	EventType=8	EventCategory=7	RecordNumber=2545766364	TimeGenerated=1389591028	TimeWritten=1389591028	Message=User Account Changed:   Target Account Name: 656093   Target Domain: POS   Target Account ID: POS\656093   Caller User Name: SVC-ADIMPORT   Caller Domain: POS   Caller Logon ID: (0x0,0x4A68DF28)   Privileges: -  Changed Attributes:   Sam Account Name: -   Display Name: -   User Principal Name: -   Home Directory: -   Home Drive: -   Script Path: -   Profile Path: -   User Workstations: -   Password Last Set: -   Account Expires: -   Primary Group ID: -   AllowedToDelegateTo: -   Old UAC Value: 0x15   New UAC Value: 0x10   User Account Control:    Account Enabled    'Password Not Required' - Disabled    User Parameters: -   Sid History: -   Logon Hours: -   
<13>Jan 13 00:30:32 USCHPOSDC01 AgentDevice=WindowsLog	AgentLogFile=Security	PluginVersion=1.0.14	Source=Security	Computer=USCHPOSDC01	User=SVC-ADIMPORT	Domain=POS	EventID=642	EventIDCode=642	EventType=8	EventCategory=7	RecordNumber=2545766352	TimeGenerated=1389591027	TimeWritten=1389591027	Message=User Account Changed:   Target Account Name: 656093   Target Domain: POS   Target Account ID: POS\656093   Caller User Name: SVC-ADIMPORT   Caller Domain: POS   Caller Logon ID: (0x0,0x4A68FDEF)   Privileges: -  Changed Attributes:   Sam Account Name: -   Display Name: -   User Principal Name: -   Home Directory: -   Home Drive: -   Script Path: -   Profile Path: -   User Workstations: -   Password Last Set: 1/13/2014 12:30:27 AM   Account Expires: -   Primary Group ID: -   AllowedToDelegateTo: -   Old UAC Value: -   New UAC Value: -   User Account Control: -   User Parameters: -   Sid History: -   Logon Hours: -   
<13>Jan 13 00:30:29 USCHPOSDC01 AgentDevice=WindowsLog	AgentLogFile=Security	PluginVersion=1.0.14	Source=Security	Computer=USCHPOSDC01	User=SVC-ADIMPORT	Domain=POS	EventID=642	EventIDCode=642	EventType=8	EventCategory=7	RecordNumber=2545766328	TimeGenerated=1389591026	TimeWritten=1389591026	Message=User Account Changed:   Target Account Name: 655985   Target Domain: POS   Target Account ID: POS\655985   Caller User Name: SVC-ADIMPORT   Caller Domain: POS   Caller Logon ID: (0x0,0x4A68DF28)   Privileges: -  Changed Attributes:   Sam Account Name: -   Display Name: ZACHARY VANCLEVE   User Principal Name: -   Home Directory: -   Home Drive: -   Script Path: -   Profile Path: -   User Workstations: -   Password Last Set: -   Account Expires: -   Primary Group ID: -   AllowedToDelegateTo: -   Old UAC Value: -   New UAC Value: -   User Account Control: -   User Parameters: -   Sid History: -   Logon Hours: -   
<13>Jan 13 00:30:29 USCHPOSDC01 AgentDevice=WindowsLog	AgentLogFile=Security	PluginVersion=1.0.14	Source=Security	Computer=USCHPOSDC01	User=SVC-ADIMPORT	Domain=POS	EventID=626	EventIDCode=626	EventType=8	EventCategory=7	RecordNumber=2545766325	TimeGenerated=1389591026	TimeWritten=1389591026	Message=User Account Enabled:   Target Account Name: 655985   Target Domain: POS   Target Account ID: POS\655985   Caller User Name: SVC-ADIMPORT   Caller Domain: POS   Caller Logon ID: (0x0,0x4A68DF28)   
<13>Jan 13 00:30:29 USCHPOSDC01 AgentDevice=WindowsLog	AgentLogFile=Security	PluginVersion=1.0.14	Source=Security	Computer=USCHPOSDC01	User=SVC-ADIMPORT	Domain=POS	EventID=642	EventIDCode=642	EventType=8	EventCategory=7	RecordNumber=2545766324	TimeGenerated=1389591026	TimeWritten=1389591026	Message=User Account Changed:   Target Account Name: 655985   Target Domain: POS   Target Account ID: POS\655985   Caller User Name: SVC-ADIMPORT   Caller Domain: POS   Caller Logon ID: (0x0,0x4A68DF28)   Privileges: -  Changed Attributes:   Sam Account Name: -   Display Name: -   User Principal Name: -   Home Directory: -   Home Drive: -   Script Path: -   Profile Path: -   User Workstations: -   Password Last Set: -   Account Expires: -   Primary Group ID: -   AllowedToDelegateTo: -   Old UAC Value: 0x15   New UAC Value: 0x10   User Account Control:    Account Enabled    'Password Not Required' - Disabled    User Parameters: -   Sid History: -   Logon Hours: -   
<13>Jan 13 00:30:29 USCHPOSDC01 AgentDevice=WindowsLog	AgentLogFile=Security	PluginVersion=1.0.14	Source=Security	Computer=USCHPOSDC01	User=SVC-ADIMPORT	Domain=POS	EventID=642	EventIDCode=642	EventType=8	EventCategory=7	RecordNumber=2545766318	TimeGenerated=1389591026	TimeWritten=1389591026	Message=User Account Changed:   Target Account Name: 655985   Target Domain: POS   Target Account ID: POS\655985   Caller User Name: SVC-ADIMPORT   Caller Domain: POS   Caller Logon ID: (0x0,0x4A68F411)   Privileges: -  Changed Attributes:   Sam Account Name: -   Display Name: -   User Principal Name: -   Home Directory: -   Home Drive: -   Script Path: -   Profile Path: -   User Workstations: -   Password Last Set: 1/13/2014 12:30:26 AM   Account Expires: -   Primary Group ID: -   AllowedToDelegateTo: -   Old UAC Value: -   New UAC Value: -   User Account Control: -   User Parameters: -   Sid History: -   Logon Hours: -   
<13>Jan 13 00:30:29 USCHPOSDC01 AgentDevice=WindowsLog	AgentLogFile=Security	PluginVersion=1.0.14	Source=Security	Computer=USCHPOSDC01	User=SVC-ADIMPORT	Domain=POS	EventID=642	EventIDCode=642	EventType=8	EventCategory=7	RecordNumber=2545766304	TimeGenerated=1389591025	TimeWritten=1389591025	Message=User Account Changed:   Target Account Name: 655867   Target Domain: POS   Target Account ID: POS\655867   Caller User Name: SVC-ADIMPORT   Caller Domain: POS   Caller Logon ID: (0x0,0x4A68DF28)   Privileges: -  Changed Attributes:   Sam Account Name: -   Display Name: BRENDA WEAVER   User Principal Name: -   Home Directory: -   Home Drive: -   Script Path: -   Profile Path: -   User Workstations: -   Password Last Set: -   Account Expires: -   Primary Group ID: -   AllowedToDelegateTo: -   Old UAC Value: -   New UAC Value: -   User Account Control: -   User Parameters: -   Sid History: -   Logon Hours: -   
<13>Jan 13 00:30:29 USCHPOSDC01 AgentDevice=WindowsLog	AgentLogFile=Security	PluginVersion=1.0.14	Source=Security	Computer=USCHPOSDC01	User=SVC-ADIMPORT	Domain=POS	EventID=626	EventIDCode=626	EventType=8	EventCategory=7	RecordNumber=2545766301	TimeGenerated=1389591025	TimeWritten=1389591025	Message=User Account Enabled:   Target Account Name: 655867   Target Domain: POS   Target Account ID: POS\655867   Caller User Name: SVC-ADIMPORT   Caller Domain: POS   Caller Logon ID: (0x0,0x4A68DF28)   
<13>Jan 13 00:30:29 USCHPOSDC01 AgentDevice=WindowsLog	AgentLogFile=Security	PluginVersion=1.0.14	Source=Security	Computer=USCHPOSDC01	User=SVC-ADIMPORT	Domain=POS	EventID=642	EventIDCode=642	EventType=8	EventCategory=7	RecordNumber=2545766300	TimeGenerated=1389591025	TimeWritten=1389591025	Message=User Account Changed:   Target Account Name: 655867   Target Domain: POS   Target Account ID: POS\655867   Caller User Name: SVC-ADIMPORT   Caller Domain: POS   Caller Logon ID: (0x0,0x4A68DF28)   Privileges: -  Changed Attributes:   Sam Account Name: -   Display Name: -   User Principal Name: -   Home Directory: -   Home Drive: -   Script Path: -   Profile Path: -   User Workstations: -   Password Last Set: -   Account Expires: -   Primary Group ID: -   AllowedToDelegateTo: -   Old UAC Value: 0x15   New UAC Value: 0x10   User Account Control:    Account Enabled    'Password Not Required' - Disabled    User Parameters: -   Sid History: -   Logon Hours: -   
<13>Jan 13 00:30:27 USCHPOSDC01 AgentDevice=WindowsLog	AgentLogFile=Security	PluginVersion=1.0.14	Source=Security	Computer=USCHPOSDC01	User=SVC-ADIMPORT	Domain=POS	EventID=642	EventIDCode=642	EventType=8	EventCategory=7	RecordNumber=2545766294	TimeGenerated=1389591025	TimeWritten=1389591025	Message=User Account Changed:   Target Account Name: 655867   Target Domain: POS   Target Account ID: POS\655867   Caller User Name: SVC-ADIMPORT   Caller Domain: POS   Caller Logon ID: (0x0,0x4A68F30E)   Privileges: -  Changed Attributes:   Sam Account Name: -   Display Name: -   User Principal Name: -   Home Directory: -   Home Drive: -   Script Path: -   Profile Path: -   User Workstations: -   Password Last Set: 1/13/2014 12:30:25 AM   Account Expires: -   Primary Group ID: -   AllowedToDelegateTo: -   Old UAC Value: -   New UAC Value: -   User Account Control: -   User Parameters: -   Sid History: -   Logon Hours: -   
<13>Jan 13 00:30:25 USCHPOSDC01 AgentDevice=WindowsLog	AgentLogFile=Security	PluginVersion=1.0.14	Source=Security	Computer=USCHPOSDC01	User=SVC-ADIMPORT	Domain=POS	EventID=642	EventIDCode=642	EventType=8	EventCategory=7	RecordNumber=2545766232	TimeGenerated=1389591022	TimeWritten=1389591022	Message=User Account Changed:   Target Account Name: 642692   Target Domain: POS   Target Account ID: POS\642692   Caller User Name: SVC-ADIMPORT   Caller Domain: POS   Caller Logon ID: (0x0,0x4A68DF28)   Privileges: -  Changed Attributes:   Sam Account Name: -   Display Name: ANDREW LOESER   User Principal Name: -   Home Directory: -   Home Drive: -   Script Path: -   Profile Path: -   User Workstations: -   Password Last Set: -   Account Expires: -   Primary Group ID: -   AllowedToDelegateTo: -   Old UAC Value: -   New UAC Value: -   User Account Control: -   User Parameters: -   Sid History: -   Logon Hours: -   
<13>Jan 13 00:30:25 USCHPOSDC01 AgentDevice=WindowsLog	AgentLogFile=Security	PluginVersion=1.0.14	Source=Security	Computer=USCHPOSDC01	User=SVC-ADIMPORT	Domain=POS	EventID=642	EventIDCode=642	EventType=8	EventCategory=7	RecordNumber=2545766227	TimeGenerated=1389591022	TimeWritten=1389591022	Message=User Account Changed:   Target Account Name: 642692   Target Domain: POS   Target Account ID: POS\642692   Caller User Name: SVC-ADIMPORT   Caller Domain: POS   Caller Logon ID: (0x0,0x4A68DF28)   Privileges: -  Changed Attributes:   Sam Account Name: -   Display Name: -   User Principal Name: -   Home Directory: -   Home Drive: -   Script Path: -   Profile Path: -   User Workstations: -   Password Last Set: -   Account Expires: -   Primary Group ID: -   AllowedToDelegateTo: -   Old UAC Value: 0x15   New UAC Value: 0x10   User Account Control:    Account Enabled    'Password Not Required' - Disabled    User Parameters: -   Sid History: -   Logon Hours: -   
<13>Jan 13 00:30:25 USCHPOSDC01 AgentDevice=WindowsLog	AgentLogFile=Security	PluginVersion=1.0.14	Source=Security	Computer=USCHPOSDC01	User=SVC-ADIMPORT	Domain=POS	EventID=626	EventIDCode=626	EventType=8	EventCategory=7	RecordNumber=2545766228	TimeGenerated=1389591022	TimeWritten=1389591022	Message=User Account Enabled:   Target Account Name: 642692   Target Domain: POS   Target Account ID: POS\642692   Caller User Name: SVC-ADIMPORT   Caller Domain: POS   Caller Logon ID: (0x0,0x4A68DF28)   
<13>Jan 13 00:30:25 USCHPOSDC01 AgentDevice=WindowsLog	AgentLogFile=Security	PluginVersion=1.0.14	Source=Security	Computer=USCHPOSDC01	User=SVC-ADIMPORT	Domain=POS	EventID=642	EventIDCode=642	EventType=8	EventCategory=7	RecordNumber=2545766221	TimeGenerated=1389591022	TimeWritten=1389591022	Message=User Account Changed:   Target Account Name: 642692   Target Domain: POS   Target Account ID: POS\642692   Caller User Name: SVC-ADIMPORT   Caller Domain: POS   Caller Logon ID: (0x0,0x4A68E5B9)   Privileges: -  Changed Attributes:   Sam Account Name: -   Display Name: -   User Principal Name: -   Home Directory: -   Home Drive: -   Script Path: -   Profile Path: -   User Workstations: -   Password Last Set: 1/13/2014 12:30:22 AM   Account Expires: -   Primary Group ID: -   AllowedToDelegateTo: -   Old UAC Value: -   New UAC Value: -   User Account Control: -   User Parameters: -   Sid History: -   Logon Hours: -   
<13>Jan 13 00:30:25 USCHPOSDC01 AgentDevice=WindowsLog	AgentLogFile=Security	PluginVersion=1.0.14	Source=Security	Computer=USCHPOSDC01	User=SVC-ADIMPORT	Domain=POS	EventID=642	EventIDCode=642	EventType=8	EventCategory=7	RecordNumber=2545766198	TimeGenerated=1389591021	TimeWritten=1389591021	Message=User Account Changed:   Target Account Name: 637693   Target Domain: POS   Target Account ID: POS\637693   Caller User Name: SVC-ADIMPORT   Caller Domain: POS   Caller Logon ID: (0x0,0x4A68DF28)   Privileges: -  Changed Attributes:   Sam Account Name: -   Display Name: ONYA BRUMFIELD   User Principal Name: -   Home Directory: -   Home Drive: -   Script Path: -   Profile Path: -   User Workstations: -   Password Last Set: -   Account Expires: -   Primary Group ID: -   AllowedToDelegateTo: -   Old UAC Value: -   New UAC Value: -   User Account Control: -   User Parameters: -   Sid History: -   Logon Hours: -   
<13>Jan 13 00:30:25 USCHPOSDC01 AgentDevice=WindowsLog	AgentLogFile=Security	PluginVersion=1.0.14	Source=Security	Computer=USCHPOSDC01	User=SVC-ADIMPORT	Domain=POS	EventID=626	EventIDCode=626	EventType=8	EventCategory=7	RecordNumber=2545766195	TimeGenerated=1389591021	TimeWritten=1389591021	Message=User Account Enabled:   Target Account Name: 637693   Target Domain: POS   Target Account ID: POS\637693   Caller User Name: SVC-ADIMPORT   Caller Domain: POS   Caller Logon ID: (0x0,0x4A68DF28)   
<13>Jan 13 00:30:25 USCHPOSDC01 AgentDevice=WindowsLog	AgentLogFile=Security	PluginVersion=1.0.14	Source=Security	Computer=USCHPOSDC01	User=SVC-ADIMPORT	Domain=POS	EventID=642	EventIDCode=642	EventType=8	EventCategory=7	RecordNumber=2545766194	TimeGenerated=1389591021	TimeWritten=1389591021	Message=User Account Changed:   Target Account Name: 637693   Target Domain: POS   Target Account ID: POS\637693   Caller User Name: SVC-ADIMPORT   Caller Domain: POS   Caller Logon ID: (0x0,0x4A68DF28)   Privileges: -  Changed Attributes:   Sam Account Name: -   Display Name: -   User Principal Name: -   Home Directory: -   Home Drive: -   Script Path: -   Profile Path: -   User Workstations: -   Password Last Set: -   Account Expires: -   Primary Group ID: -   AllowedToDelegateTo: -   Old UAC Value: 0x15   New UAC Value: 0x10   User Account Control:    Account Enabled    'Password Not Required' - Disabled    User Parameters: -   Sid History: -   Logon Hours: -   
<13>Jan 13 00:30:25 USCHPOSDC01 AgentDevice=WindowsLog	AgentLogFile=Security	PluginVersion=1.0.14	Source=Security	Computer=USCHPOSDC01	User=SVC-ADIMPORT	Domain=POS	EventID=642	EventIDCode=642	EventType=8	EventCategory=7	RecordNumber=2545766188	TimeGenerated=1389591021	TimeWritten=1389591021	Message=User Account Changed:   Target Account Name: 637693   Target Domain: POS   Target Account ID: POS\637693   Caller User Name: SVC-ADIMPORT   Caller Domain: POS   Caller Logon ID: (0x0,0x4A68E21F)   Privileges: -  Changed Attributes:   Sam Account Name: -   Display Name: -   User Principal Name: -   Home Directory: -   Home Drive: -   Script Path: -   Profile Path: -   User Workstations: -   Password Last Set: 1/13/2014 12:30:20 AM   Account Expires: -   Primary Group ID: -   AllowedToDelegateTo: -   Old UAC Value: -   New UAC Value: -   User Account Control: -   User Parameters: -   Sid History: -   Logon Hours: -   
<13>Jan 13 00:30:23 USCHPOSDC01 AgentDevice=WindowsLog	AgentLogFile=Security	PluginVersion=1.0.14	Source=Security	Computer=USCHPOSDC01	User=SVC-ADIMPORT	Domain=POS	EventID=642	EventIDCode=642	EventType=8	EventCategory=7	RecordNumber=2545766155	TimeGenerated=1389591019	TimeWritten=1389591019	Message=User Account Changed:   Target Account Name: 600515   Target Domain: POS   Target Account ID: POS\600515   Caller User Name: SVC-ADIMPORT   Caller Domain: POS   Caller Logon ID: (0x0,0x4A68DF28)   Privileges: -  Changed Attributes:   Sam Account Name: -   Display Name: DEBRA SIBLEY   User Principal Name: -   Home Directory: -   Home Drive: -   Script Path: -   Profile Path: -   User Workstations: -   Password Last Set: -   Account Expires: -   Primary Group ID: -   AllowedToDelegateTo: -   Old UAC Value: -   New UAC Value: -   User Account Control: -   User Parameters: -   Sid History: -   Logon Hours: -   
<13>Jan 13 00:30:23 USCHPOSDC01 AgentDevice=WindowsLog	AgentLogFile=Security	PluginVersion=1.0.14	Source=Security	Computer=USCHPOSDC01	User=SVC-ADIMPORT	Domain=POS	EventID=626	EventIDCode=626	EventType=8	EventCategory=7	RecordNumber=2545766149	TimeGenerated=1389591018	TimeWritten=1389591018	Message=User Account Enabled:   Target Account Name: 600515   Target Domain: POS   Target Account ID: POS\600515   Caller User Name: SVC-ADIMPORT   Caller Domain: POS   Caller Logon ID: (0x0,0x4A68DF28)   
<13>Jan 13 00:30:23 USCHPOSDC01 AgentDevice=WindowsLog	AgentLogFile=Security	PluginVersion=1.0.14	Source=Security	Computer=USCHPOSDC01	User=SVC-ADIMPORT	Domain=POS	EventID=642	EventIDCode=642	EventType=8	EventCategory=7	RecordNumber=2545766148	TimeGenerated=1389591018	TimeWritten=1389591018	Message=User Account Changed:   Target Account Name: 600515   Target Domain: POS   Target Account ID: POS\600515   Caller User Name: SVC-ADIMPORT   Caller Domain: POS   Caller Logon ID: (0x0,0x4A68DF28)   Privileges: -  Changed Attributes:   Sam Account Name: -   Display Name: -   User Principal Name: -   Home Directory: -   Home Drive: -   Script Path: -   Profile Path: -   User Workstations: -   Password Last Set: -   Account Expires: -   Primary Group ID: -   AllowedToDelegateTo: -   Old UAC Value: 0x15   New UAC Value: 0x10   User Account Control:    Account Enabled    'Password Not Required' - Disabled    User Parameters: -   Sid History: -   Logon Hours: -   
<13>Jan 13 00:30:23 USCHPOSDC01 AgentDevice=WindowsLog	AgentLogFile=Security	PluginVersion=1.0.14	Source=Security	Computer=USCHPOSDC01	User=SVC-ADIMPORT	Domain=POS	EventID=642	EventIDCode=642	EventType=8	EventCategory=7	RecordNumber=2545766140	TimeGenerated=1389591018	TimeWritten=1389591018	Message=User Account Changed:   Target Account Name: 600515   Target Domain: POS   Target Account ID: POS\600515   Caller User Name: SVC-ADIMPORT   Caller Domain: POS   Caller Logon ID: (0x0,0x4A68E014)   Privileges: -  Changed Attributes:   Sam Account Name: -   Display Name: -   User Principal Name: -   Home Directory: -   Home Drive: -   Script Path: -   Profile Path: -   User Workstations: -   Password Last Set: 1/13/2014 12:30:18 AM   Account Expires: -   Primary Group ID: -   AllowedToDelegateTo: -   Old UAC Value: -   New UAC Value: -   User Account Control: -   User Parameters: -   Sid History: -   Logon Hours: -   
<13>Jan 13 06:09:14 EUNLVEDC01 AgentDevice=WindowsLog	AgentLogFile=Security	PluginVersion=1.0.14	Source=Security	Computer=EUNLVEDC01	User=ANONYMOUS LOGON	Domain=NT AUTHORITY	EventID=642	EventIDCode=642	EventType=8	EventCategory=7	RecordNumber=2554634709	TimeGenerated=1389589750	TimeWritten=1389589750	Message=User Account Changed:   Target Account Name: Christian-Steinki   Target Domain: EUROPE   Target Account ID: EUROPE\Christian-Steinki   Caller User Name: EUNLVEDC01$   Caller Domain: EUROPE   Caller Logon ID: (0x0,0x3E7)   Privileges: -  Changed Attributes:   Sam Account Name: -   Display Name: -   User Principal Name: -   Home Directory: -   Home Drive: -   Script Path: -   Profile Path: -   User Workstations: -   Password Last Set: 1/13/2014 6:09:10 AM   Account Expires: -   Primary Group ID: -   AllowedToDelegateTo: -   Old UAC Value: -   New UAC Value: -   User Account Control: -   User Parameters: -   Sid History: -   Logon Hours: -   
<13>Jan 13 00:04:02 USHQNADC01 AgentDevice=WindowsLog	AgentLogFile=Security	PluginVersion=1.0.14	Source=Security	Computer=USHQNADC01	User=SYSTEM	Domain=NT AUTHORITY	EventID=644	EventIDCode=644	EventType=8	EventCategory=7	RecordNumber=241273135	TimeGenerated=1389589334	TimeWritten=1389589334	Message=User Account Locked Out:   Target Account Name: JCBmgr   Target Account ID: NA\JCBmgr   Caller Machine Name: \\10.63.125.95   Caller User Name: USHQNADC01$   Caller Domain: NA   Caller Logon ID: (0x0,0x3E7)   
<13>Jan 13 05:57:14 EUNLVEDC01 AgentDevice=WindowsLog	AgentLogFile=Security	PluginVersion=1.0.14	Source=Security	Computer=EUNLVEDC01	User=ANONYMOUS LOGON	Domain=NT AUTHORITY	EventID=642	EventIDCode=642	EventType=8	EventCategory=7	RecordNumber=2554625968	TimeGenerated=1389589031	TimeWritten=1389589031	Message=User Account Changed:   Target Account Name: Frederic-Koehler   Target Domain: EUROPE   Target Account ID: EUROPE\Frederic-Koehler   Caller User Name: EUNLVEDC01$   Caller Domain: EUROPE   Caller Logon ID: (0x0,0x3E7)   Privileges: -  Changed Attributes:   Sam Account Name: -   Display Name: -   User Principal Name: -   Home Directory: -   Home Drive: -   Script Path: -   Profile Path: -   User Workstations: -   Password Last Set: 1/13/2014 5:57:11 AM   Account Expires: -   Primary Group ID: -   AllowedToDelegateTo: -   Old UAC Value: -   New UAC Value: -   User Account Control: -   User Parameters: -   Sid History: -   Logon Hours: -   
<13>Jan 12 23:44:48 USCHNAHUB01 AgentDevice=WindowsLog	AgentLogFile=Security	PluginVersion=1.0.14	Source=Security	Computer=USCHNAHUB01	User=Shiva-Prasad	Domain=NA	EventID=642	EventIDCode=642	EventType=8	EventCategory=7	RecordNumber=362485739	TimeGenerated=1389574245	TimeWritten=1389574245	Message=User Account Changed:   Target Account Name: Shiva-Prasad   Target Domain: NA   Target Account ID: NA\Shiva-Prasad   Caller User Name: Shiva-Prasad   Caller Domain: NA   Caller Logon ID: (0x0,0xB65425FC)   Privileges: -  Changed Attributes:   Sam Account Name: -   Display Name: -   User Principal Name: -   Home Directory: -   Home Drive: -   Script Path: -   Profile Path: -   User Workstations: -   Password Last Set: 1/12/2014 7:50:45 PM   Account Expires: -   Primary Group ID: -   AllowedToDelegateTo: -   Old UAC Value: -   New UAC Value: -   User Account Control: -   User Parameters: -   Sid History: -   Logon Hours: -   
<13>Jan 12 23:38:40 USCHNAHUB02 AgentDevice=WindowsLog	AgentLogFile=Security	PluginVersion=1.0.14	Source=Security	Computer=USCHNAHUB02	User=SYSTEM	Domain=NT AUTHORITY	EventID=644	EventIDCode=644	EventType=8	EventCategory=7	RecordNumber=3023078095	TimeGenerated=1389581694	TimeWritten=1389581694	Message=User Account Locked Out:   Target Account Name: Wenshuai-Shi   Target Account ID: NA\Wenshuai-Shi   Caller Machine Name: MARVIN-PC   Caller User Name: USCHNAHUB02$   Caller Domain: NA   Caller Logon ID: (0x0,0x3E7)   
<13>Jan 13 05:34:46 EUNLVEDC01 AgentDevice=WindowsLog	AgentLogFile=Security	PluginVersion=1.0.14	Source=Security	Computer=EUNLVEDC01	User=ANONYMOUS LOGON	Domain=NT AUTHORITY	EventID=642	EventIDCode=642	EventType=8	EventCategory=7	RecordNumber=2554612385	TimeGenerated=1389587682	TimeWritten=1389587682	Message=User Account Changed:   Target Account Name: Sylvain-Ragaut   Target Domain: EUROPE   Target Account ID: EUROPE\Sylvain-Ragaut   Caller User Name: EUNLVEDC01$   Caller Domain: EUROPE   Caller Logon ID: (0x0,0x3E7)   Privileges: -  Changed Attributes:   Sam Account Name: -   Display Name: -   User Principal Name: -   Home Directory: -   Home Drive: -   Script Path: -   Profile Path: -   User Workstations: -   Password Last Set: 1/13/2014 5:34:42 AM   Account Expires: -   Primary Group ID: -   AllowedToDelegateTo: -   Old UAC Value: -   New UAC Value: -   User Account Control: -   User Parameters: -   Sid History: -   Logon Hours: -   
<13>Jan 12 23:31:03 USCHNAHUB02 AgentDevice=WindowsLog	AgentLogFile=Security	PluginVersion=1.0.14	Source=Security	Computer=USCHNAHUB02	User=SYSTEM	Domain=NT AUTHORITY	EventID=644	EventIDCode=644	EventType=8	EventCategory=7	RecordNumber=3023058180	TimeGenerated=1389580989	TimeWritten=1389580989	Message=User Account Locked Out:   Target Account Name: 649314MAN   Target Account ID: NA\649314MAN   Caller Machine Name: USCHFINC01S01   Caller User Name: USCHNAHUB02$   Caller Domain: NA   Caller Logon ID: (0x0,0x3E7)   
<13>Jan 12 23:28:55 USHQNADC01 AgentDevice=WindowsLog	AgentLogFile=Security	PluginVersion=1.0.14	Source=Security	Computer=USHQNADC01	User=SYSTEM	Domain=NT AUTHORITY	EventID=644	EventIDCode=644	EventType=8	EventCategory=7	RecordNumber=241256429	TimeGenerated=1389587332	TimeWritten=1389587332	Message=User Account Locked Out:   Target Account Name: JCBmgr   Target Account ID: NA\JCBmgr   Caller Machine Name: \\10.63.125.95   Caller User Name: USHQNADC01$   Caller Domain: NA   Caller Logon ID: (0x0,0x3E7)   
<13>Jan 13 05:18:53 EUNLVEDC01 AgentDevice=WindowsLog	AgentLogFile=Security	PluginVersion=1.0.14	Source=Security	Computer=EUNLVEDC01	User=ANONYMOUS LOGON	Domain=NT AUTHORITY	EventID=642	EventIDCode=642	EventType=8	EventCategory=7	RecordNumber=2554603980	TimeGenerated=1389586730	TimeWritten=1389586730	Message=User Account Changed:   Target Account Name: Sabar-Mebarki   Target Domain: EUROPE   Target Account ID: EUROPE\Sabar-Mebarki   Caller User Name: EUNLVEDC01$   Caller Domain: EUROPE   Caller Logon ID: (0x0,0x3E7)   Privileges: -  Changed Attributes:   Sam Account Name: -   Display Name: -   User Principal Name: -   Home Directory: -   Home Drive: -   Script Path: -   Profile Path: -   User Workstations: -   Password Last Set: 1/13/2014 5:18:50 AM   Account Expires: -   Primary Group ID: -   AllowedToDelegateTo: -   Old UAC Value: -   New UAC Value: -   User Account Control: -   User Parameters: -   Sid History: -   Logon Hours: -   
<13>Jan 13 05:04:26 EUNLVEDC01 AgentDevice=WindowsLog	AgentLogFile=Security	PluginVersion=1.0.14	Source=Security	Computer=EUNLVEDC01	User=ANONYMOUS LOGON	Domain=NT AUTHORITY	EventID=642	EventIDCode=642	EventType=8	EventCategory=7	RecordNumber=2554596023	TimeGenerated=1389585862	TimeWritten=1389585862	Message=User Account Changed:   Target Account Name: Poste_De_Garde_MSL   Target Domain: EUROPE   Target Account ID: EUROPE\Poste_De_Garde_MSL   Caller User Name: EUNLVEDC01$   Caller Domain: EUROPE   Caller Logon ID: (0x0,0x3E7)   Privileges: -  Changed Attributes:   Sam Account Name: -   Display Name: -   User Principal Name: -   Home Directory: -   Home Drive: -   Script Path: -   Profile Path: -   User Workstations: -   Password Last Set: 1/13/2014 5:04:22 AM   Account Expires: -   Primary Group ID: -   AllowedToDelegateTo: -   Old UAC Value: -   New UAC Value: -   User Account Control: -   User Parameters: -   Sid History: -   Logon Hours: -   
<13>Jan 12 23:02:05 USCHNAHUB06 AgentDevice=WindowsLog	AgentLogFile=Security	PluginVersion=1.0.14	Source=Security	Computer=USCHNAHUB06	User=SYSTEM	Domain=NT AUTHORITY	EventID=644	EventIDCode=644	EventType=8	EventCategory=7	RecordNumber=705750746	TimeGenerated=1389585723	TimeWritten=1389585723	Message=User Account Locked Out:   Target Account Name: Adrian-Macean   Target Account ID: NA\Adrian-Macean   Caller Machine Name: CHSECGPRS03   Caller User Name: USCHNAHUB06$   Caller Domain: NA   Caller Logon ID: (0x0,0x3E7)   
<13>Jan 12 22:58:31 USHQNADC01 AgentDevice=WindowsLog	AgentLogFile=Security	PluginVersion=1.0.14	Source=Security	Computer=USHQNADC01	User=SYSTEM	Domain=NT AUTHORITY	EventID=644	EventIDCode=644	EventType=8	EventCategory=7	RecordNumber=241244154	TimeGenerated=1389585507	TimeWritten=1389585507	Message=User Account Locked Out:   Target Account Name: JCBmgr   Target Account ID: NA\JCBmgr   Caller Machine Name: \\10.63.125.95   Caller User Name: USHQNADC01$   Caller Domain: NA   Caller Logon ID: (0x0,0x3E7)   
<13>Jan 12 22:48:17 USCHNAHUB06 AgentDevice=WindowsLog	AgentLogFile=Security	PluginVersion=1.0.14	Source=Security	Computer=USCHNAHUB06	User=SYSTEM	Domain=NT AUTHORITY	EventID=644	EventIDCode=644	EventType=8	EventCategory=7	RecordNumber=705732941	TimeGenerated=1389584894	TimeWritten=1389584894	Message=User Account Locked Out:   Target Account Name: Tom-Judson   Target Account ID: NA\Tom-Judson   Caller Machine Name: W8941DEH5PE-2.local   Caller User Name: USCHNAHUB06$   Caller Domain: NA   Caller Logon ID: (0x0,0x3E7)   
<13>Jan 12 22:37:46 USCHPOSDC01 AgentDevice=WindowsLog	AgentLogFile=Security	PluginVersion=1.0.14	Source=Security	Computer=USCHPOSDC01	User=ANONYMOUS LOGON	Domain=NT AUTHORITY	EventID=642	EventIDCode=642	EventType=8	EventCategory=7	RecordNumber=2545732776	TimeGenerated=1389584263	TimeWritten=1389584263	Message=User Account Changed:   Target Account Name: 631235   Target Domain: POS   Target Account ID: POS\631235   Caller User Name: USCHPOSDC01$   Caller Domain: POS   Caller Logon ID: (0x0,0x3E7)   Privileges: -  Changed Attributes:   Sam Account Name: -   Display Name: -   User Principal Name: -   Home Directory: -   Home Drive: -   Script Path: -   Profile Path: -   User Workstations: -   Password Last Set: 1/12/2014 10:37:43 PM   Account Expires: -   Primary Group ID: -   AllowedToDelegateTo: -   Old UAC Value: -   New UAC Value: -   User Account Control: -   User Parameters: -   Sid History: -   Logon Hours: -   
<13>Jan 12 22:37:46 USCHPOSDC02 AgentDevice=WindowsLog	AgentLogFile=Security	PluginVersion=1.0.14	Source=Security	Computer=USCHPOSDC02	User=SVC-IDMAdmin	Domain=NA	EventID=671	EventIDCode=671	EventType=8	EventCategory=7	RecordNumber=574651737	TimeGenerated=1389584263	TimeWritten=1389584263	Message=User Account Unlocked:   Target Account Name: 631235   Target Domain:  POS   Target Account ID: POS\631235   Caller User Name: SVC-IDMAdmin   Caller Domain: NA   Caller Logon ID: (0x0,0x51070D05)   
<13>Jan 12 22:37:46 USCHPOSDC02 AgentDevice=WindowsLog	AgentLogFile=Security	PluginVersion=1.0.14	Source=Security	Computer=USCHPOSDC02	User=SVC-IDMAdmin	Domain=NA	EventID=642	EventIDCode=642	EventType=8	EventCategory=7	RecordNumber=574651727	TimeGenerated=1389584263	TimeWritten=1389584263	Message=User Account Changed:   Target Account Name: 631235   Target Domain: POS   Target Account ID: POS\631235   Caller User Name: SVC-IDMAdmin   Caller Domain: NA   Caller Logon ID: (0x0,0x51070D9B)   Privileges: -  Changed Attributes:   Sam Account Name: -   Display Name: -   User Principal Name: -   Home Directory: -   Home Drive: -   Script Path: -   Profile Path: -   User Workstations: -   Password Last Set: 1/12/2014 10:37:43 PM   Account Expires: -   Primary Group ID: -   AllowedToDelegateTo: -   Old UAC Value: -   New UAC Value: -   User Account Control: -   User Parameters: -   Sid History: -   Logon Hours: -   
<13>Jan 12 22:37:34 USHQNADC01 AgentDevice=WindowsLog	AgentLogFile=Security	PluginVersion=1.0.14	Source=Security	Computer=USHQNADC01	User=SYSTEM	Domain=NT AUTHORITY	EventID=644	EventIDCode=644	EventType=8	EventCategory=7	RecordNumber=241234050	TimeGenerated=1389584251	TimeWritten=1389584251	Message=User Account Locked Out:   Target Account Name: Song-Wei   Target Account ID: NA\Song-Wei   Caller Machine Name: ERICWEI-PC   Caller User Name: USHQNADC01$   Caller Domain: NA   Caller Logon ID: (0x0,0x3E7)   
<13>Jan 12 22:28:09 USHQNADC01 AgentDevice=WindowsLog	AgentLogFile=Security	PluginVersion=1.0.14	Source=Security	Computer=USHQNADC01	User=SYSTEM	Domain=NT AUTHORITY	EventID=644	EventIDCode=644	EventType=8	EventCategory=7	RecordNumber=241230515	TimeGenerated=1389583685	TimeWritten=1389583685	Message=User Account Locked Out:   Target Account Name: JCBmgr   Target Account ID: NA\JCBmgr   Caller Machine Name: \\10.63.125.95   Caller User Name: USHQNADC01$   Caller Domain: NA   Caller Logon ID: (0x0,0x3E7)   
<13>Jan 13 04:23:27 EUNLVEDC01 AgentDevice=WindowsLog	AgentLogFile=Security	PluginVersion=1.0.14	Source=Security	Computer=EUNLVEDC01	User=ANONYMOUS LOGON	Domain=NT AUTHORITY	EventID=642	EventIDCode=642	EventType=8	EventCategory=7	RecordNumber=2554564916	TimeGenerated=1389583405	TimeWritten=1389583405	Message=User Account Changed:   Target Account Name: BBAdm   Target Domain: EUROPE   Target Account ID: EUROPE\BBAdm   Caller User Name: EUNLVEDC01$   Caller Domain: EUROPE   Caller Logon ID: (0x0,0x3E7)   Privileges: -  Changed Attributes:   Sam Account Name: -   Display Name: -   User Principal Name: -   Home Directory: -   Home Drive: -   Script Path: -   Profile Path: -   User Workstations: -   Password Last Set: 1/13/2014 4:23:24 AM   Account Expires: -   Primary Group ID: -   AllowedToDelegateTo: -   Old UAC Value: -   New UAC Value: -   User Account Control: -   User Parameters: -   Sid History: -   Logon Hours: -   
<13>Jan 12 22:02:12 USCHNAHUB01 AgentDevice=WindowsLog	AgentLogFile=Security	PluginVersion=1.0.14	Source=Security	Computer=USCHNAHUB01	User=Bernadett-Reddig	Domain=NA	EventID=642	EventIDCode=642	EventType=8	EventCategory=7	RecordNumber=362216006	TimeGenerated=1389567806	TimeWritten=1389567806	Message=User Account Changed:   Target Account Name: Richard-Gunawarden   Target Domain: NA   Target Account ID: NA\Richard-Gunawarden   Caller User Name: Bernadett-Reddig   Caller Domain: NA   Caller Logon ID: (0x0,0xB5E7EFE9)   Privileges: -  Changed Attributes:   Sam Account Name: -   Display Name: -   User Principal Name: -   Home Directory: -   Home Drive: -   Script Path: -   Profile Path: -   User Workstations: -   Password Last Set: 1/12/2014 6:03:26 PM   Account Expires: -   Primary Group ID: -   AllowedToDelegateTo: -   Old UAC Value: -   New UAC Value: -   User Account Control: -   User Parameters: -   Sid History: -   Logon Hours: -   
<13>Jan 12 22:02:10 USCHNAHUB01 AgentDevice=WindowsLog	AgentLogFile=Security	PluginVersion=1.0.14	Source=Security	Computer=USCHNAHUB01	User=Bernadett-Reddig	Domain=NA	EventID=642	EventIDCode=642	EventType=8	EventCategory=7	RecordNumber=362215907	TimeGenerated=1389567803	TimeWritten=1389567803	Message=User Account Changed:   Target Account Name: Richard-Gunawarden   Target Domain: NA   Target Account ID: NA\Richard-Gunawarden   Caller User Name: Bernadett-Reddig   Caller Domain: NA   Caller Logon ID: (0x0,0xB5E7EFE9)   Privileges: -  Changed Attributes:   Sam Account Name: -   Display Name: -   User Principal Name: -   Home Directory: -   Home Drive: -   Script Path: -   Profile Path: -   User Workstations: -   Password Last Set: <never>    Account Expires: -   Primary Group ID: -   AllowedToDelegateTo: -   Old UAC Value: -   New UAC Value: -   User Account Control: -   User Parameters: -   Sid History: -   Logon Hours: -   
