<13>Jan 13 06:39:47 USCHNAHUB02 AgentDevice=WindowsLog	AgentLogFile=Security	PluginVersion=1.0.14	Source=Security	Computer=USCHNAHUB02	User=ANONYMOUS LOGON	Domain=NT AUTHORITY	EventID=642	EventIDCode=642	EventType=8	EventCategory=7	RecordNumber=3024134520	TimeGenerated=1389605630	TimeWritten=1389605630	Message=User Account Changed:   Target Account Name: Micheal-EbotMbi   Target Domain: NA   Target Account ID: NA\Micheal-EbotMbi   Caller User Name: USCHNAHUB02$   Caller Domain: NA   Caller Logon ID: (0x0,0x3E7)   Privileges: -  Changed Attributes:   Sam Account Name: -   Display Name: -   User Principal Name: -   Home Directory: -   Home Drive: -   Script Path: -   Profile Path: -   User Workstations: -   Password Last Set: 1/13/2014 4:33:50 AM   Account Expires: -   Primary Group ID: -   AllowedToDelegateTo: -   Old UAC Value: -   New UAC Value: -   User Account Control: -   User Parameters: -   Sid History: -   Logon Hours: -   
<13>Jan 13 06:39:30 USCHNAHUB02 AgentDevice=WindowsLog	AgentLogFile=Security	PluginVersion=1.0.14	Source=Security	Computer=USCHNAHUB02	User=SYSTEM	Domain=NT AUTHORITY	EventID=644	EventIDCode=644	EventType=8	EventCategory=7	RecordNumber=3024133902	TimeGenerated=1389605575	TimeWritten=1389605575	Message=User Account Locked Out:   Target Account Name: Ibrahim-Lawal   Target Account ID: NA\Ibrahim-Lawal   Caller Machine Name: MJEWCFW   Caller User Name: USCHNAHUB02$   Caller Domain: NA   Caller Logon ID: (0x0,0x3E7)   
<13>Jan 13 12:36:56 EUNLVEDC01 AgentDevice=WindowsLog	AgentLogFile=Security	PluginVersion=1.0.14	Source=Security	Computer=EUNLVEDC01	User=SYSTEM	Domain=NT AUTHORITY	EventID=644	EventIDCode=644	EventType=8	EventCategory=7	RecordNumber=2555351625	TimeGenerated=1389613014	TimeWritten=1389613014	Message=User Account Locked Out:   Target Account Name: Debra-Nutting   Target Account ID: EUROPE\Debra-Nutting   Caller Machine Name: UKLT124994   Caller User Name: EUNLVEDC01$   Caller Domain: EUROPE   Caller Logon ID: (0x0,0x3E7)   
<13>Jan 13 06:33:36 USCHNABH01 AgentDevice=WindowsLog	AgentLogFile=Security	PluginVersion=1.0.14	Source=Security	Computer=USCHNABH01	User=ANONYMOUS LOGON	Domain=NT AUTHORITY	EventID=642	EventIDCode=642	EventType=8	EventCategory=7	RecordNumber=4251205971	TimeGenerated=1389612813	TimeWritten=1389612813	Message=User Account Changed:   Target Account Name: Jonathan-Lim-1Y   Target Domain: NA   Target Account ID: NA\Jonathan-Lim-1Y   Caller User Name: USCHNABH01$   Caller Domain: NA   Caller Logon ID: (0x0,0x3E7)   Privileges: -  Changed Attributes:   Sam Account Name: -   Display Name: -   User Principal Name: -   Home Directory: -   Home Drive: -   Script Path: -   Profile Path: -   User Workstations: -   Password Last Set: 1/13/2014 6:33:33 AM   Account Expires: -   Primary Group ID: -   AllowedToDelegateTo: -   Old UAC Value: -   New UAC Value: -   User Account Control: -   User Parameters: -   Sid History: -   Logon Hours: -   
<13>Jan 13 06:32:04 USCHNAHUB02 AgentDevice=WindowsLog	AgentLogFile=Security	PluginVersion=1.0.14	Source=Security	Computer=USCHNAHUB02	User=SYSTEM	Domain=NT AUTHORITY	EventID=644	EventIDCode=644	EventType=8	EventCategory=7	RecordNumber=3024115309	TimeGenerated=1389604726	TimeWritten=1389604726	Message=User Account Locked Out:   Target Account Name: Eyerusalem-Micael   Target Account ID: NA\Eyerusalem-Micael   Caller Machine Name: MJEWCHE   Caller User Name: USCHNAHUB02$   Caller Domain: NA   Caller Logon ID: (0x0,0x3E7)   
<13>Jan 13 12:31:17 EUNLVEDC01 AgentDevice=WindowsLog	AgentLogFile=Security	PluginVersion=1.0.14	Source=Security	Computer=EUNLVEDC01	User=SYSTEM	Domain=NT AUTHORITY	EventID=644	EventIDCode=644	EventType=8	EventCategory=7	RecordNumber=2555341274	TimeGenerated=1389612674	TimeWritten=1389612674	Message=User Account Locked Out:   Target Account Name: Nicole-Engelke   Target Account ID: EUROPE\Nicole-Engelke   Caller Machine Name: NLVEPC07445   Caller User Name: EUNLVEDC01$   Caller Domain: EUROPE   Caller Logon ID: (0x0,0x3E7)   
<13>Jan 13 12:31:17 EUNLVEDC02 AgentDevice=WindowsLog	AgentLogFile=Security	PluginVersion=1.0.14	Source=Security	Computer=EUNLVEDC02	User=SYSTEM	Domain=NT AUTHORITY	EventID=644	EventIDCode=644	EventType=8	EventCategory=7	RecordNumber=1829942789	TimeGenerated=1389612675	TimeWritten=1389612675	Message=User Account Locked Out:   Target Account Name: Nicole-Engelke   Target Account ID: EUROPE\Nicole-Engelke   Caller Machine Name: NLVEPC07445   Caller User Name: EUNLVEDC02$   Caller Domain: EUROPE   Caller Logon ID: (0x0,0x3E7)   
<13>Jan 13 12:28:05 EUNLVEDC01 AgentDevice=WindowsLog	AgentLogFile=Security	PluginVersion=1.0.14	Source=Security	Computer=EUNLVEDC01	User=ANONYMOUS LOGON	Domain=NT AUTHORITY	EventID=642	EventIDCode=642	EventType=8	EventCategory=7	RecordNumber=2555334586	TimeGenerated=1389612481	TimeWritten=1389612481	Message=User Account Changed:   Target Account Name: Michael-LloydJones   Target Domain: EUROPE   Target Account ID: EUROPE\Michael-LloydJones   Caller User Name: EUNLVEDC01$   Caller Domain: EUROPE   Caller Logon ID: (0x0,0x3E7)   Privileges: -  Changed Attributes:   Sam Account Name: -   Display Name: -   User Principal Name: -   Home Directory: -   Home Drive: -   Script Path: -   Profile Path: -   User Workstations: -   Password Last Set: <never>    Account Expires: -   Primary Group ID: -   AllowedToDelegateTo: -   Old UAC Value: -   New UAC Value: -   User Account Control: -   User Parameters: -   Sid History: -   Logon Hours: -   
<13>Jan 13 12:27:30 EUNLVEDC01 AgentDevice=WindowsLog	AgentLogFile=Security	PluginVersion=1.0.14	Source=Security	Computer=EUNLVEDC01	User=KPAdm	Domain=EUROPE	EventID=671	EventIDCode=671	EventType=8	EventCategory=7	RecordNumber=2555333577	TimeGenerated=1389612446	TimeWritten=1389612446	Message=User Account Unlocked:   Target Account Name: Michael-LloydJones   Target Domain:  EUROPE   Target Account ID: EUROPE\Michael-LloydJones   Caller User Name: KPAdm   Caller Domain: EUROPE   Caller Logon ID: (0x0,0xB8F4811)   
<13>Jan 13 12:27:27 EUNLVEDC02 AgentDevice=WindowsLog	AgentLogFile=Security	PluginVersion=1.0.14	Source=Security	Computer=EUNLVEDC02	User=KPAdm	Domain=EUROPE	EventID=671	EventIDCode=671	EventType=8	EventCategory=7	RecordNumber=1829937378	TimeGenerated=1389612445	TimeWritten=1389612445	Message=User Account Unlocked:   Target Account Name: Michael-LloydJones   Target Domain:  EUROPE   Target Account ID: EUROPE\Michael-LloydJones   Caller User Name: KPAdm   Caller Domain: EUROPE   Caller Logon ID: (0x0,0x2E2EF9B0)   
<13>Jan 13 06:27:20 USCHPOSDC01 AgentDevice=WindowsLog	AgentLogFile=Security	PluginVersion=1.0.14	Source=Security	Computer=USCHPOSDC01	User=SVC-IDMAdmin	Domain=NA	EventID=671	EventIDCode=671	EventType=8	EventCategory=7	RecordNumber=2546008986	TimeGenerated=1389612407	TimeWritten=1389612407	Message=User Account Unlocked:   Target Account Name: 610496   Target Domain:  POS   Target Account ID: POS\610496   Caller User Name: SVC-IDMAdmin   Caller Domain: NA   Caller Logon ID: (0x0,0x4B3EE02D)   
<13>Jan 13 06:27:20 USCHPOSDC01 AgentDevice=WindowsLog	AgentLogFile=Security	PluginVersion=1.0.14	Source=Security	Computer=USCHPOSDC01	User=SVC-IDMAdmin	Domain=NA	EventID=642	EventIDCode=642	EventType=8	EventCategory=7	RecordNumber=2546008978	TimeGenerated=1389612407	TimeWritten=1389612407	Message=User Account Changed:   Target Account Name: 610496   Target Domain: POS   Target Account ID: POS\610496   Caller User Name: SVC-IDMAdmin   Caller Domain: NA   Caller Logon ID: (0x0,0x4B3EE166)   Privileges: -  Changed Attributes:   Sam Account Name: -   Display Name: -   User Principal Name: -   Home Directory: -   Home Drive: -   Script Path: -   Profile Path: -   User Workstations: -   Password Last Set: 1/13/2014 6:26:47 AM   Account Expires: -   Primary Group ID: -   AllowedToDelegateTo: -   Old UAC Value: -   New UAC Value: -   User Account Control: -   User Parameters: -   Sid History: -   Logon Hours: -   
<13>Jan 13 06:25:37 USCHRETDC01 AgentDevice=WindowsLog	AgentLogFile=Security	PluginVersion=1.0.14	Source=Security	Computer=USCHRETDC01	User=SYSTEM	Domain=NT AUTHORITY	EventID=644	EventIDCode=644	EventType=8	EventCategory=7	RecordNumber=2275601142	TimeGenerated=1389612334	TimeWritten=1389612334	Message=User Account Locked Out:   Target Account Name: Salesxp00021   Target Account ID: ODRETAIL\Salesxp00021   Caller Machine Name: ODS00021W09   Caller User Name: USCHRETDC01$   Caller Domain: ODRETAIL   Caller Logon ID: (0x0,0x3E7)   
<13>Jan 13 06:25:34 USCHNAHUB02 AgentDevice=WindowsLog	AgentLogFile=Security	PluginVersion=1.0.14	Source=Security	Computer=USCHNAHUB02	User=M-Karamchandani	Domain=NA	EventID=642	EventIDCode=642	EventType=8	EventCategory=7	RecordNumber=3024100223	TimeGenerated=1389604511	TimeWritten=1389604511	Message=User Account Changed:   Target Account Name: M-Karamchandani   Target Domain: NA   Target Account ID: NA\M-Karamchandani   Caller User Name: M-Karamchandani   Caller Domain: NA   Caller Logon ID: (0x0,0x5FC9996B)   Privileges: -  Changed Attributes:   Sam Account Name: -   Display Name: -   User Principal Name: -   Home Directory: -   Home Drive: -   Script Path: -   Profile Path: -   User Workstations: -   Password Last Set: 1/13/2014 4:15:11 AM   Account Expires: -   Primary Group ID: -   AllowedToDelegateTo: -   Old UAC Value: -   New UAC Value: -   User Account Control: -   User Parameters: -   Sid History: -   Logon Hours: -   
<13>Jan 13 06:24:35 USHQNADC02 AgentDevice=WindowsLog	AgentLogFile=Security	PluginVersion=1.0.14	Source=Security	Computer=USHQNADC02	User=Mike-Toth	Domain=NA	EventID=642	EventIDCode=642	EventType=8	EventCategory=7	RecordNumber=4072953853	TimeGenerated=1389612273	TimeWritten=1389612273	Message=User Account Changed:   Target Account Name: Mike-Toth   Target Domain: NA   Target Account ID: NA\Mike-Toth   Caller User Name: Mike-Toth   Caller Domain: NA   Caller Logon ID: (0x0,0x2A9F5A78)   Privileges: -  Changed Attributes:   Sam Account Name: -   Display Name: -   User Principal Name: -   Home Directory: -   Home Drive: -   Script Path: -   Profile Path: -   User Workstations: -   Password Last Set: 1/13/2014 6:24:33 AM   Account Expires: -   Primary Group ID: -   AllowedToDelegateTo: -   Old UAC Value: -   New UAC Value: -   User Account Control: -   User Parameters: -   Sid History: -   Logon Hours: -   
<13>Jan 13 06:23:59 USCHNAHUB05 AgentDevice=WindowsLog	AgentLogFile=Security	PluginVersion=1.0.14	Source=Security	Computer=USCHNAHUB05	User=SYSTEM	Domain=NT AUTHORITY	EventID=644	EventIDCode=644	EventType=8	EventCategory=7	RecordNumber=615071740	TimeGenerated=1389612236	TimeWritten=1389612236	Message=User Account Locked Out:   Target Account Name: Ibrahim-Lawal   Target Account ID: NA\Ibrahim-Lawal   Caller Machine Name: MJEWCFW   Caller User Name: USCHNAHUB05$   Caller Domain: NA   Caller Logon ID: (0x0,0x3E7)   
<13>Jan 13 06:23:48 USCHNABH01 AgentDevice=WindowsLog	AgentLogFile=Security	PluginVersion=1.0.14	Source=Security	Computer=USCHNABH01	User=SYSTEM	Domain=NT AUTHORITY	EventID=644	EventIDCode=644	EventType=8	EventCategory=7	RecordNumber=4251192271	TimeGenerated=1389612226	TimeWritten=1389612226	Message=User Account Locked Out:   Target Account Name: Ibrahim-Lawal   Target Account ID: NA\Ibrahim-Lawal   Caller Machine Name: MJEWCFW   Caller User Name: USCHNABH01$   Caller Domain: NA   Caller Logon ID: (0x0,0x3E7)   
<13>Jan 13 06:23:38 USCHNAHUB02 AgentDevice=WindowsLog	AgentLogFile=Security	PluginVersion=1.0.14	Source=Security	Computer=USCHNAHUB02	User=SYSTEM	Domain=NT AUTHORITY	EventID=644	EventIDCode=644	EventType=8	EventCategory=7	RecordNumber=3024094541	TimeGenerated=1389604361	TimeWritten=1389604361	Message=User Account Locked Out:   Target Account Name: 594632MGR   Target Account ID: NA\594632MGR   Caller Machine Name: S4SNC-DW   Caller User Name: USCHNAHUB02$   Caller Domain: NA   Caller Logon ID: (0x0,0x3E7)   
<13>Jan 13 06:23:03 USCHNAHUB02 AgentDevice=WindowsLog	AgentLogFile=Security	PluginVersion=1.0.14	Source=Security	Computer=USCHNAHUB02	User=ANONYMOUS LOGON	Domain=NT AUTHORITY	EventID=642	EventIDCode=642	EventType=8	EventCategory=7	RecordNumber=3024092908	TimeGenerated=1389604186	TimeWritten=1389604186	Message=User Account Changed:   Target Account Name: Angela-Willcox   Target Domain: NA   Target Account ID: NA\Angela-Willcox   Caller User Name: USCHNAHUB02$   Caller Domain: NA   Caller Logon ID: (0x0,0x3E7)   Privileges: -  Changed Attributes:   Sam Account Name: -   Display Name: -   User Principal Name: -   Home Directory: -   Home Drive: -   Script Path: -   Profile Path: -   User Workstations: -   Password Last Set: 1/13/2014 4:09:46 AM   Account Expires: -   Primary Group ID: -   AllowedToDelegateTo: -   Old UAC Value: -   New UAC Value: -   User Account Control: -   User Parameters: -   Sid History: -   Logon Hours: -   
<13>Jan 13 06:23:03 USCHNAHUB02 AgentDevice=WindowsLog	AgentLogFile=Security	PluginVersion=1.0.14	Source=Security	Computer=USCHNAHUB02	User=SYSTEM	Domain=NT AUTHORITY	EventID=644	EventIDCode=644	EventType=8	EventCategory=7	RecordNumber=3024092829	TimeGenerated=1389604175	TimeWritten=1389604175	Message=User Account Locked Out:   Target Account Name: JCBmgr   Target Account ID: NA\JCBmgr   Caller Machine Name: \\10.63.125.95   Caller User Name: USCHNAHUB02$   Caller Domain: NA   Caller Logon ID: (0x0,0x3E7)   
<13>Jan 13 06:20:21 USCHNAHUB02 AgentDevice=WindowsLog	AgentLogFile=Security	PluginVersion=1.0.14	Source=Security	Computer=USCHNAHUB02	User=ANONYMOUS LOGON	Domain=NT AUTHORITY	EventID=642	EventIDCode=642	EventType=8	EventCategory=7	RecordNumber=3024085071	TimeGenerated=1389603712	TimeWritten=1389603712	Message=User Account Changed:   Target Account Name: Jose-Flores1   Target Domain: NA   Target Account ID: NA\Jose-Flores1   Caller User Name: USCHNAHUB02$   Caller Domain: NA   Caller Logon ID: (0x0,0x3E7)   Privileges: -  Changed Attributes:   Sam Account Name: -   Display Name: -   User Principal Name: -   Home Directory: -   Home Drive: -   Script Path: -   Profile Path: -   User Workstations: -   Password Last Set: 1/13/2014 4:01:52 AM   Account Expires: -   Primary Group ID: -   AllowedToDelegateTo: -   Old UAC Value: -   New UAC Value: -   User Account Control: -   User Parameters: -   Sid History: -   Logon Hours: -   
<13>Jan 13 06:20:19 USCHC10WEB01 AgentDevice=WindowsLog	AgentLogFile=Security	PluginVersion=1.0.14	Source=Security	Computer=USCHC10WEB01	User=SYSTEM	Domain=NT AUTHORITY	EventID=644	EventIDCode=644	EventType=8	EventCategory=7	RecordNumber=115402664	TimeGenerated=1389612015	TimeWritten=1389612015	Message=User Account Locked Out:   Target Account Name: john-jacobs   Target Account ID: USCHC10WEB01\john-jacobs   Caller Machine Name: ODS00096W07   Caller User Name: USCHC10WEB01$   Caller Domain: NA   Caller Logon ID: (0x0,0x3E7)   
<13>Jan 13 06:20:05 USCHNAHUB02 AgentDevice=WindowsLog	AgentLogFile=Security	PluginVersion=1.0.14	Source=Security	Computer=USCHNAHUB02	User=SYSTEM	Domain=NT AUTHORITY	EventID=644	EventIDCode=644	EventType=8	EventCategory=7	RecordNumber=3024084256	TimeGenerated=1389603694	TimeWritten=1389603694	Message=User Account Locked Out:   Target Account Name: Ibrahim-Lawal   Target Account ID: NA\Ibrahim-Lawal   Caller Machine Name: MJEWCFW   Caller User Name: USCHNAHUB02$   Caller Domain: NA   Caller Logon ID: (0x0,0x3E7)   
<13>Jan 13 06:20:02 USCHNAHUB03 AgentDevice=WindowsLog	AgentLogFile=Security	PluginVersion=1.0.14	Source=Security	Computer=USCHNAHUB03	User=Klaas-Prins	Domain=NA	EventID=671	EventIDCode=671	EventType=8	EventCategory=7	RecordNumber=1597380076	TimeGenerated=1389608896	TimeWritten=1389608896	Message=User Account Unlocked:   Target Account Name: Bala-Chandran   Target Domain:  NA   Target Account ID: NA\Bala-Chandran   Caller User Name: Klaas-Prins   Caller Domain: NA   Caller Logon ID: (0x0,0x6D94B699)   
<13>Jan 13 06:18:16 USCHNAHUB01 AgentDevice=WindowsLog	AgentLogFile=Security	PluginVersion=1.0.14	Source=Security	Computer=USCHNAHUB01	User=ANONYMOUS LOGON	Domain=NT AUTHORITY	EventID=642	EventIDCode=642	EventType=8	EventCategory=7	RecordNumber=363494849	TimeGenerated=1389599457	TimeWritten=1389599457	Message=User Account Changed:   Target Account Name: WonWoo-Jeong   Target Domain: NA   Target Account ID: NA\WonWoo-Jeong   Caller User Name: USCHNAHUB01$   Caller Domain: NA   Caller Logon ID: (0x0,0x3E7)   Privileges: -  Changed Attributes:   Sam Account Name: -   Display Name: -   User Principal Name: -   Home Directory: -   Home Drive: -   Script Path: -   Profile Path: -   User Workstations: -   Password Last Set: 1/13/2014 2:50:57 AM   Account Expires: -   Primary Group ID: -   AllowedToDelegateTo: -   Old UAC Value: -   New UAC Value: -   User Account Control: -   User Parameters: -   Sid History: -   Logon Hours: -   
<13>Jan 13 06:17:34 USCHNAHUB02 AgentDevice=WindowsLog	AgentLogFile=Security	PluginVersion=1.0.14	Source=Security	Computer=USCHNAHUB02	User=ANONYMOUS LOGON	Domain=NT AUTHORITY	EventID=642	EventIDCode=642	EventType=8	EventCategory=7	RecordNumber=3024077979	TimeGenerated=1389603459	TimeWritten=1389603459	Message=User Account Changed:   Target Account Name: Don-Miller   Target Domain: NA   Target Account ID: NA\Don-Miller   Caller User Name: USCHNAHUB02$   Caller Domain: NA   Caller Logon ID: (0x0,0x3E7)   Privileges: -  Changed Attributes:   Sam Account Name: -   Display Name: -   User Principal Name: -   Home Directory: -   Home Drive: -   Script Path: -   Profile Path: -   User Workstations: -   Password Last Set: 1/13/2014 3:57:39 AM   Account Expires: -   Primary Group ID: -   AllowedToDelegateTo: -   Old UAC Value: -   New UAC Value: -   User Account Control: -   User Parameters: -   Sid History: -   Logon Hours: -   
<13>Jan 13 06:15:42 USCHNAHUB01 AgentDevice=WindowsLog	AgentLogFile=Security	PluginVersion=1.0.14	Source=Security	Computer=USCHNAHUB01	User=BCMgr	Domain=NA	EventID=642	EventIDCode=642	EventType=8	EventCategory=7	RecordNumber=363487552	TimeGenerated=1389598993	TimeWritten=1389598993	Message=User Account Changed:   Target Account Name: WonWoo-Jeong   Target Domain: NA   Target Account ID: NA\WonWoo-Jeong   Caller User Name: BCMgr   Caller Domain: NA   Caller Logon ID: (0x0,0xB812ED3A)   Privileges: -  Changed Attributes:   Sam Account Name: -   Display Name: WonWoo-Jeong   User Principal Name: -   Home Directory: -   Home Drive: -   Script Path: -   Profile Path: -   User Workstations: -   Password Last Set: -   Account Expires: -   Primary Group ID: -   AllowedToDelegateTo: -   Old UAC Value: -   New UAC Value: -   User Account Control: -   User Parameters: -   Sid History: -   Logon Hours: -   
<13>Jan 13 12:15:38 EUNLVEDC02 AgentDevice=WindowsLog	AgentLogFile=Security	PluginVersion=1.0.14	Source=Security	Computer=EUNLVEDC02	User=ETAdm	Domain=EUROPE	EventID=671	EventIDCode=671	EventType=8	EventCategory=7	RecordNumber=1829920956	TimeGenerated=1389611735	TimeWritten=1389611735	Message=User Account Unlocked:   Target Account Name: Karin-Vercoulen   Target Domain:  EUROPE   Target Account ID: EUROPE\Karin-Vercoulen   Caller User Name: ETAdm   Caller Domain: EUROPE   Caller Logon ID: (0x0,0x2E29AC82)   
<13>Jan 13 06:15:19 USCHNAHUB01 AgentDevice=WindowsLog	AgentLogFile=Security	PluginVersion=1.0.14	Source=Security	Computer=USCHNAHUB01	User=ANONYMOUS LOGON	Domain=NT AUTHORITY	EventID=642	EventIDCode=642	EventType=8	EventCategory=7	RecordNumber=363486465	TimeGenerated=1389598930	TimeWritten=1389598930	Message=User Account Changed:   Target Account Name: WonWoo-Jeong   Target Domain: NA   Target Account ID: NA\WonWoo-Jeong   Caller User Name: USCHNAHUB01$   Caller Domain: NA   Caller Logon ID: (0x0,0x3E7)   Privileges: -  Changed Attributes:   Sam Account Name: -   Display Name: -   User Principal Name: -   Home Directory: -   Home Drive: -   Script Path: -   Profile Path: -   User Workstations: -   Password Last Set: 1/13/2014 2:42:10 AM   Account Expires: -   Primary Group ID: -   AllowedToDelegateTo: -   Old UAC Value: -   New UAC Value: -   User Account Control: -   User Parameters: -   Sid History: -   Logon Hours: -   
<13>Jan 13 06:15:11 USCHNAHUB01 AgentDevice=WindowsLog	AgentLogFile=Security	PluginVersion=1.0.14	Source=Security	Computer=USCHNAHUB01	User=BCMgr	Domain=NA	EventID=642	EventIDCode=642	EventType=8	EventCategory=7	RecordNumber=363486114	TimeGenerated=1389598919	TimeWritten=1389598919	Message=User Account Changed:   Target Account Name: WonWoo-Jeong   Target Domain: NA   Target Account ID: NA\WonWoo-Jeong   Caller User Name: BCMgr   Caller Domain: NA   Caller Logon ID: (0x0,0xB812ED3A)   Privileges: -  Changed Attributes:   Sam Account Name: -   Display Name: -   User Principal Name: -   Home Directory: -   Home Drive: -   Script Path: -   Profile Path: -   User Workstations: -   Password Last Set: -   Account Expires: -   Primary Group ID: -   AllowedToDelegateTo: -   Old UAC Value: -   New UAC Value: -   User Account Control: -   User Parameters: -   Sid History: -   Logon Hours: -   
<13>Jan 13 12:13:50 EUNLVEDC01 AgentDevice=WindowsLog	AgentLogFile=Security	PluginVersion=1.0.14	Source=Security	Computer=EUNLVEDC01	User=ANONYMOUS LOGON	Domain=NT AUTHORITY	EventID=642	EventIDCode=642	EventType=8	EventCategory=7	RecordNumber=2555311790	TimeGenerated=1389611628	TimeWritten=1389611628	Message=User Account Changed:   Target Account Name: Igor-Barrois   Target Domain: EUROPE   Target Account ID: EUROPE\Igor-Barrois   Caller User Name: EUNLVEDC01$   Caller Domain: EUROPE   Caller Logon ID: (0x0,0x3E7)   Privileges: -  Changed Attributes:   Sam Account Name: -   Display Name: -   User Principal Name: -   Home Directory: -   Home Drive: -   Script Path: -   Profile Path: -   User Workstations: -   Password Last Set: 1/13/2014 12:13:48 PM   Account Expires: -   Primary Group ID: -   AllowedToDelegateTo: -   Old UAC Value: -   New UAC Value: -   User Account Control: -   User Parameters: -   Sid History: -   Logon Hours: -   
<13>Jan 13 06:11:15 USCHPOSDC01 AgentDevice=WindowsLog	AgentLogFile=Security	PluginVersion=1.0.14	Source=Security	Computer=USCHPOSDC01	User=ANONYMOUS LOGON	Domain=NT AUTHORITY	EventID=642	EventIDCode=642	EventType=8	EventCategory=7	RecordNumber=2545973571	TimeGenerated=1389611470	TimeWritten=1389611470	Message=User Account Changed:   Target Account Name: 523384   Target Domain: POS   Target Account ID: POS\523384   Caller User Name: USCHPOSDC01$   Caller Domain: POS   Caller Logon ID: (0x0,0x3E7)   Privileges: -  Changed Attributes:   Sam Account Name: -   Display Name: -   User Principal Name: -   Home Directory: -   Home Drive: -   Script Path: -   Profile Path: -   User Workstations: -   Password Last Set: 1/13/2014 6:11:10 AM   Account Expires: -   Primary Group ID: -   AllowedToDelegateTo: -   Old UAC Value: -   New UAC Value: -   User Account Control: -   User Parameters: -   Sid History: -   Logon Hours: -   
<13>Jan 13 06:11:14 USCHPOSDC02 AgentDevice=WindowsLog	AgentLogFile=Security	PluginVersion=1.0.14	Source=Security	Computer=USCHPOSDC02	User=SVC-IDMAdmin	Domain=NA	EventID=671	EventIDCode=671	EventType=8	EventCategory=7	RecordNumber=574856866	TimeGenerated=1389611471	TimeWritten=1389611471	Message=User Account Unlocked:   Target Account Name: 523384   Target Domain:  POS   Target Account ID: POS\523384   Caller User Name: SVC-IDMAdmin   Caller Domain: NA   Caller Logon ID: (0x0,0x5238F2E8)   
<13>Jan 13 06:11:14 USCHPOSDC02 AgentDevice=WindowsLog	AgentLogFile=Security	PluginVersion=1.0.14	Source=Security	Computer=USCHPOSDC02	User=SVC-IDMAdmin	Domain=NA	EventID=642	EventIDCode=642	EventType=8	EventCategory=7	RecordNumber=574856861	TimeGenerated=1389611470	TimeWritten=1389611470	Message=User Account Changed:   Target Account Name: 523384   Target Domain: POS   Target Account ID: POS\523384   Caller User Name: SVC-IDMAdmin   Caller Domain: NA   Caller Logon ID: (0x0,0x5238F622)   Privileges: -  Changed Attributes:   Sam Account Name: -   Display Name: -   User Principal Name: -   Home Directory: -   Home Drive: -   Script Path: -   Profile Path: -   User Workstations: -   Password Last Set: 1/13/2014 6:11:10 AM   Account Expires: -   Primary Group ID: -   AllowedToDelegateTo: -   Old UAC Value: -   New UAC Value: -   User Account Control: -   User Parameters: -   Sid History: -   Logon Hours: -   
<13>Jan 13 12:09:05 EUNLVEDC01 AgentDevice=WindowsLog	AgentLogFile=Security	PluginVersion=1.0.14	Source=Security	Computer=EUNLVEDC01	User=MariaJose-Camison	Domain=EUROPE	EventID=642	EventIDCode=642	EventType=8	EventCategory=7	RecordNumber=2555303576	TimeGenerated=1389611342	TimeWritten=1389611342	Message=User Account Changed:   Target Account Name: MariaJose-Camison   Target Domain: EUROPE   Target Account ID: EUROPE\MariaJose-Camison   Caller User Name: MariaJose-Camison   Caller Domain: EUROPE   Caller Logon ID: (0x0,0xB7C9F3F)   Privileges: -  Changed Attributes:   Sam Account Name: -   Display Name: -   User Principal Name: -   Home Directory: -   Home Drive: -   Script Path: -   Profile Path: -   User Workstations: -   Password Last Set: 1/13/2014 12:09:02 PM   Account Expires: -   Primary Group ID: -   AllowedToDelegateTo: -   Old UAC Value: -   New UAC Value: -   User Account Control: -   User Parameters: -   Sid History: -   Logon Hours: -   
<13>Jan 13 06:08:57 USCHPOSDC01 AgentDevice=WindowsLog	AgentLogFile=Security	PluginVersion=1.0.14	Source=Security	Computer=USCHPOSDC01	User=ANONYMOUS LOGON	Domain=NT AUTHORITY	EventID=642	EventIDCode=642	EventType=8	EventCategory=7	RecordNumber=2545969249	TimeGenerated=1389611317	TimeWritten=1389611317	Message=User Account Changed:   Target Account Name: 614531   Target Domain: POS   Target Account ID: POS\614531   Caller User Name: USCHPOSDC01$   Caller Domain: POS   Caller Logon ID: (0x0,0x3E7)   Privileges: -  Changed Attributes:   Sam Account Name: -   Display Name: -   User Principal Name: -   Home Directory: -   Home Drive: -   Script Path: -   Profile Path: -   User Workstations: -   Password Last Set: 1/13/2014 6:08:37 AM   Account Expires: -   Primary Group ID: -   AllowedToDelegateTo: -   Old UAC Value: -   New UAC Value: -   User Account Control: -   User Parameters: -   Sid History: -   Logon Hours: -   
<13>Jan 13 06:08:40 USCHPOSDC02 AgentDevice=WindowsLog	AgentLogFile=Security	PluginVersion=1.0.14	Source=Security	Computer=USCHPOSDC02	User=SVC-IDMAdmin	Domain=NA	EventID=671	EventIDCode=671	EventType=8	EventCategory=7	RecordNumber=574856007	TimeGenerated=1389611318	TimeWritten=1389611318	Message=User Account Unlocked:   Target Account Name: 614531   Target Domain:  POS   Target Account ID: POS\614531   Caller User Name: SVC-IDMAdmin   Caller Domain: NA   Caller Logon ID: (0x0,0x5237AA1A)   
<13>Jan 13 06:08:40 USCHPOSDC02 AgentDevice=WindowsLog	AgentLogFile=Security	PluginVersion=1.0.14	Source=Security	Computer=USCHPOSDC02	User=SVC-IDMAdmin	Domain=NA	EventID=642	EventIDCode=642	EventType=8	EventCategory=7	RecordNumber=574856002	TimeGenerated=1389611317	TimeWritten=1389611317	Message=User Account Changed:   Target Account Name: 614531   Target Domain: POS   Target Account ID: POS\614531   Caller User Name: SVC-IDMAdmin   Caller Domain: NA   Caller Logon ID: (0x0,0x5237AADE)   Privileges: -  Changed Attributes:   Sam Account Name: -   Display Name: -   User Principal Name: -   Home Directory: -   Home Drive: -   Script Path: -   Profile Path: -   User Workstations: -   Password Last Set: 1/13/2014 6:08:37 AM   Account Expires: -   Primary Group ID: -   AllowedToDelegateTo: -   Old UAC Value: -   New UAC Value: -   User Account Control: -   User Parameters: -   Sid History: -   Logon Hours: -   
<13>Jan 13 06:07:11 USCHC10WEB02 AgentDevice=WindowsLog	AgentLogFile=Security	PluginVersion=1.0.14	Source=Security	Computer=USCHC10WEB02	User=SYSTEM	Domain=NT AUTHORITY	EventID=644	EventIDCode=644	EventType=8	EventCategory=7	RecordNumber=116043806	TimeGenerated=1389611228	TimeWritten=1389611228	Message=User Account Locked Out:   Target Account Name: john-jacobs   Target Account ID: USCHC10WEB02\john-jacobs   Caller Machine Name: ODS02149W07   Caller User Name: USCHC10WEB02$   Caller Domain: NA   Caller Logon ID: (0x0,0x3E7)   
<13>Jan 13 12:06:35 EUNLVEDC01 AgentDevice=WindowsLog	AgentLogFile=Security	PluginVersion=1.0.14	Source=Security	Computer=EUNLVEDC01	User=AXSAdm	Domain=EUROPE	EventID=671	EventIDCode=671	EventType=8	EventCategory=7	RecordNumber=2555299385	TimeGenerated=1389611192	TimeWritten=1389611192	Message=User Account Unlocked:   Target Account Name: Stuart-Gough   Target Domain:  EUROPE   Target Account ID: EUROPE\Stuart-Gough   Caller User Name: AXSAdm   Caller Domain: EUROPE   Caller Logon ID: (0x0,0xB79F9E8)   
<13>Jan 13 06:04:36 USCHNAHUB02 AgentDevice=WindowsLog	AgentLogFile=Security	PluginVersion=1.0.14	Source=Security	Computer=USCHNAHUB02	User=SYSTEM	Domain=NT AUTHORITY	EventID=644	EventIDCode=644	EventType=8	EventCategory=7	RecordNumber=3024046270	TimeGenerated=1389602333	TimeWritten=1389602333	Message=User Account Locked Out:   Target Account Name: JCBmgr   Target Account ID: NA\JCBmgr   Caller Machine Name: \\10.63.125.95   Caller User Name: USCHNAHUB02$   Caller Domain: NA   Caller Logon ID: (0x0,0x3E7)   
<13>Jan 13 12:03:56 EUNLVEDC01 AgentDevice=WindowsLog	AgentLogFile=Security	PluginVersion=1.0.14	Source=Security	Computer=EUNLVEDC01	User=ANONYMOUS LOGON	Domain=NT AUTHORITY	EventID=642	EventIDCode=642	EventType=8	EventCategory=7	RecordNumber=2555294696	TimeGenerated=1389611033	TimeWritten=1389611033	Message=User Account Changed:   Target Account Name: Sebastian-Schmidbaue   Target Domain: EUROPE   Target Account ID: EUROPE\Sebastian-Schmidbaue   Caller User Name: EUNLVEDC01$   Caller Domain: EUROPE   Caller Logon ID: (0x0,0x3E7)   Privileges: -  Changed Attributes:   Sam Account Name: -   Display Name: -   User Principal Name: -   Home Directory: -   Home Drive: -   Script Path: -   Profile Path: -   User Workstations: -   Password Last Set: 1/13/2014 12:03:53 PM   Account Expires: -   Primary Group ID: -   AllowedToDelegateTo: -   Old UAC Value: -   New UAC Value: -   User Account Control: -   User Parameters: -   Sid History: -   Logon Hours: -   
<13>Jan 13 12:03:38 EUNLVEDC02 AgentDevice=WindowsLog	AgentLogFile=Security	PluginVersion=1.0.14	Source=Security	Computer=EUNLVEDC02	User=RCAdm	Domain=EUROPE	EventID=671	EventIDCode=671	EventType=8	EventCategory=7	RecordNumber=1829901070	TimeGenerated=1389610965	TimeWritten=1389610965	Message=User Account Unlocked:   Target Account Name: Frank-Keysers   Target Domain:  EUROPE   Target Account ID: EUROPE\Frank-Keysers   Caller User Name: RCAdm   Caller Domain: EUROPE   Caller Logon ID: (0x0,0x2E234B59)   
<13>Jan 13 12:01:20 EUNLVEDC01 AgentDevice=WindowsLog	AgentLogFile=Security	PluginVersion=1.0.14	Source=Security	Computer=EUNLVEDC01	User=ANONYMOUS LOGON	Domain=NT AUTHORITY	EventID=642	EventIDCode=642	EventType=8	EventCategory=7	RecordNumber=2555289618	TimeGenerated=1389610877	TimeWritten=1389610877	Message=User Account Changed:   Target Account Name: Alexis-McGrath   Target Domain: EUROPE   Target Account ID: EUROPE\Alexis-McGrath   Caller User Name: EUNLVEDC01$   Caller Domain: EUROPE   Caller Logon ID: (0x0,0x3E7)   Privileges: -  Changed Attributes:   Sam Account Name: -   Display Name: -   User Principal Name: -   Home Directory: -   Home Drive: -   Script Path: -   Profile Path: -   User Workstations: -   Password Last Set: 1/13/2014 12:01:17 PM   Account Expires: -   Primary Group ID: -   AllowedToDelegateTo: -   Old UAC Value: -   New UAC Value: -   User Account Control: -   User Parameters: -   Sid History: -   Logon Hours: -   
<13>Jan 13 06:01:11 USCHNAHUB02 AgentDevice=WindowsLog	AgentLogFile=Security	PluginVersion=1.0.14	Source=Security	Computer=USCHNAHUB02	User=SYSTEM	Domain=NT AUTHORITY	EventID=644	EventIDCode=644	EventType=8	EventCategory=7	RecordNumber=3024036565	TimeGenerated=1389601777	TimeWritten=1389601777	Message=User Account Locked Out:   Target Account Name: Ibrahim-Lawal   Target Account ID: NA\Ibrahim-Lawal   Caller Machine Name: MJEWCFW   Caller User Name: USCHNAHUB02$   Caller Domain: NA   Caller Logon ID: (0x0,0x3E7)   
<13>Jan 13 12:01:00 EUNLVEDC01 AgentDevice=WindowsLog	AgentLogFile=Security	PluginVersion=1.0.14	Source=Security	Computer=EUNLVEDC01	User=ANONYMOUS LOGON	Domain=NT AUTHORITY	EventID=642	EventIDCode=642	EventType=8	EventCategory=7	RecordNumber=2555288839	TimeGenerated=1389610857	TimeWritten=1389610857	Message=User Account Changed:   Target Account Name: Linda-Verbong   Target Domain: EUROPE   Target Account ID: EUROPE\Linda-Verbong   Caller User Name: EUNLVEDC01$   Caller Domain: EUROPE   Caller Logon ID: (0x0,0x3E7)   Privileges: -  Changed Attributes:   Sam Account Name: -   Display Name: -   User Principal Name: -   Home Directory: -   Home Drive: -   Script Path: -   Profile Path: -   User Workstations: -   Password Last Set: 1/13/2014 12:00:57 PM   Account Expires: -   Primary Group ID: -   AllowedToDelegateTo: -   Old UAC Value: -   New UAC Value: -   User Account Control: -   User Parameters: -   Sid History: -   Logon Hours: -   
<13>Jan 13 12:00:56 EUNLVEDC01 AgentDevice=WindowsLog	AgentLogFile=Security	PluginVersion=1.0.14	Source=Security	Computer=EUNLVEDC01	User=ANONYMOUS LOGON	Domain=NT AUTHORITY	EventID=642	EventIDCode=642	EventType=8	EventCategory=7	RecordNumber=2555288635	TimeGenerated=1389610853	TimeWritten=1389610853	Message=User Account Changed:   Target Account Name: Alexis-McGrath   Target Domain: EUROPE   Target Account ID: EUROPE\Alexis-McGrath   Caller User Name: EUNLVEDC01$   Caller Domain: EUROPE   Caller Logon ID: (0x0,0x3E7)   Privileges: -  Changed Attributes:   Sam Account Name: -   Display Name: -   User Principal Name: -   Home Directory: -   Home Drive: -   Script Path: -   Profile Path: -   User Workstations: -   Password Last Set: 1/13/2014 12:00:53 PM   Account Expires: -   Primary Group ID: -   AllowedToDelegateTo: -   Old UAC Value: -   New UAC Value: -   User Account Control: -   User Parameters: -   Sid History: -   Logon Hours: -   
<13>Jan 13 06:00:43 USCHPOSDC02 AgentDevice=WindowsLog	AgentLogFile=Security	PluginVersion=1.0.14	Source=Security	Computer=USCHPOSDC02	User=SVC-IDMAdmin	Domain=NA	EventID=671	EventIDCode=671	EventType=8	EventCategory=7	RecordNumber=574853843	TimeGenerated=1389610839	TimeWritten=1389610839	Message=User Account Unlocked:   Target Account Name: 526878   Target Domain:  POS   Target Account ID: POS\526878   Caller User Name: SVC-IDMAdmin   Caller Domain: NA   Caller Logon ID: (0x0,0x52334612)   
<13>Jan 13 06:00:43 USCHPOSDC02 AgentDevice=WindowsLog	AgentLogFile=Security	PluginVersion=1.0.14	Source=Security	Computer=USCHPOSDC02	User=SVC-IDMAdmin	Domain=NA	EventID=642	EventIDCode=642	EventType=8	EventCategory=7	RecordNumber=574853839	TimeGenerated=1389610839	TimeWritten=1389610839	Message=User Account Changed:   Target Account Name: 526878   Target Domain: POS   Target Account ID: POS\526878   Caller User Name: SVC-IDMAdmin   Caller Domain: NA   Caller Logon ID: (0x0,0x5233470C)   Privileges: -  Changed Attributes:   Sam Account Name: -   Display Name: -   User Principal Name: -   Home Directory: -   Home Drive: -   Script Path: -   Profile Path: -   User Workstations: -   Password Last Set: 1/13/2014 6:00:39 AM   Account Expires: -   Primary Group ID: -   AllowedToDelegateTo: -   Old UAC Value: -   New UAC Value: -   User Account Control: -   User Parameters: -   Sid History: -   Logon Hours: -   
<13>Jan 13 06:00:42 USCHPOSDC01 AgentDevice=WindowsLog	AgentLogFile=Security	PluginVersion=1.0.14	Source=Security	Computer=USCHPOSDC01	User=ANONYMOUS LOGON	Domain=NT AUTHORITY	EventID=642	EventIDCode=642	EventType=8	EventCategory=7	RecordNumber=2545962217	TimeGenerated=1389610839	TimeWritten=1389610839	Message=User Account Changed:   Target Account Name: 526878   Target Domain: POS   Target Account ID: POS\526878   Caller User Name: USCHPOSDC01$   Caller Domain: POS   Caller Logon ID: (0x0,0x3E7)   Privileges: -  Changed Attributes:   Sam Account Name: -   Display Name: -   User Principal Name: -   Home Directory: -   Home Drive: -   Script Path: -   Profile Path: -   User Workstations: -   Password Last Set: 1/13/2014 6:00:39 AM   Account Expires: -   Primary Group ID: -   AllowedToDelegateTo: -   Old UAC Value: -   New UAC Value: -   User Account Control: -   User Parameters: -   Sid History: -   Logon Hours: -   
<13>Jan 13 11:59:11 EUNLVEDC01 AgentDevice=WindowsLog	AgentLogFile=Security	PluginVersion=1.0.14	Source=Security	Computer=EUNLVEDC01	User=ANONYMOUS LOGON	Domain=NT AUTHORITY	EventID=642	EventIDCode=642	EventType=8	EventCategory=7	RecordNumber=2555284938	TimeGenerated=1389610749	TimeWritten=1389610749	Message=User Account Changed:   Target Account Name: Stuart-Gough   Target Domain: EUROPE   Target Account ID: EUROPE\Stuart-Gough   Caller User Name: EUNLVEDC01$   Caller Domain: EUROPE   Caller Logon ID: (0x0,0x3E7)   Privileges: -  Changed Attributes:   Sam Account Name: -   Display Name: -   User Principal Name: -   Home Directory: -   Home Drive: -   Script Path: -   Profile Path: -   User Workstations: -   Password Last Set: 1/13/2014 11:59:09 AM   Account Expires: -   Primary Group ID: -   AllowedToDelegateTo: -   Old UAC Value: -   New UAC Value: -   User Account Control: -   User Parameters: -   Sid History: -   Logon Hours: -   
<13>Jan 13 11:58:34 EUNLVEDC01 AgentDevice=WindowsLog	AgentLogFile=Security	PluginVersion=1.0.14	Source=Security	Computer=EUNLVEDC01	User=ANONYMOUS LOGON	Domain=NT AUTHORITY	EventID=642	EventIDCode=642	EventType=8	EventCategory=7	RecordNumber=2555283714	TimeGenerated=1389610711	TimeWritten=1389610711	Message=User Account Changed:   Target Account Name: Alison-Waller   Target Domain: EUROPE   Target Account ID: EUROPE\Alison-Waller   Caller User Name: EUNLVEDC01$   Caller Domain: EUROPE   Caller Logon ID: (0x0,0x3E7)   Privileges: -  Changed Attributes:   Sam Account Name: -   Display Name: -   User Principal Name: -   Home Directory: -   Home Drive: -   Script Path: -   Profile Path: -   User Workstations: -   Password Last Set: 1/13/2014 11:58:31 AM   Account Expires: -   Primary Group ID: -   AllowedToDelegateTo: -   Old UAC Value: -   New UAC Value: -   User Account Control: -   User Parameters: -   Sid History: -   Logon Hours: -   
<13>Jan 13 05:57:16 USCHNAHUB02 AgentDevice=WindowsLog	AgentLogFile=Security	PluginVersion=1.0.14	Source=Security	Computer=USCHNAHUB02	User=Pallavi-Gupta	Domain=NA	EventID=642	EventIDCode=642	EventType=8	EventCategory=7	RecordNumber=3024025974	TimeGenerated=1389601401	TimeWritten=1389601401	Message=User Account Changed:   Target Account Name: Pallavi-Gupta   Target Domain: NA   Target Account ID: NA\Pallavi-Gupta   Caller User Name: Pallavi-Gupta   Caller Domain: NA   Caller Logon ID: (0x0,0x5F934F64)   Privileges: -  Changed Attributes:   Sam Account Name: -   Display Name: -   User Principal Name: -   Home Directory: -   Home Drive: -   Script Path: -   Profile Path: -   User Workstations: -   Password Last Set: 1/13/2014 3:23:21 AM   Account Expires: -   Primary Group ID: -   AllowedToDelegateTo: -   Old UAC Value: -   New UAC Value: -   User Account Control: -   User Parameters: -   Sid History: -   Logon Hours: -   
<13>Jan 13 11:57:04 EUNLVEDC01 AgentDevice=WindowsLog	AgentLogFile=Security	PluginVersion=1.0.14	Source=Security	Computer=EUNLVEDC01	User=MaMadm	Domain=EUROPE	EventID=671	EventIDCode=671	EventType=8	EventCategory=7	RecordNumber=2555280941	TimeGenerated=1389610620	TimeWritten=1389610620	Message=User Account Unlocked:   Target Account Name: Xavier-Magny   Target Domain:  EUROPE   Target Account ID: EUROPE\Xavier-Magny   Caller User Name: MaMadm   Caller Domain: EUROPE   Caller Logon ID: (0x0,0xB6F4292)   
<13>Jan 13 11:57:01 EUNLVEDC02 AgentDevice=WindowsLog	AgentLogFile=Security	PluginVersion=1.0.14	Source=Security	Computer=EUNLVEDC02	User=MaMadm	Domain=EUROPE	EventID=671	EventIDCode=671	EventType=8	EventCategory=7	RecordNumber=1829888718	TimeGenerated=1389610618	TimeWritten=1389610618	Message=User Account Unlocked:   Target Account Name: Xavier-Magny   Target Domain:  EUROPE   Target Account ID: EUROPE\Xavier-Magny   Caller User Name: MaMadm   Caller Domain: EUROPE   Caller Logon ID: (0x0,0x2E201EAC)   
<13>Jan 13 11:56:20 EUNLVEDC01 AgentDevice=WindowsLog	AgentLogFile=Security	PluginVersion=1.0.14	Source=Security	Computer=EUNLVEDC01	User=ANONYMOUS LOGON	Domain=NT AUTHORITY	EventID=642	EventIDCode=642	EventType=8	EventCategory=7	RecordNumber=2555279610	TimeGenerated=1389610577	TimeWritten=1389610577	Message=User Account Changed:   Target Account Name: MohamedAli-BenMahmou   Target Domain: EUROPE   Target Account ID: EUROPE\MohamedAli-BenMahmou   Caller User Name: EUNLVEDC01$   Caller Domain: EUROPE   Caller Logon ID: (0x0,0x3E7)   Privileges: -  Changed Attributes:   Sam Account Name: -   Display Name: -   User Principal Name: -   Home Directory: -   Home Drive: -   Script Path: -   Profile Path: -   User Workstations: -   Password Last Set: 1/13/2014 11:56:17 AM   Account Expires: -   Primary Group ID: -   AllowedToDelegateTo: -   Old UAC Value: -   New UAC Value: -   User Account Control: -   User Parameters: -   Sid History: -   Logon Hours: -   
<13>Jan 13 11:53:11 EUNLVEDC01 AgentDevice=WindowsLog	AgentLogFile=Security	PluginVersion=1.0.14	Source=Security	Computer=EUNLVEDC01	User=SYSTEM	Domain=NT AUTHORITY	EventID=644	EventIDCode=644	EventType=8	EventCategory=7	RecordNumber=2555274127	TimeGenerated=1389610387	TimeWritten=1389610387	Message=User Account Locked Out:   Target Account Name: Stuart-Gough   Target Account ID: EUROPE\Stuart-Gough   Caller Machine Name: EUUKLETAAP01   Caller User Name: EUNLVEDC01$   Caller Domain: EUROPE   Caller Logon ID: (0x0,0x3E7)   
<13>Jan 13 05:53:04 USCHNABH01 AgentDevice=WindowsLog	AgentLogFile=Security	PluginVersion=1.0.14	Source=Security	Computer=USCHNABH01	User=SYSTEM	Domain=NT AUTHORITY	EventID=644	EventIDCode=644	EventType=8	EventCategory=7	RecordNumber=4251133606	TimeGenerated=1389610288	TimeWritten=1389610288	Message=User Account Locked Out:   Target Account Name: Ibrahim-Lawal   Target Account ID: NA\Ibrahim-Lawal   Caller Machine Name: MJEWCFW   Caller User Name: USCHNABH01$   Caller Domain: NA   Caller Logon ID: (0x0,0x3E7)   
<13>Jan 13 05:52:10 USCHNAHUB05 AgentDevice=WindowsLog	AgentLogFile=Security	PluginVersion=1.0.14	Source=Security	Computer=USCHNAHUB05	User=SYSTEM	Domain=NT AUTHORITY	EventID=644	EventIDCode=644	EventType=8	EventCategory=7	RecordNumber=615032576	TimeGenerated=1389610327	TimeWritten=1389610327	Message=User Account Locked Out:   Target Account Name: Ibrahim-Lawal   Target Account ID: NA\Ibrahim-Lawal   Caller Machine Name: MJEWCFW   Caller User Name: USCHNAHUB05$   Caller Domain: NA   Caller Logon ID: (0x0,0x3E7)   
<13>Jan 13 11:51:24 EUNLVEDC02 AgentDevice=WindowsLog	AgentLogFile=Security	PluginVersion=1.0.14	Source=Security	Computer=EUNLVEDC02	User=SYSTEM	Domain=NT AUTHORITY	EventID=644	EventIDCode=644	EventType=8	EventCategory=7	RecordNumber=1829880158	TimeGenerated=1389610282	TimeWritten=1389610282	Message=User Account Locked Out:   Target Account Name: Xavier-Magny   Target Account ID: EUROPE\Xavier-Magny   Caller Machine Name: FRLT00215270   Caller User Name: EUNLVEDC02$   Caller Domain: EUROPE   Caller Logon ID: (0x0,0x3E7)   
<13>Jan 13 11:51:24 EUNLVEDC02 AgentDevice=WindowsLog	AgentLogFile=Security	PluginVersion=1.0.14	Source=Security	Computer=EUNLVEDC02	User=SYSTEM	Domain=NT AUTHORITY	EventID=644	EventIDCode=644	EventType=8	EventCategory=7	RecordNumber=1829880160	TimeGenerated=1389610282	TimeWritten=1389610282	Message=User Account Locked Out:   Target Account Name: Xavier-Magny   Target Account ID: EUROPE\Xavier-Magny   Caller Machine Name: FRLT00215270   Caller User Name: EUNLVEDC02$   Caller Domain: EUROPE   Caller Logon ID: (0x0,0x3E7)   
<13>Jan 13 11:51:08 EUNLVEDC02 AgentDevice=WindowsLog	AgentLogFile=Security	PluginVersion=1.0.14	Source=Security	Computer=EUNLVEDC02	User=MaMadm	Domain=EUROPE	EventID=671	EventIDCode=671	EventType=8	EventCategory=7	RecordNumber=1829879670	TimeGenerated=1389610266	TimeWritten=1389610266	Message=User Account Unlocked:   Target Account Name: Xavier-Magny   Target Domain:  EUROPE   Target Account ID: EUROPE\Xavier-Magny   Caller User Name: MaMadm   Caller Domain: EUROPE   Caller Logon ID: (0x0,0x2E1D39B3)   
<13>Jan 13 11:51:04 EUNLVEDC02 AgentDevice=WindowsLog	AgentLogFile=Security	PluginVersion=1.0.14	Source=Security	Computer=EUNLVEDC02	User=SYSTEM	Domain=NT AUTHORITY	EventID=644	EventIDCode=644	EventType=8	EventCategory=7	RecordNumber=1829879464	TimeGenerated=1389610260	TimeWritten=1389610260	Message=User Account Locked Out:   Target Account Name: Xavier-Magny   Target Account ID: EUROPE\Xavier-Magny   Caller Machine Name: FRLT00215270   Caller User Name: EUNLVEDC02$   Caller Domain: EUROPE   Caller Logon ID: (0x0,0x3E7)   
<13>Jan 13 11:51:04 EUNLVEDC02 AgentDevice=WindowsLog	AgentLogFile=Security	PluginVersion=1.0.14	Source=Security	Computer=EUNLVEDC02	User=SYSTEM	Domain=NT AUTHORITY	EventID=644	EventIDCode=644	EventType=8	EventCategory=7	RecordNumber=1829879463	TimeGenerated=1389610260	TimeWritten=1389610260	Message=User Account Locked Out:   Target Account Name: Xavier-Magny   Target Account ID: EUROPE\Xavier-Magny   Caller Machine Name: FRLT00215270   Caller User Name: EUNLVEDC02$   Caller Domain: EUROPE   Caller Logon ID: (0x0,0x3E7)   
<13>Jan 13 11:51:03 EUNLVEDC01 AgentDevice=WindowsLog	AgentLogFile=Security	PluginVersion=1.0.14	Source=Security	Computer=EUNLVEDC01	User=SYSTEM	Domain=NT AUTHORITY	EventID=644	EventIDCode=644	EventType=8	EventCategory=7	RecordNumber=2555270614	TimeGenerated=1389610260	TimeWritten=1389610260	Message=User Account Locked Out:   Target Account Name: Xavier-Magny   Target Account ID: EUROPE\Xavier-Magny   Caller Machine Name: FRLT00215270   Caller User Name: EUNLVEDC01$   Caller Domain: EUROPE   Caller Logon ID: (0x0,0x3E7)   
<13>Jan 13 11:50:40 EUNLVEDC02 AgentDevice=WindowsLog	AgentLogFile=Security	PluginVersion=1.0.14	Source=Security	Computer=EUNLVEDC02	User=MaMadm	Domain=EUROPE	EventID=671	EventIDCode=671	EventType=8	EventCategory=7	RecordNumber=1829878712	TimeGenerated=1389610237	TimeWritten=1389610237	Message=User Account Unlocked:   Target Account Name: Xavier-Magny   Target Domain:  EUROPE   Target Account ID: EUROPE\Xavier-Magny   Caller User Name: MaMadm   Caller Domain: EUROPE   Caller Logon ID: (0x0,0x2E1CEDF5)   
<13>Jan 13 11:50:17 EUNLVEDC02 AgentDevice=WindowsLog	AgentLogFile=Security	PluginVersion=1.0.14	Source=Security	Computer=EUNLVEDC02	User=RCAdm	Domain=EUROPE	EventID=671	EventIDCode=671	EventType=8	EventCategory=7	RecordNumber=1829878060	TimeGenerated=1389610214	TimeWritten=1389610214	Message=User Account Unlocked:   Target Account Name: Susanne-Smeets   Target Domain:  EUROPE   Target Account ID: EUROPE\Susanne-Kessels   Caller User Name: RCAdm   Caller Domain: EUROPE   Caller Logon ID: (0x0,0x2E1CBD1E)   
<13>Jan 13 11:46:32 EUNLVEDC02 AgentDevice=WindowsLog	AgentLogFile=Security	PluginVersion=1.0.14	Source=Security	Computer=EUNLVEDC02	User=CLSADM	Domain=EUROPE	EventID=671	EventIDCode=671	EventType=8	EventCategory=7	RecordNumber=1829871969	TimeGenerated=1389609979	TimeWritten=1389609979	Message=User Account Unlocked:   Target Account Name: Mireille-Mihoub   Target Domain:  EUROPE   Target Account ID: EUROPE\Mireille-Mihoub   Caller User Name: CLSADM   Caller Domain: EUROPE   Caller Logon ID: (0x0,0x2E1AD247)   
<13>Jan 13 11:46:18 EUNLVEDC01 AgentDevice=WindowsLog	AgentLogFile=Security	PluginVersion=1.0.14	Source=Security	Computer=EUNLVEDC01	User=CLSADM	Domain=EUROPE	EventID=671	EventIDCode=671	EventType=8	EventCategory=7	RecordNumber=2555263208	TimeGenerated=1389609976	TimeWritten=1389609976	Message=User Account Unlocked:   Target Account Name: Mireille-Mihoub   Target Domain:  EUROPE   Target Account ID: EUROPE\Mireille-Mihoub   Caller User Name: CLSADM   Caller Domain: EUROPE   Caller Logon ID: (0x0,0xB6554D1)   
<13>Jan 13 05:45:12 USCHNAHUB02 AgentDevice=WindowsLog	AgentLogFile=Security	PluginVersion=1.0.14	Source=Security	Computer=USCHNAHUB02	User=SYSTEM	Domain=NT AUTHORITY	EventID=644	EventIDCode=644	EventType=8	EventCategory=7	RecordNumber=3023997273	TimeGenerated=1389600794	TimeWritten=1389600794	Message=User Account Locked Out:   Target Account Name: JCBmgr   Target Account ID: NA\JCBmgr   Caller Machine Name: \\10.63.125.95   Caller User Name: USCHNAHUB02$   Caller Domain: NA   Caller Logon ID: (0x0,0x3E7)   
<13>Jan 13 05:40:59 USCHNAHUB02 AgentDevice=WindowsLog	AgentLogFile=Security	PluginVersion=1.0.14	Source=Security	Computer=USCHNAHUB02	User=SYSTEM	Domain=NT AUTHORITY	EventID=644	EventIDCode=644	EventType=8	EventCategory=7	RecordNumber=3023984969	TimeGenerated=1389600121	TimeWritten=1389600121	Message=User Account Locked Out:   Target Account Name: Adrian-Macean   Target Account ID: NA\Adrian-Macean   Caller Machine Name: CHSECGPRS02   Caller User Name: USCHNAHUB02$   Caller Domain: NA   Caller Logon ID: (0x0,0x3E7)   
<13>Jan 13 05:40:13 USCHPOSDC01 AgentDevice=WindowsLog	AgentLogFile=Security	PluginVersion=1.0.14	Source=Security	Computer=USCHPOSDC01	User=ANONYMOUS LOGON	Domain=NT AUTHORITY	EventID=642	EventIDCode=642	EventType=8	EventCategory=7	RecordNumber=2545947662	TimeGenerated=1389609610	TimeWritten=1389609610	Message=User Account Changed:   Target Account Name: 651316   Target Domain: POS   Target Account ID: POS\651316   Caller User Name: USCHPOSDC01$   Caller Domain: POS   Caller Logon ID: (0x0,0x3E7)   Privileges: -  Changed Attributes:   Sam Account Name: -   Display Name: -   User Principal Name: -   Home Directory: -   Home Drive: -   Script Path: -   Profile Path: -   User Workstations: -   Password Last Set: 1/13/2014 5:40:10 AM   Account Expires: -   Primary Group ID: -   AllowedToDelegateTo: -   Old UAC Value: -   New UAC Value: -   User Account Control: -   User Parameters: -   Sid History: -   Logon Hours: -   
