<13>Jan 11 16:14:26 USCHPOSDC01 AgentDevice=WindowsLog	AgentLogFile=Security	PluginVersion=1.0.14	Source=Security	Computer=USCHPOSDC01	User=SVC-IDMAdmin	Domain=NA	EventID=671	EventIDCode=671	EventType=8	EventCategory=7	RecordNumber=2544371813	TimeGenerated=1389474863	TimeWritten=1389474863	Message=User Account Unlocked:   Target Account Name: 631043   Target Domain:  POS   Target Account ID: POS\631043   Caller User Name: SVC-IDMAdmin   Caller Domain: NA   Caller Logon ID: (0x0,0x469B9305)   
<13>Jan 11 16:14:26 USCHPOSDC01 AgentDevice=WindowsLog	AgentLogFile=Security	PluginVersion=1.0.14	Source=Security	Computer=USCHPOSDC01	User=SVC-IDMAdmin	Domain=NA	EventID=642	EventIDCode=642	EventType=8	EventCategory=7	RecordNumber=2544371807	TimeGenerated=1389474863	TimeWritten=1389474863	Message=User Account Changed:   Target Account Name: 631043   Target Domain: POS   Target Account ID: POS\631043   Caller User Name: SVC-IDMAdmin   Caller Domain: NA   Caller Logon ID: (0x0,0x469B93A5)   Privileges: -  Changed Attributes:   Sam Account Name: -   Display Name: -   User Principal Name: -   Home Directory: -   Home Drive: -   Script Path: -   Profile Path: -   User Workstations: -   Password Last Set: 1/11/2014 4:14:23 PM   Account Expires: -   Primary Group ID: -   AllowedToDelegateTo: -   Old UAC Value: -   New UAC Value: -   User Account Control: -   User Parameters: -   Sid History: -   Logon Hours: -   
<13>Jan 11 16:13:47 USCHPOSDC01 AgentDevice=WindowsLog	AgentLogFile=Security	PluginVersion=1.0.14	Source=Security	Computer=USCHPOSDC01	User=SYSTEM	Domain=NT AUTHORITY	EventID=644	EventIDCode=644	EventType=8	EventCategory=7	RecordNumber=2544371117	TimeGenerated=1389474825	TimeWritten=1389474825	Message=User Account Locked Out:   Target Account Name: 644417   Target Account ID: POS\644417   Caller Machine Name: USCHNABH03   Caller User Name: USCHPOSDC01$   Caller Domain: POS   Caller Logon ID: (0x0,0x3E7)   
<13>Jan 11 16:13:43 USCHPOSDC01 AgentDevice=WindowsLog	AgentLogFile=Security	PluginVersion=1.0.14	Source=Security	Computer=USCHPOSDC01	User=SVC-IDMAdmin	Domain=NA	EventID=671	EventIDCode=671	EventType=8	EventCategory=7	RecordNumber=2544371066	TimeGenerated=1389474820	TimeWritten=1389474820	Message=User Account Unlocked:   Target Account Name: 515402   Target Domain:  POS   Target Account ID: POS\515402   Caller User Name: SVC-IDMAdmin   Caller Domain: NA   Caller Logon ID: (0x0,0x469B0A6C)   
<13>Jan 11 16:13:43 USCHPOSDC01 AgentDevice=WindowsLog	AgentLogFile=Security	PluginVersion=1.0.14	Source=Security	Computer=USCHPOSDC01	User=SVC-IDMAdmin	Domain=NA	EventID=642	EventIDCode=642	EventType=8	EventCategory=7	RecordNumber=2544371051	TimeGenerated=1389474820	TimeWritten=1389474820	Message=User Account Changed:   Target Account Name: 515402   Target Domain: POS   Target Account ID: POS\515402   Caller User Name: SVC-IDMAdmin   Caller Domain: NA   Caller Logon ID: (0x0,0x469B0ADF)   Privileges: -  Changed Attributes:   Sam Account Name: -   Display Name: -   User Principal Name: -   Home Directory: -   Home Drive: -   Script Path: -   Profile Path: -   User Workstations: -   Password Last Set: 1/11/2014 4:13:40 PM   Account Expires: -   Primary Group ID: -   AllowedToDelegateTo: -   Old UAC Value: -   New UAC Value: -   User Account Control: -   User Parameters: -   Sid History: -   Logon Hours: -   
<13>Jan 11 16:13:13 USCHPOSDC01 AgentDevice=WindowsLog	AgentLogFile=Security	PluginVersion=1.0.14	Source=Security	Computer=USCHPOSDC01	User=SYSTEM	Domain=NT AUTHORITY	EventID=644	EventIDCode=644	EventType=8	EventCategory=7	RecordNumber=2544370610	TimeGenerated=1389474791	TimeWritten=1389474791	Message=User Account Locked Out:   Target Account Name: 626894   Target Account ID: POS\626894   Caller Machine Name: USCHNABH03   Caller User Name: USCHPOSDC01$   Caller Domain: POS   Caller Logon ID: (0x0,0x3E7)   
<13>Jan 11 16:13:09 USCHPOSDC01 AgentDevice=WindowsLog	AgentLogFile=Security	PluginVersion=1.0.14	Source=Security	Computer=USCHPOSDC01	User=SVC-IDMAdmin	Domain=NA	EventID=671	EventIDCode=671	EventType=8	EventCategory=7	RecordNumber=2544370564	TimeGenerated=1389474787	TimeWritten=1389474787	Message=User Account Unlocked:   Target Account Name: 651141   Target Domain:  POS   Target Account ID: POS\651141   Caller User Name: SVC-IDMAdmin   Caller Domain: NA   Caller Logon ID: (0x0,0x469ABC87)   
<13>Jan 11 16:13:09 USCHPOSDC01 AgentDevice=WindowsLog	AgentLogFile=Security	PluginVersion=1.0.14	Source=Security	Computer=USCHPOSDC01	User=SVC-IDMAdmin	Domain=NA	EventID=642	EventIDCode=642	EventType=8	EventCategory=7	RecordNumber=2544370557	TimeGenerated=1389474786	TimeWritten=1389474786	Message=User Account Changed:   Target Account Name: 651141   Target Domain: POS   Target Account ID: POS\651141   Caller User Name: SVC-IDMAdmin   Caller Domain: NA   Caller Logon ID: (0x0,0x469ABD08)   Privileges: -  Changed Attributes:   Sam Account Name: -   Display Name: -   User Principal Name: -   Home Directory: -   Home Drive: -   Script Path: -   Profile Path: -   User Workstations: -   Password Last Set: 1/11/2014 4:13:06 PM   Account Expires: -   Primary Group ID: -   AllowedToDelegateTo: -   Old UAC Value: -   New UAC Value: -   User Account Control: -   User Parameters: -   Sid History: -   Logon Hours: -   
<13>Jan 11 16:11:58 USCHPOSDC01 AgentDevice=WindowsLog	AgentLogFile=Security	PluginVersion=1.0.14	Source=Security	Computer=USCHPOSDC01	User=SVC-IDMAdmin	Domain=NA	EventID=671	EventIDCode=671	EventType=8	EventCategory=7	RecordNumber=2544369477	TimeGenerated=1389474715	TimeWritten=1389474715	Message=User Account Unlocked:   Target Account Name: 636203   Target Domain:  POS   Target Account ID: POS\636203   Caller User Name: SVC-IDMAdmin   Caller Domain: NA   Caller Logon ID: (0x0,0x4699FD5E)   
<13>Jan 11 16:11:58 USCHPOSDC01 AgentDevice=WindowsLog	AgentLogFile=Security	PluginVersion=1.0.14	Source=Security	Computer=USCHPOSDC01	User=SVC-IDMAdmin	Domain=NA	EventID=642	EventIDCode=642	EventType=8	EventCategory=7	RecordNumber=2544369469	TimeGenerated=1389474715	TimeWritten=1389474715	Message=User Account Changed:   Target Account Name: 636203   Target Domain: POS   Target Account ID: POS\636203   Caller User Name: SVC-IDMAdmin   Caller Domain: NA   Caller Logon ID: (0x0,0x4699FE08)   Privileges: -  Changed Attributes:   Sam Account Name: -   Display Name: -   User Principal Name: -   Home Directory: -   Home Drive: -   Script Path: -   Profile Path: -   User Workstations: -   Password Last Set: 1/11/2014 4:11:55 PM   Account Expires: -   Primary Group ID: -   AllowedToDelegateTo: -   Old UAC Value: -   New UAC Value: -   User Account Control: -   User Parameters: -   Sid History: -   Logon Hours: -   
<13>Jan 11 16:07:50 USCHPOSDC02 AgentDevice=WindowsLog	AgentLogFile=Security	PluginVersion=1.0.14	Source=Security	Computer=USCHPOSDC02	User=SVC-IDMAdmin	Domain=NA	EventID=671	EventIDCode=671	EventType=8	EventCategory=7	RecordNumber=573456918	TimeGenerated=1389474466	TimeWritten=1389474466	Message=User Account Unlocked:   Target Account Name: 651790   Target Domain:  POS   Target Account ID: POS\651790   Caller User Name: SVC-IDMAdmin   Caller Domain: NA   Caller Logon ID: (0x0,0x4C1ADB8F)   
<13>Jan 11 16:07:50 USCHPOSDC02 AgentDevice=WindowsLog	AgentLogFile=Security	PluginVersion=1.0.14	Source=Security	Computer=USCHPOSDC02	User=SVC-IDMAdmin	Domain=NA	EventID=642	EventIDCode=642	EventType=8	EventCategory=7	RecordNumber=573456911	TimeGenerated=1389474466	TimeWritten=1389474466	Message=User Account Changed:   Target Account Name: 651790   Target Domain: POS   Target Account ID: POS\651790   Caller User Name: SVC-IDMAdmin   Caller Domain: NA   Caller Logon ID: (0x0,0x4C1ADBF2)   Privileges: -  Changed Attributes:   Sam Account Name: -   Display Name: -   User Principal Name: -   Home Directory: -   Home Drive: -   Script Path: -   Profile Path: -   User Workstations: -   Password Last Set: 1/11/2014 4:07:46 PM   Account Expires: -   Primary Group ID: -   AllowedToDelegateTo: -   Old UAC Value: -   New UAC Value: -   User Account Control: -   User Parameters: -   Sid History: -   Logon Hours: -   
<13>Jan 11 16:07:49 USCHPOSDC01 AgentDevice=WindowsLog	AgentLogFile=Security	PluginVersion=1.0.14	Source=Security	Computer=USCHPOSDC01	User=ANONYMOUS LOGON	Domain=NT AUTHORITY	EventID=642	EventIDCode=642	EventType=8	EventCategory=7	RecordNumber=2544365545	TimeGenerated=1389474466	TimeWritten=1389474466	Message=User Account Changed:   Target Account Name: 651790   Target Domain: POS   Target Account ID: POS\651790   Caller User Name: USCHPOSDC01$   Caller Domain: POS   Caller Logon ID: (0x0,0x3E7)   Privileges: -  Changed Attributes:   Sam Account Name: -   Display Name: -   User Principal Name: -   Home Directory: -   Home Drive: -   Script Path: -   Profile Path: -   User Workstations: -   Password Last Set: 1/11/2014 4:07:46 PM   Account Expires: -   Primary Group ID: -   AllowedToDelegateTo: -   Old UAC Value: -   New UAC Value: -   User Account Control: -   User Parameters: -   Sid History: -   Logon Hours: -   
<13>Jan 11 16:05:40 USCHPOSDC01 AgentDevice=WindowsLog	AgentLogFile=Security	PluginVersion=1.0.14	Source=Security	Computer=USCHPOSDC01	User=SVC-IDMAdmin	Domain=NA	EventID=671	EventIDCode=671	EventType=8	EventCategory=7	RecordNumber=2544363453	TimeGenerated=1389474338	TimeWritten=1389474338	Message=User Account Unlocked:   Target Account Name: 611363   Target Domain:  POS   Target Account ID: POS\611363   Caller User Name: SVC-IDMAdmin   Caller Domain: NA   Caller Logon ID: (0x0,0x4696425E)   
<13>Jan 11 16:05:40 USCHPOSDC01 AgentDevice=WindowsLog	AgentLogFile=Security	PluginVersion=1.0.14	Source=Security	Computer=USCHPOSDC01	User=SVC-IDMAdmin	Domain=NA	EventID=642	EventIDCode=642	EventType=8	EventCategory=7	RecordNumber=2544363447	TimeGenerated=1389474338	TimeWritten=1389474338	Message=User Account Changed:   Target Account Name: 611363   Target Domain: POS   Target Account ID: POS\611363   Caller User Name: SVC-IDMAdmin   Caller Domain: NA   Caller Logon ID: (0x0,0x469642DA)   Privileges: -  Changed Attributes:   Sam Account Name: -   Display Name: -   User Principal Name: -   Home Directory: -   Home Drive: -   Script Path: -   Profile Path: -   User Workstations: -   Password Last Set: 1/11/2014 4:05:37 PM   Account Expires: -   Primary Group ID: -   AllowedToDelegateTo: -   Old UAC Value: -   New UAC Value: -   User Account Control: -   User Parameters: -   Sid History: -   Logon Hours: -   
<13>Jan 11 16:05:30 USCHPOSDC01 AgentDevice=WindowsLog	AgentLogFile=Security	PluginVersion=1.0.14	Source=Security	Computer=USCHPOSDC01	User=ANONYMOUS LOGON	Domain=NT AUTHORITY	EventID=642	EventIDCode=642	EventType=8	EventCategory=7	RecordNumber=2544363267	TimeGenerated=1389474326	TimeWritten=1389474326	Message=User Account Changed:   Target Account Name: 436872   Target Domain: POS   Target Account ID: POS\436872   Caller User Name: USCHPOSDC01$   Caller Domain: POS   Caller Logon ID: (0x0,0x3E7)   Privileges: -  Changed Attributes:   Sam Account Name: -   Display Name: -   User Principal Name: -   Home Directory: -   Home Drive: -   Script Path: -   Profile Path: -   User Workstations: -   Password Last Set: 1/11/2014 4:05:26 PM   Account Expires: -   Primary Group ID: -   AllowedToDelegateTo: -   Old UAC Value: -   New UAC Value: -   User Account Control: -   User Parameters: -   Sid History: -   Logon Hours: -   
<13>Jan 11 16:05:29 USCHPOSDC02 AgentDevice=WindowsLog	AgentLogFile=Security	PluginVersion=1.0.14	Source=Security	Computer=USCHPOSDC02	User=SVC-IDMAdmin	Domain=NA	EventID=671	EventIDCode=671	EventType=8	EventCategory=7	RecordNumber=573456397	TimeGenerated=1389474326	TimeWritten=1389474326	Message=User Account Unlocked:   Target Account Name: 436872   Target Domain:  POS   Target Account ID: POS\436872   Caller User Name: SVC-IDMAdmin   Caller Domain: NA   Caller Logon ID: (0x0,0x4C19A1CC)   
<13>Jan 11 16:05:29 USCHPOSDC02 AgentDevice=WindowsLog	AgentLogFile=Security	PluginVersion=1.0.14	Source=Security	Computer=USCHPOSDC02	User=SVC-IDMAdmin	Domain=NA	EventID=642	EventIDCode=642	EventType=8	EventCategory=7	RecordNumber=573456387	TimeGenerated=1389474326	TimeWritten=1389474326	Message=User Account Changed:   Target Account Name: 436872   Target Domain: POS   Target Account ID: POS\436872   Caller User Name: SVC-IDMAdmin   Caller Domain: NA   Caller Logon ID: (0x0,0x4C19A272)   Privileges: -  Changed Attributes:   Sam Account Name: -   Display Name: -   User Principal Name: -   Home Directory: -   Home Drive: -   Script Path: -   Profile Path: -   User Workstations: -   Password Last Set: 1/11/2014 4:05:26 PM   Account Expires: -   Primary Group ID: -   AllowedToDelegateTo: -   Old UAC Value: -   New UAC Value: -   User Account Control: -   User Parameters: -   Sid History: -   Logon Hours: -   
<13>Jan 11 16:04:43 USCHPOSDC01 AgentDevice=WindowsLog	AgentLogFile=Security	PluginVersion=1.0.14	Source=Security	Computer=USCHPOSDC01	User=SVC-IDMAdmin	Domain=NA	EventID=671	EventIDCode=671	EventType=8	EventCategory=7	RecordNumber=2544362552	TimeGenerated=1389474279	TimeWritten=1389474279	Message=User Account Unlocked:   Target Account Name: 617195   Target Domain:  POS   Target Account ID: POS\617195   Caller User Name: SVC-IDMAdmin   Caller Domain: NA   Caller Logon ID: (0x0,0x4695D99D)   
<13>Jan 11 16:04:41 USCHPOSDC01 AgentDevice=WindowsLog	AgentLogFile=Security	PluginVersion=1.0.14	Source=Security	Computer=USCHPOSDC01	User=SVC-IDMAdmin	Domain=NA	EventID=642	EventIDCode=642	EventType=8	EventCategory=7	RecordNumber=2544362535	TimeGenerated=1389474279	TimeWritten=1389474279	Message=User Account Changed:   Target Account Name: 617195   Target Domain: POS   Target Account ID: POS\617195   Caller User Name: SVC-IDMAdmin   Caller Domain: NA   Caller Logon ID: (0x0,0x4695DDA0)   Privileges: -  Changed Attributes:   Sam Account Name: -   Display Name: -   User Principal Name: -   Home Directory: -   Home Drive: -   Script Path: -   Profile Path: -   User Workstations: -   Password Last Set: 1/11/2014 4:04:39 PM   Account Expires: -   Primary Group ID: -   AllowedToDelegateTo: -   Old UAC Value: -   New UAC Value: -   User Account Control: -   User Parameters: -   Sid History: -   Logon Hours: -   
<13>Jan 11 16:04:29 USCHPOSDC01 AgentDevice=WindowsLog	AgentLogFile=Security	PluginVersion=1.0.14	Source=Security	Computer=USCHPOSDC01	User=SVC-IDMAdmin	Domain=NA	EventID=671	EventIDCode=671	EventType=8	EventCategory=7	RecordNumber=2544362266	TimeGenerated=1389474267	TimeWritten=1389474267	Message=User Account Unlocked:   Target Account Name: 651804   Target Domain:  POS   Target Account ID: POS\651804   Caller User Name: SVC-IDMAdmin   Caller Domain: NA   Caller Logon ID: (0x0,0x4695C384)   
<13>Jan 11 16:04:29 USCHPOSDC01 AgentDevice=WindowsLog	AgentLogFile=Security	PluginVersion=1.0.14	Source=Security	Computer=USCHPOSDC01	User=SVC-IDMAdmin	Domain=NA	EventID=642	EventIDCode=642	EventType=8	EventCategory=7	RecordNumber=2544362260	TimeGenerated=1389474266	TimeWritten=1389474266	Message=User Account Changed:   Target Account Name: 651804   Target Domain: POS   Target Account ID: POS\651804   Caller User Name: SVC-IDMAdmin   Caller Domain: NA   Caller Logon ID: (0x0,0x4695C464)   Privileges: -  Changed Attributes:   Sam Account Name: -   Display Name: -   User Principal Name: -   Home Directory: -   Home Drive: -   Script Path: -   Profile Path: -   User Workstations: -   Password Last Set: 1/11/2014 4:04:26 PM   Account Expires: -   Primary Group ID: -   AllowedToDelegateTo: -   Old UAC Value: -   New UAC Value: -   User Account Control: -   User Parameters: -   Sid History: -   Logon Hours: -   
<13>Jan 11 16:03:36 USCHPOSDC01 AgentDevice=WindowsLog	AgentLogFile=Security	PluginVersion=1.0.14	Source=Security	Computer=USCHPOSDC01	User=ANONYMOUS LOGON	Domain=NT AUTHORITY	EventID=642	EventIDCode=642	EventType=8	EventCategory=7	RecordNumber=2544361146	TimeGenerated=1389474213	TimeWritten=1389474213	Message=User Account Changed:   Target Account Name: 640387   Target Domain: POS   Target Account ID: POS\640387   Caller User Name: USCHPOSDC01$   Caller Domain: POS   Caller Logon ID: (0x0,0x3E7)   Privileges: -  Changed Attributes:   Sam Account Name: -   Display Name: -   User Principal Name: -   Home Directory: -   Home Drive: -   Script Path: -   Profile Path: -   User Workstations: -   Password Last Set: 1/11/2014 4:03:33 PM   Account Expires: -   Primary Group ID: -   AllowedToDelegateTo: -   Old UAC Value: -   New UAC Value: -   User Account Control: -   User Parameters: -   Sid History: -   Logon Hours: -   
<13>Jan 11 16:03:35 USCHPOSDC02 AgentDevice=WindowsLog	AgentLogFile=Security	PluginVersion=1.0.14	Source=Security	Computer=USCHPOSDC02	User=SVC-IDMAdmin	Domain=NA	EventID=671	EventIDCode=671	EventType=8	EventCategory=7	RecordNumber=573455900	TimeGenerated=1389474213	TimeWritten=1389474213	Message=User Account Unlocked:   Target Account Name: 640387   Target Domain:  POS   Target Account ID: POS\640387   Caller User Name: SVC-IDMAdmin   Caller Domain: NA   Caller Logon ID: (0x0,0x4C18737E)   
<13>Jan 11 16:03:35 USCHPOSDC02 AgentDevice=WindowsLog	AgentLogFile=Security	PluginVersion=1.0.14	Source=Security	Computer=USCHPOSDC02	User=SVC-IDMAdmin	Domain=NA	EventID=642	EventIDCode=642	EventType=8	EventCategory=7	RecordNumber=573455894	TimeGenerated=1389474213	TimeWritten=1389474213	Message=User Account Changed:   Target Account Name: 640387   Target Domain: POS   Target Account ID: POS\640387   Caller User Name: SVC-IDMAdmin   Caller Domain: NA   Caller Logon ID: (0x0,0x4C1873EE)   Privileges: -  Changed Attributes:   Sam Account Name: -   Display Name: -   User Principal Name: -   Home Directory: -   Home Drive: -   Script Path: -   Profile Path: -   User Workstations: -   Password Last Set: 1/11/2014 4:03:32 PM   Account Expires: -   Primary Group ID: -   AllowedToDelegateTo: -   Old UAC Value: -   New UAC Value: -   User Account Control: -   User Parameters: -   Sid History: -   Logon Hours: -   
<13>Jan 11 16:03:28 USCHPOSDC01 AgentDevice=WindowsLog	AgentLogFile=Security	PluginVersion=1.0.14	Source=Security	Computer=USCHPOSDC01	User=ANONYMOUS LOGON	Domain=NT AUTHORITY	EventID=642	EventIDCode=642	EventType=8	EventCategory=7	RecordNumber=2544360981	TimeGenerated=1389474205	TimeWritten=1389474205	Message=User Account Changed:   Target Account Name: 088098   Target Domain: POS   Target Account ID: POS\088098   Caller User Name: USCHPOSDC01$   Caller Domain: POS   Caller Logon ID: (0x0,0x3E7)   Privileges: -  Changed Attributes:   Sam Account Name: -   Display Name: -   User Principal Name: -   Home Directory: -   Home Drive: -   Script Path: -   Profile Path: -   User Workstations: -   Password Last Set: 1/11/2014 4:03:25 PM   Account Expires: -   Primary Group ID: -   AllowedToDelegateTo: -   Old UAC Value: -   New UAC Value: -   User Account Control: -   User Parameters: -   Sid History: -   Logon Hours: -   
<13>Jan 11 16:03:27 USCHPOSDC02 AgentDevice=WindowsLog	AgentLogFile=Security	PluginVersion=1.0.14	Source=Security	Computer=USCHPOSDC02	User=SVC-IDMAdmin	Domain=NA	EventID=671	EventIDCode=671	EventType=8	EventCategory=7	RecordNumber=573455830	TimeGenerated=1389474205	TimeWritten=1389474205	Message=User Account Unlocked:   Target Account Name: 088098   Target Domain:  POS   Target Account ID: POS\088098   Caller User Name: SVC-IDMAdmin   Caller Domain: NA   Caller Logon ID: (0x0,0x4C186719)   
<13>Jan 11 16:03:27 USCHPOSDC02 AgentDevice=WindowsLog	AgentLogFile=Security	PluginVersion=1.0.14	Source=Security	Computer=USCHPOSDC02	User=SVC-IDMAdmin	Domain=NA	EventID=642	EventIDCode=642	EventType=8	EventCategory=7	RecordNumber=573455824	TimeGenerated=1389474205	TimeWritten=1389474205	Message=User Account Changed:   Target Account Name: 088098   Target Domain: POS   Target Account ID: POS\088098   Caller User Name: SVC-IDMAdmin   Caller Domain: NA   Caller Logon ID: (0x0,0x4C1867A8)   Privileges: -  Changed Attributes:   Sam Account Name: -   Display Name: -   User Principal Name: -   Home Directory: -   Home Drive: -   Script Path: -   Profile Path: -   User Workstations: -   Password Last Set: 1/11/2014 4:03:24 PM   Account Expires: -   Primary Group ID: -   AllowedToDelegateTo: -   Old UAC Value: -   New UAC Value: -   User Account Control: -   User Parameters: -   Sid History: -   Logon Hours: -   
<13>Jan 11 16:01:58 USCHPOSDC02 AgentDevice=WindowsLog	AgentLogFile=Security	PluginVersion=1.0.14	Source=Security	Computer=USCHPOSDC02	User=SVC-IDMAdmin	Domain=NA	EventID=671	EventIDCode=671	EventType=8	EventCategory=7	RecordNumber=573451918	TimeGenerated=1389474115	TimeWritten=1389474115	Message=User Account Unlocked:   Target Account Name: 571322   Target Domain:  POS   Target Account ID: POS\571322   Caller User Name: SVC-IDMAdmin   Caller Domain: NA   Caller Logon ID: (0x0,0x4C165E7C)   
<13>Jan 11 16:01:57 USCHPOSDC02 AgentDevice=WindowsLog	AgentLogFile=Security	PluginVersion=1.0.14	Source=Security	Computer=USCHPOSDC02	User=SVC-IDMAdmin	Domain=NA	EventID=642	EventIDCode=642	EventType=8	EventCategory=7	RecordNumber=573451898	TimeGenerated=1389474114	TimeWritten=1389474114	Message=User Account Changed:   Target Account Name: 571322   Target Domain: POS   Target Account ID: POS\571322   Caller User Name: SVC-IDMAdmin   Caller Domain: NA   Caller Logon ID: (0x0,0x4C1670B9)   Privileges: -  Changed Attributes:   Sam Account Name: -   Display Name: -   User Principal Name: -   Home Directory: -   Home Drive: -   Script Path: -   Profile Path: -   User Workstations: -   Password Last Set: 1/11/2014 4:01:54 PM   Account Expires: -   Primary Group ID: -   AllowedToDelegateTo: -   Old UAC Value: -   New UAC Value: -   User Account Control: -   User Parameters: -   Sid History: -   Logon Hours: -   
<13>Jan 11 16:01:57 USCHPOSDC01 AgentDevice=WindowsLog	AgentLogFile=Security	PluginVersion=1.0.14	Source=Security	Computer=USCHPOSDC01	User=ANONYMOUS LOGON	Domain=NT AUTHORITY	EventID=642	EventIDCode=642	EventType=8	EventCategory=7	RecordNumber=2544359393	TimeGenerated=1389474115	TimeWritten=1389474115	Message=User Account Changed:   Target Account Name: 571322   Target Domain: POS   Target Account ID: POS\571322   Caller User Name: USCHPOSDC01$   Caller Domain: POS   Caller Logon ID: (0x0,0x3E7)   Privileges: -  Changed Attributes:   Sam Account Name: -   Display Name: -   User Principal Name: -   Home Directory: -   Home Drive: -   Script Path: -   Profile Path: -   User Workstations: -   Password Last Set: 1/11/2014 4:01:54 PM   Account Expires: -   Primary Group ID: -   AllowedToDelegateTo: -   Old UAC Value: -   New UAC Value: -   User Account Control: -   User Parameters: -   Sid History: -   Logon Hours: -   
<13>Jan 11 16:00:34 USCHPOSDC01 AgentDevice=WindowsLog	AgentLogFile=Security	PluginVersion=1.0.14	Source=Security	Computer=USCHPOSDC01	User=SYSTEM	Domain=NT AUTHORITY	EventID=644	EventIDCode=644	EventType=8	EventCategory=7	RecordNumber=2544357951	TimeGenerated=1389474031	TimeWritten=1389474031	Message=User Account Locked Out:   Target Account Name: 637544   Target Account ID: POS\637544   Caller Machine Name: USCHNABH03   Caller User Name: USCHPOSDC01$   Caller Domain: POS   Caller Logon ID: (0x0,0x3E7)   
<13>Jan 11 16:00:03 USCHPOSDC01 AgentDevice=WindowsLog	AgentLogFile=Security	PluginVersion=1.0.14	Source=Security	Computer=USCHPOSDC01	User=SVC-IDMAdmin	Domain=NA	EventID=671	EventIDCode=671	EventType=8	EventCategory=7	RecordNumber=2544357313	TimeGenerated=1389474001	TimeWritten=1389474001	Message=User Account Unlocked:   Target Account Name: 573876   Target Domain:  POS   Target Account ID: POS\573876   Caller User Name: SVC-IDMAdmin   Caller Domain: NA   Caller Logon ID: (0x0,0x46930A0A)   
<13>Jan 11 16:00:03 USCHPOSDC01 AgentDevice=WindowsLog	AgentLogFile=Security	PluginVersion=1.0.14	Source=Security	Computer=USCHPOSDC01	User=SVC-IDMAdmin	Domain=NA	EventID=642	EventIDCode=642	EventType=8	EventCategory=7	RecordNumber=2544357304	TimeGenerated=1389474001	TimeWritten=1389474001	Message=User Account Changed:   Target Account Name: 573876   Target Domain: POS   Target Account ID: POS\573876   Caller User Name: SVC-IDMAdmin   Caller Domain: NA   Caller Logon ID: (0x0,0x46930A8D)   Privileges: -  Changed Attributes:   Sam Account Name: -   Display Name: -   User Principal Name: -   Home Directory: -   Home Drive: -   Script Path: -   Profile Path: -   User Workstations: -   Password Last Set: 1/11/2014 4:00:01 PM   Account Expires: -   Primary Group ID: -   AllowedToDelegateTo: -   Old UAC Value: -   New UAC Value: -   User Account Control: -   User Parameters: -   Sid History: -   Logon Hours: -   
<13>Jan 11 15:58:22 USCHPOSDC01 AgentDevice=WindowsLog	AgentLogFile=Security	PluginVersion=1.0.14	Source=Security	Computer=USCHPOSDC01	User=SVC-IDMAdmin	Domain=NA	EventID=671	EventIDCode=671	EventType=8	EventCategory=7	RecordNumber=2544355294	TimeGenerated=1389473899	TimeWritten=1389473899	Message=User Account Unlocked:   Target Account Name: 645319   Target Domain:  POS   Target Account ID: POS\645319   Caller User Name: SVC-IDMAdmin   Caller Domain: NA   Caller Logon ID: (0x0,0x469233B9)   
<13>Jan 11 15:58:22 USCHPOSDC01 AgentDevice=WindowsLog	AgentLogFile=Security	PluginVersion=1.0.14	Source=Security	Computer=USCHPOSDC01	User=SVC-IDMAdmin	Domain=NA	EventID=642	EventIDCode=642	EventType=8	EventCategory=7	RecordNumber=2544355280	TimeGenerated=1389473898	TimeWritten=1389473898	Message=User Account Changed:   Target Account Name: 645319   Target Domain: POS   Target Account ID: POS\645319   Caller User Name: SVC-IDMAdmin   Caller Domain: NA   Caller Logon ID: (0x0,0x469234DD)   Privileges: -  Changed Attributes:   Sam Account Name: -   Display Name: -   User Principal Name: -   Home Directory: -   Home Drive: -   Script Path: -   Profile Path: -   User Workstations: -   Password Last Set: 1/11/2014 3:58:18 PM   Account Expires: -   Primary Group ID: -   AllowedToDelegateTo: -   Old UAC Value: -   New UAC Value: -   User Account Control: -   User Parameters: -   Sid History: -   Logon Hours: -   
<13>Jan 11 15:57:56 USCHRETDC01 AgentDevice=WindowsLog	AgentLogFile=Security	PluginVersion=1.0.14	Source=Security	Computer=USCHRETDC01	User=SYSTEM	Domain=NT AUTHORITY	EventID=644	EventIDCode=644	EventType=8	EventCategory=7	RecordNumber=2272207696	TimeGenerated=1389473872	TimeWritten=1389473872	Message=User Account Locked Out:   Target Account Name: Salesxp00620   Target Account ID: ODRETAIL\Salesxp00620   Caller Machine Name: ODS00620W09   Caller User Name: USCHRETDC01$   Caller Domain: ODRETAIL   Caller Logon ID: (0x0,0x3E7)   
<13>Jan 11 15:57:46 USCHNAHUB02 AgentDevice=WindowsLog	AgentLogFile=Security	PluginVersion=1.0.14	Source=Security	Computer=USCHNAHUB02	User=ANONYMOUS LOGON	Domain=NT AUTHORITY	EventID=642	EventIDCode=642	EventType=8	EventCategory=7	RecordNumber=3020107916	TimeGenerated=1389473862	TimeWritten=1389473862	Message=User Account Changed:   Target Account Name: Charles-Taylor   Target Domain: NA   Target Account ID: NA\Charles-Taylor   Caller User Name: USCHNAHUB02$   Caller Domain: NA   Caller Logon ID: (0x0,0x3E7)   Privileges: -  Changed Attributes:   Sam Account Name: -   Display Name: -   User Principal Name: -   Home Directory: -   Home Drive: -   Script Path: -   Profile Path: -   User Workstations: -   Password Last Set: 1/11/2014 3:57:42 PM   Account Expires: -   Primary Group ID: -   AllowedToDelegateTo: -   Old UAC Value: -   New UAC Value: -   User Account Control: -   User Parameters: -   Sid History: -   Logon Hours: -   
<13>Jan 11 15:57:46 USCHPOSDC02 AgentDevice=WindowsLog	AgentLogFile=Security	PluginVersion=1.0.14	Source=Security	Computer=USCHPOSDC02	User=SVC-IDMAdmin	Domain=NA	EventID=671	EventIDCode=671	EventType=8	EventCategory=7	RecordNumber=573440972	TimeGenerated=1389473862	TimeWritten=1389473862	Message=User Account Unlocked:   Target Account Name: 599470   Target Domain:  POS   Target Account ID: POS\599470   Caller User Name: SVC-IDMAdmin   Caller Domain: NA   Caller Logon ID: (0x0,0x4C106D1F)   
<13>Jan 11 15:57:46 USCHNAHUB06 AgentDevice=WindowsLog	AgentLogFile=Security	PluginVersion=1.0.14	Source=Security	Computer=USCHNAHUB06	User=SVC-IDMAdmin	Domain=NA	EventID=671	EventIDCode=671	EventType=8	EventCategory=7	RecordNumber=703992128	TimeGenerated=1389473863	TimeWritten=1389473863	Message=User Account Unlocked:   Target Account Name: Charles-Taylor   Target Domain:  NA   Target Account ID: NA\Charles-Taylor   Caller User Name: SVC-IDMAdmin   Caller Domain: NA   Caller Logon ID: (0x0,0x124D017B)   
<13>Jan 11 15:57:46 USCHNAHUB06 AgentDevice=WindowsLog	AgentLogFile=Security	PluginVersion=1.0.14	Source=Security	Computer=USCHNAHUB06	User=SVC-IDMAdmin	Domain=NA	EventID=642	EventIDCode=642	EventType=8	EventCategory=7	RecordNumber=703992085	TimeGenerated=1389473862	TimeWritten=1389473862	Message=User Account Changed:   Target Account Name: Charles-Taylor   Target Domain: NA   Target Account ID: NA\Charles-Taylor   Caller User Name: SVC-IDMAdmin   Caller Domain: NA   Caller Logon ID: (0x0,0x124D01C2)   Privileges: -  Changed Attributes:   Sam Account Name: -   Display Name: -   User Principal Name: -   Home Directory: -   Home Drive: -   Script Path: -   Profile Path: -   User Workstations: -   Password Last Set: 1/11/2014 3:57:42 PM   Account Expires: -   Primary Group ID: -   AllowedToDelegateTo: -   Old UAC Value: -   New UAC Value: -   User Account Control: -   User Parameters: -   Sid History: -   Logon Hours: -   
<13>Jan 11 15:57:45 USCHPOSDC01 AgentDevice=WindowsLog	AgentLogFile=Security	PluginVersion=1.0.14	Source=Security	Computer=USCHPOSDC01	User=ANONYMOUS LOGON	Domain=NT AUTHORITY	EventID=642	EventIDCode=642	EventType=8	EventCategory=7	RecordNumber=2544354573	TimeGenerated=1389473862	TimeWritten=1389473862	Message=User Account Changed:   Target Account Name: 599470   Target Domain: POS   Target Account ID: POS\599470   Caller User Name: USCHPOSDC01$   Caller Domain: POS   Caller Logon ID: (0x0,0x3E7)   Privileges: -  Changed Attributes:   Sam Account Name: -   Display Name: -   User Principal Name: -   Home Directory: -   Home Drive: -   Script Path: -   Profile Path: -   User Workstations: -   Password Last Set: 1/11/2014 3:57:42 PM   Account Expires: -   Primary Group ID: -   AllowedToDelegateTo: -   Old UAC Value: -   New UAC Value: -   User Account Control: -   User Parameters: -   Sid History: -   Logon Hours: -   
<13>Jan 11 15:57:44 USCHPOSDC02 AgentDevice=WindowsLog	AgentLogFile=Security	PluginVersion=1.0.14	Source=Security	Computer=USCHPOSDC02	User=SVC-IDMAdmin	Domain=NA	EventID=642	EventIDCode=642	EventType=8	EventCategory=7	RecordNumber=573440968	TimeGenerated=1389473862	TimeWritten=1389473862	Message=User Account Changed:   Target Account Name: 599470   Target Domain: POS   Target Account ID: POS\599470   Caller User Name: SVC-IDMAdmin   Caller Domain: NA   Caller Logon ID: (0x0,0x4C106D8D)   Privileges: -  Changed Attributes:   Sam Account Name: -   Display Name: -   User Principal Name: -   Home Directory: -   Home Drive: -   Script Path: -   Profile Path: -   User Workstations: -   Password Last Set: 1/11/2014 3:57:42 PM   Account Expires: -   Primary Group ID: -   AllowedToDelegateTo: -   Old UAC Value: -   New UAC Value: -   User Account Control: -   User Parameters: -   Sid History: -   Logon Hours: -   
<13>Jan 11 15:55:55 USCHRETDC02 AgentDevice=WindowsLog	AgentLogFile=Security	PluginVersion=1.0.14	Source=Security	Computer=USCHRETDC02	User=SYSTEM	Domain=NT AUTHORITY	EventID=644	EventIDCode=644	EventType=8	EventCategory=7	RecordNumber=2059317119	TimeGenerated=1389473751	TimeWritten=1389473751	Message=User Account Locked Out:   Target Account Name: Salesxp00597   Target Account ID: ODRETAIL\Salesxp00597   Caller Machine Name: ODS00597W12   Caller User Name: USCHRETDC02$   Caller Domain: ODRETAIL   Caller Logon ID: (0x0,0x3E7)   
<13>Jan 11 15:55:54 USCHRETDC01 AgentDevice=WindowsLog	AgentLogFile=Security	PluginVersion=1.0.14	Source=Security	Computer=USCHRETDC01	User=SYSTEM	Domain=NT AUTHORITY	EventID=644	EventIDCode=644	EventType=8	EventCategory=7	RecordNumber=2272204235	TimeGenerated=1389473751	TimeWritten=1389473751	Message=User Account Locked Out:   Target Account Name: Salesxp00597   Target Account ID: ODRETAIL\Salesxp00597   Caller Machine Name: ODS00597W12   Caller User Name: USCHRETDC01$   Caller Domain: ODRETAIL   Caller Logon ID: (0x0,0x3E7)   
<13>Jan 11 15:55:42 USCHPOSDC01 AgentDevice=WindowsLog	AgentLogFile=Security	PluginVersion=1.0.14	Source=Security	Computer=USCHPOSDC01	User=ANONYMOUS LOGON	Domain=NT AUTHORITY	EventID=642	EventIDCode=642	EventType=8	EventCategory=7	RecordNumber=2544352369	TimeGenerated=1389473738	TimeWritten=1389473738	Message=User Account Changed:   Target Account Name: 655796   Target Domain: POS   Target Account ID: POS\655796   Caller User Name: USCHPOSDC01$   Caller Domain: POS   Caller Logon ID: (0x0,0x3E7)   Privileges: -  Changed Attributes:   Sam Account Name: -   Display Name: -   User Principal Name: -   Home Directory: -   Home Drive: -   Script Path: -   Profile Path: -   User Workstations: -   Password Last Set: 1/11/2014 3:55:38 PM   Account Expires: -   Primary Group ID: -   AllowedToDelegateTo: -   Old UAC Value: -   New UAC Value: -   User Account Control: -   User Parameters: -   Sid History: -   Logon Hours: -   
<13>Jan 11 15:55:41 USCHPOSDC02 AgentDevice=WindowsLog	AgentLogFile=Security	PluginVersion=1.0.14	Source=Security	Computer=USCHPOSDC02	User=SVC-IDMAdmin	Domain=NA	EventID=671	EventIDCode=671	EventType=8	EventCategory=7	RecordNumber=573439983	TimeGenerated=1389473738	TimeWritten=1389473738	Message=User Account Unlocked:   Target Account Name: 655796   Target Domain:  POS   Target Account ID: POS\655796   Caller User Name: SVC-IDMAdmin   Caller Domain: NA   Caller Logon ID: (0x0,0x4C0F1C52)   
<13>Jan 11 15:55:41 USCHPOSDC02 AgentDevice=WindowsLog	AgentLogFile=Security	PluginVersion=1.0.14	Source=Security	Computer=USCHPOSDC02	User=SVC-IDMAdmin	Domain=NA	EventID=642	EventIDCode=642	EventType=8	EventCategory=7	RecordNumber=573439950	TimeGenerated=1389473738	TimeWritten=1389473738	Message=User Account Changed:   Target Account Name: 655796   Target Domain: POS   Target Account ID: POS\655796   Caller User Name: SVC-IDMAdmin   Caller Domain: NA   Caller Logon ID: (0x0,0x4C0F1DA6)   Privileges: -  Changed Attributes:   Sam Account Name: -   Display Name: -   User Principal Name: -   Home Directory: -   Home Drive: -   Script Path: -   Profile Path: -   User Workstations: -   Password Last Set: 1/11/2014 3:55:38 PM   Account Expires: -   Primary Group ID: -   AllowedToDelegateTo: -   Old UAC Value: -   New UAC Value: -   User Account Control: -   User Parameters: -   Sid History: -   Logon Hours: -   
<13>Jan 11 15:54:25 USCHPOSDC01 AgentDevice=WindowsLog	AgentLogFile=Security	PluginVersion=1.0.14	Source=Security	Computer=USCHPOSDC01	User=SVC-IDMAdmin	Domain=NA	EventID=671	EventIDCode=671	EventType=8	EventCategory=7	RecordNumber=2544351198	TimeGenerated=1389473662	TimeWritten=1389473662	Message=User Account Unlocked:   Target Account Name: 604014   Target Domain:  POS   Target Account ID: POS\604014   Caller User Name: SVC-IDMAdmin   Caller Domain: NA   Caller Logon ID: (0x0,0x4690172E)   
<13>Jan 11 15:54:25 USCHPOSDC01 AgentDevice=WindowsLog	AgentLogFile=Security	PluginVersion=1.0.14	Source=Security	Computer=USCHPOSDC01	User=SVC-IDMAdmin	Domain=NA	EventID=642	EventIDCode=642	EventType=8	EventCategory=7	RecordNumber=2544351189	TimeGenerated=1389473662	TimeWritten=1389473662	Message=User Account Changed:   Target Account Name: 604014   Target Domain: POS   Target Account ID: POS\604014   Caller User Name: SVC-IDMAdmin   Caller Domain: NA   Caller Logon ID: (0x0,0x46901795)   Privileges: -  Changed Attributes:   Sam Account Name: -   Display Name: -   User Principal Name: -   Home Directory: -   Home Drive: -   Script Path: -   Profile Path: -   User Workstations: -   Password Last Set: 1/11/2014 3:54:21 PM   Account Expires: -   Primary Group ID: -   AllowedToDelegateTo: -   Old UAC Value: -   New UAC Value: -   User Account Control: -   User Parameters: -   Sid History: -   Logon Hours: -   
<13>Jan 11 15:53:08 USCHPOSDC01 AgentDevice=WindowsLog	AgentLogFile=Security	PluginVersion=1.0.14	Source=Security	Computer=USCHPOSDC01	User=SVC-IDMAdmin	Domain=NA	EventID=671	EventIDCode=671	EventType=8	EventCategory=7	RecordNumber=2544349957	TimeGenerated=1389473586	TimeWritten=1389473586	Message=User Account Unlocked:   Target Account Name: 645583   Target Domain:  POS   Target Account ID: POS\645583   Caller User Name: SVC-IDMAdmin   Caller Domain: NA   Caller Logon ID: (0x0,0x468F456A)   
<13>Jan 11 15:53:08 USCHPOSDC01 AgentDevice=WindowsLog	AgentLogFile=Security	PluginVersion=1.0.14	Source=Security	Computer=USCHPOSDC01	User=SVC-IDMAdmin	Domain=NA	EventID=642	EventIDCode=642	EventType=8	EventCategory=7	RecordNumber=2544349949	TimeGenerated=1389473585	TimeWritten=1389473585	Message=User Account Changed:   Target Account Name: 645583   Target Domain: POS   Target Account ID: POS\645583   Caller User Name: SVC-IDMAdmin   Caller Domain: NA   Caller Logon ID: (0x0,0x468F46BD)   Privileges: -  Changed Attributes:   Sam Account Name: -   Display Name: -   User Principal Name: -   Home Directory: -   Home Drive: -   Script Path: -   Profile Path: -   User Workstations: -   Password Last Set: 1/11/2014 3:53:05 PM   Account Expires: -   Primary Group ID: -   AllowedToDelegateTo: -   Old UAC Value: -   New UAC Value: -   User Account Control: -   User Parameters: -   Sid History: -   Logon Hours: -   
<13>Jan 11 15:51:32 USCHRETDC01 AgentDevice=WindowsLog	AgentLogFile=Security	PluginVersion=1.0.14	Source=Security	Computer=USCHRETDC01	User=SYSTEM	Domain=NT AUTHORITY	EventID=644	EventIDCode=644	EventType=8	EventCategory=7	RecordNumber=2272197916	TimeGenerated=1389473489	TimeWritten=1389473489	Message=User Account Locked Out:   Target Account Name: Salesxp02299   Target Account ID: ODRETAIL\Salesxp02299   Caller Machine Name: ODS02299W07   Caller User Name: USCHRETDC01$   Caller Domain: ODRETAIL   Caller Logon ID: (0x0,0x3E7)   
<13>Jan 11 15:51:32 USCHRETDC02 AgentDevice=WindowsLog	AgentLogFile=Security	PluginVersion=1.0.14	Source=Security	Computer=USCHRETDC02	User=SYSTEM	Domain=NT AUTHORITY	EventID=644	EventIDCode=644	EventType=8	EventCategory=7	RecordNumber=2059311113	TimeGenerated=1389473489	TimeWritten=1389473489	Message=User Account Locked Out:   Target Account Name: Salesxp02299   Target Account ID: ODRETAIL\Salesxp02299   Caller Machine Name: ODS02299W07   Caller User Name: USCHRETDC02$   Caller Domain: ODRETAIL   Caller Logon ID: (0x0,0x3E7)   
<13>Jan 11 15:50:31 USCHPOSDC02 AgentDevice=WindowsLog	AgentLogFile=Security	PluginVersion=1.0.14	Source=Security	Computer=USCHPOSDC02	User=SVC-IDMAdmin	Domain=NA	EventID=671	EventIDCode=671	EventType=8	EventCategory=7	RecordNumber=573436876	TimeGenerated=1389473429	TimeWritten=1389473429	Message=User Account Unlocked:   Target Account Name: 609826   Target Domain:  POS   Target Account ID: POS\609826   Caller User Name: SVC-IDMAdmin   Caller Domain: NA   Caller Logon ID: (0x0,0x4C0BDA35)   
<13>Jan 11 15:50:31 USCHPOSDC02 AgentDevice=WindowsLog	AgentLogFile=Security	PluginVersion=1.0.14	Source=Security	Computer=USCHPOSDC02	User=SVC-IDMAdmin	Domain=NA	EventID=642	EventIDCode=642	EventType=8	EventCategory=7	RecordNumber=573436872	TimeGenerated=1389473428	TimeWritten=1389473428	Message=User Account Changed:   Target Account Name: 609826   Target Domain: POS   Target Account ID: POS\609826   Caller User Name: SVC-IDMAdmin   Caller Domain: NA   Caller Logon ID: (0x0,0x4C0BDA9B)   Privileges: -  Changed Attributes:   Sam Account Name: -   Display Name: -   User Principal Name: -   Home Directory: -   Home Drive: -   Script Path: -   Profile Path: -   User Workstations: -   Password Last Set: 1/11/2014 3:50:28 PM   Account Expires: -   Primary Group ID: -   AllowedToDelegateTo: -   Old UAC Value: -   New UAC Value: -   User Account Control: -   User Parameters: -   Sid History: -   Logon Hours: -   
<13>Jan 11 15:50:31 USCHPOSDC01 AgentDevice=WindowsLog	AgentLogFile=Security	PluginVersion=1.0.14	Source=Security	Computer=USCHPOSDC01	User=ANONYMOUS LOGON	Domain=NT AUTHORITY	EventID=642	EventIDCode=642	EventType=8	EventCategory=7	RecordNumber=2544347646	TimeGenerated=1389473428	TimeWritten=1389473428	Message=User Account Changed:   Target Account Name: 609826   Target Domain: POS   Target Account ID: POS\609826   Caller User Name: USCHPOSDC01$   Caller Domain: POS   Caller Logon ID: (0x0,0x3E7)   Privileges: -  Changed Attributes:   Sam Account Name: -   Display Name: -   User Principal Name: -   Home Directory: -   Home Drive: -   Script Path: -   Profile Path: -   User Workstations: -   Password Last Set: 1/11/2014 3:50:28 PM   Account Expires: -   Primary Group ID: -   AllowedToDelegateTo: -   Old UAC Value: -   New UAC Value: -   User Account Control: -   User Parameters: -   Sid History: -   Logon Hours: -   
<13>Jan 11 15:50:16 USCHPOSDC01 AgentDevice=WindowsLog	AgentLogFile=Security	PluginVersion=1.0.14	Source=Security	Computer=USCHPOSDC01	User=SYSTEM	Domain=NT AUTHORITY	EventID=644	EventIDCode=644	EventType=8	EventCategory=7	RecordNumber=2544347328	TimeGenerated=1389473414	TimeWritten=1389473414	Message=User Account Locked Out:   Target Account Name: ODS00195   Target Account ID: POS\ODS00195   Caller Machine Name: USCHSAPROD01   Caller User Name: USCHPOSDC01$   Caller Domain: POS   Caller Logon ID: (0x0,0x3E7)   
<13>Jan 11 15:48:05 USCHPOSDC01 AgentDevice=WindowsLog	AgentLogFile=Security	PluginVersion=1.0.14	Source=Security	Computer=USCHPOSDC01	User=SVC-IDMAdmin	Domain=NA	EventID=671	EventIDCode=671	EventType=8	EventCategory=7	RecordNumber=2544344547	TimeGenerated=1389473281	TimeWritten=1389473281	Message=User Account Unlocked:   Target Account Name: 645684   Target Domain:  POS   Target Account ID: POS\645684   Caller User Name: SVC-IDMAdmin   Caller Domain: NA   Caller Logon ID: (0x0,0x468C766C)   
<13>Jan 11 15:48:03 USCHPOSDC01 AgentDevice=WindowsLog	AgentLogFile=Security	PluginVersion=1.0.14	Source=Security	Computer=USCHPOSDC01	User=SVC-IDMAdmin	Domain=NA	EventID=642	EventIDCode=642	EventType=8	EventCategory=7	RecordNumber=2544344539	TimeGenerated=1389473280	TimeWritten=1389473280	Message=User Account Changed:   Target Account Name: 645684   Target Domain: POS   Target Account ID: POS\645684   Caller User Name: SVC-IDMAdmin   Caller Domain: NA   Caller Logon ID: (0x0,0x468C9AB1)   Privileges: -  Changed Attributes:   Sam Account Name: -   Display Name: -   User Principal Name: -   Home Directory: -   Home Drive: -   Script Path: -   Profile Path: -   User Workstations: -   Password Last Set: 1/11/2014 3:48:00 PM   Account Expires: -   Primary Group ID: -   AllowedToDelegateTo: -   Old UAC Value: -   New UAC Value: -   User Account Control: -   User Parameters: -   Sid History: -   Logon Hours: -   
<13>Jan 11 15:44:58 USCHPOSDC02 AgentDevice=WindowsLog	AgentLogFile=Security	PluginVersion=1.0.14	Source=Security	Computer=USCHPOSDC02	User=SVC-IDMAdmin	Domain=NA	EventID=671	EventIDCode=671	EventType=8	EventCategory=7	RecordNumber=573426621	TimeGenerated=1389473082	TimeWritten=1389473082	Message=User Account Unlocked:   Target Account Name: 593595   Target Domain:  POS   Target Account ID: POS\593595   Caller User Name: SVC-IDMAdmin   Caller Domain: NA   Caller Logon ID: (0x0,0x4C0565CF)   
<13>Jan 11 15:44:58 USCHPOSDC02 AgentDevice=WindowsLog	AgentLogFile=Security	PluginVersion=1.0.14	Source=Security	Computer=USCHPOSDC02	User=SVC-IDMAdmin	Domain=NA	EventID=642	EventIDCode=642	EventType=8	EventCategory=7	RecordNumber=573426587	TimeGenerated=1389473081	TimeWritten=1389473081	Message=User Account Changed:   Target Account Name: 593595   Target Domain: POS   Target Account ID: POS\593595   Caller User Name: SVC-IDMAdmin   Caller Domain: NA   Caller Logon ID: (0x0,0x4C056759)   Privileges: -  Changed Attributes:   Sam Account Name: -   Display Name: -   User Principal Name: -   Home Directory: -   Home Drive: -   Script Path: -   Profile Path: -   User Workstations: -   Password Last Set: 1/11/2014 3:44:41 PM   Account Expires: -   Primary Group ID: -   AllowedToDelegateTo: -   Old UAC Value: -   New UAC Value: -   User Account Control: -   User Parameters: -   Sid History: -   Logon Hours: -   
<13>Jan 11 15:44:54 USCHPOSDC01 AgentDevice=WindowsLog	AgentLogFile=Security	PluginVersion=1.0.14	Source=Security	Computer=USCHPOSDC01	User=SYSTEM	Domain=NT AUTHORITY	EventID=644	EventIDCode=644	EventType=8	EventCategory=7	RecordNumber=2544341005	TimeGenerated=1389473090	TimeWritten=1389473090	Message=User Account Locked Out:   Target Account Name: 518712   Target Account ID: POS\518712   Caller Machine Name: ODS02325W12   Caller User Name: USCHPOSDC01$   Caller Domain: POS   Caller Logon ID: (0x0,0x3E7)   
<13>Jan 11 15:44:44 USCHPOSDC01 AgentDevice=WindowsLog	AgentLogFile=Security	PluginVersion=1.0.14	Source=Security	Computer=USCHPOSDC01	User=ANONYMOUS LOGON	Domain=NT AUTHORITY	EventID=642	EventIDCode=642	EventType=8	EventCategory=7	RecordNumber=2544340850	TimeGenerated=1389473081	TimeWritten=1389473081	Message=User Account Changed:   Target Account Name: 593595   Target Domain: POS   Target Account ID: POS\593595   Caller User Name: USCHPOSDC01$   Caller Domain: POS   Caller Logon ID: (0x0,0x3E7)   Privileges: -  Changed Attributes:   Sam Account Name: -   Display Name: -   User Principal Name: -   Home Directory: -   Home Drive: -   Script Path: -   Profile Path: -   User Workstations: -   Password Last Set: 1/11/2014 3:44:41 PM   Account Expires: -   Primary Group ID: -   AllowedToDelegateTo: -   Old UAC Value: -   New UAC Value: -   User Account Control: -   User Parameters: -   Sid History: -   Logon Hours: -   
<13>Jan 11 15:44:22 USCHNAHUB02 AgentDevice=WindowsLog	AgentLogFile=Security	PluginVersion=1.0.14	Source=Security	Computer=USCHNAHUB02	User=SYSTEM	Domain=NT AUTHORITY	EventID=644	EventIDCode=644	EventType=8	EventCategory=7	RecordNumber=3020090103	TimeGenerated=1389473059	TimeWritten=1389473059	Message=User Account Locked Out:   Target Account Name: JCBmgr   Target Account ID: NA\JCBmgr   Caller Machine Name: \\10.63.125.95   Caller User Name: USCHNAHUB02$   Caller Domain: NA   Caller Logon ID: (0x0,0x3E7)   
<13>Jan 11 15:43:19 USCHPOSDC01 AgentDevice=WindowsLog	AgentLogFile=Security	PluginVersion=1.0.14	Source=Security	Computer=USCHPOSDC01	User=ANONYMOUS LOGON	Domain=NT AUTHORITY	EventID=642	EventIDCode=642	EventType=8	EventCategory=7	RecordNumber=2544339440	TimeGenerated=1389472996	TimeWritten=1389472996	Message=User Account Changed:   Target Account Name: 541366   Target Domain: POS   Target Account ID: POS\541366   Caller User Name: USCHPOSDC01$   Caller Domain: POS   Caller Logon ID: (0x0,0x3E7)   Privileges: -  Changed Attributes:   Sam Account Name: -   Display Name: -   User Principal Name: -   Home Directory: -   Home Drive: -   Script Path: -   Profile Path: -   User Workstations: -   Password Last Set: 1/11/2014 3:43:16 PM   Account Expires: -   Primary Group ID: -   AllowedToDelegateTo: -   Old UAC Value: -   New UAC Value: -   User Account Control: -   User Parameters: -   Sid History: -   Logon Hours: -   
<13>Jan 11 15:43:19 USCHPOSDC02 AgentDevice=WindowsLog	AgentLogFile=Security	PluginVersion=1.0.14	Source=Security	Computer=USCHPOSDC02	User=SVC-IDMAdmin	Domain=NA	EventID=671	EventIDCode=671	EventType=8	EventCategory=7	RecordNumber=573423278	TimeGenerated=1389472996	TimeWritten=1389472996	Message=User Account Unlocked:   Target Account Name: 541366   Target Domain:  POS   Target Account ID: POS\541366   Caller User Name: SVC-IDMAdmin   Caller Domain: NA   Caller Logon ID: (0x0,0x4C038045)   
<13>Jan 11 15:43:19 USCHPOSDC02 AgentDevice=WindowsLog	AgentLogFile=Security	PluginVersion=1.0.14	Source=Security	Computer=USCHPOSDC02	User=SVC-IDMAdmin	Domain=NA	EventID=642	EventIDCode=642	EventType=8	EventCategory=7	RecordNumber=573423274	TimeGenerated=1389472996	TimeWritten=1389472996	Message=User Account Changed:   Target Account Name: 541366   Target Domain: POS   Target Account ID: POS\541366   Caller User Name: SVC-IDMAdmin   Caller Domain: NA   Caller Logon ID: (0x0,0x4C0380AE)   Privileges: -  Changed Attributes:   Sam Account Name: -   Display Name: -   User Principal Name: -   Home Directory: -   Home Drive: -   Script Path: -   Profile Path: -   User Workstations: -   Password Last Set: 1/11/2014 3:43:16 PM   Account Expires: -   Primary Group ID: -   AllowedToDelegateTo: -   Old UAC Value: -   New UAC Value: -   User Account Control: -   User Parameters: -   Sid History: -   Logon Hours: -   
<13>Jan 11 15:41:44 USCHPOSDC01 AgentDevice=WindowsLog	AgentLogFile=Security	PluginVersion=1.0.14	Source=Security	Computer=USCHPOSDC01	User=SVC-IDMAdmin	Domain=NA	EventID=671	EventIDCode=671	EventType=8	EventCategory=7	RecordNumber=2544337962	TimeGenerated=1389472901	TimeWritten=1389472901	Message=User Account Unlocked:   Target Account Name: 129160   Target Domain:  POS   Target Account ID: POS\129160   Caller User Name: SVC-IDMAdmin   Caller Domain: NA   Caller Logon ID: (0x0,0x4688DF78)   
