<13>Jan 12 18:35:03 USCHNAHUB06 AgentDevice=WindowsLog	AgentLogFile=Security	PluginVersion=1.0.14	Source=Security	Computer=USCHNAHUB06	User=SVC-IDMAdmin	Domain=NA	EventID=671	EventIDCode=671	EventType=8	EventCategory=7	RecordNumber=705416154	TimeGenerated=1389569700	TimeWritten=1389569700	Message=User Account Unlocked:   Target Account Name: Fran-Dinnauer   Target Domain:  NA   Target Account ID: NA\Fran-Dinnauer   Caller User Name: SVC-IDMAdmin   Caller Domain: NA   Caller Logon ID: (0x0,0x136410F2)   
<13>Jan 12 18:35:02 USCHNAHUB06 AgentDevice=WindowsLog	AgentLogFile=Security	PluginVersion=1.0.14	Source=Security	Computer=USCHNAHUB06	User=SVC-IDMAdmin	Domain=NA	EventID=642	EventIDCode=642	EventType=8	EventCategory=7	RecordNumber=705416135	TimeGenerated=1389569699	TimeWritten=1389569699	Message=User Account Changed:   Target Account Name: Fran-Dinnauer   Target Domain: NA   Target Account ID: NA\Fran-Dinnauer   Caller User Name: SVC-IDMAdmin   Caller Domain: NA   Caller Logon ID: (0x0,0x1364118C)   Privileges: -  Changed Attributes:   Sam Account Name: -   Display Name: -   User Principal Name: -   Home Directory: -   Home Drive: -   Script Path: -   Profile Path: -   User Workstations: -   Password Last Set: 1/12/2014 6:34:59 PM   Account Expires: -   Primary Group ID: -   AllowedToDelegateTo: -   Old UAC Value: -   New UAC Value: -   User Account Control: -   User Parameters: -   Sid History: -   Logon Hours: -   
<13>Jan 12 18:28:02 USCHPOSDC01 AgentDevice=WindowsLog	AgentLogFile=Security	PluginVersion=1.0.14	Source=Security	Computer=USCHPOSDC01	User=SVC-IDMAdmin	Domain=NA	EventID=671	EventIDCode=671	EventType=8	EventCategory=7	RecordNumber=2545621163	TimeGenerated=1389569279	TimeWritten=1389569279	Message=User Account Unlocked:   Target Account Name: 642425   Target Domain:  POS   Target Account ID: POS\642425   Caller User Name: SVC-IDMAdmin   Caller Domain: NA   Caller Logon ID: (0x0,0x49D0090E)   
<13>Jan 12 18:28:02 USCHPOSDC01 AgentDevice=WindowsLog	AgentLogFile=Security	PluginVersion=1.0.14	Source=Security	Computer=USCHPOSDC01	User=SVC-IDMAdmin	Domain=NA	EventID=642	EventIDCode=642	EventType=8	EventCategory=7	RecordNumber=2545621152	TimeGenerated=1389569279	TimeWritten=1389569279	Message=User Account Changed:   Target Account Name: 642425   Target Domain: POS   Target Account ID: POS\642425   Caller User Name: SVC-IDMAdmin   Caller Domain: NA   Caller Logon ID: (0x0,0x49D00994)   Privileges: -  Changed Attributes:   Sam Account Name: -   Display Name: -   User Principal Name: -   Home Directory: -   Home Drive: -   Script Path: -   Profile Path: -   User Workstations: -   Password Last Set: 1/12/2014 6:27:59 PM   Account Expires: -   Primary Group ID: -   AllowedToDelegateTo: -   Old UAC Value: -   New UAC Value: -   User Account Control: -   User Parameters: -   Sid History: -   Logon Hours: -   
<13>Jan 12 18:25:19 USHQNADC02 AgentDevice=WindowsLog	AgentLogFile=Security	PluginVersion=1.0.14	Source=Security	Computer=USHQNADC02	User=SYSTEM	Domain=NT AUTHORITY	EventID=644	EventIDCode=644	EventType=8	EventCategory=7	RecordNumber=4072694736	TimeGenerated=1389569115	TimeWritten=1389569115	Message=User Account Locked Out:   Target Account Name: JCBmgr   Target Account ID: NA\JCBmgr   Caller Machine Name: \\10.63.125.95   Caller User Name: USHQNADC02$   Caller Domain: NA   Caller Logon ID: (0x0,0x3E7)   
<13>Jan 12 18:21:37 USCHRETDC01 AgentDevice=WindowsLog	AgentLogFile=Security	PluginVersion=1.0.14	Source=Security	Computer=USCHRETDC01	User=SYSTEM	Domain=NT AUTHORITY	EventID=644	EventIDCode=644	EventType=8	EventCategory=7	RecordNumber=2274632703	TimeGenerated=1389568894	TimeWritten=1389568894	Message=User Account Locked Out:   Target Account Name: Salesxp00349   Target Account ID: ODRETAIL\Salesxp00349   Caller Machine Name: ODS00349W09   Caller User Name: USCHRETDC01$   Caller Domain: ODRETAIL   Caller Logon ID: (0x0,0x3E7)   
<13>Jan 12 18:13:07 USCHNAHUB02 AgentDevice=WindowsLog	AgentLogFile=Security	PluginVersion=1.0.14	Source=Security	Computer=USCHNAHUB02	User=SYSTEM	Domain=NT AUTHORITY	EventID=644	EventIDCode=644	EventType=8	EventCategory=7	RecordNumber=3022550304	TimeGenerated=1389568384	TimeWritten=1389568384	Message=User Account Locked Out:   Target Account Name: 649314MAN   Target Account ID: NA\649314MAN   Caller Machine Name: USCHFINC01S01   Caller User Name: USCHNAHUB02$   Caller Domain: NA   Caller Logon ID: (0x0,0x3E7)   
<13>Jan 12 18:11:53 USCHPOSDC01 AgentDevice=WindowsLog	AgentLogFile=Security	PluginVersion=1.0.14	Source=Security	Computer=USCHPOSDC01	User=SVC-IDMAdmin	Domain=NA	EventID=671	EventIDCode=671	EventType=8	EventCategory=7	RecordNumber=2545610807	TimeGenerated=1389568311	TimeWritten=1389568311	Message=User Account Unlocked:   Target Account Name: 605089   Target Domain:  POS   Target Account ID: POS\605089   Caller User Name: SVC-IDMAdmin   Caller Domain: NA   Caller Logon ID: (0x0,0x49C87C5E)   
<13>Jan 12 18:11:53 USCHPOSDC01 AgentDevice=WindowsLog	AgentLogFile=Security	PluginVersion=1.0.14	Source=Security	Computer=USCHPOSDC01	User=SVC-IDMAdmin	Domain=NA	EventID=642	EventIDCode=642	EventType=8	EventCategory=7	RecordNumber=2545610796	TimeGenerated=1389568311	TimeWritten=1389568311	Message=User Account Changed:   Target Account Name: 605089   Target Domain: POS   Target Account ID: POS\605089   Caller User Name: SVC-IDMAdmin   Caller Domain: NA   Caller Logon ID: (0x0,0x49C87DA6)   Privileges: -  Changed Attributes:   Sam Account Name: -   Display Name: -   User Principal Name: -   Home Directory: -   Home Drive: -   Script Path: -   Profile Path: -   User Workstations: -   Password Last Set: 1/12/2014 6:11:51 PM   Account Expires: -   Primary Group ID: -   AllowedToDelegateTo: -   Old UAC Value: -   New UAC Value: -   User Account Control: -   User Parameters: -   Sid History: -   Logon Hours: -   
<13>Jan 12 18:06:11 USHQNADC01 AgentDevice=WindowsLog	AgentLogFile=Security	PluginVersion=1.0.14	Source=Security	Computer=USHQNADC01	User=Maya-Carroll	Domain=NA	EventID=642	EventIDCode=642	EventType=8	EventCategory=7	RecordNumber=241141322	TimeGenerated=1389567968	TimeWritten=1389567968	Message=User Account Changed:   Target Account Name: Maya-Carroll   Target Domain: NA   Target Account ID: NA\Maya-Carroll   Caller User Name: Maya-Carroll   Caller Domain: NA   Caller Logon ID: (0x1,0x7B6442B4)   Privileges: -  Changed Attributes:   Sam Account Name: -   Display Name: -   User Principal Name: -   Home Directory: -   Home Drive: -   Script Path: -   Profile Path: -   User Workstations: -   Password Last Set: 1/12/2014 6:06:07 PM   Account Expires: -   Primary Group ID: -   AllowedToDelegateTo: -   Old UAC Value: -   New UAC Value: -   User Account Control: -   User Parameters: -   Sid History: -   Logon Hours: -   
<13>Jan 12 18:06:10 USCHNAHUB02 AgentDevice=WindowsLog	AgentLogFile=Security	PluginVersion=1.0.14	Source=Security	Computer=USCHNAHUB02	User=ANONYMOUS LOGON	Domain=NT AUTHORITY	EventID=642	EventIDCode=642	EventType=8	EventCategory=7	RecordNumber=3022541820	TimeGenerated=1389567967	TimeWritten=1389567967	Message=User Account Changed:   Target Account Name: Maya-Carroll   Target Domain: NA   Target Account ID: NA\Maya-Carroll   Caller User Name: USCHNAHUB02$   Caller Domain: NA   Caller Logon ID: (0x0,0x3E7)   Privileges: -  Changed Attributes:   Sam Account Name: -   Display Name: -   User Principal Name: -   Home Directory: -   Home Drive: -   Script Path: -   Profile Path: -   User Workstations: -   Password Last Set: 1/12/2014 6:06:07 PM   Account Expires: -   Primary Group ID: -   AllowedToDelegateTo: -   Old UAC Value: -   New UAC Value: -   User Account Control: -   User Parameters: -   Sid History: -   Logon Hours: -   
<13>Jan 12 18:05:25 USCHRETDC01 AgentDevice=WindowsLog	AgentLogFile=Security	PluginVersion=1.0.14	Source=Security	Computer=USCHRETDC01	User=SYSTEM	Domain=NT AUTHORITY	EventID=644	EventIDCode=644	EventType=8	EventCategory=7	RecordNumber=2274613698	TimeGenerated=1389567922	TimeWritten=1389567922	Message=User Account Locked Out:   Target Account Name: Salesxp00829   Target Account ID: ODRETAIL\Salesxp00829   Caller Machine Name: ODS00829W12   Caller User Name: USCHRETDC01$   Caller Domain: ODRETAIL   Caller Logon ID: (0x0,0x3E7)   
<13>Jan 12 18:04:42 USCHRETDC01 AgentDevice=WindowsLog	AgentLogFile=Security	PluginVersion=1.0.14	Source=Security	Computer=USCHRETDC01	User=SYSTEM	Domain=NT AUTHORITY	EventID=644	EventIDCode=644	EventType=8	EventCategory=7	RecordNumber=2274612694	TimeGenerated=1389567878	TimeWritten=1389567878	Message=User Account Locked Out:   Target Account Name: Salesxp00618   Target Account ID: ODRETAIL\Salesxp00618   Caller Machine Name: ODS00618W09   Caller User Name: USCHRETDC01$   Caller Domain: ODRETAIL   Caller Logon ID: (0x0,0x3E7)   
<13>Jan 12 18:04:41 USCHRETDC02 AgentDevice=WindowsLog	AgentLogFile=Security	PluginVersion=1.0.14	Source=Security	Computer=USCHRETDC02	User=SYSTEM	Domain=NT AUTHORITY	EventID=644	EventIDCode=644	EventType=8	EventCategory=7	RecordNumber=2061463827	TimeGenerated=1389567878	TimeWritten=1389567878	Message=User Account Locked Out:   Target Account Name: Salesxp00618   Target Account ID: ODRETAIL\Salesxp00618   Caller Machine Name: ODS00618W09   Caller User Name: USCHRETDC02$   Caller Domain: ODRETAIL   Caller Logon ID: (0x0,0x3E7)   
<13>Jan 12 18:03:26 USCHNAHUB02 AgentDevice=WindowsLog	AgentLogFile=Security	PluginVersion=1.0.14	Source=Security	Computer=USCHNAHUB02	User=ANONYMOUS LOGON	Domain=NT AUTHORITY	EventID=642	EventIDCode=642	EventType=8	EventCategory=7	RecordNumber=3022538604	TimeGenerated=1389567803	TimeWritten=1389567803	Message=User Account Changed:   Target Account Name: Richard-Gunawarden   Target Domain: NA   Target Account ID: NA\Richard-Gunawarden   Caller User Name: USCHNAHUB02$   Caller Domain: NA   Caller Logon ID: (0x0,0x3E7)   Privileges: -  Changed Attributes:   Sam Account Name: -   Display Name: -   User Principal Name: -   Home Directory: -   Home Drive: -   Script Path: -   Profile Path: -   User Workstations: -   Password Last Set: <never>    Account Expires: -   Primary Group ID: -   AllowedToDelegateTo: -   Old UAC Value: -   New UAC Value: -   User Account Control: -   User Parameters: -   Sid History: -   Logon Hours: -   
<13>Jan 12 18:03:14 USCHPOSDC01 AgentDevice=WindowsLog	AgentLogFile=Security	PluginVersion=1.0.14	Source=Security	Computer=USCHPOSDC01	User=SVC-IDMAdmin	Domain=NA	EventID=671	EventIDCode=671	EventType=8	EventCategory=7	RecordNumber=2545603391	TimeGenerated=1389567791	TimeWritten=1389567791	Message=User Account Unlocked:   Target Account Name: 263714   Target Domain:  POS   Target Account ID: POS\263714   Caller User Name: SVC-IDMAdmin   Caller Domain: NA   Caller Logon ID: (0x0,0x49C42757)   
<13>Jan 12 18:03:14 USCHPOSDC01 AgentDevice=WindowsLog	AgentLogFile=Security	PluginVersion=1.0.14	Source=Security	Computer=USCHPOSDC01	User=SVC-IDMAdmin	Domain=NA	EventID=642	EventIDCode=642	EventType=8	EventCategory=7	RecordNumber=2545603384	TimeGenerated=1389567790	TimeWritten=1389567790	Message=User Account Changed:   Target Account Name: 263714   Target Domain: POS   Target Account ID: POS\263714   Caller User Name: SVC-IDMAdmin   Caller Domain: NA   Caller Logon ID: (0x0,0x49C427F7)   Privileges: -  Changed Attributes:   Sam Account Name: -   Display Name: -   User Principal Name: -   Home Directory: -   Home Drive: -   Script Path: -   Profile Path: -   User Workstations: -   Password Last Set: 1/12/2014 6:03:10 PM   Account Expires: -   Primary Group ID: -   AllowedToDelegateTo: -   Old UAC Value: -   New UAC Value: -   User Account Control: -   User Parameters: -   Sid History: -   Logon Hours: -   
<13>Jan 12 18:01:03 USCHC10WEB02 AgentDevice=WindowsLog	AgentLogFile=Security	PluginVersion=1.0.14	Source=Security	Computer=USCHC10WEB02	User=SYSTEM	Domain=NT AUTHORITY	EventID=644	EventIDCode=644	EventType=8	EventCategory=7	RecordNumber=116023927	TimeGenerated=1389567661	TimeWritten=1389567661	Message=User Account Locked Out:   Target Account Name: john-jacobs   Target Account ID: USCHC10WEB02\john-jacobs   Caller Machine Name: ODS03301W12   Caller User Name: USCHC10WEB02$   Caller Domain: NA   Caller Logon ID: (0x0,0x3E7)   
<13>Jan 12 17:54:54 USHQNADC02 AgentDevice=WindowsLog	AgentLogFile=Security	PluginVersion=1.0.14	Source=Security	Computer=USHQNADC02	User=SYSTEM	Domain=NT AUTHORITY	EventID=644	EventIDCode=644	EventType=8	EventCategory=7	RecordNumber=4072680583	TimeGenerated=1389567291	TimeWritten=1389567291	Message=User Account Locked Out:   Target Account Name: JCBmgr   Target Account ID: NA\JCBmgr   Caller Machine Name: \\10.63.125.95   Caller User Name: USHQNADC02$   Caller Domain: NA   Caller Logon ID: (0x0,0x3E7)   
<13>Jan 12 17:49:40 USCHPOSDC02 AgentDevice=WindowsLog	AgentLogFile=Security	PluginVersion=1.0.14	Source=Security	Computer=USCHPOSDC02	User=SVC-IDMAdmin	Domain=NA	EventID=671	EventIDCode=671	EventType=8	EventCategory=7	RecordNumber=574487379	TimeGenerated=1389566977	TimeWritten=1389566977	Message=User Account Unlocked:   Target Account Name: 625113   Target Domain:  POS   Target Account ID: POS\625113   Caller User Name: SVC-IDMAdmin   Caller Domain: NA   Caller Logon ID: (0x0,0x504D76BE)   
<13>Jan 12 17:49:40 USCHPOSDC02 AgentDevice=WindowsLog	AgentLogFile=Security	PluginVersion=1.0.14	Source=Security	Computer=USCHPOSDC02	User=SVC-IDMAdmin	Domain=NA	EventID=642	EventIDCode=642	EventType=8	EventCategory=7	RecordNumber=574487369	TimeGenerated=1389566977	TimeWritten=1389566977	Message=User Account Changed:   Target Account Name: 625113   Target Domain: POS   Target Account ID: POS\625113   Caller User Name: SVC-IDMAdmin   Caller Domain: NA   Caller Logon ID: (0x0,0x504D7814)   Privileges: -  Changed Attributes:   Sam Account Name: -   Display Name: -   User Principal Name: -   Home Directory: -   Home Drive: -   Script Path: -   Profile Path: -   User Workstations: -   Password Last Set: 1/12/2014 5:49:36 PM   Account Expires: -   Primary Group ID: -   AllowedToDelegateTo: -   Old UAC Value: -   New UAC Value: -   User Account Control: -   User Parameters: -   Sid History: -   Logon Hours: -   
<13>Jan 12 17:49:39 USCHPOSDC01 AgentDevice=WindowsLog	AgentLogFile=Security	PluginVersion=1.0.14	Source=Security	Computer=USCHPOSDC01	User=ANONYMOUS LOGON	Domain=NT AUTHORITY	EventID=642	EventIDCode=642	EventType=8	EventCategory=7	RecordNumber=2545591545	TimeGenerated=1389566977	TimeWritten=1389566977	Message=User Account Changed:   Target Account Name: 625113   Target Domain: POS   Target Account ID: POS\625113   Caller User Name: USCHPOSDC01$   Caller Domain: POS   Caller Logon ID: (0x0,0x3E7)   Privileges: -  Changed Attributes:   Sam Account Name: -   Display Name: -   User Principal Name: -   Home Directory: -   Home Drive: -   Script Path: -   Profile Path: -   User Workstations: -   Password Last Set: 1/12/2014 5:49:37 PM   Account Expires: -   Primary Group ID: -   AllowedToDelegateTo: -   Old UAC Value: -   New UAC Value: -   User Account Control: -   User Parameters: -   Sid History: -   Logon Hours: -   
<13>Jan 12 17:48:17 USCHRETDC02 AgentDevice=WindowsLog	AgentLogFile=Security	PluginVersion=1.0.14	Source=Security	Computer=USCHRETDC02	User=SYSTEM	Domain=NT AUTHORITY	EventID=644	EventIDCode=644	EventType=8	EventCategory=7	RecordNumber=2061444995	TimeGenerated=1389566894	TimeWritten=1389566894	Message=User Account Locked Out:   Target Account Name: Salesxp02230   Target Account ID: ODRETAIL\Salesxp02230   Caller Machine Name: ODS02230W07   Caller User Name: USCHRETDC02$   Caller Domain: ODRETAIL   Caller Logon ID: (0x0,0x3E7)   
<13>Jan 12 17:48:17 USCHRETDC01 AgentDevice=WindowsLog	AgentLogFile=Security	PluginVersion=1.0.14	Source=Security	Computer=USCHRETDC01	User=SYSTEM	Domain=NT AUTHORITY	EventID=644	EventIDCode=644	EventType=8	EventCategory=7	RecordNumber=2274592791	TimeGenerated=1389566894	TimeWritten=1389566894	Message=User Account Locked Out:   Target Account Name: Salesxp02230   Target Account ID: ODRETAIL\Salesxp02230   Caller Machine Name: ODS02230W07   Caller User Name: USCHRETDC01$   Caller Domain: ODRETAIL   Caller Logon ID: (0x0,0x3E7)   
<13>Jan 12 17:44:45 USCHPOSDC01 AgentDevice=WindowsLog	AgentLogFile=Security	PluginVersion=1.0.14	Source=Security	Computer=USCHPOSDC01	User=SVC-IDMAdmin	Domain=NA	EventID=671	EventIDCode=671	EventType=8	EventCategory=7	RecordNumber=2545588151	TimeGenerated=1389566682	TimeWritten=1389566682	Message=User Account Unlocked:   Target Account Name: 655679   Target Domain:  POS   Target Account ID: POS\655679   Caller User Name: SVC-IDMAdmin   Caller Domain: NA   Caller Logon ID: (0x0,0x49BA9E9F)   
<13>Jan 12 17:44:45 USCHPOSDC01 AgentDevice=WindowsLog	AgentLogFile=Security	PluginVersion=1.0.14	Source=Security	Computer=USCHPOSDC01	User=SVC-IDMAdmin	Domain=NA	EventID=642	EventIDCode=642	EventType=8	EventCategory=7	RecordNumber=2545588143	TimeGenerated=1389566681	TimeWritten=1389566681	Message=User Account Changed:   Target Account Name: 655679   Target Domain: POS   Target Account ID: POS\655679   Caller User Name: SVC-IDMAdmin   Caller Domain: NA   Caller Logon ID: (0x0,0x49BA9F12)   Privileges: -  Changed Attributes:   Sam Account Name: -   Display Name: -   User Principal Name: -   Home Directory: -   Home Drive: -   Script Path: -   Profile Path: -   User Workstations: -   Password Last Set: 1/12/2014 5:44:41 PM   Account Expires: -   Primary Group ID: -   AllowedToDelegateTo: -   Old UAC Value: -   New UAC Value: -   User Account Control: -   User Parameters: -   Sid History: -   Logon Hours: -   
<13>Jan 12 17:43:06 USCHPOSDC01 AgentDevice=WindowsLog	AgentLogFile=Security	PluginVersion=1.0.14	Source=Security	Computer=USCHPOSDC01	User=SVC-IDMAdmin	Domain=NA	EventID=671	EventIDCode=671	EventType=8	EventCategory=7	RecordNumber=2545586768	TimeGenerated=1389566583	TimeWritten=1389566583	Message=User Account Unlocked:   Target Account Name: 633151   Target Domain:  POS   Target Account ID: POS\633151   Caller User Name: SVC-IDMAdmin   Caller Domain: NA   Caller Logon ID: (0x0,0x49B9E396)   
<13>Jan 12 17:43:06 USCHPOSDC01 AgentDevice=WindowsLog	AgentLogFile=Security	PluginVersion=1.0.14	Source=Security	Computer=USCHPOSDC01	User=SVC-IDMAdmin	Domain=NA	EventID=642	EventIDCode=642	EventType=8	EventCategory=7	RecordNumber=2545586761	TimeGenerated=1389566582	TimeWritten=1389566582	Message=User Account Changed:   Target Account Name: 633151   Target Domain: POS   Target Account ID: POS\633151   Caller User Name: SVC-IDMAdmin   Caller Domain: NA   Caller Logon ID: (0x0,0x49B9E44F)   Privileges: -  Changed Attributes:   Sam Account Name: -   Display Name: -   User Principal Name: -   Home Directory: -   Home Drive: -   Script Path: -   Profile Path: -   User Workstations: -   Password Last Set: 1/12/2014 5:43:02 PM   Account Expires: -   Primary Group ID: -   AllowedToDelegateTo: -   Old UAC Value: -   New UAC Value: -   User Account Control: -   User Parameters: -   Sid History: -   Logon Hours: -   
<13>Jan 12 17:39:27 USCHRETDC02 AgentDevice=WindowsLog	AgentLogFile=Security	PluginVersion=1.0.14	Source=Security	Computer=USCHRETDC02	User=SYSTEM	Domain=NT AUTHORITY	EventID=644	EventIDCode=644	EventType=8	EventCategory=7	RecordNumber=2061434473	TimeGenerated=1389566364	TimeWritten=1389566364	Message=User Account Locked Out:   Target Account Name: Salesxp02370   Target Account ID: ODRETAIL\Salesxp02370   Caller Machine Name: ODS02370W06   Caller User Name: USCHRETDC02$   Caller Domain: ODRETAIL   Caller Logon ID: (0x0,0x3E7)   
<13>Jan 12 17:39:27 USCHRETDC01 AgentDevice=WindowsLog	AgentLogFile=Security	PluginVersion=1.0.14	Source=Security	Computer=USCHRETDC01	User=SYSTEM	Domain=NT AUTHORITY	EventID=644	EventIDCode=644	EventType=8	EventCategory=7	RecordNumber=2274582134	TimeGenerated=1389566364	TimeWritten=1389566364	Message=User Account Locked Out:   Target Account Name: Salesxp02370   Target Account ID: ODRETAIL\Salesxp02370   Caller Machine Name: ODS02370W06   Caller User Name: USCHRETDC01$   Caller Domain: ODRETAIL   Caller Logon ID: (0x0,0x3E7)   
<13>Jan 12 17:38:27 USCHNAHUB02 AgentDevice=WindowsLog	AgentLogFile=Security	PluginVersion=1.0.14	Source=Security	Computer=USCHNAHUB02	User=SYSTEM	Domain=NT AUTHORITY	EventID=644	EventIDCode=644	EventType=8	EventCategory=7	RecordNumber=3022506977	TimeGenerated=1389566304	TimeWritten=1389566304	Message=User Account Locked Out:   Target Account Name: 594632MGR   Target Account ID: NA\594632MGR   Caller Machine Name: S4SNC-DW   Caller User Name: USCHNAHUB02$   Caller Domain: NA   Caller Logon ID: (0x0,0x3E7)   
<13>Jan 12 17:38:21 USCHPOSDC01 AgentDevice=WindowsLog	AgentLogFile=Security	PluginVersion=1.0.14	Source=Security	Computer=USCHPOSDC01	User=086460	Domain=POS	EventID=642	EventIDCode=642	EventType=8	EventCategory=7	RecordNumber=2545582913	TimeGenerated=1389566297	TimeWritten=1389566297	Message=User Account Changed:   Target Account Name: 086460   Target Domain: POS   Target Account ID: POS\086460   Caller User Name: 086460   Caller Domain: POS   Caller Logon ID: (0x0,0x49B75C67)   Privileges: -  Changed Attributes:   Sam Account Name: -   Display Name: -   User Principal Name: -   Home Directory: -   Home Drive: -   Script Path: -   Profile Path: -   User Workstations: -   Password Last Set: 1/12/2014 5:38:17 PM   Account Expires: -   Primary Group ID: -   AllowedToDelegateTo: -   Old UAC Value: -   New UAC Value: -   User Account Control: -   User Parameters: -   Sid History: -   Logon Hours: -   
<13>Jan 12 17:37:46 USHQFSC02S02 AgentDevice=WindowsLog	AgentLogFile=Security	PluginVersion=1.0.14	Source=Security	Computer=USHQFSC02S01	User=SYSTEM	Domain=NT AUTHORITY	EventID=644	EventIDCode=644	EventType=8	EventCategory=7	RecordNumber=170564399	TimeGenerated=1389566259	TimeWritten=1389566259	Message=User Account Locked Out:   Target Account Name: john-jacobs   Target Account ID: USHQFSC02S02\john-jacobs   Caller Machine Name: ODS02394W09   Caller User Name: USHQFSC02S01$   Caller Domain: NA   Caller Logon ID: (0x0,0x3E7)   
<13>Jan 12 17:37:42 USHQFSC02S01 AgentDevice=WindowsLog	AgentLogFile=Security	PluginVersion=1.0.14	Source=Security	Computer=USHQFSC02S01	User=SYSTEM	Domain=NT AUTHORITY	EventID=644	EventIDCode=644	EventType=8	EventCategory=7	RecordNumber=309911799	TimeGenerated=1389566259	TimeWritten=1389566259	Message=User Account Locked Out:   Target Account Name: john-jacobs   Target Account ID: USHQFSC02S01\john-jacobs   Caller Machine Name: ODS02394W09   Caller User Name: USHQFSC02S01$   Caller Domain: NA   Caller Logon ID: (0x0,0x3E7)   
<13>Jan 12 17:36:10 USCHPOSDC01 AgentDevice=WindowsLog	AgentLogFile=Security	PluginVersion=1.0.14	Source=Security	Computer=USCHPOSDC01	User=SVC-IDMAdmin	Domain=NA	EventID=671	EventIDCode=671	EventType=8	EventCategory=7	RecordNumber=2545580855	TimeGenerated=1389566167	TimeWritten=1389566167	Message=User Account Unlocked:   Target Account Name: 623800   Target Domain:  POS   Target Account ID: POS\623800   Caller User Name: SVC-IDMAdmin   Caller Domain: NA   Caller Logon ID: (0x0,0x49B62386)   
<13>Jan 12 17:36:10 USCHPOSDC01 AgentDevice=WindowsLog	AgentLogFile=Security	PluginVersion=1.0.14	Source=Security	Computer=USCHPOSDC01	User=SVC-IDMAdmin	Domain=NA	EventID=642	EventIDCode=642	EventType=8	EventCategory=7	RecordNumber=2545580846	TimeGenerated=1389566167	TimeWritten=1389566167	Message=User Account Changed:   Target Account Name: 623800   Target Domain: POS   Target Account ID: POS\623800   Caller User Name: SVC-IDMAdmin   Caller Domain: NA   Caller Logon ID: (0x0,0x49B6240F)   Privileges: -  Changed Attributes:   Sam Account Name: -   Display Name: -   User Principal Name: -   Home Directory: -   Home Drive: -   Script Path: -   Profile Path: -   User Workstations: -   Password Last Set: 1/12/2014 5:36:07 PM   Account Expires: -   Primary Group ID: -   AllowedToDelegateTo: -   Old UAC Value: -   New UAC Value: -   User Account Control: -   User Parameters: -   Sid History: -   Logon Hours: -   
<13>Jan 12 17:35:06 USCHRETDC01 AgentDevice=WindowsLog	AgentLogFile=Security	PluginVersion=1.0.14	Source=Security	Computer=USCHRETDC01	User=SYSTEM	Domain=NT AUTHORITY	EventID=644	EventIDCode=644	EventType=8	EventCategory=7	RecordNumber=2274576856	TimeGenerated=1389566103	TimeWritten=1389566103	Message=User Account Locked Out:   Target Account Name: Salesxp03325   Target Account ID: ODRETAIL\Salesxp03325   Caller Machine Name: ODS03325W09   Caller User Name: USCHRETDC01$   Caller Domain: ODRETAIL   Caller Logon ID: (0x0,0x3E7)   
<13>Jan 12 17:35:05 USCHRETDC02 AgentDevice=WindowsLog	AgentLogFile=Security	PluginVersion=1.0.14	Source=Security	Computer=USCHRETDC02	User=SYSTEM	Domain=NT AUTHORITY	EventID=644	EventIDCode=644	EventType=8	EventCategory=7	RecordNumber=2061429530	TimeGenerated=1389566103	TimeWritten=1389566103	Message=User Account Locked Out:   Target Account Name: Salesxp03325   Target Account ID: ODRETAIL\Salesxp03325   Caller Machine Name: ODS03325W09   Caller User Name: USCHRETDC02$   Caller Domain: ODRETAIL   Caller Logon ID: (0x0,0x3E7)   
<13>Jan 12 17:34:11 USCHPOSDC01 AgentDevice=WindowsLog	AgentLogFile=Security	PluginVersion=1.0.14	Source=Security	Computer=USCHPOSDC01	User=SYSTEM	Domain=NT AUTHORITY	EventID=644	EventIDCode=644	EventType=8	EventCategory=7	RecordNumber=2545578991	TimeGenerated=1389566046	TimeWritten=1389566046	Message=User Account Locked Out:   Target Account Name: 623800   Target Account ID: POS\623800   Caller Machine Name: USCHNABH03   Caller User Name: USCHPOSDC01$   Caller Domain: POS   Caller Logon ID: (0x0,0x3E7)   
<13>Jan 12 17:34:09 USCHPOSDC02 AgentDevice=WindowsLog	AgentLogFile=Security	PluginVersion=1.0.14	Source=Security	Computer=USCHPOSDC02	User=SYSTEM	Domain=NT AUTHORITY	EventID=644	EventIDCode=644	EventType=8	EventCategory=7	RecordNumber=574484115	TimeGenerated=1389566046	TimeWritten=1389566046	Message=User Account Locked Out:   Target Account Name: 623800   Target Account ID: POS\623800   Caller Machine Name: USCHNABH03   Caller User Name: USCHPOSDC02$   Caller Domain: POS   Caller Logon ID: (0x0,0x3E7)   
<13>Jan 12 17:33:08 USCHPOSDC01 AgentDevice=WindowsLog	AgentLogFile=Security	PluginVersion=1.0.14	Source=Security	Computer=USCHPOSDC01	User=SVC-IDMAdmin	Domain=NA	EventID=671	EventIDCode=671	EventType=8	EventCategory=7	RecordNumber=2545578255	TimeGenerated=1389565985	TimeWritten=1389565985	Message=User Account Unlocked:   Target Account Name: 623800   Target Domain:  POS   Target Account ID: POS\623800   Caller User Name: SVC-IDMAdmin   Caller Domain: NA   Caller Logon ID: (0x0,0x49B4B90B)   
<13>Jan 12 17:33:08 USCHPOSDC01 AgentDevice=WindowsLog	AgentLogFile=Security	PluginVersion=1.0.14	Source=Security	Computer=USCHPOSDC01	User=SVC-IDMAdmin	Domain=NA	EventID=642	EventIDCode=642	EventType=8	EventCategory=7	RecordNumber=2545578250	TimeGenerated=1389565985	TimeWritten=1389565985	Message=User Account Changed:   Target Account Name: 623800   Target Domain: POS   Target Account ID: POS\623800   Caller User Name: SVC-IDMAdmin   Caller Domain: NA   Caller Logon ID: (0x0,0x49B4BF77)   Privileges: -  Changed Attributes:   Sam Account Name: -   Display Name: -   User Principal Name: -   Home Directory: -   Home Drive: -   Script Path: -   Profile Path: -   User Workstations: -   Password Last Set: 1/12/2014 5:33:05 PM   Account Expires: -   Primary Group ID: -   AllowedToDelegateTo: -   Old UAC Value: -   New UAC Value: -   User Account Control: -   User Parameters: -   Sid History: -   Logon Hours: -   
<13>Jan 12 17:31:11 USCHPOSDC01 AgentDevice=WindowsLog	AgentLogFile=Security	PluginVersion=1.0.14	Source=Security	Computer=USCHPOSDC01	User=ANONYMOUS LOGON	Domain=NT AUTHORITY	EventID=642	EventIDCode=642	EventType=8	EventCategory=7	RecordNumber=2545576555	TimeGenerated=1389565867	TimeWritten=1389565867	Message=User Account Changed:   Target Account Name: 503353   Target Domain: POS   Target Account ID: POS\503353   Caller User Name: USCHPOSDC01$   Caller Domain: POS   Caller Logon ID: (0x0,0x3E7)   Privileges: -  Changed Attributes:   Sam Account Name: -   Display Name: -   User Principal Name: -   Home Directory: -   Home Drive: -   Script Path: -   Profile Path: -   User Workstations: -   Password Last Set: 1/12/2014 5:31:07 PM   Account Expires: -   Primary Group ID: -   AllowedToDelegateTo: -   Old UAC Value: -   New UAC Value: -   User Account Control: -   User Parameters: -   Sid History: -   Logon Hours: -   
<13>Jan 12 17:31:10 USCHPOSDC02 AgentDevice=WindowsLog	AgentLogFile=Security	PluginVersion=1.0.14	Source=Security	Computer=USCHPOSDC02	User=SVC-IDMAdmin	Domain=NA	EventID=671	EventIDCode=671	EventType=8	EventCategory=7	RecordNumber=574478487	TimeGenerated=1389565867	TimeWritten=1389565867	Message=User Account Unlocked:   Target Account Name: 503353   Target Domain:  POS   Target Account ID: POS\503353   Caller User Name: SVC-IDMAdmin   Caller Domain: NA   Caller Logon ID: (0x0,0x5041D190)   
<13>Jan 12 17:31:10 USCHPOSDC02 AgentDevice=WindowsLog	AgentLogFile=Security	PluginVersion=1.0.14	Source=Security	Computer=USCHPOSDC02	User=SVC-IDMAdmin	Domain=NA	EventID=642	EventIDCode=642	EventType=8	EventCategory=7	RecordNumber=574478464	TimeGenerated=1389565867	TimeWritten=1389565867	Message=User Account Changed:   Target Account Name: 503353   Target Domain: POS   Target Account ID: POS\503353   Caller User Name: SVC-IDMAdmin   Caller Domain: NA   Caller Logon ID: (0x0,0x5041D2E5)   Privileges: -  Changed Attributes:   Sam Account Name: -   Display Name: -   User Principal Name: -   Home Directory: -   Home Drive: -   Script Path: -   Profile Path: -   User Workstations: -   Password Last Set: 1/12/2014 5:31:07 PM   Account Expires: -   Primary Group ID: -   AllowedToDelegateTo: -   Old UAC Value: -   New UAC Value: -   User Account Control: -   User Parameters: -   Sid History: -   Logon Hours: -   
<13>Jan 12 17:28:00 USCHC10WEB01 AgentDevice=WindowsLog	AgentLogFile=Security	PluginVersion=1.0.14	Source=Security	Computer=USCHC10WEB01	User=SYSTEM	Domain=NT AUTHORITY	EventID=644	EventIDCode=644	EventType=8	EventCategory=7	RecordNumber=115379095	TimeGenerated=1389565676	TimeWritten=1389565676	Message=User Account Locked Out:   Target Account Name: john-jacobs   Target Account ID: USCHC10WEB01\john-jacobs   Caller Machine Name: ODS00824W12   Caller User Name: USCHC10WEB01$   Caller Domain: NA   Caller Logon ID: (0x0,0x3E7)   
<13>Jan 12 17:24:44 USHQNADC02 AgentDevice=WindowsLog	AgentLogFile=Security	PluginVersion=1.0.14	Source=Security	Computer=USHQNADC02	User=SYSTEM	Domain=NT AUTHORITY	EventID=644	EventIDCode=644	EventType=8	EventCategory=7	RecordNumber=4072666940	TimeGenerated=1389565481	TimeWritten=1389565481	Message=User Account Locked Out:   Target Account Name: JCBmgr   Target Account ID: NA\JCBmgr   Caller Machine Name: \\10.63.125.95   Caller User Name: USHQNADC02$   Caller Domain: NA   Caller Logon ID: (0x0,0x3E7)   
<13>Jan 12 17:21:54 USCHPOSDC01 AgentDevice=WindowsLog	AgentLogFile=Security	PluginVersion=1.0.14	Source=Security	Computer=USCHPOSDC01	User=SVC-IDMAdmin	Domain=NA	EventID=671	EventIDCode=671	EventType=8	EventCategory=7	RecordNumber=2545569445	TimeGenerated=1389565312	TimeWritten=1389565312	Message=User Account Unlocked:   Target Account Name: 566772   Target Domain:  POS   Target Account ID: POS\566772   Caller User Name: SVC-IDMAdmin   Caller Domain: NA   Caller Logon ID: (0x0,0x49AF0B1D)   
<13>Jan 12 17:21:54 USCHPOSDC01 AgentDevice=WindowsLog	AgentLogFile=Security	PluginVersion=1.0.14	Source=Security	Computer=USCHPOSDC01	User=SVC-IDMAdmin	Domain=NA	EventID=642	EventIDCode=642	EventType=8	EventCategory=7	RecordNumber=2545569441	TimeGenerated=1389565311	TimeWritten=1389565311	Message=User Account Changed:   Target Account Name: 566772   Target Domain: POS   Target Account ID: POS\566772   Caller User Name: SVC-IDMAdmin   Caller Domain: NA   Caller Logon ID: (0x0,0x49AF0BBF)   Privileges: -  Changed Attributes:   Sam Account Name: -   Display Name: -   User Principal Name: -   Home Directory: -   Home Drive: -   Script Path: -   Profile Path: -   User Workstations: -   Password Last Set: 1/12/2014 5:21:51 PM   Account Expires: -   Primary Group ID: -   AllowedToDelegateTo: -   Old UAC Value: -   New UAC Value: -   User Account Control: -   User Parameters: -   Sid History: -   Logon Hours: -   
<13>Jan 12 17:20:41 USCHRETDC01 AgentDevice=WindowsLog	AgentLogFile=Security	PluginVersion=1.0.14	Source=Security	Computer=USCHRETDC01	User=SYSTEM	Domain=NT AUTHORITY	EventID=644	EventIDCode=644	EventType=8	EventCategory=7	RecordNumber=2274558028	TimeGenerated=1389565238	TimeWritten=1389565238	Message=User Account Locked Out:   Target Account Name: Salesxp00614   Target Account ID: ODRETAIL\Salesxp00614   Caller Machine Name: ODS00614W07   Caller User Name: USCHRETDC01$   Caller Domain: ODRETAIL   Caller Logon ID: (0x0,0x3E7)   
<13>Jan 12 17:20:39 USCHPOSDC02 AgentDevice=WindowsLog	AgentLogFile=Security	PluginVersion=1.0.14	Source=Security	Computer=USCHPOSDC02	User=SVC-IDMAdmin	Domain=NA	EventID=671	EventIDCode=671	EventType=8	EventCategory=7	RecordNumber=574465457	TimeGenerated=1389565236	TimeWritten=1389565236	Message=User Account Unlocked:   Target Account Name: 481511   Target Domain:  POS   Target Account ID: POS\481511   Caller User Name: SVC-IDMAdmin   Caller Domain: NA   Caller Logon ID: (0x0,0x5038915D)   
<13>Jan 12 17:20:39 USCHPOSDC02 AgentDevice=WindowsLog	AgentLogFile=Security	PluginVersion=1.0.14	Source=Security	Computer=USCHPOSDC02	User=SVC-IDMAdmin	Domain=NA	EventID=642	EventIDCode=642	EventType=8	EventCategory=7	RecordNumber=574465453	TimeGenerated=1389565236	TimeWritten=1389565236	Message=User Account Changed:   Target Account Name: 481511   Target Domain: POS   Target Account ID: POS\481511   Caller User Name: SVC-IDMAdmin   Caller Domain: NA   Caller Logon ID: (0x0,0x503891E7)   Privileges: -  Changed Attributes:   Sam Account Name: -   Display Name: -   User Principal Name: -   Home Directory: -   Home Drive: -   Script Path: -   Profile Path: -   User Workstations: -   Password Last Set: 1/12/2014 5:20:35 PM   Account Expires: -   Primary Group ID: -   AllowedToDelegateTo: -   Old UAC Value: -   New UAC Value: -   User Account Control: -   User Parameters: -   Sid History: -   Logon Hours: -   
<13>Jan 12 17:20:39 USCHPOSDC01 AgentDevice=WindowsLog	AgentLogFile=Security	PluginVersion=1.0.14	Source=Security	Computer=USCHPOSDC01	User=ANONYMOUS LOGON	Domain=NT AUTHORITY	EventID=642	EventIDCode=642	EventType=8	EventCategory=7	RecordNumber=2545568515	TimeGenerated=1389565236	TimeWritten=1389565236	Message=User Account Changed:   Target Account Name: 481511   Target Domain: POS   Target Account ID: POS\481511   Caller User Name: USCHPOSDC01$   Caller Domain: POS   Caller Logon ID: (0x0,0x3E7)   Privileges: -  Changed Attributes:   Sam Account Name: -   Display Name: -   User Principal Name: -   Home Directory: -   Home Drive: -   Script Path: -   Profile Path: -   User Workstations: -   Password Last Set: 1/12/2014 5:20:36 PM   Account Expires: -   Primary Group ID: -   AllowedToDelegateTo: -   Old UAC Value: -   New UAC Value: -   User Account Control: -   User Parameters: -   Sid History: -   Logon Hours: -   
<13>Jan 12 17:19:31 USCHPOSDC02 AgentDevice=WindowsLog	AgentLogFile=Security	PluginVersion=1.0.14	Source=Security	Computer=USCHPOSDC02	User=SVC-IDMAdmin	Domain=NA	EventID=671	EventIDCode=671	EventType=8	EventCategory=7	RecordNumber=574464887	TimeGenerated=1389565168	TimeWritten=1389565168	Message=User Account Unlocked:   Target Account Name: 491423   Target Domain:  POS   Target Account ID: POS\491423   Caller User Name: SVC-IDMAdmin   Caller Domain: NA   Caller Logon ID: (0x0,0x5037D5CB)   
<13>Jan 12 17:19:31 USCHPOSDC02 AgentDevice=WindowsLog	AgentLogFile=Security	PluginVersion=1.0.14	Source=Security	Computer=USCHPOSDC02	User=SVC-IDMAdmin	Domain=NA	EventID=642	EventIDCode=642	EventType=8	EventCategory=7	RecordNumber=574464880	TimeGenerated=1389565168	TimeWritten=1389565168	Message=User Account Changed:   Target Account Name: 491423   Target Domain: POS   Target Account ID: POS\491423   Caller User Name: SVC-IDMAdmin   Caller Domain: NA   Caller Logon ID: (0x0,0x5037D74F)   Privileges: -  Changed Attributes:   Sam Account Name: -   Display Name: -   User Principal Name: -   Home Directory: -   Home Drive: -   Script Path: -   Profile Path: -   User Workstations: -   Password Last Set: 1/12/2014 5:19:28 PM   Account Expires: -   Primary Group ID: -   AllowedToDelegateTo: -   Old UAC Value: -   New UAC Value: -   User Account Control: -   User Parameters: -   Sid History: -   Logon Hours: -   
<13>Jan 12 17:19:30 USCHPOSDC01 AgentDevice=WindowsLog	AgentLogFile=Security	PluginVersion=1.0.14	Source=Security	Computer=USCHPOSDC01	User=ANONYMOUS LOGON	Domain=NT AUTHORITY	EventID=642	EventIDCode=642	EventType=8	EventCategory=7	RecordNumber=2545567561	TimeGenerated=1389565168	TimeWritten=1389565168	Message=User Account Changed:   Target Account Name: 491423   Target Domain: POS   Target Account ID: POS\491423   Caller User Name: USCHPOSDC01$   Caller Domain: POS   Caller Logon ID: (0x0,0x3E7)   Privileges: -  Changed Attributes:   Sam Account Name: -   Display Name: -   User Principal Name: -   Home Directory: -   Home Drive: -   Script Path: -   Profile Path: -   User Workstations: -   Password Last Set: 1/12/2014 5:19:28 PM   Account Expires: -   Primary Group ID: -   AllowedToDelegateTo: -   Old UAC Value: -   New UAC Value: -   User Account Control: -   User Parameters: -   Sid History: -   Logon Hours: -   
<13>Jan 12 17:18:56 USCHPOSDC01 AgentDevice=WindowsLog	AgentLogFile=Security	PluginVersion=1.0.14	Source=Security	Computer=USCHPOSDC01	User=SVC-IDMAdmin	Domain=NA	EventID=671	EventIDCode=671	EventType=8	EventCategory=7	RecordNumber=2545567101	TimeGenerated=1389565134	TimeWritten=1389565134	Message=User Account Unlocked:   Target Account Name: 655811   Target Domain:  POS   Target Account ID: POS\655811   Caller User Name: SVC-IDMAdmin   Caller Domain: NA   Caller Logon ID: (0x0,0x49ADB2EA)   
<13>Jan 12 17:18:56 USCHPOSDC01 AgentDevice=WindowsLog	AgentLogFile=Security	PluginVersion=1.0.14	Source=Security	Computer=USCHPOSDC01	User=SVC-IDMAdmin	Domain=NA	EventID=642	EventIDCode=642	EventType=8	EventCategory=7	RecordNumber=2545567093	TimeGenerated=1389565133	TimeWritten=1389565133	Message=User Account Changed:   Target Account Name: 655811   Target Domain: POS   Target Account ID: POS\655811   Caller User Name: SVC-IDMAdmin   Caller Domain: NA   Caller Logon ID: (0x0,0x49ADB35B)   Privileges: -  Changed Attributes:   Sam Account Name: -   Display Name: -   User Principal Name: -   Home Directory: -   Home Drive: -   Script Path: -   Profile Path: -   User Workstations: -   Password Last Set: 1/12/2014 5:18:53 PM   Account Expires: -   Primary Group ID: -   AllowedToDelegateTo: -   Old UAC Value: -   New UAC Value: -   User Account Control: -   User Parameters: -   Sid History: -   Logon Hours: -   
<13>Jan 12 17:18:49 USCHPOSDC02 AgentDevice=WindowsLog	AgentLogFile=Security	PluginVersion=1.0.14	Source=Security	Computer=USCHPOSDC02	User=SVC-IDMAdmin	Domain=NA	EventID=671	EventIDCode=671	EventType=8	EventCategory=7	RecordNumber=574464169	TimeGenerated=1389565125	TimeWritten=1389565125	Message=User Account Unlocked:   Target Account Name: 640554   Target Domain:  POS   Target Account ID: POS\640554   Caller User Name: SVC-IDMAdmin   Caller Domain: NA   Caller Logon ID: (0x0,0x50375E80)   
<13>Jan 12 17:18:49 USCHPOSDC02 AgentDevice=WindowsLog	AgentLogFile=Security	PluginVersion=1.0.14	Source=Security	Computer=USCHPOSDC02	User=SVC-IDMAdmin	Domain=NA	EventID=642	EventIDCode=642	EventType=8	EventCategory=7	RecordNumber=574464157	TimeGenerated=1389565125	TimeWritten=1389565125	Message=User Account Changed:   Target Account Name: 640554   Target Domain: POS   Target Account ID: POS\640554   Caller User Name: SVC-IDMAdmin   Caller Domain: NA   Caller Logon ID: (0x0,0x5037600D)   Privileges: -  Changed Attributes:   Sam Account Name: -   Display Name: -   User Principal Name: -   Home Directory: -   Home Drive: -   Script Path: -   Profile Path: -   User Workstations: -   Password Last Set: 1/12/2014 5:18:45 PM   Account Expires: -   Primary Group ID: -   AllowedToDelegateTo: -   Old UAC Value: -   New UAC Value: -   User Account Control: -   User Parameters: -   Sid History: -   Logon Hours: -   
<13>Jan 12 17:16:40 USCHNAHUB02 AgentDevice=WindowsLog	AgentLogFile=Security	PluginVersion=1.0.14	Source=Security	Computer=USCHNAHUB02	User=SYSTEM	Domain=NT AUTHORITY	EventID=644	EventIDCode=644	EventType=8	EventCategory=7	RecordNumber=3022477135	TimeGenerated=1389564997	TimeWritten=1389564997	Message=User Account Locked Out:   Target Account Name: Adrian-Macean   Target Account ID: NA\Adrian-Macean   Caller Machine Name: CHSECGPRS02   Caller User Name: USCHNAHUB02$   Caller Domain: NA   Caller Logon ID: (0x0,0x3E7)   
<13>Jan 12 17:16:40 USCHNAHUB06 AgentDevice=WindowsLog	AgentLogFile=Security	PluginVersion=1.0.14	Source=Security	Computer=USCHNAHUB06	User=SYSTEM	Domain=NT AUTHORITY	EventID=644	EventIDCode=644	EventType=8	EventCategory=7	RecordNumber=705314473	TimeGenerated=1389564997	TimeWritten=1389564997	Message=User Account Locked Out:   Target Account Name: Adrian-Macean   Target Account ID: NA\Adrian-Macean   Caller Machine Name: CHSECGPRS02   Caller User Name: USCHNAHUB06$   Caller Domain: NA   Caller Logon ID: (0x0,0x3E7)   
<13>Jan 12 17:16:06 USCHPOSDC01 AgentDevice=WindowsLog	AgentLogFile=Security	PluginVersion=1.0.14	Source=Security	Computer=USCHPOSDC01	User=SVC-IDMAdmin	Domain=NA	EventID=671	EventIDCode=671	EventType=8	EventCategory=7	RecordNumber=2545564704	TimeGenerated=1389564964	TimeWritten=1389564964	Message=User Account Unlocked:   Target Account Name: 651939   Target Domain:  POS   Target Account ID: POS\651939   Caller User Name: SVC-IDMAdmin   Caller Domain: NA   Caller Logon ID: (0x0,0x49AC08B8)   
<13>Jan 12 17:16:06 USCHPOSDC01 AgentDevice=WindowsLog	AgentLogFile=Security	PluginVersion=1.0.14	Source=Security	Computer=USCHPOSDC01	User=SVC-IDMAdmin	Domain=NA	EventID=642	EventIDCode=642	EventType=8	EventCategory=7	RecordNumber=2545564699	TimeGenerated=1389564963	TimeWritten=1389564963	Message=User Account Changed:   Target Account Name: 651939   Target Domain: POS   Target Account ID: POS\651939   Caller User Name: SVC-IDMAdmin   Caller Domain: NA   Caller Logon ID: (0x0,0x49AC0928)   Privileges: -  Changed Attributes:   Sam Account Name: -   Display Name: -   User Principal Name: -   Home Directory: -   Home Drive: -   Script Path: -   Profile Path: -   User Workstations: -   Password Last Set: 1/12/2014 5:16:03 PM   Account Expires: -   Primary Group ID: -   AllowedToDelegateTo: -   Old UAC Value: -   New UAC Value: -   User Account Control: -   User Parameters: -   Sid History: -   Logon Hours: -   
<13>Jan 12 17:15:54 USCHPOSDC01 AgentDevice=WindowsLog	AgentLogFile=Security	PluginVersion=1.0.14	Source=Security	Computer=USCHPOSDC01	User=SVC-IDMAdmin	Domain=NA	EventID=671	EventIDCode=671	EventType=8	EventCategory=7	RecordNumber=2545564507	TimeGenerated=1389564951	TimeWritten=1389564951	Message=User Account Unlocked:   Target Account Name: 630155   Target Domain:  POS   Target Account ID: POS\630155   Caller User Name: SVC-IDMAdmin   Caller Domain: NA   Caller Logon ID: (0x0,0x49ABEFEF)   
<13>Jan 12 17:15:54 USCHPOSDC01 AgentDevice=WindowsLog	AgentLogFile=Security	PluginVersion=1.0.14	Source=Security	Computer=USCHPOSDC01	User=SVC-IDMAdmin	Domain=NA	EventID=642	EventIDCode=642	EventType=8	EventCategory=7	RecordNumber=2545564497	TimeGenerated=1389564950	TimeWritten=1389564950	Message=User Account Changed:   Target Account Name: 630155   Target Domain: POS   Target Account ID: POS\630155   Caller User Name: SVC-IDMAdmin   Caller Domain: NA   Caller Logon ID: (0x0,0x49ABF327)   Privileges: -  Changed Attributes:   Sam Account Name: -   Display Name: -   User Principal Name: -   Home Directory: -   Home Drive: -   Script Path: -   Profile Path: -   User Workstations: -   Password Last Set: 1/12/2014 5:15:50 PM   Account Expires: -   Primary Group ID: -   AllowedToDelegateTo: -   Old UAC Value: -   New UAC Value: -   User Account Control: -   User Parameters: -   Sid History: -   Logon Hours: -   
<13>Jan 12 17:14:37 USCHRETDC01 AgentDevice=WindowsLog	AgentLogFile=Security	PluginVersion=1.0.14	Source=Security	Computer=USCHRETDC01	User=SYSTEM	Domain=NT AUTHORITY	EventID=644	EventIDCode=644	EventType=8	EventCategory=7	RecordNumber=2274550135	TimeGenerated=1389564874	TimeWritten=1389564874	Message=User Account Locked Out:   Target Account Name: Salesxp02739   Target Account ID: ODRETAIL\Salesxp02739   Caller Machine Name: ODS02739W12   Caller User Name: USCHRETDC01$   Caller Domain: ODRETAIL   Caller Logon ID: (0x0,0x3E7)   
<13>Jan 12 17:14:17 USCHPOSDC01 AgentDevice=WindowsLog	AgentLogFile=Security	PluginVersion=1.0.14	Source=Security	Computer=USCHPOSDC01	User=SYSTEM	Domain=NT AUTHORITY	EventID=644	EventIDCode=644	EventType=8	EventCategory=7	RecordNumber=2545563312	TimeGenerated=1389564853	TimeWritten=1389564853	Message=User Account Locked Out:   Target Account Name: ODS03255   Target Account ID: POS\ODS03255   Caller Machine Name: USCHSAPROD01   Caller User Name: USCHPOSDC01$   Caller Domain: POS   Caller Logon ID: (0x0,0x3E7)   
<13>Jan 12 17:13:55 USCHPOSDC01 AgentDevice=WindowsLog	AgentLogFile=Security	PluginVersion=1.0.14	Source=Security	Computer=USCHPOSDC01	User=SVC-IDMAdmin	Domain=NA	EventID=671	EventIDCode=671	EventType=8	EventCategory=7	RecordNumber=2545562937	TimeGenerated=1389564832	TimeWritten=1389564832	Message=User Account Unlocked:   Target Account Name: 410835   Target Domain:  POS   Target Account ID: POS\410835   Caller User Name: SVC-IDMAdmin   Caller Domain: NA   Caller Logon ID: (0x0,0x49AB0E20)   
<13>Jan 12 17:13:55 USCHPOSDC01 AgentDevice=WindowsLog	AgentLogFile=Security	PluginVersion=1.0.14	Source=Security	Computer=USCHPOSDC01	User=SVC-IDMAdmin	Domain=NA	EventID=642	EventIDCode=642	EventType=8	EventCategory=7	RecordNumber=2545562931	TimeGenerated=1389564831	TimeWritten=1389564831	Message=User Account Changed:   Target Account Name: 410835   Target Domain: POS   Target Account ID: POS\410835   Caller User Name: SVC-IDMAdmin   Caller Domain: NA   Caller Logon ID: (0x0,0x49AB0E96)   Privileges: -  Changed Attributes:   Sam Account Name: -   Display Name: -   User Principal Name: -   Home Directory: -   Home Drive: -   Script Path: -   Profile Path: -   User Workstations: -   Password Last Set: 1/12/2014 5:13:51 PM   Account Expires: -   Primary Group ID: -   AllowedToDelegateTo: -   Old UAC Value: -   New UAC Value: -   User Account Control: -   User Parameters: -   Sid History: -   Logon Hours: -   
<13>Jan 12 17:13:45 USCHPOSDC01 AgentDevice=WindowsLog	AgentLogFile=Security	PluginVersion=1.0.14	Source=Security	Computer=USCHPOSDC01	User=SYSTEM	Domain=NT AUTHORITY	EventID=644	EventIDCode=644	EventType=8	EventCategory=7	RecordNumber=2545562768	TimeGenerated=1389564822	TimeWritten=1389564822	Message=User Account Locked Out:   Target Account Name: ODS02607   Target Account ID: POS\ODS02607   Caller Machine Name: USCHSAPROD01   Caller User Name: USCHPOSDC01$   Caller Domain: POS   Caller Logon ID: (0x0,0x3E7)   
<13>Jan 12 17:09:45 USCHPOSDC01 AgentDevice=WindowsLog	AgentLogFile=Security	PluginVersion=1.0.14	Source=Security	Computer=USCHPOSDC01	User=SYSTEM	Domain=NT AUTHORITY	EventID=644	EventIDCode=644	EventType=8	EventCategory=7	RecordNumber=2545559687	TimeGenerated=1389564581	TimeWritten=1389564581	Message=User Account Locked Out:   Target Account Name: ODS02574CPC   Target Account ID: POS\ODS02574CPC   Caller Machine Name: USCHSAPROD01   Caller User Name: USCHPOSDC01$   Caller Domain: POS   Caller Logon ID: (0x0,0x3E7)   
<13>Jan 12 17:09:14 USCHPOSDC01 AgentDevice=WindowsLog	AgentLogFile=Security	PluginVersion=1.0.14	Source=Security	Computer=USCHPOSDC01	User=SYSTEM	Domain=NT AUTHORITY	EventID=644	EventIDCode=644	EventType=8	EventCategory=7	RecordNumber=2545559187	TimeGenerated=1389564551	TimeWritten=1389564551	Message=User Account Locked Out:   Target Account Name: 623800   Target Account ID: POS\623800   Caller Machine Name: ODS00950K10   Caller User Name: USCHPOSDC01$   Caller Domain: POS   Caller Logon ID: (0x0,0x3E7)   
<13>Jan 12 17:08:28 USCHPOSDC01 AgentDevice=WindowsLog	AgentLogFile=Security	PluginVersion=1.0.14	Source=Security	Computer=USCHPOSDC01	User=SVC-IDMAdmin	Domain=NA	EventID=671	EventIDCode=671	EventType=8	EventCategory=7	RecordNumber=2545558618	TimeGenerated=1389564504	TimeWritten=1389564504	Message=User Account Unlocked:   Target Account Name: 610404   Target Domain:  POS   Target Account ID: POS\610404   Caller User Name: SVC-IDMAdmin   Caller Domain: NA   Caller Logon ID: (0x0,0x49A83026)   
<13>Jan 12 17:08:28 USCHPOSDC01 AgentDevice=WindowsLog	AgentLogFile=Security	PluginVersion=1.0.14	Source=Security	Computer=USCHPOSDC01	User=SVC-IDMAdmin	Domain=NA	EventID=642	EventIDCode=642	EventType=8	EventCategory=7	RecordNumber=2545558614	TimeGenerated=1389564504	TimeWritten=1389564504	Message=User Account Changed:   Target Account Name: 610404   Target Domain: POS   Target Account ID: POS\610404   Caller User Name: SVC-IDMAdmin   Caller Domain: NA   Caller Logon ID: (0x0,0x49A830A1)   Privileges: -  Changed Attributes:   Sam Account Name: -   Display Name: -   User Principal Name: -   Home Directory: -   Home Drive: -   Script Path: -   Profile Path: -   User Workstations: -   Password Last Set: 1/12/2014 5:08:24 PM   Account Expires: -   Primary Group ID: -   AllowedToDelegateTo: -   Old UAC Value: -   New UAC Value: -   User Account Control: -   User Parameters: -   Sid History: -   Logon Hours: -   
