<13>Jan 13 07:26:01 EUNLVEDC01 AgentDevice=WindowsLog	AgentLogFile=Security	PluginVersion=1.0.14	Source=Security	Computer=EUNLVEDC01	User=SYSTEM	Domain=NT AUTHORITY	EventID=644	EventIDCode=644	EventType=8	EventCategory=7	RecordNumber=2554693801	TimeGenerated=1389594358	TimeWritten=1389594358	Message=User Account Locked Out:   Target Account Name: Marina-Lang   Target Account ID: EUROPE\Marina-Lang   Caller Machine Name: USCHIDMPRD01   Caller User Name: EUNLVEDC01$   Caller Domain: EUROPE   Caller Logon ID: (0x0,0x3E7)   
<13>Jan 13 01:23:47 USCHNAHUB02 AgentDevice=WindowsLog	AgentLogFile=Security	PluginVersion=1.0.14	Source=Security	Computer=USCHNAHUB02	User=SYSTEM	Domain=NT AUTHORITY	EventID=644	EventIDCode=644	EventType=8	EventCategory=7	RecordNumber=3023329935	TimeGenerated=1389587510	TimeWritten=1389587510	Message=User Account Locked Out:   Target Account Name: JCBmgr   Target Account ID: NA\JCBmgr   Caller Machine Name: \\10.63.125.95   Caller User Name: USCHNAHUB02$   Caller Domain: NA   Caller Logon ID: (0x0,0x3E7)   
<13>Jan 13 07:22:29 EUNLVEDC02 AgentDevice=WindowsLog	AgentLogFile=Security	PluginVersion=1.0.14	Source=Security	Computer=EUNLVEDC02	User=SYSTEM	Domain=NT AUTHORITY	EventID=644	EventIDCode=644	EventType=8	EventCategory=7	RecordNumber=1829447438	TimeGenerated=1389594146	TimeWritten=1389594146	Message=User Account Locked Out:   Target Account Name: Mihaela-Balint   Target Account ID: EUROPE\Mihaela-Balint   Caller Machine Name: ROCJPC00134650   Caller User Name: EUNLVEDC02$   Caller Domain: EUROPE   Caller Logon ID: (0x0,0x3E7)   
<13>Jan 13 07:22:29 EUNLVEDC01 AgentDevice=WindowsLog	AgentLogFile=Security	PluginVersion=1.0.14	Source=Security	Computer=EUNLVEDC01	User=SYSTEM	Domain=NT AUTHORITY	EventID=644	EventIDCode=644	EventType=8	EventCategory=7	RecordNumber=2554689394	TimeGenerated=1389594146	TimeWritten=1389594146	Message=User Account Locked Out:   Target Account Name: Mihaela-Balint   Target Account ID: EUROPE\Mihaela-Balint   Caller Machine Name: ROCJPC00134650   Caller User Name: EUNLVEDC01$   Caller Domain: EUROPE   Caller Logon ID: (0x0,0x3E7)   
<13>Jan 13 07:20:42 EUNLVEDC01 AgentDevice=WindowsLog	AgentLogFile=Security	PluginVersion=1.0.14	Source=Security	Computer=EUNLVEDC01	User=ANONYMOUS LOGON	Domain=NT AUTHORITY	EventID=642	EventIDCode=642	EventType=8	EventCategory=7	RecordNumber=2554686904	TimeGenerated=1389594039	TimeWritten=1389594039	Message=User Account Changed:   Target Account Name: Marina-Lang   Target Domain: EUROPE   Target Account ID: EUROPE\Marina-Lang   Caller User Name: EUNLVEDC01$   Caller Domain: EUROPE   Caller Logon ID: (0x0,0x3E7)   Privileges: -  Changed Attributes:   Sam Account Name: -   Display Name: -   User Principal Name: -   Home Directory: -   Home Drive: -   Script Path: -   Profile Path: -   User Workstations: -   Password Last Set: 1/13/2014 7:20:38 AM   Account Expires: -   Primary Group ID: -   AllowedToDelegateTo: -   Old UAC Value: -   New UAC Value: -   User Account Control: -   User Parameters: -   Sid History: -   Logon Hours: -   
<13>Jan 13 07:20:19 EUNLVEDC01 AgentDevice=WindowsLog	AgentLogFile=Security	PluginVersion=1.0.14	Source=Security	Computer=EUNLVEDC01	User=ANONYMOUS LOGON	Domain=NT AUTHORITY	EventID=642	EventIDCode=642	EventType=8	EventCategory=7	RecordNumber=2554686335	TimeGenerated=1389594016	TimeWritten=1389594016	Message=User Account Changed:   Target Account Name: Ekamma-Inanga   Target Domain: EUROPE   Target Account ID: EUROPE\Ekamma-Inanga   Caller User Name: EUNLVEDC01$   Caller Domain: EUROPE   Caller Logon ID: (0x0,0x3E7)   Privileges: -  Changed Attributes:   Sam Account Name: -   Display Name: -   User Principal Name: -   Home Directory: -   Home Drive: -   Script Path: -   Profile Path: -   User Workstations: -   Password Last Set: 1/13/2014 7:20:15 AM   Account Expires: -   Primary Group ID: -   AllowedToDelegateTo: -   Old UAC Value: -   New UAC Value: -   User Account Control: -   User Parameters: -   Sid History: -   Logon Hours: -   
<13>Jan 13 07:20:18 EUNLVEDC02 AgentDevice=WindowsLog	AgentLogFile=Security	PluginVersion=1.0.14	Source=Security	Computer=EUNLVEDC02	User=Ekamma-Inanga	Domain=EUROPE	EventID=642	EventIDCode=642	EventType=8	EventCategory=7	RecordNumber=1829445682	TimeGenerated=1389594015	TimeWritten=1389594015	Message=User Account Changed:   Target Account Name: Ekamma-Inanga   Target Domain: EUROPE   Target Account ID: EUROPE\Ekamma-Inanga   Caller User Name: Ekamma-Inanga   Caller Domain: EUROPE   Caller Logon ID: (0x0,0x2D8E202F)   Privileges: -  Changed Attributes:   Sam Account Name: -   Display Name: -   User Principal Name: -   Home Directory: -   Home Drive: -   Script Path: -   Profile Path: -   User Workstations: -   Password Last Set: 1/13/2014 7:20:15 AM   Account Expires: -   Primary Group ID: -   AllowedToDelegateTo: -   Old UAC Value: -   New UAC Value: -   User Account Control: -   User Parameters: -   Sid History: -   Logon Hours: -   
<13>Jan 13 01:19:23 USCHNAHUB02 AgentDevice=WindowsLog	AgentLogFile=Security	PluginVersion=1.0.14	Source=Security	Computer=USCHNAHUB02	User=SYSTEM	Domain=NT AUTHORITY	EventID=644	EventIDCode=644	EventType=8	EventCategory=7	RecordNumber=3023317317	TimeGenerated=1389586932	TimeWritten=1389586932	Message=User Account Locked Out:   Target Account Name: 649314MAN   Target Account ID: NA\649314MAN   Caller Machine Name: USCHFINC01S01   Caller User Name: USCHNAHUB02$   Caller Domain: NA   Caller Logon ID: (0x0,0x3E7)   
<13>Jan 13 07:17:53 EUNLVEDC02 AgentDevice=WindowsLog	AgentLogFile=Security	PluginVersion=1.0.14	Source=Security	Computer=EUNLVEDC02	User=KPAdm	Domain=EUROPE	EventID=671	EventIDCode=671	EventType=8	EventCategory=7	RecordNumber=1829443772	TimeGenerated=1389593870	TimeWritten=1389593870	Message=User Account Unlocked:   Target Account Name: Thomas-Balik   Target Domain:  EUROPE   Target Account ID: EUROPE\Thomas-Balik   Caller User Name: KPAdm   Caller Domain: EUROPE   Caller Logon ID: (0x0,0x2D8D53DB)   
<13>Jan 13 07:17:28 EUNLVEDC01 AgentDevice=WindowsLog	AgentLogFile=Security	PluginVersion=1.0.14	Source=Security	Computer=EUNLVEDC01	User=KPAdm	Domain=EUROPE	EventID=671	EventIDCode=671	EventType=8	EventCategory=7	RecordNumber=2554683393	TimeGenerated=1389593846	TimeWritten=1389593846	Message=User Account Unlocked:   Target Account Name: Thomas-Balik   Target Domain:  EUROPE   Target Account ID: EUROPE\Thomas-Balik   Caller User Name: KPAdm   Caller Domain: EUROPE   Caller Logon ID: (0x0,0x9EB6701)   
<13>Jan 13 07:16:52 EUNLVEDC01 AgentDevice=WindowsLog	AgentLogFile=Security	PluginVersion=1.0.14	Source=Security	Computer=EUNLVEDC01	User=ANONYMOUS LOGON	Domain=NT AUTHORITY	EventID=642	EventIDCode=642	EventType=8	EventCategory=7	RecordNumber=2554682775	TimeGenerated=1389593808	TimeWritten=1389593808	Message=User Account Changed:   Target Account Name: Manuel-Kiwitt   Target Domain: EUROPE   Target Account ID: EUROPE\Manuel-Kiwitt   Caller User Name: EUNLVEDC01$   Caller Domain: EUROPE   Caller Logon ID: (0x0,0x3E7)   Privileges: -  Changed Attributes:   Sam Account Name: -   Display Name: -   User Principal Name: -   Home Directory: -   Home Drive: -   Script Path: -   Profile Path: -   User Workstations: -   Password Last Set: 1/13/2014 7:16:48 AM   Account Expires: -   Primary Group ID: -   AllowedToDelegateTo: -   Old UAC Value: -   New UAC Value: -   User Account Control: -   User Parameters: -   Sid History: -   Logon Hours: -   
<13>Jan 13 07:16:50 EUNLVEDC02 AgentDevice=WindowsLog	AgentLogFile=Security	PluginVersion=1.0.14	Source=Security	Computer=EUNLVEDC02	User=Manuel-Kiwitt	Domain=EUROPE	EventID=642	EventIDCode=642	EventType=8	EventCategory=7	RecordNumber=1829442908	TimeGenerated=1389593808	TimeWritten=1389593808	Message=User Account Changed:   Target Account Name: Manuel-Kiwitt   Target Domain: EUROPE   Target Account ID: EUROPE\Manuel-Kiwitt   Caller User Name: Manuel-Kiwitt   Caller Domain: EUROPE   Caller Logon ID: (0x0,0x2D8CF6AB)   Privileges: -  Changed Attributes:   Sam Account Name: -   Display Name: -   User Principal Name: -   Home Directory: -   Home Drive: -   Script Path: -   Profile Path: -   User Workstations: -   Password Last Set: 1/13/2014 7:16:48 AM   Account Expires: -   Primary Group ID: -   AllowedToDelegateTo: -   Old UAC Value: -   New UAC Value: -   User Account Control: -   User Parameters: -   Sid History: -   Logon Hours: -   
<13>Jan 13 01:16:43 USCHNAHUB05 AgentDevice=WindowsLog	AgentLogFile=Security	PluginVersion=1.0.14	Source=Security	Computer=USCHNAHUB05	User=SYSTEM	Domain=NT AUTHORITY	EventID=644	EventIDCode=644	EventType=8	EventCategory=7	RecordNumber=614698535	TimeGenerated=1389593799	TimeWritten=1389593799	Message=User Account Locked Out:   Target Account Name: Adrian-Macean   Target Account ID: NA\Adrian-Macean   Caller Machine Name: CHSECGPRS06   Caller User Name: USCHNAHUB05$   Caller Domain: NA   Caller Logon ID: (0x0,0x3E7)   
<13>Jan 13 07:15:52 EUNLVEDC01 AgentDevice=WindowsLog	AgentLogFile=Security	PluginVersion=1.0.14	Source=Security	Computer=EUNLVEDC01	User=Birgit-Hurter	Domain=EUROPE	EventID=642	EventIDCode=642	EventType=8	EventCategory=7	RecordNumber=2554681762	TimeGenerated=1389593749	TimeWritten=1389593749	Message=User Account Changed:   Target Account Name: Birgit-Hurter   Target Domain: EUROPE   Target Account ID: EUROPE\Birgit-Hurter   Caller User Name: Birgit-Hurter   Caller Domain: EUROPE   Caller Logon ID: (0x0,0x9EA5C29)   Privileges: -  Changed Attributes:   Sam Account Name: -   Display Name: -   User Principal Name: -   Home Directory: -   Home Drive: -   Script Path: -   Profile Path: -   User Workstations: -   Password Last Set: 1/13/2014 7:15:48 AM   Account Expires: -   Primary Group ID: -   AllowedToDelegateTo: -   Old UAC Value: -   New UAC Value: -   User Account Control: -   User Parameters: -   Sid History: -   Logon Hours: -   
<13>Jan 13 07:15:48 EUNLVEDC01 AgentDevice=WindowsLog	AgentLogFile=Security	PluginVersion=1.0.14	Source=Security	Computer=EUNLVEDC01	User=Eva-Skrabel	Domain=EUROPE	EventID=642	EventIDCode=642	EventType=8	EventCategory=7	RecordNumber=2554681669	TimeGenerated=1389593745	TimeWritten=1389593745	Message=User Account Changed:   Target Account Name: Eva-Skrabel   Target Domain: EUROPE   Target Account ID: EUROPE\Eva-Skrabel   Caller User Name: Eva-Skrabel   Caller Domain: EUROPE   Caller Logon ID: (0x0,0x9EA0E3D)   Privileges: -  Changed Attributes:   Sam Account Name: -   Display Name: -   User Principal Name: -   Home Directory: -   Home Drive: -   Script Path: -   Profile Path: -   User Workstations: -   Password Last Set: 1/13/2014 7:15:45 AM   Account Expires: -   Primary Group ID: -   AllowedToDelegateTo: -   Old UAC Value: -   New UAC Value: -   User Account Control: -   User Parameters: -   Sid History: -   Logon Hours: -   
<13>Jan 13 07:14:11 EUNLVEDC02 AgentDevice=WindowsLog	AgentLogFile=Security	PluginVersion=1.0.14	Source=Security	Computer=EUNLVEDC02	User=SYSTEM	Domain=NT AUTHORITY	EventID=644	EventIDCode=644	EventType=8	EventCategory=7	RecordNumber=1829441063	TimeGenerated=1389593649	TimeWritten=1389593649	Message=User Account Locked Out:   Target Account Name: Gyopar-Horvath   Target Account ID: EUROPE\Gyopar-Horvath   Caller Machine Name: ROCJPC00134748   Caller User Name: EUNLVEDC02$   Caller Domain: EUROPE   Caller Logon ID: (0x0,0x3E7)   
<13>Jan 13 07:14:11 EUNLVEDC01 AgentDevice=WindowsLog	AgentLogFile=Security	PluginVersion=1.0.14	Source=Security	Computer=EUNLVEDC01	User=SYSTEM	Domain=NT AUTHORITY	EventID=644	EventIDCode=644	EventType=8	EventCategory=7	RecordNumber=2554679936	TimeGenerated=1389593649	TimeWritten=1389593649	Message=User Account Locked Out:   Target Account Name: Gyopar-Horvath   Target Account ID: EUROPE\Gyopar-Horvath   Caller Machine Name: ROCJPC00134748   Caller User Name: EUNLVEDC01$   Caller Domain: EUROPE   Caller Logon ID: (0x0,0x3E7)   
<13>Jan 13 07:13:33 EUNLVEDC01 AgentDevice=WindowsLog	AgentLogFile=Security	PluginVersion=1.0.14	Source=Security	Computer=EUNLVEDC01	User=Andreea-Feroiu	Domain=EUROPE	EventID=642	EventIDCode=642	EventType=8	EventCategory=7	RecordNumber=2554679160	TimeGenerated=1389593611	TimeWritten=1389593611	Message=User Account Changed:   Target Account Name: Andreea-Feroiu   Target Domain: EUROPE   Target Account ID: EUROPE\Andreea-Feroiu   Caller User Name: Andreea-Feroiu   Caller Domain: EUROPE   Caller Logon ID: (0x0,0x9E86177)   Privileges: -  Changed Attributes:   Sam Account Name: -   Display Name: -   User Principal Name: -   Home Directory: -   Home Drive: -   Script Path: -   Profile Path: -   User Workstations: -   Password Last Set: 1/13/2014 7:13:31 AM   Account Expires: -   Primary Group ID: -   AllowedToDelegateTo: -   Old UAC Value: -   New UAC Value: -   User Account Control: -   User Parameters: -   Sid History: -   Logon Hours: -   
<13>Jan 13 01:13:24 USCHNABH02 AgentDevice=WindowsLog	AgentLogFile=Security	PluginVersion=1.0.14	Source=Security	Computer=USCHNABH02	User=Richard-McLaughlin	Domain=NA	EventID=642	EventIDCode=642	EventType=8	EventCategory=7	RecordNumber=1402373125	TimeGenerated=1389593402	TimeWritten=1389593402	Message=User Account Changed:   Target Account Name: Richard-McLaughlin   Target Domain: NA   Target Account ID: NA\Richard-McLaughlin   Caller User Name: Richard-McLaughlin   Caller Domain: NA   Caller Logon ID: (0x0,0x44841EFE)   Privileges: -  Changed Attributes:   Sam Account Name: -   Display Name: -   User Principal Name: -   Home Directory: -   Home Drive: -   Script Path: -   Profile Path: -   User Workstations: -   Password Last Set: 1/13/2014 1:10:02 AM   Account Expires: -   Primary Group ID: -   AllowedToDelegateTo: -   Old UAC Value: -   New UAC Value: -   User Account Control: -   User Parameters: -   Sid History: -   Logon Hours: -   
<13>Jan 13 07:13:07 EUNLVEDC01 AgentDevice=WindowsLog	AgentLogFile=Security	PluginVersion=1.0.14	Source=Security	Computer=EUNLVEDC01	User=ANONYMOUS LOGON	Domain=NT AUTHORITY	EventID=642	EventIDCode=642	EventType=8	EventCategory=7	RecordNumber=2554678707	TimeGenerated=1389593583	TimeWritten=1389593583	Message=User Account Changed:   Target Account Name: Ioana-Morar   Target Domain: EUROPE   Target Account ID: EUROPE\Ioana-Morar   Caller User Name: EUNLVEDC01$   Caller Domain: EUROPE   Caller Logon ID: (0x0,0x3E7)   Privileges: -  Changed Attributes:   Sam Account Name: -   Display Name: -   User Principal Name: -   Home Directory: -   Home Drive: -   Script Path: -   Profile Path: -   User Workstations: -   Password Last Set: 1/13/2014 7:13:03 AM   Account Expires: -   Primary Group ID: -   AllowedToDelegateTo: -   Old UAC Value: -   New UAC Value: -   User Account Control: -   User Parameters: -   Sid History: -   Logon Hours: -   
<13>Jan 13 07:13:05 EUNLVEDC02 AgentDevice=WindowsLog	AgentLogFile=Security	PluginVersion=1.0.14	Source=Security	Computer=EUNLVEDC02	User=ANONYMOUS LOGON	Domain=NT AUTHORITY	EventID=642	EventIDCode=642	EventType=8	EventCategory=7	RecordNumber=1829440301	TimeGenerated=1389593583	TimeWritten=1389593583	Message=User Account Changed:   Target Account Name: Ioana-Morar   Target Domain: EUROPE   Target Account ID: EUROPE\Ioana-Morar   Caller User Name: ANONYMOUS LOGON   Caller Domain: NT AUTHORITY   Caller Logon ID: (0x0,0x2D8BB03A)   Privileges: -  Changed Attributes:   Sam Account Name: -   Display Name: -   User Principal Name: -   Home Directory: -   Home Drive: -   Script Path: -   Profile Path: -   User Workstations: -   Password Last Set: 1/13/2014 7:13:03 AM   Account Expires: -   Primary Group ID: -   AllowedToDelegateTo: -   Old UAC Value: -   New UAC Value: -   User Account Control: -   User Parameters: -   Sid History: -   Logon Hours: -   
<13>Jan 13 01:09:49 USCHNAHUB02 AgentDevice=WindowsLog	AgentLogFile=Security	PluginVersion=1.0.14	Source=Security	Computer=USCHNAHUB02	User=SYSTEM	Domain=NT AUTHORITY	EventID=644	EventIDCode=644	EventType=8	EventCategory=7	RecordNumber=3023289834	TimeGenerated=1389585722	TimeWritten=1389585722	Message=User Account Locked Out:   Target Account Name: Adrian-Macean   Target Account ID: NA\Adrian-Macean   Caller Machine Name: CHSECGPRS03   Caller User Name: USCHNAHUB02$   Caller Domain: NA   Caller Logon ID: (0x0,0x3E7)   
<13>Jan 13 01:08:11 USCHNAHUB02 AgentDevice=WindowsLog	AgentLogFile=Security	PluginVersion=1.0.14	Source=Security	Computer=USCHNAHUB02	User=SYSTEM	Domain=NT AUTHORITY	EventID=644	EventIDCode=644	EventType=8	EventCategory=7	RecordNumber=3023285121	TimeGenerated=1389585512	TimeWritten=1389585512	Message=User Account Locked Out:   Target Account Name: 594632MGR   Target Account ID: NA\594632MGR   Caller Machine Name: S4SNC-DW   Caller User Name: USCHNAHUB02$   Caller Domain: NA   Caller Logon ID: (0x0,0x3E7)   
<13>Jan 13 07:06:49 EUNLVEDC01 AgentDevice=WindowsLog	AgentLogFile=Security	PluginVersion=1.0.14	Source=Security	Computer=EUNLVEDC01	User=SYSTEM	Domain=NT AUTHORITY	EventID=644	EventIDCode=644	EventType=8	EventCategory=7	RecordNumber=2554672727	TimeGenerated=1389593207	TimeWritten=1389593207	Message=User Account Locked Out:   Target Account Name: Lenie-Huisman   Target Account ID: EUROPE\Lenie-Huisman   Caller Machine Name: NLHEPC0025   Caller User Name: EUNLVEDC01$   Caller Domain: EUROPE   Caller Logon ID: (0x0,0x3E7)   
<13>Jan 13 01:06:02 USCHNABH01 AgentDevice=WindowsLog	AgentLogFile=Security	PluginVersion=1.0.14	Source=Security	Computer=USCHNABH01	User=ANONYMOUS LOGON	Domain=NT AUTHORITY	EventID=642	EventIDCode=642	EventType=8	EventCategory=7	RecordNumber=4250730970	TimeGenerated=1389593146	TimeWritten=1389593146	Message=User Account Changed:   Target Account Name: Aruna-M   Target Domain: NA   Target Account ID: NA\Aruna-M   Caller User Name: USCHNABH01$   Caller Domain: NA   Caller Logon ID: (0x0,0x3E7)   Privileges: -  Changed Attributes:   Sam Account Name: -   Display Name: -   User Principal Name: -   Home Directory: -   Home Drive: -   Script Path: -   Profile Path: -   User Workstations: -   Password Last Set: 1/13/2014 1:01:34 AM   Account Expires: -   Primary Group ID: -   AllowedToDelegateTo: -   Old UAC Value: -   New UAC Value: -   User Account Control: -   User Parameters: -   Sid History: -   Logon Hours: -   
<13>Jan 13 01:03:51 USCHNAHUB02 AgentDevice=WindowsLog	AgentLogFile=Security	PluginVersion=1.0.14	Source=Security	Computer=USCHNAHUB02	User=SYSTEM	Domain=NT AUTHORITY	EventID=644	EventIDCode=644	EventType=8	EventCategory=7	RecordNumber=3023272618	TimeGenerated=1389584894	TimeWritten=1389584894	Message=User Account Locked Out:   Target Account Name: Tom-Judson   Target Account ID: NA\Tom-Judson   Caller Machine Name: W8941DEH5PE-2.local   Caller User Name: USCHNAHUB02$   Caller Domain: NA   Caller Logon ID: (0x0,0x3E7)   
<13>Jan 13 01:03:39 USHQNADC01 AgentDevice=WindowsLog	AgentLogFile=Security	PluginVersion=1.0.14	Source=Security	Computer=USHQNADC01	User=SYSTEM	Domain=NT AUTHORITY	EventID=644	EventIDCode=644	EventType=8	EventCategory=7	RecordNumber=241295688	TimeGenerated=1389593017	TimeWritten=1389593017	Message=User Account Locked Out:   Target Account Name: JCBmgr   Target Account ID: NA\JCBmgr   Caller Machine Name: \\10.63.125.95   Caller User Name: USHQNADC01$   Caller Domain: NA   Caller Logon ID: (0x0,0x3E7)   
<13>Jan 13 07:02:34 EUNLVEDC02 AgentDevice=WindowsLog	AgentLogFile=Security	PluginVersion=1.0.14	Source=Security	Computer=EUNLVEDC02	User=Lenie-Huisman	Domain=EUROPE	EventID=642	EventIDCode=642	EventType=8	EventCategory=7	RecordNumber=1829432822	TimeGenerated=1389592951	TimeWritten=1389592951	Message=User Account Changed:   Target Account Name: Lenie-Huisman   Target Domain: EUROPE   Target Account ID: EUROPE\Lenie-Huisman   Caller User Name: Lenie-Huisman   Caller Domain: EUROPE   Caller Logon ID: (0x0,0x2D87F4F4)   Privileges: -  Changed Attributes:   Sam Account Name: -   Display Name: -   User Principal Name: -   Home Directory: -   Home Drive: -   Script Path: -   Profile Path: -   User Workstations: -   Password Last Set: 1/13/2014 7:02:31 AM   Account Expires: -   Primary Group ID: -   AllowedToDelegateTo: -   Old UAC Value: -   New UAC Value: -   User Account Control: -   User Parameters: -   Sid History: -   Logon Hours: -   
<13>Jan 13 07:02:34 EUNLVEDC01 AgentDevice=WindowsLog	AgentLogFile=Security	PluginVersion=1.0.14	Source=Security	Computer=EUNLVEDC01	User=ANONYMOUS LOGON	Domain=NT AUTHORITY	EventID=642	EventIDCode=642	EventType=8	EventCategory=7	RecordNumber=2554668770	TimeGenerated=1389592951	TimeWritten=1389592951	Message=User Account Changed:   Target Account Name: Lenie-Huisman   Target Domain: EUROPE   Target Account ID: EUROPE\Lenie-Huisman   Caller User Name: EUNLVEDC01$   Caller Domain: EUROPE   Caller Logon ID: (0x0,0x3E7)   Privileges: -  Changed Attributes:   Sam Account Name: -   Display Name: -   User Principal Name: -   Home Directory: -   Home Drive: -   Script Path: -   Profile Path: -   User Workstations: -   Password Last Set: 1/13/2014 7:02:31 AM   Account Expires: -   Primary Group ID: -   AllowedToDelegateTo: -   Old UAC Value: -   New UAC Value: -   User Account Control: -   User Parameters: -   Sid History: -   Logon Hours: -   
<13>Jan 13 07:02:28 EUNLVEDC01 AgentDevice=WindowsLog	AgentLogFile=Security	PluginVersion=1.0.14	Source=Security	Computer=EUNLVEDC01	User=ANONYMOUS LOGON	Domain=NT AUTHORITY	EventID=642	EventIDCode=642	EventType=8	EventCategory=7	RecordNumber=2554668672	TimeGenerated=1389592945	TimeWritten=1389592945	Message=User Account Changed:   Target Account Name: Reida-Jokubauskaite   Target Domain: EUROPE   Target Account ID: EUROPE\Reida-Jokubauskaite   Caller User Name: EUNLVEDC01$   Caller Domain: EUROPE   Caller Logon ID: (0x0,0x3E7)   Privileges: -  Changed Attributes:   Sam Account Name: -   Display Name: -   User Principal Name: -   Home Directory: -   Home Drive: -   Script Path: -   Profile Path: -   User Workstations: -   Password Last Set: 1/13/2014 7:02:25 AM   Account Expires: -   Primary Group ID: -   AllowedToDelegateTo: -   Old UAC Value: -   New UAC Value: -   User Account Control: -   User Parameters: -   Sid History: -   Logon Hours: -   
<13>Jan 13 07:01:11 EUNLVEDC01 AgentDevice=WindowsLog	AgentLogFile=Security	PluginVersion=1.0.14	Source=Security	Computer=EUNLVEDC01	User=ANONYMOUS LOGON	Domain=NT AUTHORITY	EventID=642	EventIDCode=642	EventType=8	EventCategory=7	RecordNumber=2554667361	TimeGenerated=1389592867	TimeWritten=1389592867	Message=User Account Changed:   Target Account Name: Stuart-Crowther   Target Domain: EUROPE   Target Account ID: EUROPE\Stuart-Crowther   Caller User Name: EUNLVEDC01$   Caller Domain: EUROPE   Caller Logon ID: (0x0,0x3E7)   Privileges: -  Changed Attributes:   Sam Account Name: -   Display Name: -   User Principal Name: -   Home Directory: -   Home Drive: -   Script Path: -   Profile Path: -   User Workstations: -   Password Last Set: 1/13/2014 7:01:07 AM   Account Expires: -   Primary Group ID: -   AllowedToDelegateTo: -   Old UAC Value: -   New UAC Value: -   User Account Control: -   User Parameters: -   Sid History: -   Logon Hours: -   
<13>Jan 13 01:00:43 USCHNABH01 AgentDevice=WindowsLog	AgentLogFile=Security	PluginVersion=1.0.14	Source=Security	Computer=USCHNABH01	User=ANONYMOUS LOGON	Domain=NT AUTHORITY	EventID=642	EventIDCode=642	EventType=8	EventCategory=7	RecordNumber=4250729852	TimeGenerated=1389592838	TimeWritten=1389592838	Message=User Account Changed:   Target Account Name: Harini-L   Target Domain: NA   Target Account ID: NA\Harini-L   Caller User Name: USCHNABH01$   Caller Domain: NA   Caller Logon ID: (0x0,0x3E7)   Privileges: -  Changed Attributes:   Sam Account Name: -   Display Name: -   User Principal Name: -   Home Directory: -   Home Drive: -   Script Path: -   Profile Path: -   User Workstations: -   Password Last Set: 1/13/2014 1:00:38 AM   Account Expires: -   Primary Group ID: -   AllowedToDelegateTo: -   Old UAC Value: -   New UAC Value: -   User Account Control: -   User Parameters: -   Sid History: -   Logon Hours: -   
<13>Jan 13 07:00:27 EUNLVEDC01 AgentDevice=WindowsLog	AgentLogFile=Security	PluginVersion=1.0.14	Source=Security	Computer=EUNLVEDC01	User=ANONYMOUS LOGON	Domain=NT AUTHORITY	EventID=642	EventIDCode=642	EventType=8	EventCategory=7	RecordNumber=2554666819	TimeGenerated=1389592823	TimeWritten=1389592823	Message=User Account Changed:   Target Account Name: Stephen-Atkinson   Target Domain: EUROPE   Target Account ID: EUROPE\Stephen-Atkinson   Caller User Name: EUNLVEDC01$   Caller Domain: EUROPE   Caller Logon ID: (0x0,0x3E7)   Privileges: -  Changed Attributes:   Sam Account Name: -   Display Name: -   User Principal Name: -   Home Directory: -   Home Drive: -   Script Path: -   Profile Path: -   User Workstations: -   Password Last Set: 1/13/2014 7:00:23 AM   Account Expires: -   Primary Group ID: -   AllowedToDelegateTo: -   Old UAC Value: -   New UAC Value: -   User Account Control: -   User Parameters: -   Sid History: -   Logon Hours: -   
<13>Jan 13 01:00:11 SANDWEDGE AgentDevice=WindowsLog	AgentLogFile=Security	PluginVersion=1.0.14	Source=Security	Computer=SANDWEDGE	User=SYSTEM	Domain=NT AUTHORITY	EventID=642	EventIDCode=642	EventType=8	EventCategory=7	RecordNumber=55174882	TimeGenerated=1389592808	TimeWritten=1389592808	Message=User Account Changed:   Account Locked.     Target Account Name: John-Jacobs   Target Domain: SANDWEDGE   Target Account ID: SANDWEDGE\John-Jacobs   Caller User Name: SANDWEDGE$   Caller Domain: 4SURE   Caller Logon ID: (0x0,0x3E7)   Privileges: -   
<13>Jan 13 01:00:11 SANDWEDGE AgentDevice=WindowsLog	AgentLogFile=Security	PluginVersion=1.0.14	Source=Security	Computer=SANDWEDGE	User=SYSTEM	Domain=NT AUTHORITY	EventID=644	EventIDCode=644	EventType=8	EventCategory=7	RecordNumber=55174881	TimeGenerated=1389592808	TimeWritten=1389592808	Message=User Account Locked Out:   Target Account Name: John-Jacobs   Target Account ID: SANDWEDGE\John-Jacobs   Caller Machine Name: S4SNC-DW   Caller User Name: SANDWEDGE$   Caller Domain: 4SURE   Caller Logon ID: (0x0,0x3E7)   
<13>Jan 13 00:59:35 USCHNAHUB02 AgentDevice=WindowsLog	AgentLogFile=Security	PluginVersion=1.0.14	Source=Security	Computer=USCHNAHUB02	User=ANONYMOUS LOGON	Domain=NT AUTHORITY	EventID=642	EventIDCode=642	EventType=8	EventCategory=7	RecordNumber=3023260307	TimeGenerated=1389584296	TimeWritten=1389584296	Message=User Account Changed:   Target Account Name: Jens-Ophof   Target Domain: NA   Target Account ID: NA\Jens-Ophof   Caller User Name: USCHNAHUB02$   Caller Domain: NA   Caller Logon ID: (0x0,0x3E7)   Privileges: -  Changed Attributes:   Sam Account Name: -   Display Name: -   User Principal Name: -   Home Directory: -   Home Drive: -   Script Path: -   Profile Path: -   User Workstations: -   Password Last Set: 1/12/2014 10:38:16 PM   Account Expires: -   Primary Group ID: -   AllowedToDelegateTo: -   Old UAC Value: -   New UAC Value: -   User Account Control: -   User Parameters: -   Sid History: -   Logon Hours: -   
<13>Jan 13 00:59:10 USCHNAHUB02 AgentDevice=WindowsLog	AgentLogFile=Security	PluginVersion=1.0.14	Source=Security	Computer=USCHNAHUB02	User=SYSTEM	Domain=NT AUTHORITY	EventID=644	EventIDCode=644	EventType=8	EventCategory=7	RecordNumber=3023259180	TimeGenerated=1389584249	TimeWritten=1389584249	Message=User Account Locked Out:   Target Account Name: Song-Wei   Target Account ID: NA\Song-Wei   Caller Machine Name: ERICWEI-PC   Caller User Name: USCHNAHUB02$   Caller Domain: NA   Caller Logon ID: (0x0,0x3E7)   
<13>Jan 13 06:58:01 EUNLVEDC01 AgentDevice=WindowsLog	AgentLogFile=Security	PluginVersion=1.0.14	Source=Security	Computer=EUNLVEDC01	User=ANONYMOUS LOGON	Domain=NT AUTHORITY	EventID=642	EventIDCode=642	EventType=8	EventCategory=7	RecordNumber=2554664990	TimeGenerated=1389592677	TimeWritten=1389592677	Message=User Account Changed:   Target Account Name: Savina-Ledig   Target Domain: EUROPE   Target Account ID: EUROPE\Savina-Ledig   Caller User Name: EUNLVEDC01$   Caller Domain: EUROPE   Caller Logon ID: (0x0,0x3E7)   Privileges: -  Changed Attributes:   Sam Account Name: -   Display Name: -   User Principal Name: -   Home Directory: -   Home Drive: -   Script Path: -   Profile Path: -   User Workstations: -   Password Last Set: 1/13/2014 6:57:57 AM   Account Expires: -   Primary Group ID: -   AllowedToDelegateTo: -   Old UAC Value: -   New UAC Value: -   User Account Control: -   User Parameters: -   Sid History: -   Logon Hours: -   
<13>Jan 13 06:36:00 EUNLVEDC01 AgentDevice=WindowsLog	AgentLogFile=Security	PluginVersion=1.0.14	Source=Security	Computer=EUNLVEDC01	User=ANONYMOUS LOGON	Domain=NT AUTHORITY	EventID=642	EventIDCode=642	EventType=8	EventCategory=7	RecordNumber=2554650481	TimeGenerated=1389591358	TimeWritten=1389591358	Message=User Account Changed:   Target Account Name: Daniel-Cauquis   Target Domain: EUROPE   Target Account ID: EUROPE\Daniel-Cauquis   Caller User Name: EUNLVEDC01$   Caller Domain: EUROPE   Caller Logon ID: (0x0,0x3E7)   Privileges: -  Changed Attributes:   Sam Account Name: -   Display Name: -   User Principal Name: -   Home Directory: -   Home Drive: -   Script Path: -   Profile Path: -   User Workstations: -   Password Last Set: 1/13/2014 6:35:57 AM   Account Expires: -   Primary Group ID: -   AllowedToDelegateTo: -   Old UAC Value: -   New UAC Value: -   User Account Control: -   User Parameters: -   Sid History: -   Logon Hours: -   
<13>Jan 13 00:33:01 USHQNADC01 AgentDevice=WindowsLog	AgentLogFile=Security	PluginVersion=1.0.14	Source=Security	Computer=USHQNADC01	User=SYSTEM	Domain=NT AUTHORITY	EventID=644	EventIDCode=644	EventType=8	EventCategory=7	RecordNumber=241284291	TimeGenerated=1389591178	TimeWritten=1389591178	Message=User Account Locked Out:   Target Account Name: JCBmgr   Target Account ID: NA\JCBmgr   Caller Machine Name: \\10.63.125.95   Caller User Name: USHQNADC01$   Caller Domain: NA   Caller Logon ID: (0x0,0x3E7)   
<13>Jan 13 00:30:50 USCHPOSDC01 AgentDevice=WindowsLog	AgentLogFile=Security	PluginVersion=1.0.14	Source=Security	Computer=USCHPOSDC01	User=SVC-ADIMPORT	Domain=POS	EventID=642	EventIDCode=642	EventType=8	EventCategory=7	RecordNumber=2545766790	TimeGenerated=1389591047	TimeWritten=1389591047	Message=User Account Changed:   Target Account Name: 656003   Target Domain: POS   Target Account ID: POS\656003   Caller User Name: SVC-ADIMPORT   Caller Domain: POS   Caller Logon ID: (0x0,0x4A68DF28)   Privileges: -  Changed Attributes:   Sam Account Name: -   Display Name: -   User Principal Name: -   Home Directory: -   Home Drive: -   Script Path: -   Profile Path: -   User Workstations: -   Password Last Set: -   Account Expires: -   Primary Group ID: -   AllowedToDelegateTo: -   Old UAC Value: 0x10   New UAC Value: 0x11   User Account Control:    Account Disabled    User Parameters: -   Sid History: -   Logon Hours: -   
<13>Jan 13 00:30:50 USCHPOSDC01 AgentDevice=WindowsLog	AgentLogFile=Security	PluginVersion=1.0.14	Source=Security	Computer=USCHPOSDC01	User=SVC-ADIMPORT	Domain=POS	EventID=629	EventIDCode=629	EventType=8	EventCategory=7	RecordNumber=2545766791	TimeGenerated=1389591047	TimeWritten=1389591047	Message=User Account Disabled:   Target Account Name: 656003   Target Domain: POS   Target Account ID: POS\656003   Caller User Name: SVC-ADIMPORT   Caller Domain: POS   Caller Logon ID: (0x0,0x4A68DF28)   
<13>Jan 13 00:30:50 USCHPOSDC01 AgentDevice=WindowsLog	AgentLogFile=Security	PluginVersion=1.0.14	Source=Security	Computer=USCHPOSDC01	User=SVC-ADIMPORT	Domain=POS	EventID=642	EventIDCode=642	EventType=8	EventCategory=7	RecordNumber=2545766786	TimeGenerated=1389591047	TimeWritten=1389591047	Message=User Account Changed:   Target Account Name: 654538   Target Domain: POS   Target Account ID: POS\654538   Caller User Name: SVC-ADIMPORT   Caller Domain: POS   Caller Logon ID: (0x0,0x4A68DF28)   Privileges: -  Changed Attributes:   Sam Account Name: -   Display Name: -   User Principal Name: -   Home Directory: -   Home Drive: -   Script Path: -   Profile Path: -   User Workstations: -   Password Last Set: -   Account Expires: -   Primary Group ID: -   AllowedToDelegateTo: -   Old UAC Value: 0x10   New UAC Value: 0x11   User Account Control:    Account Disabled    User Parameters: -   Sid History: -   Logon Hours: -   
<13>Jan 13 00:30:50 USCHPOSDC01 AgentDevice=WindowsLog	AgentLogFile=Security	PluginVersion=1.0.14	Source=Security	Computer=USCHPOSDC01	User=SVC-ADIMPORT	Domain=POS	EventID=629	EventIDCode=629	EventType=8	EventCategory=7	RecordNumber=2545766787	TimeGenerated=1389591047	TimeWritten=1389591047	Message=User Account Disabled:   Target Account Name: 654538   Target Domain: POS   Target Account ID: POS\654538   Caller User Name: SVC-ADIMPORT   Caller Domain: POS   Caller Logon ID: (0x0,0x4A68DF28)   
<13>Jan 13 00:30:50 USCHPOSDC01 AgentDevice=WindowsLog	AgentLogFile=Security	PluginVersion=1.0.14	Source=Security	Computer=USCHPOSDC01	User=SVC-ADIMPORT	Domain=POS	EventID=629	EventIDCode=629	EventType=8	EventCategory=7	RecordNumber=2545766783	TimeGenerated=1389591047	TimeWritten=1389591047	Message=User Account Disabled:   Target Account Name: 654380   Target Domain: POS   Target Account ID: POS\654380   Caller User Name: SVC-ADIMPORT   Caller Domain: POS   Caller Logon ID: (0x0,0x4A68DF28)   
<13>Jan 13 00:30:50 USCHPOSDC01 AgentDevice=WindowsLog	AgentLogFile=Security	PluginVersion=1.0.14	Source=Security	Computer=USCHPOSDC01	User=SVC-ADIMPORT	Domain=POS	EventID=642	EventIDCode=642	EventType=8	EventCategory=7	RecordNumber=2545766782	TimeGenerated=1389591047	TimeWritten=1389591047	Message=User Account Changed:   Target Account Name: 654380   Target Domain: POS   Target Account ID: POS\654380   Caller User Name: SVC-ADIMPORT   Caller Domain: POS   Caller Logon ID: (0x0,0x4A68DF28)   Privileges: -  Changed Attributes:   Sam Account Name: -   Display Name: -   User Principal Name: -   Home Directory: -   Home Drive: -   Script Path: -   Profile Path: -   User Workstations: -   Password Last Set: -   Account Expires: -   Primary Group ID: -   AllowedToDelegateTo: -   Old UAC Value: 0x10   New UAC Value: 0x11   User Account Control:    Account Disabled    User Parameters: -   Sid History: -   Logon Hours: -   
<13>Jan 13 00:30:50 USCHPOSDC01 AgentDevice=WindowsLog	AgentLogFile=Security	PluginVersion=1.0.14	Source=Security	Computer=USCHPOSDC01	User=SVC-ADIMPORT	Domain=POS	EventID=629	EventIDCode=629	EventType=8	EventCategory=7	RecordNumber=2545766779	TimeGenerated=1389591046	TimeWritten=1389591046	Message=User Account Disabled:   Target Account Name: 652989   Target Domain: POS   Target Account ID: POS\652989   Caller User Name: SVC-ADIMPORT   Caller Domain: POS   Caller Logon ID: (0x0,0x4A68DF28)   
<13>Jan 13 00:30:50 USCHPOSDC01 AgentDevice=WindowsLog	AgentLogFile=Security	PluginVersion=1.0.14	Source=Security	Computer=USCHPOSDC01	User=SVC-ADIMPORT	Domain=POS	EventID=642	EventIDCode=642	EventType=8	EventCategory=7	RecordNumber=2545766778	TimeGenerated=1389591046	TimeWritten=1389591046	Message=User Account Changed:   Target Account Name: 652989   Target Domain: POS   Target Account ID: POS\652989   Caller User Name: SVC-ADIMPORT   Caller Domain: POS   Caller Logon ID: (0x0,0x4A68DF28)   Privileges: -  Changed Attributes:   Sam Account Name: -   Display Name: -   User Principal Name: -   Home Directory: -   Home Drive: -   Script Path: -   Profile Path: -   User Workstations: -   Password Last Set: -   Account Expires: -   Primary Group ID: -   AllowedToDelegateTo: -   Old UAC Value: 0x10   New UAC Value: 0x11   User Account Control:    Account Disabled    User Parameters: -   Sid History: -   Logon Hours: -   
<13>Jan 13 00:30:48 USCHPOSDC01 AgentDevice=WindowsLog	AgentLogFile=Security	PluginVersion=1.0.14	Source=Security	Computer=USCHPOSDC01	User=SVC-ADIMPORT	Domain=POS	EventID=642	EventIDCode=642	EventType=8	EventCategory=7	RecordNumber=2545766774	TimeGenerated=1389591046	TimeWritten=1389591046	Message=User Account Changed:   Target Account Name: 651748   Target Domain: POS   Target Account ID: POS\651748   Caller User Name: SVC-ADIMPORT   Caller Domain: POS   Caller Logon ID: (0x0,0x4A68DF28)   Privileges: -  Changed Attributes:   Sam Account Name: -   Display Name: -   User Principal Name: -   Home Directory: -   Home Drive: -   Script Path: -   Profile Path: -   User Workstations: -   Password Last Set: -   Account Expires: -   Primary Group ID: -   AllowedToDelegateTo: -   Old UAC Value: 0x10   New UAC Value: 0x11   User Account Control:    Account Disabled    User Parameters: -   Sid History: -   Logon Hours: -   
<13>Jan 13 00:30:48 USCHPOSDC01 AgentDevice=WindowsLog	AgentLogFile=Security	PluginVersion=1.0.14	Source=Security	Computer=USCHPOSDC01	User=SVC-ADIMPORT	Domain=POS	EventID=629	EventIDCode=629	EventType=8	EventCategory=7	RecordNumber=2545766775	TimeGenerated=1389591046	TimeWritten=1389591046	Message=User Account Disabled:   Target Account Name: 651748   Target Domain: POS   Target Account ID: POS\651748   Caller User Name: SVC-ADIMPORT   Caller Domain: POS   Caller Logon ID: (0x0,0x4A68DF28)   
<13>Jan 13 00:30:48 USCHPOSDC01 AgentDevice=WindowsLog	AgentLogFile=Security	PluginVersion=1.0.14	Source=Security	Computer=USCHPOSDC01	User=SVC-ADIMPORT	Domain=POS	EventID=629	EventIDCode=629	EventType=8	EventCategory=7	RecordNumber=2545766771	TimeGenerated=1389591046	TimeWritten=1389591046	Message=User Account Disabled:   Target Account Name: 650665   Target Domain: POS   Target Account ID: POS\650665   Caller User Name: SVC-ADIMPORT   Caller Domain: POS   Caller Logon ID: (0x0,0x4A68DF28)   
<13>Jan 13 00:30:48 USCHPOSDC01 AgentDevice=WindowsLog	AgentLogFile=Security	PluginVersion=1.0.14	Source=Security	Computer=USCHPOSDC01	User=SVC-ADIMPORT	Domain=POS	EventID=642	EventIDCode=642	EventType=8	EventCategory=7	RecordNumber=2545766770	TimeGenerated=1389591046	TimeWritten=1389591046	Message=User Account Changed:   Target Account Name: 650665   Target Domain: POS   Target Account ID: POS\650665   Caller User Name: SVC-ADIMPORT   Caller Domain: POS   Caller Logon ID: (0x0,0x4A68DF28)   Privileges: -  Changed Attributes:   Sam Account Name: -   Display Name: -   User Principal Name: -   Home Directory: -   Home Drive: -   Script Path: -   Profile Path: -   User Workstations: -   Password Last Set: -   Account Expires: -   Primary Group ID: -   AllowedToDelegateTo: -   Old UAC Value: 0x10   New UAC Value: 0x11   User Account Control:    Account Disabled    User Parameters: -   Sid History: -   Logon Hours: -   
<13>Jan 13 00:30:48 USCHPOSDC01 AgentDevice=WindowsLog	AgentLogFile=Security	PluginVersion=1.0.14	Source=Security	Computer=USCHPOSDC01	User=SVC-ADIMPORT	Domain=POS	EventID=629	EventIDCode=629	EventType=8	EventCategory=7	RecordNumber=2545766767	TimeGenerated=1389591046	TimeWritten=1389591046	Message=User Account Disabled:   Target Account Name: 649262   Target Domain: POS   Target Account ID: POS\649262   Caller User Name: SVC-ADIMPORT   Caller Domain: POS   Caller Logon ID: (0x0,0x4A68DF28)   
<13>Jan 13 00:30:48 USCHPOSDC01 AgentDevice=WindowsLog	AgentLogFile=Security	PluginVersion=1.0.14	Source=Security	Computer=USCHPOSDC01	User=SVC-ADIMPORT	Domain=POS	EventID=642	EventIDCode=642	EventType=8	EventCategory=7	RecordNumber=2545766766	TimeGenerated=1389591046	TimeWritten=1389591046	Message=User Account Changed:   Target Account Name: 649262   Target Domain: POS   Target Account ID: POS\649262   Caller User Name: SVC-ADIMPORT   Caller Domain: POS   Caller Logon ID: (0x0,0x4A68DF28)   Privileges: -  Changed Attributes:   Sam Account Name: -   Display Name: -   User Principal Name: -   Home Directory: -   Home Drive: -   Script Path: -   Profile Path: -   User Workstations: -   Password Last Set: -   Account Expires: -   Primary Group ID: -   AllowedToDelegateTo: -   Old UAC Value: 0x10   New UAC Value: 0x11   User Account Control:    Account Disabled    User Parameters: -   Sid History: -   Logon Hours: -   
<13>Jan 13 00:30:48 USCHPOSDC01 AgentDevice=WindowsLog	AgentLogFile=Security	PluginVersion=1.0.14	Source=Security	Computer=USCHPOSDC01	User=SVC-ADIMPORT	Domain=POS	EventID=629	EventIDCode=629	EventType=8	EventCategory=7	RecordNumber=2545766763	TimeGenerated=1389591046	TimeWritten=1389591046	Message=User Account Disabled:   Target Account Name: 647790   Target Domain: POS   Target Account ID: POS\647790   Caller User Name: SVC-ADIMPORT   Caller Domain: POS   Caller Logon ID: (0x0,0x4A68DF28)   
<13>Jan 13 00:30:48 USCHPOSDC01 AgentDevice=WindowsLog	AgentLogFile=Security	PluginVersion=1.0.14	Source=Security	Computer=USCHPOSDC01	User=SVC-ADIMPORT	Domain=POS	EventID=642	EventIDCode=642	EventType=8	EventCategory=7	RecordNumber=2545766762	TimeGenerated=1389591046	TimeWritten=1389591046	Message=User Account Changed:   Target Account Name: 647790   Target Domain: POS   Target Account ID: POS\647790   Caller User Name: SVC-ADIMPORT   Caller Domain: POS   Caller Logon ID: (0x0,0x4A68DF28)   Privileges: -  Changed Attributes:   Sam Account Name: -   Display Name: -   User Principal Name: -   Home Directory: -   Home Drive: -   Script Path: -   Profile Path: -   User Workstations: -   Password Last Set: -   Account Expires: -   Primary Group ID: -   AllowedToDelegateTo: -   Old UAC Value: 0x10   New UAC Value: 0x11   User Account Control:    Account Disabled    User Parameters: -   Sid History: -   Logon Hours: -   
<13>Jan 13 00:30:48 USCHPOSDC01 AgentDevice=WindowsLog	AgentLogFile=Security	PluginVersion=1.0.14	Source=Security	Computer=USCHPOSDC01	User=SVC-ADIMPORT	Domain=POS	EventID=629	EventIDCode=629	EventType=8	EventCategory=7	RecordNumber=2545766759	TimeGenerated=1389591045	TimeWritten=1389591045	Message=User Account Disabled:   Target Account Name: 646245   Target Domain: POS   Target Account ID: POS\646245   Caller User Name: SVC-ADIMPORT   Caller Domain: POS   Caller Logon ID: (0x0,0x4A68DF28)   
<13>Jan 13 00:30:48 USCHPOSDC01 AgentDevice=WindowsLog	AgentLogFile=Security	PluginVersion=1.0.14	Source=Security	Computer=USCHPOSDC01	User=SVC-ADIMPORT	Domain=POS	EventID=642	EventIDCode=642	EventType=8	EventCategory=7	RecordNumber=2545766758	TimeGenerated=1389591045	TimeWritten=1389591045	Message=User Account Changed:   Target Account Name: 646245   Target Domain: POS   Target Account ID: POS\646245   Caller User Name: SVC-ADIMPORT   Caller Domain: POS   Caller Logon ID: (0x0,0x4A68DF28)   Privileges: -  Changed Attributes:   Sam Account Name: -   Display Name: -   User Principal Name: -   Home Directory: -   Home Drive: -   Script Path: -   Profile Path: -   User Workstations: -   Password Last Set: -   Account Expires: -   Primary Group ID: -   AllowedToDelegateTo: -   Old UAC Value: 0x10   New UAC Value: 0x11   User Account Control:    Account Disabled    User Parameters: -   Sid History: -   Logon Hours: -   
<13>Jan 13 00:30:48 USCHPOSDC01 AgentDevice=WindowsLog	AgentLogFile=Security	PluginVersion=1.0.14	Source=Security	Computer=USCHPOSDC01	User=SVC-ADIMPORT	Domain=POS	EventID=629	EventIDCode=629	EventType=8	EventCategory=7	RecordNumber=2545766754	TimeGenerated=1389591045	TimeWritten=1389591045	Message=User Account Disabled:   Target Account Name: 646243   Target Domain: POS   Target Account ID: POS\646243   Caller User Name: SVC-ADIMPORT   Caller Domain: POS   Caller Logon ID: (0x0,0x4A68DF28)   
<13>Jan 13 00:30:48 USCHPOSDC01 AgentDevice=WindowsLog	AgentLogFile=Security	PluginVersion=1.0.14	Source=Security	Computer=USCHPOSDC01	User=SVC-ADIMPORT	Domain=POS	EventID=642	EventIDCode=642	EventType=8	EventCategory=7	RecordNumber=2545766753	TimeGenerated=1389591045	TimeWritten=1389591045	Message=User Account Changed:   Target Account Name: 646243   Target Domain: POS   Target Account ID: POS\646243   Caller User Name: SVC-ADIMPORT   Caller Domain: POS   Caller Logon ID: (0x0,0x4A68DF28)   Privileges: -  Changed Attributes:   Sam Account Name: -   Display Name: -   User Principal Name: -   Home Directory: -   Home Drive: -   Script Path: -   Profile Path: -   User Workstations: -   Password Last Set: -   Account Expires: -   Primary Group ID: -   AllowedToDelegateTo: -   Old UAC Value: 0x10   New UAC Value: 0x11   User Account Control:    Account Disabled    User Parameters: -   Sid History: -   Logon Hours: -   
<13>Jan 13 00:30:48 USCHPOSDC01 AgentDevice=WindowsLog	AgentLogFile=Security	PluginVersion=1.0.14	Source=Security	Computer=USCHPOSDC01	User=SVC-ADIMPORT	Domain=POS	EventID=629	EventIDCode=629	EventType=8	EventCategory=7	RecordNumber=2545766750	TimeGenerated=1389591045	TimeWritten=1389591045	Message=User Account Disabled:   Target Account Name: 644593   Target Domain: POS   Target Account ID: POS\644593   Caller User Name: SVC-ADIMPORT   Caller Domain: POS   Caller Logon ID: (0x0,0x4A68DF28)   
<13>Jan 13 00:30:48 USCHPOSDC01 AgentDevice=WindowsLog	AgentLogFile=Security	PluginVersion=1.0.14	Source=Security	Computer=USCHPOSDC01	User=SVC-ADIMPORT	Domain=POS	EventID=642	EventIDCode=642	EventType=8	EventCategory=7	RecordNumber=2545766749	TimeGenerated=1389591045	TimeWritten=1389591045	Message=User Account Changed:   Target Account Name: 644593   Target Domain: POS   Target Account ID: POS\644593   Caller User Name: SVC-ADIMPORT   Caller Domain: POS   Caller Logon ID: (0x0,0x4A68DF28)   Privileges: -  Changed Attributes:   Sam Account Name: -   Display Name: -   User Principal Name: -   Home Directory: -   Home Drive: -   Script Path: -   Profile Path: -   User Workstations: -   Password Last Set: -   Account Expires: -   Primary Group ID: -   AllowedToDelegateTo: -   Old UAC Value: 0x10   New UAC Value: 0x11   User Account Control:    Account Disabled    User Parameters: -   Sid History: -   Logon Hours: -   
<13>Jan 13 00:30:48 USCHPOSDC01 AgentDevice=WindowsLog	AgentLogFile=Security	PluginVersion=1.0.14	Source=Security	Computer=USCHPOSDC01	User=SVC-ADIMPORT	Domain=POS	EventID=629	EventIDCode=629	EventType=8	EventCategory=7	RecordNumber=2545766746	TimeGenerated=1389591045	TimeWritten=1389591045	Message=User Account Disabled:   Target Account Name: 637158   Target Domain: POS   Target Account ID: POS\637158   Caller User Name: SVC-ADIMPORT   Caller Domain: POS   Caller Logon ID: (0x0,0x4A68DF28)   
<13>Jan 13 00:30:48 USCHPOSDC01 AgentDevice=WindowsLog	AgentLogFile=Security	PluginVersion=1.0.14	Source=Security	Computer=USCHPOSDC01	User=SVC-ADIMPORT	Domain=POS	EventID=642	EventIDCode=642	EventType=8	EventCategory=7	RecordNumber=2545766745	TimeGenerated=1389591045	TimeWritten=1389591045	Message=User Account Changed:   Target Account Name: 637158   Target Domain: POS   Target Account ID: POS\637158   Caller User Name: SVC-ADIMPORT   Caller Domain: POS   Caller Logon ID: (0x0,0x4A68DF28)   Privileges: -  Changed Attributes:   Sam Account Name: -   Display Name: -   User Principal Name: -   Home Directory: -   Home Drive: -   Script Path: -   Profile Path: -   User Workstations: -   Password Last Set: -   Account Expires: -   Primary Group ID: -   AllowedToDelegateTo: -   Old UAC Value: 0x10   New UAC Value: 0x11   User Account Control:    Account Disabled    User Parameters: -   Sid History: -   Logon Hours: -   
<13>Jan 13 00:30:48 USCHPOSDC01 AgentDevice=WindowsLog	AgentLogFile=Security	PluginVersion=1.0.14	Source=Security	Computer=USCHPOSDC01	User=SVC-ADIMPORT	Domain=POS	EventID=629	EventIDCode=629	EventType=8	EventCategory=7	RecordNumber=2545766742	TimeGenerated=1389591044	TimeWritten=1389591044	Message=User Account Disabled:   Target Account Name: 637070   Target Domain: POS   Target Account ID: POS\637070   Caller User Name: SVC-ADIMPORT   Caller Domain: POS   Caller Logon ID: (0x0,0x4A68DF28)   
<13>Jan 13 00:30:48 USCHPOSDC01 AgentDevice=WindowsLog	AgentLogFile=Security	PluginVersion=1.0.14	Source=Security	Computer=USCHPOSDC01	User=SVC-ADIMPORT	Domain=POS	EventID=642	EventIDCode=642	EventType=8	EventCategory=7	RecordNumber=2545766741	TimeGenerated=1389591044	TimeWritten=1389591044	Message=User Account Changed:   Target Account Name: 637070   Target Domain: POS   Target Account ID: POS\637070   Caller User Name: SVC-ADIMPORT   Caller Domain: POS   Caller Logon ID: (0x0,0x4A68DF28)   Privileges: -  Changed Attributes:   Sam Account Name: -   Display Name: -   User Principal Name: -   Home Directory: -   Home Drive: -   Script Path: -   Profile Path: -   User Workstations: -   Password Last Set: -   Account Expires: -   Primary Group ID: -   AllowedToDelegateTo: -   Old UAC Value: 0x10   New UAC Value: 0x11   User Account Control:    Account Disabled    User Parameters: -   Sid History: -   Logon Hours: -   
<13>Jan 13 00:30:48 USCHPOSDC01 AgentDevice=WindowsLog	AgentLogFile=Security	PluginVersion=1.0.14	Source=Security	Computer=USCHPOSDC01	User=SVC-ADIMPORT	Domain=POS	EventID=629	EventIDCode=629	EventType=8	EventCategory=7	RecordNumber=2545766738	TimeGenerated=1389591044	TimeWritten=1389591044	Message=User Account Disabled:   Target Account Name: 633191   Target Domain: POS   Target Account ID: POS\633191   Caller User Name: SVC-ADIMPORT   Caller Domain: POS   Caller Logon ID: (0x0,0x4A68DF28)   
<13>Jan 13 00:30:48 USCHPOSDC01 AgentDevice=WindowsLog	AgentLogFile=Security	PluginVersion=1.0.14	Source=Security	Computer=USCHPOSDC01	User=SVC-ADIMPORT	Domain=POS	EventID=642	EventIDCode=642	EventType=8	EventCategory=7	RecordNumber=2545766737	TimeGenerated=1389591044	TimeWritten=1389591044	Message=User Account Changed:   Target Account Name: 633191   Target Domain: POS   Target Account ID: POS\633191   Caller User Name: SVC-ADIMPORT   Caller Domain: POS   Caller Logon ID: (0x0,0x4A68DF28)   Privileges: -  Changed Attributes:   Sam Account Name: -   Display Name: -   User Principal Name: -   Home Directory: -   Home Drive: -   Script Path: -   Profile Path: -   User Workstations: -   Password Last Set: -   Account Expires: -   Primary Group ID: -   AllowedToDelegateTo: -   Old UAC Value: 0x10   New UAC Value: 0x11   User Account Control:    Account Disabled    User Parameters: -   Sid History: -   Logon Hours: -   
