<13>Jan 13 08:16:54 USCHNABH02 AgentDevice=WindowsLog	AgentLogFile=Security	PluginVersion=1.0.14	Source=Security	Computer=USCHNABH02	User=Klaas-Prins	Domain=NA	EventID=671	EventIDCode=671	EventType=8	EventCategory=7	RecordNumber=1402546257	TimeGenerated=1389619012	TimeWritten=1389619012	Message=User Account Unlocked:   Target Account Name: Diane-Demma   Target Domain:  NA   Target Account ID: NA\Diane-Demma   Caller User Name: Klaas-Prins   Caller Domain: NA   Caller Logon ID: (0x0,0x455BFE82)   
<13>Jan 13 08:16:40 USHQNADC02 AgentDevice=WindowsLog	AgentLogFile=Security	PluginVersion=1.0.14	Source=Security	Computer=USHQNADC02	User=Klaas-Prins	Domain=NA	EventID=671	EventIDCode=671	EventType=8	EventCategory=7	RecordNumber=4073024277	TimeGenerated=1389618997	TimeWritten=1389618997	Message=User Account Unlocked:   Target Account Name: Diane-Demma   Target Domain:  NA   Target Account ID: NA\Diane-Demma   Caller User Name: Klaas-Prins   Caller Domain: NA   Caller Logon ID: (0x0,0x2ABFAF08)   
<13>Jan 13 08:16:19 USCHNAHUB05 AgentDevice=WindowsLog	AgentLogFile=Security	PluginVersion=1.0.14	Source=Security	Computer=USCHNAHUB05	User=SVC-IDMAdmin	Domain=NA	EventID=671	EventIDCode=671	EventType=8	EventCategory=7	RecordNumber=615322294	TimeGenerated=1389618625	TimeWritten=1389618625	Message=User Account Unlocked:   Target Account Name: Maria-Sardinas   Target Domain:  NA   Target Account ID: NA\Maria-Sardinas   Caller User Name: SVC-IDMAdmin   Caller Domain: NA   Caller Logon ID: (0x0,0x1AC16C3E)   
<13>Jan 13 08:16:19 USCHNAHUB05 AgentDevice=WindowsLog	AgentLogFile=Security	PluginVersion=1.0.14	Source=Security	Computer=USCHNAHUB05	User=SVC-IDMAdmin	Domain=NA	EventID=642	EventIDCode=642	EventType=8	EventCategory=7	RecordNumber=615322234	TimeGenerated=1389618625	TimeWritten=1389618625	Message=User Account Changed:   Target Account Name: Maria-Sardinas   Target Domain: NA   Target Account ID: NA\Maria-Sardinas   Caller User Name: SVC-IDMAdmin   Caller Domain: NA   Caller Logon ID: (0x0,0x1AC16D64)   Privileges: -  Changed Attributes:   Sam Account Name: -   Display Name: -   User Principal Name: -   Home Directory: -   Home Drive: -   Script Path: -   Profile Path: -   User Workstations: -   Password Last Set: 1/13/2014 8:10:24 AM   Account Expires: -   Primary Group ID: -   AllowedToDelegateTo: -   Old UAC Value: -   New UAC Value: -   User Account Control: -   User Parameters: -   Sid History: -   Logon Hours: -   
<13>Jan 13 08:16:17 USCHPOSDC02 AgentDevice=WindowsLog	AgentLogFile=Security	PluginVersion=1.0.14	Source=Security	Computer=USCHPOSDC02	User=SVC-IDMAdmin	Domain=NA	EventID=671	EventIDCode=671	EventType=8	EventCategory=7	RecordNumber=574897443	TimeGenerated=1389618973	TimeWritten=1389618973	Message=User Account Unlocked:   Target Account Name: 507183   Target Domain:  POS   Target Account ID: POS\507183   Caller User Name: SVC-IDMAdmin   Caller Domain: NA   Caller Logon ID: (0x0,0x527F636D)   
<13>Jan 13 08:16:17 USCHPOSDC02 AgentDevice=WindowsLog	AgentLogFile=Security	PluginVersion=1.0.14	Source=Security	Computer=USCHPOSDC02	User=SVC-IDMAdmin	Domain=NA	EventID=642	EventIDCode=642	EventType=8	EventCategory=7	RecordNumber=574897438	TimeGenerated=1389618973	TimeWritten=1389618973	Message=User Account Changed:   Target Account Name: 507183   Target Domain: POS   Target Account ID: POS\507183   Caller User Name: SVC-IDMAdmin   Caller Domain: NA   Caller Logon ID: (0x0,0x527F63DA)   Privileges: -  Changed Attributes:   Sam Account Name: -   Display Name: -   User Principal Name: -   Home Directory: -   Home Drive: -   Script Path: -   Profile Path: -   User Workstations: -   Password Last Set: 1/13/2014 8:16:13 AM   Account Expires: -   Primary Group ID: -   AllowedToDelegateTo: -   Old UAC Value: -   New UAC Value: -   User Account Control: -   User Parameters: -   Sid History: -   Logon Hours: -   
<13>Jan 13 08:16:07 USCHPOSDC02 AgentDevice=WindowsLog	AgentLogFile=Security	PluginVersion=1.0.14	Source=Security	Computer=USCHPOSDC02	User=SVC-IDMAdmin	Domain=NA	EventID=671	EventIDCode=671	EventType=8	EventCategory=7	RecordNumber=574897317	TimeGenerated=1389618963	TimeWritten=1389618963	Message=User Account Unlocked:   Target Account Name: 611244   Target Domain:  POS   Target Account ID: POS\611244   Caller User Name: SVC-IDMAdmin   Caller Domain: NA   Caller Logon ID: (0x0,0x527F4AE9)   
<13>Jan 13 08:16:07 USCHPOSDC02 AgentDevice=WindowsLog	AgentLogFile=Security	PluginVersion=1.0.14	Source=Security	Computer=USCHPOSDC02	User=SVC-IDMAdmin	Domain=NA	EventID=642	EventIDCode=642	EventType=8	EventCategory=7	RecordNumber=574897309	TimeGenerated=1389618963	TimeWritten=1389618963	Message=User Account Changed:   Target Account Name: 611244   Target Domain: POS   Target Account ID: POS\611244   Caller User Name: SVC-IDMAdmin   Caller Domain: NA   Caller Logon ID: (0x0,0x527F4C20)   Privileges: -  Changed Attributes:   Sam Account Name: -   Display Name: -   User Principal Name: -   Home Directory: -   Home Drive: -   Script Path: -   Profile Path: -   User Workstations: -   Password Last Set: 1/13/2014 8:16:02 AM   Account Expires: -   Primary Group ID: -   AllowedToDelegateTo: -   Old UAC Value: -   New UAC Value: -   User Account Control: -   User Parameters: -   Sid History: -   Logon Hours: -   
<13>Jan 13 08:15:59 USCHNAHUB02 AgentDevice=WindowsLog	AgentLogFile=Security	PluginVersion=1.0.14	Source=Security	Computer=USCHNAHUB02	User=SYSTEM	Domain=NT AUTHORITY	EventID=644	EventIDCode=644	EventType=8	EventCategory=7	RecordNumber=3024361314	TimeGenerated=1389610844	TimeWritten=1389610844	Message=User Account Locked Out:   Target Account Name: 594632MGR   Target Account ID: NA\594632MGR   Caller Machine Name: S4SNC-DW   Caller User Name: USCHNAHUB02$   Caller Domain: NA   Caller Logon ID: (0x0,0x3E7)   
<13>Jan 13 08:15:48 USHQNADC02 AgentDevice=WindowsLog	AgentLogFile=Security	PluginVersion=1.0.14	Source=Security	Computer=USHQNADC02	User=ntwsadd	Domain=NA	EventID=626	EventIDCode=626	EventType=8	EventCategory=7	RecordNumber=4073023271	TimeGenerated=1389618944	TimeWritten=1389618944	Message=User Account Enabled:   Target Account Name: CNU3369T5P$   Target Domain: NA   Target Account ID: NA\CNU3369T5P$   Caller User Name: ntwsadd   Caller Domain: NA   Caller Logon ID: (0x0,0x2ABF55E0)   
<13>Jan 13 08:15:46 USHQNADC02 AgentDevice=WindowsLog	AgentLogFile=Security	PluginVersion=1.0.14	Source=Security	Computer=USHQNADC02	User=ntwsadd	Domain=NA	EventID=629	EventIDCode=629	EventType=8	EventCategory=7	RecordNumber=4073023264	TimeGenerated=1389618943	TimeWritten=1389618943	Message=User Account Disabled:   Target Account Name: CNU3369T5P$   Target Domain: NA   Target Account ID: NA\CNU3369T5P$   Caller User Name: ntwsadd   Caller Domain: NA   Caller Logon ID: (0x0,0x2ABF55E0)   
<13>Jan 13 14:15:40 EUNLVEDC01 AgentDevice=WindowsLog	AgentLogFile=Security	PluginVersion=1.0.14	Source=Security	Computer=EUNLVEDC01	User=ANONYMOUS LOGON	Domain=NT AUTHORITY	EventID=642	EventIDCode=642	EventType=8	EventCategory=7	RecordNumber=2555571534	TimeGenerated=1389618755	TimeWritten=1389618755	Message=User Account Changed:   Target Account Name: Robert-Lonsdale   Target Domain: EUROPE   Target Account ID: EUROPE\Robert-Lonsdale   Caller User Name: EUNLVEDC01$   Caller Domain: EUROPE   Caller Logon ID: (0x0,0x3E7)   Privileges: -  Changed Attributes:   Sam Account Name: -   Display Name: -   User Principal Name: -   Home Directory: -   Home Drive: -   Script Path: -   Profile Path: -   User Workstations: -   Password Last Set: 1/13/2014 2:12:35 PM   Account Expires: -   Primary Group ID: -   AllowedToDelegateTo: -   Old UAC Value: -   New UAC Value: -   User Account Control: -   User Parameters: -   Sid History: -   Logon Hours: -   
<13>Jan 13 14:15:38 EUNLVEDC01 AgentDevice=WindowsLog	AgentLogFile=Security	PluginVersion=1.0.14	Source=Security	Computer=EUNLVEDC01	User=ANONYMOUS LOGON	Domain=NT AUTHORITY	EventID=642	EventIDCode=642	EventType=8	EventCategory=7	RecordNumber=2555571493	TimeGenerated=1389618754	TimeWritten=1389618754	Message=User Account Changed:   Target Account Name: Hallouma-Elyazidi   Target Domain: EUROPE   Target Account ID: EUROPE\Hallouma-Elyazidi   Caller User Name: EUNLVEDC01$   Caller Domain: EUROPE   Caller Logon ID: (0x0,0x3E7)   Privileges: -  Changed Attributes:   Sam Account Name: -   Display Name: -   User Principal Name: -   Home Directory: -   Home Drive: -   Script Path: -   Profile Path: -   User Workstations: -   Password Last Set: 1/13/2014 2:12:34 PM   Account Expires: -   Primary Group ID: -   AllowedToDelegateTo: -   Old UAC Value: -   New UAC Value: -   User Account Control: -   User Parameters: -   Sid History: -   Logon Hours: -   
<13>Jan 13 08:15:12 USCHPOSDC02 AgentDevice=WindowsLog	AgentLogFile=Security	PluginVersion=1.0.14	Source=Security	Computer=USCHPOSDC02	User=610019MAN	Domain=NA	EventID=642	EventIDCode=642	EventType=8	EventCategory=7	RecordNumber=574896807	TimeGenerated=1389618908	TimeWritten=1389618908	Message=User Account Changed:   Target Account Name: ODS02800   Target Domain: POS   Target Account ID: POS\ODS02800   Caller User Name: 610019MAN   Caller Domain: NA   Caller Logon ID: (0x0,0x527C9198)   Privileges: -  Changed Attributes:   Sam Account Name: -   Display Name: OPEN-ODS02800   User Principal Name: -   Home Directory: -   Home Drive: -   Script Path: -   Profile Path: -   User Workstations: -   Password Last Set: -   Account Expires: -   Primary Group ID: -   AllowedToDelegateTo: -   Old UAC Value: -   New UAC Value: -   User Account Control: -   User Parameters: -   Sid History: -   Logon Hours: -   
<13>Jan 13 08:15:06 USCHPOSDC02 AgentDevice=WindowsLog	AgentLogFile=Security	PluginVersion=1.0.14	Source=Security	Computer=USCHPOSDC02	User=SVC-IDMAdmin	Domain=NA	EventID=671	EventIDCode=671	EventType=8	EventCategory=7	RecordNumber=574896739	TimeGenerated=1389618904	TimeWritten=1389618904	Message=User Account Unlocked:   Target Account Name: 652053   Target Domain:  POS   Target Account ID: POS\652053   Caller User Name: SVC-IDMAdmin   Caller Domain: NA   Caller Logon ID: (0x0,0x527EBF9C)   
<13>Jan 13 08:15:06 USCHPOSDC02 AgentDevice=WindowsLog	AgentLogFile=Security	PluginVersion=1.0.14	Source=Security	Computer=USCHPOSDC02	User=SVC-IDMAdmin	Domain=NA	EventID=642	EventIDCode=642	EventType=8	EventCategory=7	RecordNumber=574896732	TimeGenerated=1389618903	TimeWritten=1389618903	Message=User Account Changed:   Target Account Name: 652053   Target Domain: POS   Target Account ID: POS\652053   Caller User Name: SVC-IDMAdmin   Caller Domain: NA   Caller Logon ID: (0x0,0x527EC007)   Privileges: -  Changed Attributes:   Sam Account Name: -   Display Name: -   User Principal Name: -   Home Directory: -   Home Drive: -   Script Path: -   Profile Path: -   User Workstations: -   Password Last Set: 1/13/2014 8:15:03 AM   Account Expires: -   Primary Group ID: -   AllowedToDelegateTo: -   Old UAC Value: -   New UAC Value: -   User Account Control: -   User Parameters: -   Sid History: -   Logon Hours: -   
<13>Jan 13 14:14:42 EUNLVEDC01 AgentDevice=WindowsLog	AgentLogFile=Security	PluginVersion=1.0.14	Source=Security	Computer=EUNLVEDC01	User=SYSTEM	Domain=NT AUTHORITY	EventID=644	EventIDCode=644	EventType=8	EventCategory=7	RecordNumber=2555568784	TimeGenerated=1389618673	TimeWritten=1389618673	Message=User Account Locked Out:   Target Account Name: bmadm   Target Account ID: EUROPE\bmadm   Caller Machine Name: UKBEAP03   Caller User Name: EUNLVEDC01$   Caller Domain: EUROPE   Caller Logon ID: (0x0,0x3E7)   
<13>Jan 13 14:14:23 EUNLVEDC01 AgentDevice=WindowsLog	AgentLogFile=Security	PluginVersion=1.0.14	Source=Security	Computer=EUNLVEDC01	User=MBRAdm	Domain=EUROPE	EventID=642	EventIDCode=642	EventType=8	EventCategory=7	RecordNumber=2555567868	TimeGenerated=1389618641	TimeWritten=1389618641	Message=User Account Changed:   Target Account Name: Bianca-Bolchis   Target Domain: EUROPE   Target Account ID: EUROPE\Bianca-Bolchis   Caller User Name: MBRAdm   Caller Domain: EUROPE   Caller Logon ID: (0x0,0xC23BBDC)   Privileges: -  Changed Attributes:   Sam Account Name: -   Display Name: -   User Principal Name: -   Home Directory: \\EUFRSEFS01\UsersB$\Bianca-Bolchis   Home Drive: -   Script Path: -   Profile Path: -   User Workstations: -   Password Last Set: -   Account Expires: -   Primary Group ID: -   AllowedToDelegateTo: -   Old UAC Value: -   New UAC Value: -   User Account Control: -   User Parameters: -   Sid History: -   Logon Hours: -   
<13>Jan 13 08:14:22 USCHPOSDC01 AgentDevice=WindowsLog	AgentLogFile=Security	PluginVersion=1.0.14	Source=Security	Computer=USCHPOSDC01	User=ANONYMOUS LOGON	Domain=NT AUTHORITY	EventID=642	EventIDCode=642	EventType=8	EventCategory=7	RecordNumber=2546205326	TimeGenerated=1389618492	TimeWritten=1389618492	Message=User Account Changed:   Target Account Name: 559231   Target Domain: POS   Target Account ID: POS\559231   Caller User Name: USCHPOSDC01$   Caller Domain: POS   Caller Logon ID: (0x0,0x3E7)   Privileges: -  Changed Attributes:   Sam Account Name: -   Display Name: -   User Principal Name: -   Home Directory: -   Home Drive: -   Script Path: -   Profile Path: -   User Workstations: -   Password Last Set: 1/13/2014 8:08:12 AM   Account Expires: -   Primary Group ID: -   AllowedToDelegateTo: -   Old UAC Value: -   New UAC Value: -   User Account Control: -   User Parameters: -   Sid History: -   Logon Hours: -   
<13>Jan 13 14:14:21 EUNLVEDC01 AgentDevice=WindowsLog	AgentLogFile=Security	PluginVersion=1.0.14	Source=Security	Computer=EUNLVEDC01	User=MBRAdm	Domain=EUROPE	EventID=642	EventIDCode=642	EventType=8	EventCategory=7	RecordNumber=2555567788	TimeGenerated=1389618639	TimeWritten=1389618639	Message=User Account Changed:   Target Account Name: Bianca-Bolchis   Target Domain: EUROPE   Target Account ID: EUROPE\Bianca-Bolchis   Caller User Name: MBRAdm   Caller Domain: EUROPE   Caller Logon ID: (0x0,0xC23BBDC)   Privileges: -  Changed Attributes:   Sam Account Name: -   Display Name: -   User Principal Name: -   Home Directory: -   Home Drive: -   Script Path: -   Profile Path: -   User Workstations: -   Password Last Set: -   Account Expires: -   Primary Group ID: -   AllowedToDelegateTo: -   Old UAC Value: -   New UAC Value: -   User Account Control: -   User Parameters: -   Sid History: -   Logon Hours: -   
<13>Jan 13 14:13:27 EUNLVEDC01 AgentDevice=WindowsLog	AgentLogFile=Security	PluginVersion=1.0.14	Source=Security	Computer=EUNLVEDC01	User=MBRAdm	Domain=EUROPE	EventID=626	EventIDCode=626	EventType=8	EventCategory=7	RecordNumber=2555565176	TimeGenerated=1389618575	TimeWritten=1389618575	Message=User Account Enabled:   Target Account Name: Bianca-Bolchis   Target Domain: EUROPE   Target Account ID: EUROPE\Bianca-Bolchis   Caller User Name: MBRAdm   Caller Domain: EUROPE   Caller Logon ID: (0x0,0xC245026)   
<13>Jan 13 14:13:27 EUNLVEDC01 AgentDevice=WindowsLog	AgentLogFile=Security	PluginVersion=1.0.14	Source=Security	Computer=EUNLVEDC01	User=MBRAdm	Domain=EUROPE	EventID=642	EventIDCode=642	EventType=8	EventCategory=7	RecordNumber=2555565175	TimeGenerated=1389618575	TimeWritten=1389618575	Message=User Account Changed:   Target Account Name: Bianca-Bolchis   Target Domain: EUROPE   Target Account ID: EUROPE\Bianca-Bolchis   Caller User Name: MBRAdm   Caller Domain: EUROPE   Caller Logon ID: (0x0,0xC245026)   Privileges: -  Changed Attributes:   Sam Account Name: -   Display Name: -   User Principal Name: -   Home Directory: -   Home Drive: -   Script Path: -   Profile Path: -   User Workstations: -   Password Last Set: -   Account Expires: -   Primary Group ID: -   AllowedToDelegateTo: -   Old UAC Value: 0x11   New UAC Value: 0x10   User Account Control:    Account Enabled    User Parameters: -   Sid History: -   Logon Hours: -   
<13>Jan 13 14:13:27 EUNLVEDC01 AgentDevice=WindowsLog	AgentLogFile=Security	PluginVersion=1.0.14	Source=Security	Computer=EUNLVEDC01	User=MBRAdm	Domain=EUROPE	EventID=642	EventIDCode=642	EventType=8	EventCategory=7	RecordNumber=2555565164	TimeGenerated=1389618574	TimeWritten=1389618574	Message=User Account Changed:   Target Account Name: Bianca-Bolchis   Target Domain: EUROPE   Target Account ID: EUROPE\Bianca-Bolchis   Caller User Name: MBRAdm   Caller Domain: EUROPE   Caller Logon ID: (0x0,0xC245026)   Privileges: -  Changed Attributes:   Sam Account Name: -   Display Name: -   User Principal Name: -   Home Directory: -   Home Drive: -   Script Path: -   Profile Path: -   User Workstations: -   Password Last Set: -   Account Expires: -   Primary Group ID: -   AllowedToDelegateTo: -   Old UAC Value: 0x15   New UAC Value: 0x11   User Account Control:    'Password Not Required' - Disabled    User Parameters: -   Sid History: -   Logon Hours: -   
<13>Jan 13 14:13:27 EUNLVEDC01 AgentDevice=WindowsLog	AgentLogFile=Security	PluginVersion=1.0.14	Source=Security	Computer=EUNLVEDC01	User=MBRAdm	Domain=EUROPE	EventID=642	EventIDCode=642	EventType=8	EventCategory=7	RecordNumber=2555565153	TimeGenerated=1389618574	TimeWritten=1389618574	Message=User Account Changed:   Target Account Name: Bianca-Bolchis   Target Domain: EUROPE   Target Account ID: EUROPE\Bianca-Bolchis   Caller User Name: MBRAdm   Caller Domain: EUROPE   Caller Logon ID: (0x0,0xC245026)   Privileges: -  Changed Attributes:   Sam Account Name: -   Display Name: -   User Principal Name: -   Home Directory: -   Home Drive: -   Script Path: -   Profile Path: -   User Workstations: -   Password Last Set: <never>    Account Expires: -   Primary Group ID: -   AllowedToDelegateTo: -   Old UAC Value: -   New UAC Value: -   User Account Control: -   User Parameters: -   Sid History: -   Logon Hours: -   
<13>Jan 13 14:13:27 EUNLVEDC01 AgentDevice=WindowsLog	AgentLogFile=Security	PluginVersion=1.0.14	Source=Security	Computer=EUNLVEDC01	User=ANONYMOUS LOGON	Domain=NT AUTHORITY	EventID=642	EventIDCode=642	EventType=8	EventCategory=7	RecordNumber=2555565135	TimeGenerated=1389618574	TimeWritten=1389618574	Message=User Account Changed:   Target Account Name: Bianca-Bolchis   Target Domain: EUROPE   Target Account ID: EUROPE\Bianca-Bolchis   Caller User Name: EUNLVEDC01$   Caller Domain: EUROPE   Caller Logon ID: (0x0,0x3E7)   Privileges: -  Changed Attributes:   Sam Account Name: -   Display Name: -   User Principal Name: -   Home Directory: -   Home Drive: -   Script Path: -   Profile Path: -   User Workstations: -   Password Last Set: 1/13/2014 2:09:34 PM   Account Expires: -   Primary Group ID: -   AllowedToDelegateTo: -   Old UAC Value: -   New UAC Value: -   User Account Control: -   User Parameters: -   Sid History: -   Logon Hours: -   
<13>Jan 13 08:13:26 USCHPOSDC02 AgentDevice=WindowsLog	AgentLogFile=Security	PluginVersion=1.0.14	Source=Security	Computer=USCHPOSDC02	User=610019MAN	Domain=NA	EventID=642	EventIDCode=642	EventType=8	EventCategory=7	RecordNumber=574896012	TimeGenerated=1389618803	TimeWritten=1389618803	Message=User Account Changed:   Target Account Name: ODS02614   Target Domain: POS   Target Account ID: POS\ODS02614   Caller User Name: 610019MAN   Caller Domain: NA   Caller Logon ID: (0x0,0x527C9198)   Privileges: -  Changed Attributes:   Sam Account Name: -   Display Name: OPEN-ODS02614   User Principal Name: -   Home Directory: -   Home Drive: -   Script Path: -   Profile Path: -   User Workstations: -   Password Last Set: -   Account Expires: -   Primary Group ID: -   AllowedToDelegateTo: -   Old UAC Value: -   New UAC Value: -   User Account Control: -   User Parameters: -   Sid History: -   Logon Hours: -   
<13>Jan 13 14:12:38 EUNLVEDC01 AgentDevice=WindowsLog	AgentLogFile=Security	PluginVersion=1.0.14	Source=Security	Computer=EUNLVEDC01	User=SYSTEM	Domain=NT AUTHORITY	EventID=644	EventIDCode=644	EventType=8	EventCategory=7	RecordNumber=2555562809	TimeGenerated=1389618498	TimeWritten=1389618498	Message=User Account Locked Out:   Target Account Name: Jeroen-Goessens   Target Account ID: EUROPE\Jeroen-Goessens   Caller Machine Name:    Caller User Name: EUNLVEDC01$   Caller Domain: EUROPE   Caller Logon ID: (0x0,0x3E7)   
<13>Jan 13 14:12:36 EUNLVEDC01 AgentDevice=WindowsLog	AgentLogFile=Security	PluginVersion=1.0.14	Source=Security	Computer=EUNLVEDC01	User=CEMan	Domain=EUROPE	EventID=642	EventIDCode=642	EventType=8	EventCategory=7	RecordNumber=2555562647	TimeGenerated=1389618492	TimeWritten=1389618492	Message=User Account Changed:   Target Account Name: CEMan   Target Domain: EUROPE   Target Account ID: EUROPE\CEMan   Caller User Name: ceman   Caller Domain: EUROPE   Caller Logon ID: (0x0,0xC24C512)   Privileges: -  Changed Attributes:   Sam Account Name: -   Display Name: -   User Principal Name: -   Home Directory: -   Home Drive: -   Script Path: -   Profile Path: -   User Workstations: -   Password Last Set: 1/13/2014 2:08:12 PM   Account Expires: -   Primary Group ID: -   AllowedToDelegateTo: -   Old UAC Value: -   New UAC Value: -   User Account Control: -   User Parameters: -   Sid History: -   Logon Hours: -   
<13>Jan 13 14:12:30 EUNLVEDC01 AgentDevice=WindowsLog	AgentLogFile=Security	PluginVersion=1.0.14	Source=Security	Computer=EUNLVEDC01	User=SYSTEM	Domain=NT AUTHORITY	EventID=644	EventIDCode=644	EventType=8	EventCategory=7	RecordNumber=2555562354	TimeGenerated=1389618484	TimeWritten=1389618484	Message=User Account Locked Out:   Target Account Name: Stephane-Hamza   Target Account ID: EUROPE\Stephane-Hamza   Caller Machine Name: FR004W031   Caller User Name: EUNLVEDC01$   Caller Domain: EUROPE   Caller Logon ID: (0x0,0x3E7)   
<13>Jan 13 08:12:23 USCHPOSDC01 AgentDevice=WindowsLog	AgentLogFile=Security	PluginVersion=1.0.14	Source=Security	Computer=USCHPOSDC01	User=ANONYMOUS LOGON	Domain=NT AUTHORITY	EventID=642	EventIDCode=642	EventType=8	EventCategory=7	RecordNumber=2546199733	TimeGenerated=1389618406	TimeWritten=1389618406	Message=User Account Changed:   Target Account Name: 485594   Target Domain: POS   Target Account ID: POS\485594   Caller User Name: USCHPOSDC01$   Caller Domain: POS   Caller Logon ID: (0x0,0x3E7)   Privileges: -  Changed Attributes:   Sam Account Name: -   Display Name: -   User Principal Name: -   Home Directory: -   Home Drive: -   Script Path: -   Profile Path: -   User Workstations: -   Password Last Set: 1/13/2014 8:06:45 AM   Account Expires: -   Primary Group ID: -   AllowedToDelegateTo: -   Old UAC Value: -   New UAC Value: -   User Account Control: -   User Parameters: -   Sid History: -   Logon Hours: -   
<13>Jan 13 14:12:11 EUNLVEDC01 AgentDevice=WindowsLog	AgentLogFile=Security	PluginVersion=1.0.14	Source=Security	Computer=EUNLVEDC01	User=AXSAdm	Domain=EUROPE	EventID=671	EventIDCode=671	EventType=8	EventCategory=7	RecordNumber=2555561494	TimeGenerated=1389618452	TimeWritten=1389618452	Message=User Account Unlocked:   Target Account Name: David-Bourke   Target Domain:  EUROPE   Target Account ID: EUROPE\David-Bourke   Caller User Name: AXSAdm   Caller Domain: EUROPE   Caller Logon ID: (0x0,0xC2A46A2)   
<13>Jan 13 08:11:55 USCHPOSDC02 AgentDevice=WindowsLog	AgentLogFile=Security	PluginVersion=1.0.14	Source=Security	Computer=USCHPOSDC02	User=SVC-IDMAdmin	Domain=NA	EventID=671	EventIDCode=671	EventType=8	EventCategory=7	RecordNumber=574895310	TimeGenerated=1389618711	TimeWritten=1389618711	Message=User Account Unlocked:   Target Account Name: 568728   Target Domain:  POS   Target Account ID: POS\568728   Caller User Name: SVC-IDMAdmin   Caller Domain: NA   Caller Logon ID: (0x0,0x527CD21B)   
<13>Jan 13 08:11:53 USCHPOSDC02 AgentDevice=WindowsLog	AgentLogFile=Security	PluginVersion=1.0.14	Source=Security	Computer=USCHPOSDC02	User=SVC-IDMAdmin	Domain=NA	EventID=642	EventIDCode=642	EventType=8	EventCategory=7	RecordNumber=574895301	TimeGenerated=1389618711	TimeWritten=1389618711	Message=User Account Changed:   Target Account Name: 568728   Target Domain: POS   Target Account ID: POS\568728   Caller User Name: SVC-IDMAdmin   Caller Domain: NA   Caller Logon ID: (0x0,0x527CD286)   Privileges: -  Changed Attributes:   Sam Account Name: -   Display Name: -   User Principal Name: -   Home Directory: -   Home Drive: -   Script Path: -   Profile Path: -   User Workstations: -   Password Last Set: 1/13/2014 8:11:51 AM   Account Expires: -   Primary Group ID: -   AllowedToDelegateTo: -   Old UAC Value: -   New UAC Value: -   User Account Control: -   User Parameters: -   Sid History: -   Logon Hours: -   
<13>Jan 13 08:11:47 USCHPOSDC02 AgentDevice=WindowsLog	AgentLogFile=Security	PluginVersion=1.0.14	Source=Security	Computer=USCHPOSDC02	User=610019MAN	Domain=NA	EventID=642	EventIDCode=642	EventType=8	EventCategory=7	RecordNumber=574895237	TimeGenerated=1389618705	TimeWritten=1389618705	Message=User Account Changed:   Target Account Name: ODS00073   Target Domain: POS   Target Account ID: POS\ODS00073   Caller User Name: 610019MAN   Caller Domain: NA   Caller Logon ID: (0x0,0x527C9198)   Privileges: -  Changed Attributes:   Sam Account Name: -   Display Name: Jason Vance-ODS00073   User Principal Name: -   Home Directory: -   Home Drive: -   Script Path: -   Profile Path: -   User Workstations: -   Password Last Set: -   Account Expires: -   Primary Group ID: -   AllowedToDelegateTo: -   Old UAC Value: -   New UAC Value: -   User Account Control: -   User Parameters: -   Sid History: -   Logon Hours: -   
<13>Jan 13 08:11:41 USCHPOSDC02 AgentDevice=WindowsLog	AgentLogFile=Security	PluginVersion=1.0.14	Source=Security	Computer=USCHPOSDC02	User=SVC-IDMAdmin	Domain=NA	EventID=671	EventIDCode=671	EventType=8	EventCategory=7	RecordNumber=574895198	TimeGenerated=1389618699	TimeWritten=1389618699	Message=User Account Unlocked:   Target Account Name: 523384   Target Domain:  POS   Target Account ID: POS\523384   Caller User Name: SVC-IDMAdmin   Caller Domain: NA   Caller Logon ID: (0x0,0x527C9885)   
<13>Jan 13 08:11:41 USCHPOSDC02 AgentDevice=WindowsLog	AgentLogFile=Security	PluginVersion=1.0.14	Source=Security	Computer=USCHPOSDC02	User=SVC-IDMAdmin	Domain=NA	EventID=642	EventIDCode=642	EventType=8	EventCategory=7	RecordNumber=574895194	TimeGenerated=1389618698	TimeWritten=1389618698	Message=User Account Changed:   Target Account Name: 523384   Target Domain: POS   Target Account ID: POS\523384   Caller User Name: SVC-IDMAdmin   Caller Domain: NA   Caller Logon ID: (0x0,0x527C9903)   Privileges: -  Changed Attributes:   Sam Account Name: -   Display Name: -   User Principal Name: -   Home Directory: -   Home Drive: -   Script Path: -   Profile Path: -   User Workstations: -   Password Last Set: 1/13/2014 8:11:38 AM   Account Expires: -   Primary Group ID: -   AllowedToDelegateTo: -   Old UAC Value: -   New UAC Value: -   User Account Control: -   User Parameters: -   Sid History: -   Logon Hours: -   
<13>Jan 13 08:11:12 USCHPOSDC01 AgentDevice=WindowsLog	AgentLogFile=Security	PluginVersion=1.0.14	Source=Security	Computer=USCHPOSDC01	User=SYSTEM	Domain=NT AUTHORITY	EventID=644	EventIDCode=644	EventType=8	EventCategory=7	RecordNumber=2546196436	TimeGenerated=1389618369	TimeWritten=1389618369	Message=User Account Locked Out:   Target Account Name: 523384   Target Account ID: POS\523384   Caller Machine Name: ODS00180W12   Caller User Name: USCHPOSDC01$   Caller Domain: POS   Caller Logon ID: (0x0,0x3E7)   
<13>Jan 13 14:10:17 EUNLVEDC01 AgentDevice=WindowsLog	AgentLogFile=Security	PluginVersion=1.0.14	Source=Security	Computer=EUNLVEDC01	User=ANONYMOUS LOGON	Domain=NT AUTHORITY	EventID=642	EventIDCode=642	EventType=8	EventCategory=7	RecordNumber=2555556003	TimeGenerated=1389618252	TimeWritten=1389618252	Message=User Account Changed:   Target Account Name: Isolde-Wurtinger   Target Domain: EUROPE   Target Account ID: EUROPE\Isolde-Wurtinger   Caller User Name: EUNLVEDC01$   Caller Domain: EUROPE   Caller Logon ID: (0x0,0x3E7)   Privileges: -  Changed Attributes:   Sam Account Name: -   Display Name: -   User Principal Name: -   Home Directory: -   Home Drive: -   Script Path: -   Profile Path: -   User Workstations: -   Password Last Set: 1/13/2014 2:04:12 PM   Account Expires: -   Primary Group ID: -   AllowedToDelegateTo: -   Old UAC Value: -   New UAC Value: -   User Account Control: -   User Parameters: -   Sid History: -   Logon Hours: -   
<13>Jan 13 08:10:16 USCHPOSDC02 AgentDevice=WindowsLog	AgentLogFile=Security	PluginVersion=1.0.14	Source=Security	Computer=USCHPOSDC02	User=SVC-IDMAdmin	Domain=NA	EventID=671	EventIDCode=671	EventType=8	EventCategory=7	RecordNumber=574894421	TimeGenerated=1389618613	TimeWritten=1389618613	Message=User Account Unlocked:   Target Account Name: 636814   Target Domain:  POS   Target Account ID: POS\636814   Caller User Name: SVC-IDMAdmin   Caller Domain: NA   Caller Logon ID: (0x0,0x527BA0EE)   
<13>Jan 13 08:10:14 USCHPOSDC02 AgentDevice=WindowsLog	AgentLogFile=Security	PluginVersion=1.0.14	Source=Security	Computer=USCHPOSDC02	User=SVC-IDMAdmin	Domain=NA	EventID=642	EventIDCode=642	EventType=8	EventCategory=7	RecordNumber=574894413	TimeGenerated=1389618612	TimeWritten=1389618612	Message=User Account Changed:   Target Account Name: 636814   Target Domain: POS   Target Account ID: POS\636814   Caller User Name: SVC-IDMAdmin   Caller Domain: NA   Caller Logon ID: (0x0,0x527BA1FF)   Privileges: -  Changed Attributes:   Sam Account Name: -   Display Name: -   User Principal Name: -   Home Directory: -   Home Drive: -   Script Path: -   Profile Path: -   User Workstations: -   Password Last Set: 1/13/2014 8:10:12 AM   Account Expires: -   Primary Group ID: -   AllowedToDelegateTo: -   Old UAC Value: -   New UAC Value: -   User Account Control: -   User Parameters: -   Sid History: -   Logon Hours: -   
<13>Jan 13 14:10:13 EUNLVEDC01 AgentDevice=WindowsLog	AgentLogFile=Security	PluginVersion=1.0.14	Source=Security	Computer=EUNLVEDC01	User=SYSTEM	Domain=NT AUTHORITY	EventID=644	EventIDCode=644	EventType=8	EventCategory=7	RecordNumber=2555555789	TimeGenerated=1389618245	TimeWritten=1389618245	Message=User Account Locked Out:   Target Account Name: David-Bourke   Target Account ID: EUROPE\David-Bourke   Caller Machine Name: UKLT121511   Caller User Name: EUNLVEDC01$   Caller Domain: EUROPE   Caller Logon ID: (0x0,0x3E7)   
<13>Jan 13 08:10:05 USHQNADC02 AgentDevice=WindowsLog	AgentLogFile=Security	PluginVersion=1.0.14	Source=Security	Computer=USHQNADC02	User=SYSTEM	Domain=NT AUTHORITY	EventID=644	EventIDCode=644	EventType=8	EventCategory=7	RecordNumber=4073017184	TimeGenerated=1389618602	TimeWritten=1389618602	Message=User Account Locked Out:   Target Account Name: Diane-Demma   Target Account ID: NA\Diane-Demma   Caller Machine Name: MJVNXNT   Caller User Name: USHQNADC02$   Caller Domain: NA   Caller Logon ID: (0x0,0x3E7)   
<13>Jan 13 14:10:05 EUNLVEDC01 AgentDevice=WindowsLog	AgentLogFile=Security	PluginVersion=1.0.14	Source=Security	Computer=EUNLVEDC01	User=AXSAdm	Domain=EUROPE	EventID=671	EventIDCode=671	EventType=8	EventCategory=7	RecordNumber=2555555355	TimeGenerated=1389618230	TimeWritten=1389618230	Message=User Account Unlocked:   Target Account Name: Debra-Nutting   Target Domain:  EUROPE   Target Account ID: EUROPE\Debra-Nutting   Caller User Name: AXSAdm   Caller Domain: EUROPE   Caller Logon ID: (0x0,0xC2613B0)   
<13>Jan 13 08:10:04 USCHPOSDC02 AgentDevice=WindowsLog	AgentLogFile=Security	PluginVersion=1.0.14	Source=Security	Computer=USCHPOSDC02	User=SVC-IDMAdmin	Domain=NA	EventID=671	EventIDCode=671	EventType=8	EventCategory=7	RecordNumber=574894339	TimeGenerated=1389618602	TimeWritten=1389618602	Message=User Account Unlocked:   Target Account Name: 620349   Target Domain:  POS   Target Account ID: POS\620349   Caller User Name: SVC-IDMAdmin   Caller Domain: NA   Caller Logon ID: (0x0,0x527B94B9)   
<13>Jan 13 08:10:04 USCHPOSDC02 AgentDevice=WindowsLog	AgentLogFile=Security	PluginVersion=1.0.14	Source=Security	Computer=USCHPOSDC02	User=SVC-IDMAdmin	Domain=NA	EventID=642	EventIDCode=642	EventType=8	EventCategory=7	RecordNumber=574894318	TimeGenerated=1389618602	TimeWritten=1389618602	Message=User Account Changed:   Target Account Name: 620349   Target Domain: POS   Target Account ID: POS\620349   Caller User Name: SVC-IDMAdmin   Caller Domain: NA   Caller Logon ID: (0x0,0x527B9530)   Privileges: -  Changed Attributes:   Sam Account Name: -   Display Name: -   User Principal Name: -   Home Directory: -   Home Drive: -   Script Path: -   Profile Path: -   User Workstations: -   Password Last Set: 1/13/2014 8:10:02 AM   Account Expires: -   Primary Group ID: -   AllowedToDelegateTo: -   Old UAC Value: -   New UAC Value: -   User Account Control: -   User Parameters: -   Sid History: -   Logon Hours: -   
<13>Jan 13 14:09:20 EUNLVEDC01 AgentDevice=WindowsLog	AgentLogFile=Security	PluginVersion=1.0.14	Source=Security	Computer=EUNLVEDC01	User=ANONYMOUS LOGON	Domain=NT AUTHORITY	EventID=642	EventIDCode=642	EventType=8	EventCategory=7	RecordNumber=2555553205	TimeGenerated=1389618152	TimeWritten=1389618152	Message=User Account Changed:   Target Account Name: Laurens-Compernolle   Target Domain: EUROPE   Target Account ID: EUROPE\Laurens-Compernolle   Caller User Name: EUNLVEDC01$   Caller Domain: EUROPE   Caller Logon ID: (0x0,0x3E7)   Privileges: -  Changed Attributes:   Sam Account Name: -   Display Name: -   User Principal Name: -   Home Directory: -   Home Drive: -   Script Path: -   Profile Path: -   User Workstations: -   Password Last Set: <never>    Account Expires: -   Primary Group ID: -   AllowedToDelegateTo: -   Old UAC Value: -   New UAC Value: -   User Account Control: -   User Parameters: -   Sid History: -   Logon Hours: -   
<13>Jan 13 08:08:16 USCHPOSDC02 AgentDevice=WindowsLog	AgentLogFile=Security	PluginVersion=1.0.14	Source=Security	Computer=USCHPOSDC02	User=SVC-IDMAdmin	Domain=NA	EventID=671	EventIDCode=671	EventType=8	EventCategory=7	RecordNumber=574893331	TimeGenerated=1389618493	TimeWritten=1389618493	Message=User Account Unlocked:   Target Account Name: 559231   Target Domain:  POS   Target Account ID: POS\559231   Caller User Name: SVC-IDMAdmin   Caller Domain: NA   Caller Logon ID: (0x0,0x527A6E73)   
<13>Jan 13 08:08:16 USCHPOSDC02 AgentDevice=WindowsLog	AgentLogFile=Security	PluginVersion=1.0.14	Source=Security	Computer=USCHPOSDC02	User=SVC-IDMAdmin	Domain=NA	EventID=642	EventIDCode=642	EventType=8	EventCategory=7	RecordNumber=574893327	TimeGenerated=1389618492	TimeWritten=1389618492	Message=User Account Changed:   Target Account Name: 559231   Target Domain: POS   Target Account ID: POS\559231   Caller User Name: SVC-IDMAdmin   Caller Domain: NA   Caller Logon ID: (0x0,0x527A6F15)   Privileges: -  Changed Attributes:   Sam Account Name: -   Display Name: -   User Principal Name: -   Home Directory: -   Home Drive: -   Script Path: -   Profile Path: -   User Workstations: -   Password Last Set: 1/13/2014 8:08:12 AM   Account Expires: -   Primary Group ID: -   AllowedToDelegateTo: -   Old UAC Value: -   New UAC Value: -   User Account Control: -   User Parameters: -   Sid History: -   Logon Hours: -   
<13>Jan 13 14:08:08 EUNLVEDC02 AgentDevice=WindowsLog	AgentLogFile=Security	PluginVersion=1.0.14	Source=Security	Computer=EUNLVEDC02	User=SYSTEM	Domain=NT AUTHORITY	EventID=644	EventIDCode=644	EventType=8	EventCategory=7	RecordNumber=1830125281	TimeGenerated=1389618484	TimeWritten=1389618484	Message=User Account Locked Out:   Target Account Name: Stephane-Hamza   Target Account ID: EUROPE\Stephane-Hamza   Caller Machine Name: FR004W031   Caller User Name: EUNLVEDC02$   Caller Domain: EUROPE   Caller Logon ID: (0x0,0x3E7)   
<13>Jan 13 08:06:49 USCHPOSDC02 AgentDevice=WindowsLog	AgentLogFile=Security	PluginVersion=1.0.14	Source=Security	Computer=USCHPOSDC02	User=SVC-IDMAdmin	Domain=NA	EventID=671	EventIDCode=671	EventType=8	EventCategory=7	RecordNumber=574892661	TimeGenerated=1389618406	TimeWritten=1389618406	Message=User Account Unlocked:   Target Account Name: 485594   Target Domain:  POS   Target Account ID: POS\485594   Caller User Name: SVC-IDMAdmin   Caller Domain: NA   Caller Logon ID: (0x0,0x5279CFED)   
<13>Jan 13 08:06:49 USCHPOSDC02 AgentDevice=WindowsLog	AgentLogFile=Security	PluginVersion=1.0.14	Source=Security	Computer=USCHPOSDC02	User=SVC-IDMAdmin	Domain=NA	EventID=642	EventIDCode=642	EventType=8	EventCategory=7	RecordNumber=574892657	TimeGenerated=1389618405	TimeWritten=1389618405	Message=User Account Changed:   Target Account Name: 485594   Target Domain: POS   Target Account ID: POS\485594   Caller User Name: SVC-IDMAdmin   Caller Domain: NA   Caller Logon ID: (0x0,0x5279D057)   Privileges: -  Changed Attributes:   Sam Account Name: -   Display Name: -   User Principal Name: -   Home Directory: -   Home Drive: -   Script Path: -   Profile Path: -   User Workstations: -   Password Last Set: 1/13/2014 8:06:45 AM   Account Expires: -   Primary Group ID: -   AllowedToDelegateTo: -   Old UAC Value: -   New UAC Value: -   User Account Control: -   User Parameters: -   Sid History: -   Logon Hours: -   
<13>Jan 13 08:06:39 USCHNABH01 AgentDevice=WindowsLog	AgentLogFile=Security	PluginVersion=1.0.14	Source=Security	Computer=USCHNABH01	User=USCHCTXCGAPP16$	Domain=NA	EventID=642	EventIDCode=642	EventType=8	EventCategory=7	RecordNumber=4251440021	TimeGenerated=1389617204	TimeWritten=1389617204	Message=User Account Changed:   Target Account Name: Lizza-Escobar   Target Domain: NA   Target Account ID: NA\Lizza-Escobar   Caller User Name: USCHCTXCGAPP16$   Caller Domain: NA   Caller Logon ID: (0x0,0x78303504)   Privileges: -  Changed Attributes:   Sam Account Name: -   Display Name: -   User Principal Name: -   Home Directory: -   Home Drive: -   Script Path: -   Profile Path: -   User Workstations: -   Password Last Set: 1/13/2014 7:46:44 AM   Account Expires: -   Primary Group ID: -   AllowedToDelegateTo: -   Old UAC Value: -   New UAC Value: -   User Account Control: -   User Parameters: -   Sid History: -   Logon Hours: -   
<13>Jan 13 14:05:24 EUNLVEDC01 AgentDevice=WindowsLog	AgentLogFile=Security	PluginVersion=1.0.14	Source=Security	Computer=EUNLVEDC01	User=ANONYMOUS LOGON	Domain=NT AUTHORITY	EventID=642	EventIDCode=642	EventType=8	EventCategory=7	RecordNumber=2555541836	TimeGenerated=1389617772	TimeWritten=1389617772	Message=User Account Changed:   Target Account Name: Raluca-Hazi   Target Domain: EUROPE   Target Account ID: EUROPE\Raluca-Hazi   Caller User Name: EUNLVEDC01$   Caller Domain: EUROPE   Caller Logon ID: (0x0,0x3E7)   Privileges: -  Changed Attributes:   Sam Account Name: -   Display Name: -   User Principal Name: -   Home Directory: -   Home Drive: -   Script Path: -   Profile Path: -   User Workstations: -   Password Last Set: 1/13/2014 1:56:12 PM   Account Expires: -   Primary Group ID: -   AllowedToDelegateTo: -   Old UAC Value: -   New UAC Value: -   User Account Control: -   User Parameters: -   Sid History: -   Logon Hours: -   
<13>Jan 13 08:04:48 USCHPOSDC01 AgentDevice=WindowsLog	AgentLogFile=Security	PluginVersion=1.0.14	Source=Security	Computer=USCHPOSDC01	User=SVC-IDMAdmin	Domain=NA	EventID=671	EventIDCode=671	EventType=8	EventCategory=7	RecordNumber=2546178474	TimeGenerated=1389618168	TimeWritten=1389618168	Message=User Account Unlocked:   Target Account Name: 444264   Target Domain:  POS   Target Account ID: POS\444264   Caller User Name: SVC-IDMAdmin   Caller Domain: NA   Caller Logon ID: (0x0,0x4B8A6F1F)   
<13>Jan 13 08:04:46 USCHPOSDC01 AgentDevice=WindowsLog	AgentLogFile=Security	PluginVersion=1.0.14	Source=Security	Computer=USCHPOSDC01	User=SVC-IDMAdmin	Domain=NA	EventID=642	EventIDCode=642	EventType=8	EventCategory=7	RecordNumber=2546178452	TimeGenerated=1389618167	TimeWritten=1389618167	Message=User Account Changed:   Target Account Name: 444264   Target Domain: POS   Target Account ID: POS\444264   Caller User Name: SVC-IDMAdmin   Caller Domain: NA   Caller Logon ID: (0x0,0x4B8A71FA)   Privileges: -  Changed Attributes:   Sam Account Name: -   Display Name: -   User Principal Name: -   Home Directory: -   Home Drive: -   Script Path: -   Profile Path: -   User Workstations: -   Password Last Set: 1/13/2014 8:02:47 AM   Account Expires: -   Primary Group ID: -   AllowedToDelegateTo: -   Old UAC Value: -   New UAC Value: -   User Account Control: -   User Parameters: -   Sid History: -   Logon Hours: -   
<13>Jan 13 08:04:46 USCHPOSDC01 AgentDevice=WindowsLog	AgentLogFile=Security	PluginVersion=1.0.14	Source=Security	Computer=USCHPOSDC01	User=ANONYMOUS LOGON	Domain=NT AUTHORITY	EventID=642	EventIDCode=642	EventType=8	EventCategory=7	RecordNumber=2546178402	TimeGenerated=1389618167	TimeWritten=1389618167	Message=User Account Changed:   Target Account Name: 553853   Target Domain: POS   Target Account ID: POS\553853   Caller User Name: USCHPOSDC01$   Caller Domain: POS   Caller Logon ID: (0x0,0x3E7)   Privileges: -  Changed Attributes:   Sam Account Name: -   Display Name: -   User Principal Name: -   Home Directory: -   Home Drive: -   Script Path: -   Profile Path: -   User Workstations: -   Password Last Set: 1/13/2014 8:02:47 AM   Account Expires: -   Primary Group ID: -   AllowedToDelegateTo: -   Old UAC Value: -   New UAC Value: -   User Account Control: -   User Parameters: -   Sid History: -   Logon Hours: -   
<13>Jan 13 14:03:47 EUNLVEDC01 AgentDevice=WindowsLog	AgentLogFile=Security	PluginVersion=1.0.14	Source=Security	Computer=EUNLVEDC01	User=ANONYMOUS LOGON	Domain=NT AUTHORITY	EventID=642	EventIDCode=642	EventType=8	EventCategory=7	RecordNumber=2555537166	TimeGenerated=1389617608	TimeWritten=1389617608	Message=User Account Changed:   Target Account Name: Frank-Scharf   Target Domain: EUROPE   Target Account ID: EUROPE\Frank-Scharf   Caller User Name: EUNLVEDC01$   Caller Domain: EUROPE   Caller Logon ID: (0x0,0x3E7)   Privileges: -  Changed Attributes:   Sam Account Name: -   Display Name: -   User Principal Name: -   Home Directory: -   Home Drive: -   Script Path: -   Profile Path: -   User Workstations: -   Password Last Set: 1/13/2014 1:53:28 PM   Account Expires: -   Primary Group ID: -   AllowedToDelegateTo: -   Old UAC Value: -   New UAC Value: -   User Account Control: -   User Parameters: -   Sid History: -   Logon Hours: -   
<13>Jan 13 14:03:20 EUNLVEDC01 AgentDevice=WindowsLog	AgentLogFile=Security	PluginVersion=1.0.14	Source=Security	Computer=EUNLVEDC01	User=SusBadm	Domain=EUROPE	EventID=671	EventIDCode=671	EventType=8	EventCategory=7	RecordNumber=2555535837	TimeGenerated=1389617561	TimeWritten=1389617561	Message=User Account Unlocked:   Target Account Name: Jackie-Patterson   Target Domain:  EUROPE   Target Account ID: EUROPE\Jackie-Patterson   Caller User Name: SusBadm   Caller Domain: EUROPE   Caller Logon ID: (0x0,0xC0C36D7)   
<13>Jan 13 08:02:50 USCHPOSDC02 AgentDevice=WindowsLog	AgentLogFile=Security	PluginVersion=1.0.14	Source=Security	Computer=USCHPOSDC02	User=SVC-IDMAdmin	Domain=NA	EventID=671	EventIDCode=671	EventType=8	EventCategory=7	RecordNumber=574890983	TimeGenerated=1389618167	TimeWritten=1389618167	Message=User Account Unlocked:   Target Account Name: 553853   Target Domain:  POS   Target Account ID: POS\553853   Caller User Name: SVC-IDMAdmin   Caller Domain: NA   Caller Logon ID: (0x0,0x52774938)   
<13>Jan 13 08:02:50 USCHPOSDC02 AgentDevice=WindowsLog	AgentLogFile=Security	PluginVersion=1.0.14	Source=Security	Computer=USCHPOSDC02	User=SVC-IDMAdmin	Domain=NA	EventID=642	EventIDCode=642	EventType=8	EventCategory=7	RecordNumber=574890970	TimeGenerated=1389618167	TimeWritten=1389618167	Message=User Account Changed:   Target Account Name: 553853   Target Domain: POS   Target Account ID: POS\553853   Caller User Name: SVC-IDMAdmin   Caller Domain: NA   Caller Logon ID: (0x0,0x52774C6E)   Privileges: -  Changed Attributes:   Sam Account Name: -   Display Name: -   User Principal Name: -   Home Directory: -   Home Drive: -   Script Path: -   Profile Path: -   User Workstations: -   Password Last Set: 1/13/2014 8:02:47 AM   Account Expires: -   Primary Group ID: -   AllowedToDelegateTo: -   Old UAC Value: -   New UAC Value: -   User Account Control: -   User Parameters: -   Sid History: -   Logon Hours: -   
<13>Jan 13 08:01:51 USHQNADC02 AgentDevice=WindowsLog	AgentLogFile=Security	PluginVersion=1.0.14	Source=Security	Computer=USHQNADC02	User=Gwen-Moore	Domain=NA	EventID=642	EventIDCode=642	EventType=8	EventCategory=7	RecordNumber=4073007652	TimeGenerated=1389618109	TimeWritten=1389618109	Message=User Account Changed:   Target Account Name: Gwen-Moore   Target Domain: NA   Target Account ID: NA\Gwen-Moore   Caller User Name: Gwen-Moore   Caller Domain: NA   Caller Logon ID: (0x0,0x2AB9591B)   Privileges: -  Changed Attributes:   Sam Account Name: -   Display Name: -   User Principal Name: -   Home Directory: -   Home Drive: -   Script Path: -   Profile Path: -   User Workstations: -   Password Last Set: 1/13/2014 8:01:49 AM   Account Expires: -   Primary Group ID: -   AllowedToDelegateTo: -   Old UAC Value: -   New UAC Value: -   User Account Control: -   User Parameters: -   Sid History: -   Logon Hours: -   
<13>Jan 13 08:00:48 USCHC10WEB02 AgentDevice=WindowsLog	AgentLogFile=Security	PluginVersion=1.0.14	Source=Security	Computer=USCHC10WEB02	User=SYSTEM	Domain=NT AUTHORITY	EventID=644	EventIDCode=644	EventType=8	EventCategory=7	RecordNumber=116069749	TimeGenerated=1389618044	TimeWritten=1389618044	Message=User Account Locked Out:   Target Account Name: john-jacobs   Target Account ID: USCHC10WEB02\john-jacobs   Caller Machine Name: ODS00091K10   Caller User Name: USCHC10WEB02$   Caller Domain: NA   Caller Logon ID: (0x0,0x3E7)   
<13>Jan 13 08:00:31 USCHNABH01 AgentDevice=WindowsLog	AgentLogFile=Security	PluginVersion=1.0.14	Source=Security	Computer=USCHNABH01	User=ANONYMOUS LOGON	Domain=NT AUTHORITY	EventID=642	EventIDCode=642	EventType=8	EventCategory=7	RecordNumber=4251422477	TimeGenerated=1389616901	TimeWritten=1389616901	Message=User Account Changed:   Target Account Name: Bharath-Rao   Target Domain: NA   Target Account ID: NA\Bharath-Rao   Caller User Name: USCHNABH01$   Caller Domain: NA   Caller Logon ID: (0x0,0x3E7)   Privileges: -  Changed Attributes:   Sam Account Name: -   Display Name: -   User Principal Name: -   Home Directory: -   Home Drive: -   Script Path: -   Profile Path: -   User Workstations: -   Password Last Set: 1/13/2014 7:41:41 AM   Account Expires: -   Primary Group ID: -   AllowedToDelegateTo: -   Old UAC Value: -   New UAC Value: -   User Account Control: -   User Parameters: -   Sid History: -   Logon Hours: -   
<13>Jan 13 14:00:10 EUNLVEDC02 AgentDevice=WindowsLog	AgentLogFile=Security	PluginVersion=1.0.14	Source=Security	Computer=EUNLVEDC02	User=RPMan	Domain=EUROPE	EventID=642	EventIDCode=642	EventType=8	EventCategory=7	RecordNumber=1830113067	TimeGenerated=1389618008	TimeWritten=1389618008	Message=User Account Changed:   Target Account Name: svc-primeone_dev   Target Domain: EUROPE   Target Account ID: EUROPE\svc-primeone_dev   Caller User Name: RPMan   Caller Domain: EUROPE   Caller Logon ID: (0x0,0x2E5C072A)   Privileges: -  Changed Attributes:   Sam Account Name: svc-primeone_dev   Display Name: svc-primeone_dev   User Principal Name: svc-primeone_dev@europe.corpo.net   Home Directory: -   Home Drive: -   Script Path: -   Profile Path: -   User Workstations: -   Password Last Set: -   Account Expires: -   Primary Group ID: -   AllowedToDelegateTo: -   Old UAC Value: -   New UAC Value: -   User Account Control: -   User Parameters: -   Sid History: -   Logon Hours: -   
<13>Jan 13 07:58:24 USCHC10WEB01 AgentDevice=WindowsLog	AgentLogFile=Security	PluginVersion=1.0.14	Source=Security	Computer=USCHC10WEB01	User=SYSTEM	Domain=NT AUTHORITY	EventID=644	EventIDCode=644	EventType=8	EventCategory=7	RecordNumber=115426073	TimeGenerated=1389617901	TimeWritten=1389617901	Message=User Account Locked Out:   Target Account Name: john-jacobs   Target Account ID: USCHC10WEB01\john-jacobs   Caller Machine Name: ODS02092W05   Caller User Name: USCHC10WEB01$   Caller Domain: NA   Caller Logon ID: (0x0,0x3E7)   
<13>Jan 13 07:58:15 USCHRETDC01 AgentDevice=WindowsLog	AgentLogFile=Security	PluginVersion=1.0.14	Source=Security	Computer=USCHRETDC01	User=SYSTEM	Domain=NT AUTHORITY	EventID=644	EventIDCode=644	EventType=8	EventCategory=7	RecordNumber=2275725181	TimeGenerated=1389617892	TimeWritten=1389617892	Message=User Account Locked Out:   Target Account Name: Salesxp02242   Target Account ID: ODRETAIL\Salesxp02242   Caller Machine Name: ODS02242W09   Caller User Name: USCHRETDC01$   Caller Domain: ODRETAIL   Caller Logon ID: (0x0,0x3E7)   
<13>Jan 13 07:57:24 USCHPOSDC01 AgentDevice=WindowsLog	AgentLogFile=Security	PluginVersion=1.0.14	Source=Security	Computer=USCHPOSDC01	User=SVC-IDMAdmin	Domain=NA	EventID=671	EventIDCode=671	EventType=8	EventCategory=7	RecordNumber=2546161121	TimeGenerated=1389617842	TimeWritten=1389617842	Message=User Account Unlocked:   Target Account Name: 581426   Target Domain:  POS   Target Account ID: POS\581426   Caller User Name: SVC-IDMAdmin   Caller Domain: NA   Caller Logon ID: (0x0,0x4B83B80D)   
<13>Jan 13 07:57:24 USCHPOSDC01 AgentDevice=WindowsLog	AgentLogFile=Security	PluginVersion=1.0.14	Source=Security	Computer=USCHPOSDC01	User=SVC-IDMAdmin	Domain=NA	EventID=642	EventIDCode=642	EventType=8	EventCategory=7	RecordNumber=2546161109	TimeGenerated=1389617841	TimeWritten=1389617841	Message=User Account Changed:   Target Account Name: 581426   Target Domain: POS   Target Account ID: POS\581426   Caller User Name: SVC-IDMAdmin   Caller Domain: NA   Caller Logon ID: (0x0,0x4B83B8DC)   Privileges: -  Changed Attributes:   Sam Account Name: -   Display Name: -   User Principal Name: -   Home Directory: -   Home Drive: -   Script Path: -   Profile Path: -   User Workstations: -   Password Last Set: 1/13/2014 7:57:21 AM   Account Expires: -   Primary Group ID: -   AllowedToDelegateTo: -   Old UAC Value: -   New UAC Value: -   User Account Control: -   User Parameters: -   Sid History: -   Logon Hours: -   
