<13>Jan 13 08:08:34 EUNLVEDC01 AgentDevice=WindowsLog	AgentLogFile=Security	PluginVersion=1.0.14	Source=Security	Computer=EUNLVEDC01	User=ANONYMOUS LOGON	Domain=NT AUTHORITY	EventID=642	EventIDCode=642	EventType=8	EventCategory=7	RecordNumber=2554762718	TimeGenerated=1389596911	TimeWritten=1389596911	Message=User Account Changed:   Target Account Name: Carina-Talajlo   Target Domain: EUROPE   Target Account ID: EUROPE\Carina-Talajlo   Caller User Name: EUNLVEDC01$   Caller Domain: EUROPE   Caller Logon ID: (0x0,0x3E7)   Privileges: -  Changed Attributes:   Sam Account Name: -   Display Name: -   User Principal Name: -   Home Directory: -   Home Drive: -   Script Path: -   Profile Path: -   User Workstations: -   Password Last Set: 1/13/2014 8:08:31 AM   Account Expires: -   Primary Group ID: -   AllowedToDelegateTo: -   Old UAC Value: -   New UAC Value: -   User Account Control: -   User Parameters: -   Sid History: -   Logon Hours: -   
<13>Jan 13 08:07:59 EUNLVEDC01 AgentDevice=WindowsLog	AgentLogFile=Security	PluginVersion=1.0.14	Source=Security	Computer=EUNLVEDC01	User=SYSTEM	Domain=NT AUTHORITY	EventID=644	EventIDCode=644	EventType=8	EventCategory=7	RecordNumber=2554761543	TimeGenerated=1389596876	TimeWritten=1389596876	Message=User Account Locked Out:   Target Account Name: Anne-Brouwers   Target Account ID: EUROPE\Anne-Brouwers   Caller Machine Name: NLLT00314844   Caller User Name: EUNLVEDC01$   Caller Domain: EUROPE   Caller Logon ID: (0x0,0x3E7)   
<13>Jan 13 08:07:51 EUNLVEDC01 AgentDevice=WindowsLog	AgentLogFile=Security	PluginVersion=1.0.14	Source=Security	Computer=EUNLVEDC01	User=ANONYMOUS LOGON	Domain=NT AUTHORITY	EventID=642	EventIDCode=642	EventType=8	EventCategory=7	RecordNumber=2554761400	TimeGenerated=1389596869	TimeWritten=1389596869	Message=User Account Changed:   Target Account Name: HoHuiSec-Joanna   Target Domain: EUROPE   Target Account ID: EUROPE\HoHuiSec-Joanna   Caller User Name: EUNLVEDC01$   Caller Domain: EUROPE   Caller Logon ID: (0x0,0x3E7)   Privileges: -  Changed Attributes:   Sam Account Name: -   Display Name: -   User Principal Name: -   Home Directory: -   Home Drive: -   Script Path: -   Profile Path: -   User Workstations: -   Password Last Set: 1/13/2014 8:07:49 AM   Account Expires: -   Primary Group ID: -   AllowedToDelegateTo: -   Old UAC Value: -   New UAC Value: -   User Account Control: -   User Parameters: -   Sid History: -   Logon Hours: -   
<13>Jan 13 02:07:43 USCHNAHUB02 AgentDevice=WindowsLog	AgentLogFile=Security	PluginVersion=1.0.14	Source=Security	Computer=USCHNAHUB02	User=SYSTEM	Domain=NT AUTHORITY	EventID=644	EventIDCode=644	EventType=8	EventCategory=7	RecordNumber=3023456125	TimeGenerated=1389593034	TimeWritten=1389593034	Message=User Account Locked Out:   Target Account Name: JCBmgr   Target Account ID: NA\JCBmgr   Caller Machine Name: \\10.63.125.95   Caller User Name: USCHNAHUB02$   Caller Domain: NA   Caller Logon ID: (0x0,0x3E7)   
<13>Jan 13 08:07:38 EUNLVEDC02 AgentDevice=WindowsLog	AgentLogFile=Security	PluginVersion=1.0.14	Source=Security	Computer=EUNLVEDC02	User=MADDam	Domain=EUROPE	EventID=671	EventIDCode=671	EventType=8	EventCategory=7	RecordNumber=1829501997	TimeGenerated=1389596854	TimeWritten=1389596854	Message=User Account Unlocked:   Target Account Name: Nathalie-Nesensohn   Target Domain:  EUROPE   Target Account ID: EUROPE\Nathalie-Nesensohn   Caller User Name: MADDam   Caller Domain: EUROPE   Caller Logon ID: (0x0,0x2DA43DA0)   
<13>Jan 13 08:06:37 EUNLVEDC02 AgentDevice=WindowsLog	AgentLogFile=Security	PluginVersion=1.0.14	Source=Security	Computer=EUNLVEDC02	User=Eugen-Dan	Domain=EUROPE	EventID=642	EventIDCode=642	EventType=8	EventCategory=7	RecordNumber=1829500120	TimeGenerated=1389596793	TimeWritten=1389596793	Message=User Account Changed:   Target Account Name: Eugen-Dan   Target Domain: EUROPE   Target Account ID: EUROPE\Eugen-Dan   Caller User Name: Eugen-Dan   Caller Domain: EUROPE   Caller Logon ID: (0x0,0x2DA3987D)   Privileges: -  Changed Attributes:   Sam Account Name: -   Display Name: -   User Principal Name: -   Home Directory: -   Home Drive: -   Script Path: -   Profile Path: -   User Workstations: -   Password Last Set: 1/13/2014 8:06:33 AM   Account Expires: -   Primary Group ID: -   AllowedToDelegateTo: -   Old UAC Value: -   New UAC Value: -   User Account Control: -   User Parameters: -   Sid History: -   Logon Hours: -   
<13>Jan 13 08:06:36 EUNLVEDC01 AgentDevice=WindowsLog	AgentLogFile=Security	PluginVersion=1.0.14	Source=Security	Computer=EUNLVEDC01	User=ANONYMOUS LOGON	Domain=NT AUTHORITY	EventID=642	EventIDCode=642	EventType=8	EventCategory=7	RecordNumber=2554759263	TimeGenerated=1389596793	TimeWritten=1389596793	Message=User Account Changed:   Target Account Name: Eugen-Dan   Target Domain: EUROPE   Target Account ID: EUROPE\Eugen-Dan   Caller User Name: EUNLVEDC01$   Caller Domain: EUROPE   Caller Logon ID: (0x0,0x3E7)   Privileges: -  Changed Attributes:   Sam Account Name: -   Display Name: -   User Principal Name: -   Home Directory: -   Home Drive: -   Script Path: -   Profile Path: -   User Workstations: -   Password Last Set: 1/13/2014 8:06:33 AM   Account Expires: -   Primary Group ID: -   AllowedToDelegateTo: -   Old UAC Value: -   New UAC Value: -   User Account Control: -   User Parameters: -   Sid History: -   Logon Hours: -   
<13>Jan 13 08:05:19 EUNLVEDC01 AgentDevice=WindowsLog	AgentLogFile=Security	PluginVersion=1.0.14	Source=Security	Computer=EUNLVEDC01	User=ANONYMOUS LOGON	Domain=NT AUTHORITY	EventID=642	EventIDCode=642	EventType=8	EventCategory=7	RecordNumber=2554757178	TimeGenerated=1389596716	TimeWritten=1389596716	Message=User Account Changed:   Target Account Name: Angelica-Frisk   Target Domain: EUROPE   Target Account ID: EUROPE\Angelica-Frisk   Caller User Name: EUNLVEDC01$   Caller Domain: EUROPE   Caller Logon ID: (0x0,0x3E7)   Privileges: -  Changed Attributes:   Sam Account Name: -   Display Name: -   User Principal Name: -   Home Directory: -   Home Drive: -   Script Path: -   Profile Path: -   User Workstations: -   Password Last Set: 1/13/2014 8:05:16 AM   Account Expires: -   Primary Group ID: -   AllowedToDelegateTo: -   Old UAC Value: -   New UAC Value: -   User Account Control: -   User Parameters: -   Sid History: -   Logon Hours: -   
<13>Jan 13 02:05:04 USCHNAHUB02 AgentDevice=WindowsLog	AgentLogFile=Security	PluginVersion=1.0.14	Source=Security	Computer=USCHNAHUB02	User=ANONYMOUS LOGON	Domain=NT AUTHORITY	EventID=642	EventIDCode=642	EventType=8	EventCategory=7	RecordNumber=3023448412	TimeGenerated=1389592893	TimeWritten=1389592893	Message=User Account Changed:   Target Account Name: Aruna-M   Target Domain: NA   Target Account ID: NA\Aruna-M   Caller User Name: USCHNAHUB02$   Caller Domain: NA   Caller Logon ID: (0x0,0x3E7)   Privileges: -  Changed Attributes:   Sam Account Name: -   Display Name: -   User Principal Name: -   Home Directory: -   Home Drive: -   Script Path: -   Profile Path: -   User Workstations: -   Password Last Set: 1/13/2014 1:01:33 AM   Account Expires: -   Primary Group ID: -   AllowedToDelegateTo: -   Old UAC Value: -   New UAC Value: -   User Account Control: -   User Parameters: -   Sid History: -   Logon Hours: -   
<13>Jan 13 08:05:01 EUNLVEDC02 AgentDevice=WindowsLog	AgentLogFile=Security	PluginVersion=1.0.14	Source=Security	Computer=EUNLVEDC02	User=Mark-Boers	Domain=EUROPE	EventID=642	EventIDCode=642	EventType=8	EventCategory=7	RecordNumber=1829497293	TimeGenerated=1389596698	TimeWritten=1389596698	Message=User Account Changed:   Target Account Name: Mark-Boers   Target Domain: EUROPE   Target Account ID: EUROPE\Mark-Boers   Caller User Name: Mark-Boers   Caller Domain: EUROPE   Caller Logon ID: (0x0,0x2DA2AEF2)   Privileges: -  Changed Attributes:   Sam Account Name: -   Display Name: -   User Principal Name: -   Home Directory: -   Home Drive: -   Script Path: -   Profile Path: -   User Workstations: -   Password Last Set: 1/13/2014 8:04:58 AM   Account Expires: -   Primary Group ID: -   AllowedToDelegateTo: -   Old UAC Value: -   New UAC Value: -   User Account Control: -   User Parameters: -   Sid History: -   Logon Hours: -   
<13>Jan 13 08:05:01 EUNLVEDC01 AgentDevice=WindowsLog	AgentLogFile=Security	PluginVersion=1.0.14	Source=Security	Computer=EUNLVEDC01	User=ANONYMOUS LOGON	Domain=NT AUTHORITY	EventID=642	EventIDCode=642	EventType=8	EventCategory=7	RecordNumber=2554756574	TimeGenerated=1389596698	TimeWritten=1389596698	Message=User Account Changed:   Target Account Name: Mark-Boers   Target Domain: EUROPE   Target Account ID: EUROPE\Mark-Boers   Caller User Name: EUNLVEDC01$   Caller Domain: EUROPE   Caller Logon ID: (0x0,0x3E7)   Privileges: -  Changed Attributes:   Sam Account Name: -   Display Name: -   User Principal Name: -   Home Directory: -   Home Drive: -   Script Path: -   Profile Path: -   User Workstations: -   Password Last Set: 1/13/2014 8:04:58 AM   Account Expires: -   Primary Group ID: -   AllowedToDelegateTo: -   Old UAC Value: -   New UAC Value: -   User Account Control: -   User Parameters: -   Sid History: -   Logon Hours: -   
<13>Jan 13 02:04:28 USCHNAHUB02 AgentDevice=WindowsLog	AgentLogFile=Security	PluginVersion=1.0.14	Source=Security	Computer=USCHNAHUB02	User=ANONYMOUS LOGON	Domain=NT AUTHORITY	EventID=642	EventIDCode=642	EventType=8	EventCategory=7	RecordNumber=3023446679	TimeGenerated=1389592837	TimeWritten=1389592837	Message=User Account Changed:   Target Account Name: Harini-L   Target Domain: NA   Target Account ID: NA\Harini-L   Caller User Name: USCHNAHUB02$   Caller Domain: NA   Caller Logon ID: (0x0,0x3E7)   Privileges: -  Changed Attributes:   Sam Account Name: -   Display Name: -   User Principal Name: -   Home Directory: -   Home Drive: -   Script Path: -   Profile Path: -   User Workstations: -   Password Last Set: 1/13/2014 1:00:37 AM   Account Expires: -   Primary Group ID: -   AllowedToDelegateTo: -   Old UAC Value: -   New UAC Value: -   User Account Control: -   User Parameters: -   Sid History: -   Logon Hours: -   
<13>Jan 13 08:04:26 EUNLVEDC02 AgentDevice=WindowsLog	AgentLogFile=Security	PluginVersion=1.0.14	Source=Security	Computer=EUNLVEDC02	User=Tanja-Roeseler	Domain=EUROPE	EventID=642	EventIDCode=642	EventType=8	EventCategory=7	RecordNumber=1829496299	TimeGenerated=1389596664	TimeWritten=1389596664	Message=User Account Changed:   Target Account Name: Tanja-Roeseler   Target Domain: EUROPE   Target Account ID: EUROPE\Tanja-Roeseler   Caller User Name: Tanja-Roeseler   Caller Domain: EUROPE   Caller Logon ID: (0x0,0x2DA25736)   Privileges: -  Changed Attributes:   Sam Account Name: -   Display Name: -   User Principal Name: -   Home Directory: -   Home Drive: -   Script Path: -   Profile Path: -   User Workstations: -   Password Last Set: 1/13/2014 8:04:24 AM   Account Expires: -   Primary Group ID: -   AllowedToDelegateTo: -   Old UAC Value: -   New UAC Value: -   User Account Control: -   User Parameters: -   Sid History: -   Logon Hours: -   
<13>Jan 13 08:04:26 EUNLVEDC01 AgentDevice=WindowsLog	AgentLogFile=Security	PluginVersion=1.0.14	Source=Security	Computer=EUNLVEDC01	User=ANONYMOUS LOGON	Domain=NT AUTHORITY	EventID=642	EventIDCode=642	EventType=8	EventCategory=7	RecordNumber=2554755486	TimeGenerated=1389596664	TimeWritten=1389596664	Message=User Account Changed:   Target Account Name: Tanja-Roeseler   Target Domain: EUROPE   Target Account ID: EUROPE\Tanja-Roeseler   Caller User Name: EUNLVEDC01$   Caller Domain: EUROPE   Caller Logon ID: (0x0,0x3E7)   Privileges: -  Changed Attributes:   Sam Account Name: -   Display Name: -   User Principal Name: -   Home Directory: -   Home Drive: -   Script Path: -   Profile Path: -   User Workstations: -   Password Last Set: 1/13/2014 8:04:24 AM   Account Expires: -   Primary Group ID: -   AllowedToDelegateTo: -   Old UAC Value: -   New UAC Value: -   User Account Control: -   User Parameters: -   Sid History: -   Logon Hours: -   
<13>Jan 13 08:04:18 EUNLVEDC01 AgentDevice=WindowsLog	AgentLogFile=Security	PluginVersion=1.0.14	Source=Security	Computer=EUNLVEDC01	User=Bernhard-Sailer	Domain=EUROPE	EventID=642	EventIDCode=642	EventType=8	EventCategory=7	RecordNumber=2554755245	TimeGenerated=1389596656	TimeWritten=1389596656	Message=User Account Changed:   Target Account Name: Bernhard-Sailer   Target Domain: EUROPE   Target Account ID: EUROPE\Bernhard-Sailer   Caller User Name: Bernhard-Sailer   Caller Domain: EUROPE   Caller Logon ID: (0x0,0xA1A065B)   Privileges: -  Changed Attributes:   Sam Account Name: -   Display Name: -   User Principal Name: -   Home Directory: -   Home Drive: -   Script Path: -   Profile Path: -   User Workstations: -   Password Last Set: 1/13/2014 8:04:16 AM   Account Expires: -   Primary Group ID: -   AllowedToDelegateTo: -   Old UAC Value: -   New UAC Value: -   User Account Control: -   User Parameters: -   Sid History: -   Logon Hours: -   
<13>Jan 13 08:04:08 EUNLVEDC01 AgentDevice=WindowsLog	AgentLogFile=Security	PluginVersion=1.0.14	Source=Security	Computer=EUNLVEDC01	User=ANONYMOUS LOGON	Domain=NT AUTHORITY	EventID=642	EventIDCode=642	EventType=8	EventCategory=7	RecordNumber=2554754922	TimeGenerated=1389596644	TimeWritten=1389596644	Message=User Account Changed:   Target Account Name: Alexandra-Kast   Target Domain: EUROPE   Target Account ID: EUROPE\Alexandra-Kast   Caller User Name: EUNLVEDC01$   Caller Domain: EUROPE   Caller Logon ID: (0x0,0x3E7)   Privileges: -  Changed Attributes:   Sam Account Name: -   Display Name: -   User Principal Name: -   Home Directory: -   Home Drive: -   Script Path: -   Profile Path: -   User Workstations: -   Password Last Set: 1/13/2014 8:04:04 AM   Account Expires: -   Primary Group ID: -   AllowedToDelegateTo: -   Old UAC Value: -   New UAC Value: -   User Account Control: -   User Parameters: -   Sid History: -   Logon Hours: -   
<13>Jan 13 08:04:06 EUNLVEDC02 AgentDevice=WindowsLog	AgentLogFile=Security	PluginVersion=1.0.14	Source=Security	Computer=EUNLVEDC02	User=Alexandra-Kast	Domain=EUROPE	EventID=642	EventIDCode=642	EventType=8	EventCategory=7	RecordNumber=1829495837	TimeGenerated=1389596644	TimeWritten=1389596644	Message=User Account Changed:   Target Account Name: Alexandra-Kast   Target Domain: EUROPE   Target Account ID: EUROPE\Alexandra-Kast   Caller User Name: Alexandra-Kast   Caller Domain: EUROPE   Caller Logon ID: (0x0,0x2DA22D83)   Privileges: -  Changed Attributes:   Sam Account Name: -   Display Name: -   User Principal Name: -   Home Directory: -   Home Drive: -   Script Path: -   Profile Path: -   User Workstations: -   Password Last Set: 1/13/2014 8:04:04 AM   Account Expires: -   Primary Group ID: -   AllowedToDelegateTo: -   Old UAC Value: -   New UAC Value: -   User Account Control: -   User Parameters: -   Sid History: -   Logon Hours: -   
<13>Jan 13 08:03:54 EUNLVEDC02 AgentDevice=WindowsLog	AgentLogFile=Security	PluginVersion=1.0.14	Source=Security	Computer=EUNLVEDC02	User=Christian-Bayer	Domain=EUROPE	EventID=642	EventIDCode=642	EventType=8	EventCategory=7	RecordNumber=1829495511	TimeGenerated=1389596631	TimeWritten=1389596631	Message=User Account Changed:   Target Account Name: Christian-Bayer   Target Domain: EUROPE   Target Account ID: EUROPE\Christian-Bayer   Caller User Name: Christian-Bayer   Caller Domain: EUROPE   Caller Logon ID: (0x0,0x2DA20A63)   Privileges: -  Changed Attributes:   Sam Account Name: -   Display Name: -   User Principal Name: -   Home Directory: -   Home Drive: -   Script Path: -   Profile Path: -   User Workstations: -   Password Last Set: 1/13/2014 8:03:51 AM   Account Expires: -   Primary Group ID: -   AllowedToDelegateTo: -   Old UAC Value: -   New UAC Value: -   User Account Control: -   User Parameters: -   Sid History: -   Logon Hours: -   
<13>Jan 13 08:03:54 EUNLVEDC01 AgentDevice=WindowsLog	AgentLogFile=Security	PluginVersion=1.0.14	Source=Security	Computer=EUNLVEDC01	User=ANONYMOUS LOGON	Domain=NT AUTHORITY	EventID=642	EventIDCode=642	EventType=8	EventCategory=7	RecordNumber=2554754399	TimeGenerated=1389596631	TimeWritten=1389596631	Message=User Account Changed:   Target Account Name: Christian-Bayer   Target Domain: EUROPE   Target Account ID: EUROPE\Christian-Bayer   Caller User Name: EUNLVEDC01$   Caller Domain: EUROPE   Caller Logon ID: (0x0,0x3E7)   Privileges: -  Changed Attributes:   Sam Account Name: -   Display Name: -   User Principal Name: -   Home Directory: -   Home Drive: -   Script Path: -   Profile Path: -   User Workstations: -   Password Last Set: 1/13/2014 8:03:51 AM   Account Expires: -   Primary Group ID: -   AllowedToDelegateTo: -   Old UAC Value: -   New UAC Value: -   User Account Control: -   User Parameters: -   Sid History: -   Logon Hours: -   
<13>Jan 13 08:02:57 EUNLVEDC01 AgentDevice=WindowsLog	AgentLogFile=Security	PluginVersion=1.0.14	Source=Security	Computer=EUNLVEDC01	User=ANONYMOUS LOGON	Domain=NT AUTHORITY	EventID=642	EventIDCode=642	EventType=8	EventCategory=7	RecordNumber=2554752505	TimeGenerated=1389596573	TimeWritten=1389596573	Message=User Account Changed:   Target Account Name: Grace-DeLoureiro   Target Domain: EUROPE   Target Account ID: EUROPE\Grace-DeLoureiro   Caller User Name: EUNLVEDC01$   Caller Domain: EUROPE   Caller Logon ID: (0x0,0x3E7)   Privileges: -  Changed Attributes:   Sam Account Name: -   Display Name: -   User Principal Name: -   Home Directory: -   Home Drive: -   Script Path: -   Profile Path: -   User Workstations: -   Password Last Set: 1/13/2014 8:02:53 AM   Account Expires: -   Primary Group ID: -   AllowedToDelegateTo: -   Old UAC Value: -   New UAC Value: -   User Account Control: -   User Parameters: -   Sid History: -   Logon Hours: -   
<13>Jan 13 08:02:51 EUNLVEDC01 AgentDevice=WindowsLog	AgentLogFile=Security	PluginVersion=1.0.14	Source=Security	Computer=EUNLVEDC01	User=SYSTEM	Domain=NT AUTHORITY	EventID=644	EventIDCode=644	EventType=8	EventCategory=7	RecordNumber=2554752336	TimeGenerated=1389596568	TimeWritten=1389596568	Message=User Account Locked Out:   Target Account Name: Peggy-Cagniard   Target Account ID: EUROPE\Peggy-Cagniard   Caller Machine Name: FRPC00219383   Caller User Name: EUNLVEDC01$   Caller Domain: EUROPE   Caller Logon ID: (0x0,0x3E7)   
<13>Jan 13 08:02:10 EUNLVEDC01 AgentDevice=WindowsLog	AgentLogFile=Security	PluginVersion=1.0.14	Source=Security	Computer=EUNLVEDC01	User=SYSTEM	Domain=NT AUTHORITY	EventID=644	EventIDCode=644	EventType=8	EventCategory=7	RecordNumber=2554751003	TimeGenerated=1389596526	TimeWritten=1389596526	Message=User Account Locked Out:   Target Account Name: Samuel-Descamps   Target Account ID: EUROPE\Samuel-Descamps   Caller Machine Name: \\USCHACS03   Caller User Name: EUNLVEDC01$   Caller Domain: EUROPE   Caller Logon ID: (0x0,0x3E7)   
<13>Jan 13 08:01:56 EUNLVEDC01 AgentDevice=WindowsLog	AgentLogFile=Security	PluginVersion=1.0.14	Source=Security	Computer=EUNLVEDC01	User=SYSTEM	Domain=NT AUTHORITY	EventID=644	EventIDCode=644	EventType=8	EventCategory=7	RecordNumber=2554750517	TimeGenerated=1389596513	TimeWritten=1389596513	Message=User Account Locked Out:   Target Account Name: Nathalie-Nesensohn   Target Account ID: EUROPE\Nathalie-Nesensohn   Caller Machine Name: EUSECTXPS04   Caller User Name: EUNLVEDC01$   Caller Domain: EUROPE   Caller Logon ID: (0x0,0x3E7)   
<13>Jan 13 08:00:04 EUNLVEDC01 AgentDevice=WindowsLog	AgentLogFile=Security	PluginVersion=1.0.14	Source=Security	Computer=EUNLVEDC01	User=ANONYMOUS LOGON	Domain=NT AUTHORITY	EventID=642	EventIDCode=642	EventType=8	EventCategory=7	RecordNumber=2554746880	TimeGenerated=1389596401	TimeWritten=1389596401	Message=User Account Changed:   Target Account Name: Markus-Egger   Target Domain: EUROPE   Target Account ID: EUROPE\Markus-Egger   Caller User Name: EUNLVEDC01$   Caller Domain: EUROPE   Caller Logon ID: (0x0,0x3E7)   Privileges: -  Changed Attributes:   Sam Account Name: -   Display Name: -   User Principal Name: -   Home Directory: -   Home Drive: -   Script Path: -   Profile Path: -   User Workstations: -   Password Last Set: 1/13/2014 8:00:01 AM   Account Expires: -   Primary Group ID: -   AllowedToDelegateTo: -   Old UAC Value: -   New UAC Value: -   User Account Control: -   User Parameters: -   Sid History: -   Logon Hours: -   
<13>Jan 13 07:59:50 EUNLVEDC01 AgentDevice=WindowsLog	AgentLogFile=Security	PluginVersion=1.0.14	Source=Security	Computer=EUNLVEDC01	User=ANONYMOUS LOGON	Domain=NT AUTHORITY	EventID=642	EventIDCode=642	EventType=8	EventCategory=7	RecordNumber=2554746373	TimeGenerated=1389596388	TimeWritten=1389596388	Message=User Account Changed:   Target Account Name: Casey-Sow   Target Domain: EUROPE   Target Account ID: EUROPE\Casey-Sow   Caller User Name: EUNLVEDC01$   Caller Domain: EUROPE   Caller Logon ID: (0x0,0x3E7)   Privileges: -  Changed Attributes:   Sam Account Name: -   Display Name: -   User Principal Name: -   Home Directory: -   Home Drive: -   Script Path: -   Profile Path: -   User Workstations: -   Password Last Set: 1/13/2014 7:59:47 AM   Account Expires: -   Primary Group ID: -   AllowedToDelegateTo: -   Old UAC Value: -   New UAC Value: -   User Account Control: -   User Parameters: -   Sid History: -   Logon Hours: -   
<13>Jan 13 07:58:59 EUNLVEDC01 AgentDevice=WindowsLog	AgentLogFile=Security	PluginVersion=1.0.14	Source=Security	Computer=EUNLVEDC01	User=ANONYMOUS LOGON	Domain=NT AUTHORITY	EventID=642	EventIDCode=642	EventType=8	EventCategory=7	RecordNumber=2554744956	TimeGenerated=1389596336	TimeWritten=1389596336	Message=User Account Changed:   Target Account Name: mikael-brink   Target Domain: EUROPE   Target Account ID: EUROPE\mikael-brink   Caller User Name: EUNLVEDC01$   Caller Domain: EUROPE   Caller Logon ID: (0x0,0x3E7)   Privileges: -  Changed Attributes:   Sam Account Name: -   Display Name: -   User Principal Name: -   Home Directory: -   Home Drive: -   Script Path: -   Profile Path: -   User Workstations: -   Password Last Set: 1/13/2014 7:58:56 AM   Account Expires: -   Primary Group ID: -   AllowedToDelegateTo: -   Old UAC Value: -   New UAC Value: -   User Account Control: -   User Parameters: -   Sid History: -   Logon Hours: -   
<13>Jan 13 07:58:12 EUNLVEDC01 AgentDevice=WindowsLog	AgentLogFile=Security	PluginVersion=1.0.14	Source=Security	Computer=EUNLVEDC01	User=ANONYMOUS LOGON	Domain=NT AUTHORITY	EventID=642	EventIDCode=642	EventType=8	EventCategory=7	RecordNumber=2554743326	TimeGenerated=1389596289	TimeWritten=1389596289	Message=User Account Changed:   Target Account Name: Katerina-Weinzettelo   Target Domain: EUROPE   Target Account ID: EUROPE\Katerina-Weinzettelo   Caller User Name: EUNLVEDC01$   Caller Domain: EUROPE   Caller Logon ID: (0x0,0x3E7)   Privileges: -  Changed Attributes:   Sam Account Name: -   Display Name: -   User Principal Name: -   Home Directory: -   Home Drive: -   Script Path: -   Profile Path: -   User Workstations: -   Password Last Set: 1/13/2014 7:58:09 AM   Account Expires: -   Primary Group ID: -   AllowedToDelegateTo: -   Old UAC Value: -   New UAC Value: -   User Account Control: -   User Parameters: -   Sid History: -   Logon Hours: -   
<13>Jan 13 07:58:12 EUNLVEDC01 AgentDevice=WindowsLog	AgentLogFile=Security	PluginVersion=1.0.14	Source=Security	Computer=EUNLVEDC01	User=Sorin-Lupeanu	Domain=EUROPE	EventID=642	EventIDCode=642	EventType=8	EventCategory=7	RecordNumber=2554743312	TimeGenerated=1389596289	TimeWritten=1389596289	Message=User Account Changed:   Target Account Name: Sorin-Lupeanu   Target Domain: EUROPE   Target Account ID: EUROPE\Sorin-Lupeanu   Caller User Name: Sorin-Lupeanu   Caller Domain: EUROPE   Caller Logon ID: (0x0,0xA13097B)   Privileges: -  Changed Attributes:   Sam Account Name: -   Display Name: -   User Principal Name: -   Home Directory: -   Home Drive: -   Script Path: -   Profile Path: -   User Workstations: -   Password Last Set: 1/13/2014 7:58:09 AM   Account Expires: -   Primary Group ID: -   AllowedToDelegateTo: -   Old UAC Value: -   New UAC Value: -   User Account Control: -   User Parameters: -   Sid History: -   Logon Hours: -   
<13>Jan 13 07:57:38 EUNLVEDC01 AgentDevice=WindowsLog	AgentLogFile=Security	PluginVersion=1.0.14	Source=Security	Computer=EUNLVEDC01	User=ANONYMOUS LOGON	Domain=NT AUTHORITY	EventID=642	EventIDCode=642	EventType=8	EventCategory=7	RecordNumber=2554741824	TimeGenerated=1389596254	TimeWritten=1389596254	Message=User Account Changed:   Target Account Name: Russell-Fountain   Target Domain: EUROPE   Target Account ID: EUROPE\Russell-Fountain   Caller User Name: EUNLVEDC01$   Caller Domain: EUROPE   Caller Logon ID: (0x0,0x3E7)   Privileges: -  Changed Attributes:   Sam Account Name: -   Display Name: -   User Principal Name: -   Home Directory: -   Home Drive: -   Script Path: -   Profile Path: -   User Workstations: -   Password Last Set: 1/13/2014 7:57:34 AM   Account Expires: -   Primary Group ID: -   AllowedToDelegateTo: -   Old UAC Value: -   New UAC Value: -   User Account Control: -   User Parameters: -   Sid History: -   Logon Hours: -   
<13>Jan 13 07:57:36 EUNLVEDC01 AgentDevice=WindowsLog	AgentLogFile=Security	PluginVersion=1.0.14	Source=Security	Computer=EUNLVEDC01	User=ANONYMOUS LOGON	Domain=NT AUTHORITY	EventID=642	EventIDCode=642	EventType=8	EventCategory=7	RecordNumber=2554741775	TimeGenerated=1389596252	TimeWritten=1389596252	Message=User Account Changed:   Target Account Name: Luiza-Ciceu   Target Domain: EUROPE   Target Account ID: EUROPE\Luiza-Ciceu   Caller User Name: EUNLVEDC01$   Caller Domain: EUROPE   Caller Logon ID: (0x0,0x3E7)   Privileges: -  Changed Attributes:   Sam Account Name: -   Display Name: -   User Principal Name: -   Home Directory: -   Home Drive: -   Script Path: -   Profile Path: -   User Workstations: -   Password Last Set: 1/13/2014 7:57:32 AM   Account Expires: -   Primary Group ID: -   AllowedToDelegateTo: -   Old UAC Value: -   New UAC Value: -   User Account Control: -   User Parameters: -   Sid History: -   Logon Hours: -   
<13>Jan 13 07:57:35 EUNLVEDC02 AgentDevice=WindowsLog	AgentLogFile=Security	PluginVersion=1.0.14	Source=Security	Computer=EUNLVEDC02	User=ANONYMOUS LOGON	Domain=NT AUTHORITY	EventID=642	EventIDCode=642	EventType=8	EventCategory=7	RecordNumber=1829484683	TimeGenerated=1389596252	TimeWritten=1389596252	Message=User Account Changed:   Target Account Name: Luiza-Ciceu   Target Domain: EUROPE   Target Account ID: EUROPE\Luiza-Ciceu   Caller User Name: ANONYMOUS LOGON   Caller Domain: NT AUTHORITY   Caller Logon ID: (0x0,0x2D9E25A1)   Privileges: -  Changed Attributes:   Sam Account Name: -   Display Name: -   User Principal Name: -   Home Directory: -   Home Drive: -   Script Path: -   Profile Path: -   User Workstations: -   Password Last Set: 1/13/2014 7:57:32 AM   Account Expires: -   Primary Group ID: -   AllowedToDelegateTo: -   Old UAC Value: -   New UAC Value: -   User Account Control: -   User Parameters: -   Sid History: -   Logon Hours: -   
<13>Jan 13 07:57:15 EUNLVEDC01 AgentDevice=WindowsLog	AgentLogFile=Security	PluginVersion=1.0.14	Source=Security	Computer=EUNLVEDC01	User=SYSTEM	Domain=NT AUTHORITY	EventID=644	EventIDCode=644	EventType=8	EventCategory=7	RecordNumber=2554741086	TimeGenerated=1389596231	TimeWritten=1389596231	Message=User Account Locked Out:   Target Account Name: Ben-Smeets   Target Account ID: EUROPE\Ben-Smeets   Caller Machine Name: NLLT00306301   Caller User Name: EUNLVEDC01$   Caller Domain: EUROPE   Caller Logon ID: (0x0,0x3E7)   
<13>Jan 13 07:57:14 EUNLVEDC02 AgentDevice=WindowsLog	AgentLogFile=Security	PluginVersion=1.0.14	Source=Security	Computer=EUNLVEDC02	User=SYSTEM	Domain=NT AUTHORITY	EventID=644	EventIDCode=644	EventType=8	EventCategory=7	RecordNumber=1829484191	TimeGenerated=1389596231	TimeWritten=1389596231	Message=User Account Locked Out:   Target Account Name: Ben-Smeets   Target Account ID: EUROPE\Ben-Smeets   Caller Machine Name: NLLT00306301   Caller User Name: EUNLVEDC02$   Caller Domain: EUROPE   Caller Logon ID: (0x0,0x3E7)   
<13>Jan 13 07:56:29 EUNLVEDC01 AgentDevice=WindowsLog	AgentLogFile=Security	PluginVersion=1.0.14	Source=Security	Computer=EUNLVEDC01	User=ANONYMOUS LOGON	Domain=NT AUTHORITY	EventID=642	EventIDCode=642	EventType=8	EventCategory=7	RecordNumber=2554739499	TimeGenerated=1389596185	TimeWritten=1389596185	Message=User Account Changed:   Target Account Name: David-Almroth   Target Domain: EUROPE   Target Account ID: EUROPE\David-Almroth   Caller User Name: EUNLVEDC01$   Caller Domain: EUROPE   Caller Logon ID: (0x0,0x3E7)   Privileges: -  Changed Attributes:   Sam Account Name: -   Display Name: -   User Principal Name: -   Home Directory: -   Home Drive: -   Script Path: -   Profile Path: -   User Workstations: -   Password Last Set: 1/13/2014 7:56:25 AM   Account Expires: -   Primary Group ID: -   AllowedToDelegateTo: -   Old UAC Value: -   New UAC Value: -   User Account Control: -   User Parameters: -   Sid History: -   Logon Hours: -   
<13>Jan 13 01:56:20 USCHNAHUB02 AgentDevice=WindowsLog	AgentLogFile=Security	PluginVersion=1.0.14	Source=Security	Computer=USCHNAHUB02	User=SYSTEM	Domain=NT AUTHORITY	EventID=644	EventIDCode=644	EventType=8	EventCategory=7	RecordNumber=3023423374	TimeGenerated=1389591695	TimeWritten=1389591695	Message=User Account Locked Out:   Target Account Name: 594632MGR   Target Account ID: NA\594632MGR   Caller Machine Name: S4SNC-DW   Caller User Name: USCHNAHUB02$   Caller Domain: NA   Caller Logon ID: (0x0,0x3E7)   
<13>Jan 13 01:54:17 USCHNAHUB05 AgentDevice=WindowsLog	AgentLogFile=Security	PluginVersion=1.0.14	Source=Security	Computer=USCHNAHUB05	User=SVC-IDMAdmin	Domain=NA	EventID=671	EventIDCode=671	EventType=8	EventCategory=7	RecordNumber=614737456	TimeGenerated=1389596054	TimeWritten=1389596054	Message=User Account Unlocked:   Target Account Name: Wendell-Lee   Target Domain:  NA   Target Account ID: NA\Wendell-Lee   Caller User Name: SVC-IDMAdmin   Caller Domain: NA   Caller Logon ID: (0x0,0x1A72CEAA)   
<13>Jan 13 01:54:17 USCHNAHUB05 AgentDevice=WindowsLog	AgentLogFile=Security	PluginVersion=1.0.14	Source=Security	Computer=USCHNAHUB05	User=SVC-IDMAdmin	Domain=NA	EventID=642	EventIDCode=642	EventType=8	EventCategory=7	RecordNumber=614737425	TimeGenerated=1389596053	TimeWritten=1389596053	Message=User Account Changed:   Target Account Name: Wendell-Lee   Target Domain: NA   Target Account ID: NA\Wendell-Lee   Caller User Name: SVC-IDMAdmin   Caller Domain: NA   Caller Logon ID: (0x0,0x1A72CF34)   Privileges: -  Changed Attributes:   Sam Account Name: -   Display Name: -   User Principal Name: -   Home Directory: -   Home Drive: -   Script Path: -   Profile Path: -   User Workstations: -   Password Last Set: 1/13/2014 1:54:13 AM   Account Expires: -   Primary Group ID: -   AllowedToDelegateTo: -   Old UAC Value: -   New UAC Value: -   User Account Control: -   User Parameters: -   Sid History: -   Logon Hours: -   
<13>Jan 13 07:53:18 EUNLVEDC01 AgentDevice=WindowsLog	AgentLogFile=Security	PluginVersion=1.0.14	Source=Security	Computer=EUNLVEDC01	User=ANONYMOUS LOGON	Domain=NT AUTHORITY	EventID=642	EventIDCode=642	EventType=8	EventCategory=7	RecordNumber=2554733549	TimeGenerated=1389595994	TimeWritten=1389595994	Message=User Account Changed:   Target Account Name: Penelope-Witthaut   Target Domain: EUROPE   Target Account ID: EUROPE\Penelope-Witthaut   Caller User Name: EUNLVEDC01$   Caller Domain: EUROPE   Caller Logon ID: (0x0,0x3E7)   Privileges: -  Changed Attributes:   Sam Account Name: -   Display Name: -   User Principal Name: -   Home Directory: -   Home Drive: -   Script Path: -   Profile Path: -   User Workstations: -   Password Last Set: 1/13/2014 7:53:14 AM   Account Expires: -   Primary Group ID: -   AllowedToDelegateTo: -   Old UAC Value: -   New UAC Value: -   User Account Control: -   User Parameters: -   Sid History: -   Logon Hours: -   
<13>Jan 13 01:52:40 USCHNAHUB02 AgentDevice=WindowsLog	AgentLogFile=Security	PluginVersion=1.0.14	Source=Security	Computer=USCHNAHUB02	User=SYSTEM	Domain=NT AUTHORITY	EventID=644	EventIDCode=644	EventType=8	EventCategory=7	RecordNumber=3023412750	TimeGenerated=1389591193	TimeWritten=1389591193	Message=User Account Locked Out:   Target Account Name: JCBmgr   Target Account ID: NA\JCBmgr   Caller Machine Name: \\10.63.125.95   Caller User Name: USCHNAHUB02$   Caller Domain: NA   Caller Logon ID: (0x0,0x3E7)   
<13>Jan 13 07:51:36 EUNLVEDC01 AgentDevice=WindowsLog	AgentLogFile=Security	PluginVersion=1.0.14	Source=Security	Computer=EUNLVEDC01	User=Cristina-Calinescu	Domain=EUROPE	EventID=642	EventIDCode=642	EventType=8	EventCategory=7	RecordNumber=2554730291	TimeGenerated=1389595894	TimeWritten=1389595894	Message=User Account Changed:   Target Account Name: Cristina-Calinescu   Target Domain: EUROPE   Target Account ID: EUROPE\Cristina-Calinescu   Caller User Name: Cristina-Calinescu   Caller Domain: EUROPE   Caller Logon ID: (0x0,0xA0B1530)   Privileges: -  Changed Attributes:   Sam Account Name: -   Display Name: -   User Principal Name: -   Home Directory: -   Home Drive: -   Script Path: -   Profile Path: -   User Workstations: -   Password Last Set: 1/13/2014 7:51:34 AM   Account Expires: -   Primary Group ID: -   AllowedToDelegateTo: -   Old UAC Value: -   New UAC Value: -   User Account Control: -   User Parameters: -   Sid History: -   Logon Hours: -   
<13>Jan 13 07:50:49 EUNLVEDC01 AgentDevice=WindowsLog	AgentLogFile=Security	PluginVersion=1.0.14	Source=Security	Computer=EUNLVEDC01	User=ANONYMOUS LOGON	Domain=NT AUTHORITY	EventID=642	EventIDCode=642	EventType=8	EventCategory=7	RecordNumber=2554728504	TimeGenerated=1389595845	TimeWritten=1389595845	Message=User Account Changed:   Target Account Name: Sylvie-Rossignol   Target Domain: EUROPE   Target Account ID: EUROPE\Sylvie-Rossignol   Caller User Name: EUNLVEDC01$   Caller Domain: EUROPE   Caller Logon ID: (0x0,0x3E7)   Privileges: -  Changed Attributes:   Sam Account Name: -   Display Name: -   User Principal Name: -   Home Directory: -   Home Drive: -   Script Path: -   Profile Path: -   User Workstations: -   Password Last Set: 1/13/2014 7:50:45 AM   Account Expires: -   Primary Group ID: -   AllowedToDelegateTo: -   Old UAC Value: -   New UAC Value: -   User Account Control: -   User Parameters: -   Sid History: -   Logon Hours: -   
<13>Jan 13 01:49:37 USCHNAHUB02 AgentDevice=WindowsLog	AgentLogFile=Security	PluginVersion=1.0.14	Source=Security	Computer=USCHNAHUB02	User=Doris-Miao	Domain=NA	EventID=642	EventIDCode=642	EventType=8	EventCategory=7	RecordNumber=3023403995	TimeGenerated=1389590858	TimeWritten=1389590858	Message=User Account Changed:   Target Account Name: Doris-Miao   Target Domain: NA   Target Account ID: NA\Doris-Miao   Caller User Name: Doris-Miao   Caller Domain: NA   Caller Logon ID: (0x0,0x5EA89AAD)   Privileges: -  Changed Attributes:   Sam Account Name: -   Display Name: -   User Principal Name: -   Home Directory: -   Home Drive: -   Script Path: -   Profile Path: -   User Workstations: -   Password Last Set: 1/13/2014 12:27:38 AM   Account Expires: -   Primary Group ID: -   AllowedToDelegateTo: -   Old UAC Value: -   New UAC Value: -   User Account Control: -   User Parameters: -   Sid History: -   Logon Hours: -   
<13>Jan 13 07:49:18 EUNLVEDC01 AgentDevice=WindowsLog	AgentLogFile=Security	PluginVersion=1.0.14	Source=Security	Computer=EUNLVEDC01	User=ANONYMOUS LOGON	Domain=NT AUTHORITY	EventID=642	EventIDCode=642	EventType=8	EventCategory=7	RecordNumber=2554726264	TimeGenerated=1389595754	TimeWritten=1389595754	Message=User Account Changed:   Target Account Name: Jocelyne-Autissier   Target Domain: EUROPE   Target Account ID: EUROPE\Jocelyne-Autissier   Caller User Name: EUNLVEDC01$   Caller Domain: EUROPE   Caller Logon ID: (0x0,0x3E7)   Privileges: -  Changed Attributes:   Sam Account Name: -   Display Name: -   User Principal Name: -   Home Directory: -   Home Drive: -   Script Path: -   Profile Path: -   User Workstations: -   Password Last Set: 1/13/2014 7:49:14 AM   Account Expires: -   Primary Group ID: -   AllowedToDelegateTo: -   Old UAC Value: -   New UAC Value: -   User Account Control: -   User Parameters: -   Sid History: -   Logon Hours: -   
<13>Jan 13 07:48:52 EUNLVEDC01 AgentDevice=WindowsLog	AgentLogFile=Security	PluginVersion=1.0.14	Source=Security	Computer=EUNLVEDC01	User=ANONYMOUS LOGON	Domain=NT AUTHORITY	EventID=642	EventIDCode=642	EventType=8	EventCategory=7	RecordNumber=2554725662	TimeGenerated=1389595729	TimeWritten=1389595729	Message=User Account Changed:   Target Account Name: Heike-Wust   Target Domain: EUROPE   Target Account ID: EUROPE\Heike-Wust   Caller User Name: EUNLVEDC01$   Caller Domain: EUROPE   Caller Logon ID: (0x0,0x3E7)   Privileges: -  Changed Attributes:   Sam Account Name: -   Display Name: -   User Principal Name: -   Home Directory: -   Home Drive: -   Script Path: -   Profile Path: -   User Workstations: -   Password Last Set: 1/13/2014 7:48:49 AM   Account Expires: -   Primary Group ID: -   AllowedToDelegateTo: -   Old UAC Value: -   New UAC Value: -   User Account Control: -   User Parameters: -   Sid History: -   Logon Hours: -   
<13>Jan 13 07:47:09 EUNLVEDC01 AgentDevice=WindowsLog	AgentLogFile=Security	PluginVersion=1.0.14	Source=Security	Computer=EUNLVEDC01	User=ANONYMOUS LOGON	Domain=NT AUTHORITY	EventID=642	EventIDCode=642	EventType=8	EventCategory=7	RecordNumber=2554722890	TimeGenerated=1389595626	TimeWritten=1389595626	Message=User Account Changed:   Target Account Name: Vaclav-Vokurka   Target Domain: EUROPE   Target Account ID: EUROPE\Vaclav-Vokurka   Caller User Name: EUNLVEDC01$   Caller Domain: EUROPE   Caller Logon ID: (0x0,0x3E7)   Privileges: -  Changed Attributes:   Sam Account Name: -   Display Name: -   User Principal Name: -   Home Directory: -   Home Drive: -   Script Path: -   Profile Path: -   User Workstations: -   Password Last Set: 1/13/2014 7:47:06 AM   Account Expires: -   Primary Group ID: -   AllowedToDelegateTo: -   Old UAC Value: -   New UAC Value: -   User Account Control: -   User Parameters: -   Sid History: -   Logon Hours: -   
<13>Jan 13 07:46:36 EUNLVEDC01 AgentDevice=WindowsLog	AgentLogFile=Security	PluginVersion=1.0.14	Source=Security	Computer=EUNLVEDC01	User=Eva-Surboeck	Domain=EUROPE	EventID=642	EventIDCode=642	EventType=8	EventCategory=7	RecordNumber=2554721941	TimeGenerated=1389595593	TimeWritten=1389595593	Message=User Account Changed:   Target Account Name: Eva-Surboeck   Target Domain: EUROPE   Target Account ID: EUROPE\Eva-Surboeck   Caller User Name: Eva-Surboeck   Caller Domain: EUROPE   Caller Logon ID: (0x0,0xA0606D1)   Privileges: -  Changed Attributes:   Sam Account Name: -   Display Name: -   User Principal Name: -   Home Directory: -   Home Drive: -   Script Path: -   Profile Path: -   User Workstations: -   Password Last Set: 1/13/2014 7:46:32 AM   Account Expires: -   Primary Group ID: -   AllowedToDelegateTo: -   Old UAC Value: -   New UAC Value: -   User Account Control: -   User Parameters: -   Sid History: -   Logon Hours: -   
<13>Jan 13 07:45:25 EUNLVEDC01 AgentDevice=WindowsLog	AgentLogFile=Security	PluginVersion=1.0.14	Source=Security	Computer=EUNLVEDC01	User=ANONYMOUS LOGON	Domain=NT AUTHORITY	EventID=642	EventIDCode=642	EventType=8	EventCategory=7	RecordNumber=2554719707	TimeGenerated=1389595523	TimeWritten=1389595523	Message=User Account Changed:   Target Account Name: Raymond-Dufour   Target Domain: EUROPE   Target Account ID: EUROPE\Raymond-Dufour   Caller User Name: EUNLVEDC01$   Caller Domain: EUROPE   Caller Logon ID: (0x0,0x3E7)   Privileges: -  Changed Attributes:   Sam Account Name: -   Display Name: -   User Principal Name: -   Home Directory: -   Home Drive: -   Script Path: -   Profile Path: -   User Workstations: -   Password Last Set: 1/13/2014 7:45:23 AM   Account Expires: -   Primary Group ID: -   AllowedToDelegateTo: -   Old UAC Value: -   New UAC Value: -   User Account Control: -   User Parameters: -   Sid History: -   Logon Hours: -   
<13>Jan 13 07:42:11 EUNLVEDC01 AgentDevice=WindowsLog	AgentLogFile=Security	PluginVersion=1.0.14	Source=Security	Computer=EUNLVEDC01	User=ANONYMOUS LOGON	Domain=NT AUTHORITY	EventID=642	EventIDCode=642	EventType=8	EventCategory=7	RecordNumber=2554714619	TimeGenerated=1389595328	TimeWritten=1389595328	Message=User Account Changed:   Target Account Name: Caroline-Gotzen   Target Domain: EUROPE   Target Account ID: EUROPE\Caroline-Gotzen   Caller User Name: EUNLVEDC01$   Caller Domain: EUROPE   Caller Logon ID: (0x0,0x3E7)   Privileges: -  Changed Attributes:   Sam Account Name: -   Display Name: -   User Principal Name: -   Home Directory: -   Home Drive: -   Script Path: -   Profile Path: -   User Workstations: -   Password Last Set: 1/13/2014 7:42:08 AM   Account Expires: -   Primary Group ID: -   AllowedToDelegateTo: -   Old UAC Value: -   New UAC Value: -   User Account Control: -   User Parameters: -   Sid History: -   Logon Hours: -   
<13>Jan 13 07:40:34 EUNLVEDC01 AgentDevice=WindowsLog	AgentLogFile=Security	PluginVersion=1.0.14	Source=Security	Computer=EUNLVEDC01	User=ANONYMOUS LOGON	Domain=NT AUTHORITY	EventID=642	EventIDCode=642	EventType=8	EventCategory=7	RecordNumber=2554712075	TimeGenerated=1389595231	TimeWritten=1389595231	Message=User Account Changed:   Target Account Name: Carole-Desousa   Target Domain: EUROPE   Target Account ID: EUROPE\Carole-Desousa   Caller User Name: EUNLVEDC01$   Caller Domain: EUROPE   Caller Logon ID: (0x0,0x3E7)   Privileges: -  Changed Attributes:   Sam Account Name: -   Display Name: -   User Principal Name: -   Home Directory: -   Home Drive: -   Script Path: -   Profile Path: -   User Workstations: -   Password Last Set: 1/13/2014 7:40:31 AM   Account Expires: -   Primary Group ID: -   AllowedToDelegateTo: -   Old UAC Value: -   New UAC Value: -   User Account Control: -   User Parameters: -   Sid History: -   Logon Hours: -   
<13>Jan 13 07:38:51 EUNLVEDC01 AgentDevice=WindowsLog	AgentLogFile=Security	PluginVersion=1.0.14	Source=Security	Computer=EUNLVEDC01	User=Natascha-Gepperth	Domain=EUROPE	EventID=642	EventIDCode=642	EventType=8	EventCategory=7	RecordNumber=2554709501	TimeGenerated=1389595128	TimeWritten=1389595128	Message=User Account Changed:   Target Account Name: Natascha-Gepperth   Target Domain: EUROPE   Target Account ID: EUROPE\Natascha-Gepperth   Caller User Name: Natascha-Gepperth   Caller Domain: EUROPE   Caller Logon ID: (0x0,0x9FE378B)   Privileges: -  Changed Attributes:   Sam Account Name: -   Display Name: -   User Principal Name: -   Home Directory: -   Home Drive: -   Script Path: -   Profile Path: -   User Workstations: -   Password Last Set: 1/13/2014 7:38:48 AM   Account Expires: -   Primary Group ID: -   AllowedToDelegateTo: -   Old UAC Value: -   New UAC Value: -   User Account Control: -   User Parameters: -   Sid History: -   Logon Hours: -   
<13>Jan 13 01:38:18 USHQFSC02S02 AgentDevice=WindowsLog	AgentLogFile=Security	PluginVersion=1.0.14	Source=Security	Computer=USHQFSC02S01	User=SYSTEM	Domain=NT AUTHORITY	EventID=644	EventIDCode=644	EventType=8	EventCategory=7	RecordNumber=170578450	TimeGenerated=1389595075	TimeWritten=1389595075	Message=User Account Locked Out:   Target Account Name: john-jacobs   Target Account ID: USHQFSC02S02\john-jacobs   Caller Machine Name: WAYNE-PC   Caller User Name: USHQFSC02S01$   Caller Domain: NA   Caller Logon ID: (0x0,0x3E7)   
<13>Jan 13 01:37:59 USHQFSC02S01 AgentDevice=WindowsLog	AgentLogFile=Security	PluginVersion=1.0.14	Source=Security	Computer=USHQFSC02S01	User=SYSTEM	Domain=NT AUTHORITY	EventID=644	EventIDCode=644	EventType=8	EventCategory=7	RecordNumber=309925850	TimeGenerated=1389595075	TimeWritten=1389595075	Message=User Account Locked Out:   Target Account Name: john-jacobs   Target Account ID: USHQFSC02S01\john-jacobs   Caller Machine Name: WAYNE-PC   Caller User Name: USHQFSC02S01$   Caller Domain: NA   Caller Logon ID: (0x0,0x3E7)   
<13>Jan 13 01:36:59 USCHNAHUB02 AgentDevice=WindowsLog	AgentLogFile=Security	PluginVersion=1.0.14	Source=Security	Computer=USCHNAHUB02	User=SYSTEM	Domain=NT AUTHORITY	EventID=644	EventIDCode=644	EventType=8	EventCategory=7	RecordNumber=3023367720	TimeGenerated=1389589351	TimeWritten=1389589351	Message=User Account Locked Out:   Target Account Name: JCBmgr   Target Account ID: NA\JCBmgr   Caller Machine Name: \\10.63.125.95   Caller User Name: USCHNAHUB02$   Caller Domain: NA   Caller Logon ID: (0x0,0x3E7)   
<13>Jan 13 07:35:39 EUNLVEDC01 AgentDevice=WindowsLog	AgentLogFile=Security	PluginVersion=1.0.14	Source=Security	Computer=EUNLVEDC01	User=MBRAdm	Domain=EUROPE	EventID=671	EventIDCode=671	EventType=8	EventCategory=7	RecordNumber=2554705188	TimeGenerated=1389594936	TimeWritten=1389594936	Message=User Account Unlocked:   Target Account Name: Gyopar-Horvath   Target Domain:  EUROPE   Target Account ID: EUROPE\Gyopar-Horvath   Caller User Name: MBRAdm   Caller Domain: EUROPE   Caller Logon ID: (0x0,0x9FACDA7)   
<13>Jan 13 07:34:00 EUNLVEDC01 AgentDevice=WindowsLog	AgentLogFile=Security	PluginVersion=1.0.14	Source=Security	Computer=EUNLVEDC01	User=ANONYMOUS LOGON	Domain=NT AUTHORITY	EventID=642	EventIDCode=642	EventType=8	EventCategory=7	RecordNumber=2554703307	TimeGenerated=1389594837	TimeWritten=1389594837	Message=User Account Changed:   Target Account Name: Mihaela-Balint   Target Domain: EUROPE   Target Account ID: EUROPE\Mihaela-Balint   Caller User Name: EUNLVEDC01$   Caller Domain: EUROPE   Caller Logon ID: (0x0,0x3E7)   Privileges: -  Changed Attributes:   Sam Account Name: -   Display Name: -   User Principal Name: -   Home Directory: -   Home Drive: -   Script Path: -   Profile Path: -   User Workstations: -   Password Last Set: 1/13/2014 7:33:57 AM   Account Expires: -   Primary Group ID: -   AllowedToDelegateTo: -   Old UAC Value: -   New UAC Value: -   User Account Control: -   User Parameters: -   Sid History: -   Logon Hours: -   
<13>Jan 13 07:32:11 EUNLVEDC01 AgentDevice=WindowsLog	AgentLogFile=Security	PluginVersion=1.0.14	Source=Security	Computer=EUNLVEDC01	User=ANONYMOUS LOGON	Domain=NT AUTHORITY	EventID=642	EventIDCode=642	EventType=8	EventCategory=7	RecordNumber=2554701113	TimeGenerated=1389594729	TimeWritten=1389594729	Message=User Account Changed:   Target Account Name: oskar-frykberg   Target Domain: EUROPE   Target Account ID: EUROPE\oskar-frykberg   Caller User Name: EUNLVEDC01$   Caller Domain: EUROPE   Caller Logon ID: (0x0,0x3E7)   Privileges: -  Changed Attributes:   Sam Account Name: -   Display Name: -   User Principal Name: -   Home Directory: -   Home Drive: -   Script Path: -   Profile Path: -   User Workstations: -   Password Last Set: 1/13/2014 7:32:09 AM   Account Expires: -   Primary Group ID: -   AllowedToDelegateTo: -   Old UAC Value: -   New UAC Value: -   User Account Control: -   User Parameters: -   Sid History: -   Logon Hours: -   
<13>Jan 13 07:28:32 EUNLVEDC02 AgentDevice=WindowsLog	AgentLogFile=Security	PluginVersion=1.0.14	Source=Security	Computer=EUNLVEDC02	User=Laura-Boonen	Domain=EUROPE	EventID=642	EventIDCode=642	EventType=8	EventCategory=7	RecordNumber=1829451980	TimeGenerated=1389594509	TimeWritten=1389594509	Message=User Account Changed:   Target Account Name: Laura-Boonen   Target Domain: EUROPE   Target Account ID: EUROPE\Laura-Boonen   Caller User Name: Laura-Boonen   Caller Domain: EUROPE   Caller Logon ID: (0x0,0x2D91080D)   Privileges: -  Changed Attributes:   Sam Account Name: -   Display Name: -   User Principal Name: -   Home Directory: -   Home Drive: -   Script Path: -   Profile Path: -   User Workstations: -   Password Last Set: 1/13/2014 7:28:29 AM   Account Expires: -   Primary Group ID: -   AllowedToDelegateTo: -   Old UAC Value: -   New UAC Value: -   User Account Control: -   User Parameters: -   Sid History: -   Logon Hours: -   
<13>Jan 13 07:28:32 EUNLVEDC01 AgentDevice=WindowsLog	AgentLogFile=Security	PluginVersion=1.0.14	Source=Security	Computer=EUNLVEDC01	User=ANONYMOUS LOGON	Domain=NT AUTHORITY	EventID=642	EventIDCode=642	EventType=8	EventCategory=7	RecordNumber=2554696921	TimeGenerated=1389594509	TimeWritten=1389594509	Message=User Account Changed:   Target Account Name: Laura-Boonen   Target Domain: EUROPE   Target Account ID: EUROPE\Laura-Boonen   Caller User Name: EUNLVEDC01$   Caller Domain: EUROPE   Caller Logon ID: (0x0,0x3E7)   Privileges: -  Changed Attributes:   Sam Account Name: -   Display Name: -   User Principal Name: -   Home Directory: -   Home Drive: -   Script Path: -   Profile Path: -   User Workstations: -   Password Last Set: 1/13/2014 7:28:29 AM   Account Expires: -   Primary Group ID: -   AllowedToDelegateTo: -   Old UAC Value: -   New UAC Value: -   User Account Control: -   User Parameters: -   Sid History: -   Logon Hours: -   
<13>Jan 13 07:28:22 EUNLVEDC02 AgentDevice=WindowsLog	AgentLogFile=Security	PluginVersion=1.0.14	Source=Security	Computer=EUNLVEDC02	User=KPAdm	Domain=EUROPE	EventID=671	EventIDCode=671	EventType=8	EventCategory=7	RecordNumber=1829451842	TimeGenerated=1389594499	TimeWritten=1389594499	Message=User Account Unlocked:   Target Account Name: Marina-Lang   Target Domain:  EUROPE   Target Account ID: EUROPE\Marina-Lang   Caller User Name: KPAdm   Caller Domain: EUROPE   Caller Logon ID: (0x0,0x2D90FB71)   
<13>Jan 13 07:28:22 EUNLVEDC01 AgentDevice=WindowsLog	AgentLogFile=Security	PluginVersion=1.0.14	Source=Security	Computer=EUNLVEDC01	User=KPAdm	Domain=EUROPE	EventID=671	EventIDCode=671	EventType=8	EventCategory=7	RecordNumber=2554696667	TimeGenerated=1389594498	TimeWritten=1389594498	Message=User Account Unlocked:   Target Account Name: Marina-Lang   Target Domain:  EUROPE   Target Account ID: EUROPE\Marina-Lang   Caller User Name: KPAdm   Caller Domain: EUROPE   Caller Logon ID: (0x0,0x9F4E906)   
