<13>Jan 11 22:04:03 USCHPOSDC01 AgentDevice=WindowsLog	AgentLogFile=Security	PluginVersion=1.0.14	Source=Security	Computer=USCHPOSDC01	User=ANONYMOUS LOGON	Domain=NT AUTHORITY	EventID=642	EventIDCode=642	EventType=8	EventCategory=7	RecordNumber=2544628378	TimeGenerated=1389495839	TimeWritten=1389495839	Message=User Account Changed:   Target Account Name: 645099   Target Domain: POS   Target Account ID: POS\645099   Caller User Name: USCHPOSDC01$   Caller Domain: POS   Caller Logon ID: (0x0,0x3E7)   Privileges: -  Changed Attributes:   Sam Account Name: -   Display Name: -   User Principal Name: -   Home Directory: -   Home Drive: -   Script Path: -   Profile Path: -   User Workstations: -   Password Last Set: 1/11/2014 10:03:59 PM   Account Expires: -   Primary Group ID: -   AllowedToDelegateTo: -   Old UAC Value: -   New UAC Value: -   User Account Control: -   User Parameters: -   Sid History: -   Logon Hours: -   
<13>Jan 11 22:04:02 USCHPOSDC02 AgentDevice=WindowsLog	AgentLogFile=Security	PluginVersion=1.0.14	Source=Security	Computer=USCHPOSDC02	User=SVC-IDMAdmin	Domain=NA	EventID=671	EventIDCode=671	EventType=8	EventCategory=7	RecordNumber=573667862	TimeGenerated=1389495839	TimeWritten=1389495839	Message=User Account Unlocked:   Target Account Name: 645099   Target Domain:  POS   Target Account ID: POS\645099   Caller User Name: SVC-IDMAdmin   Caller Domain: NA   Caller Logon ID: (0x0,0x4D07B662)   
<13>Jan 11 22:04:02 USCHPOSDC02 AgentDevice=WindowsLog	AgentLogFile=Security	PluginVersion=1.0.14	Source=Security	Computer=USCHPOSDC02	User=SVC-IDMAdmin	Domain=NA	EventID=642	EventIDCode=642	EventType=8	EventCategory=7	RecordNumber=573667852	TimeGenerated=1389495839	TimeWritten=1389495839	Message=User Account Changed:   Target Account Name: 645099   Target Domain: POS   Target Account ID: POS\645099   Caller User Name: SVC-IDMAdmin   Caller Domain: NA   Caller Logon ID: (0x0,0x4D07B75F)   Privileges: -  Changed Attributes:   Sam Account Name: -   Display Name: -   User Principal Name: -   Home Directory: -   Home Drive: -   Script Path: -   Profile Path: -   User Workstations: -   Password Last Set: 1/11/2014 10:03:59 PM   Account Expires: -   Primary Group ID: -   AllowedToDelegateTo: -   Old UAC Value: -   New UAC Value: -   User Account Control: -   User Parameters: -   Sid History: -   Logon Hours: -   
<13>Jan 11 21:53:29 USHQNADC02 AgentDevice=WindowsLog	AgentLogFile=Security	PluginVersion=1.0.14	Source=Security	Computer=USHQNADC02	User=SYSTEM	Domain=NT AUTHORITY	EventID=644	EventIDCode=644	EventType=8	EventCategory=7	RecordNumber=4072326850	TimeGenerated=1389495205	TimeWritten=1389495205	Message=User Account Locked Out:   Target Account Name: JCBmgr   Target Account ID: NA\JCBmgr   Caller Machine Name: \\10.63.125.95   Caller User Name: USHQNADC02$   Caller Domain: NA   Caller Logon ID: (0x0,0x3E7)   
<13>Jan 11 21:46:28 USCHPOSDC01 AgentDevice=WindowsLog	AgentLogFile=Security	PluginVersion=1.0.14	Source=Security	Computer=USCHPOSDC01	User=SYSTEM	Domain=NT AUTHORITY	EventID=644	EventIDCode=644	EventType=8	EventCategory=7	RecordNumber=2544619340	TimeGenerated=1389494786	TimeWritten=1389494786	Message=User Account Locked Out:   Target Account Name: 652739   Target Account ID: POS\652739   Caller Machine Name: ODS03264K10   Caller User Name: USCHPOSDC01$   Caller Domain: POS   Caller Logon ID: (0x0,0x3E7)   
<13>Jan 11 21:45:44 USCHRETDC01 AgentDevice=WindowsLog	AgentLogFile=Security	PluginVersion=1.0.14	Source=Security	Computer=USCHRETDC01	User=SYSTEM	Domain=NT AUTHORITY	EventID=644	EventIDCode=644	EventType=8	EventCategory=7	RecordNumber=2272725950	TimeGenerated=1389494740	TimeWritten=1389494740	Message=User Account Locked Out:   Target Account Name: Salesxp02266   Target Account ID: ODRETAIL\Salesxp02266   Caller Machine Name: ODS02266W06   Caller User Name: USCHRETDC01$   Caller Domain: ODRETAIL   Caller Logon ID: (0x0,0x3E7)   
<13>Jan 11 21:45:43 USCHRETDC02 AgentDevice=WindowsLog	AgentLogFile=Security	PluginVersion=1.0.14	Source=Security	Computer=USCHRETDC02	User=SYSTEM	Domain=NT AUTHORITY	EventID=644	EventIDCode=644	EventType=8	EventCategory=7	RecordNumber=2059782157	TimeGenerated=1389494740	TimeWritten=1389494740	Message=User Account Locked Out:   Target Account Name: Salesxp02266   Target Account ID: ODRETAIL\Salesxp02266   Caller Machine Name: ODS02266W06   Caller User Name: USCHRETDC02$   Caller Domain: ODRETAIL   Caller Logon ID: (0x0,0x3E7)   
<13>Jan 11 21:40:05 USCHPOSDC02 AgentDevice=WindowsLog	AgentLogFile=Security	PluginVersion=1.0.14	Source=Security	Computer=USCHPOSDC02	User=SVC-IDMAdmin	Domain=NA	EventID=671	EventIDCode=671	EventType=8	EventCategory=7	RecordNumber=573654907	TimeGenerated=1389494402	TimeWritten=1389494402	Message=User Account Unlocked:   Target Account Name: 655607   Target Domain:  POS   Target Account ID: POS\655607   Caller User Name: SVC-IDMAdmin   Caller Domain: NA   Caller Logon ID: (0x0,0x4CF8404A)   
<13>Jan 11 21:40:05 USCHPOSDC02 AgentDevice=WindowsLog	AgentLogFile=Security	PluginVersion=1.0.14	Source=Security	Computer=USCHPOSDC02	User=SVC-IDMAdmin	Domain=NA	EventID=642	EventIDCode=642	EventType=8	EventCategory=7	RecordNumber=573654903	TimeGenerated=1389494401	TimeWritten=1389494401	Message=User Account Changed:   Target Account Name: 655607   Target Domain: POS   Target Account ID: POS\655607   Caller User Name: SVC-IDMAdmin   Caller Domain: NA   Caller Logon ID: (0x0,0x4CF841B3)   Privileges: -  Changed Attributes:   Sam Account Name: -   Display Name: -   User Principal Name: -   Home Directory: -   Home Drive: -   Script Path: -   Profile Path: -   User Workstations: -   Password Last Set: 1/11/2014 9:40:01 PM   Account Expires: -   Primary Group ID: -   AllowedToDelegateTo: -   Old UAC Value: -   New UAC Value: -   User Account Control: -   User Parameters: -   Sid History: -   Logon Hours: -   
<13>Jan 11 21:40:04 USCHPOSDC01 AgentDevice=WindowsLog	AgentLogFile=Security	PluginVersion=1.0.14	Source=Security	Computer=USCHPOSDC01	User=ANONYMOUS LOGON	Domain=NT AUTHORITY	EventID=642	EventIDCode=642	EventType=8	EventCategory=7	RecordNumber=2544615968	TimeGenerated=1389494402	TimeWritten=1389494402	Message=User Account Changed:   Target Account Name: 655607   Target Domain: POS   Target Account ID: POS\655607   Caller User Name: USCHPOSDC01$   Caller Domain: POS   Caller Logon ID: (0x0,0x3E7)   Privileges: -  Changed Attributes:   Sam Account Name: -   Display Name: -   User Principal Name: -   Home Directory: -   Home Drive: -   Script Path: -   Profile Path: -   User Workstations: -   Password Last Set: 1/11/2014 9:40:01 PM   Account Expires: -   Primary Group ID: -   AllowedToDelegateTo: -   Old UAC Value: -   New UAC Value: -   User Account Control: -   User Parameters: -   Sid History: -   Logon Hours: -   
<13>Jan 11 21:39:18 USCHPOSDC01 AgentDevice=WindowsLog	AgentLogFile=Security	PluginVersion=1.0.14	Source=Security	Computer=USCHPOSDC01	User=SVC-IDMAdmin	Domain=NA	EventID=671	EventIDCode=671	EventType=8	EventCategory=7	RecordNumber=2544615508	TimeGenerated=1389494354	TimeWritten=1389494354	Message=User Account Unlocked:   Target Account Name: 592409   Target Domain:  POS   Target Account ID: POS\592409   Caller User Name: SVC-IDMAdmin   Caller Domain: NA   Caller Logon ID: (0x0,0x473A89B1)   
<13>Jan 11 21:39:16 USCHPOSDC01 AgentDevice=WindowsLog	AgentLogFile=Security	PluginVersion=1.0.14	Source=Security	Computer=USCHPOSDC01	User=SVC-IDMAdmin	Domain=NA	EventID=642	EventIDCode=642	EventType=8	EventCategory=7	RecordNumber=2544615498	TimeGenerated=1389494353	TimeWritten=1389494353	Message=User Account Changed:   Target Account Name: 592409   Target Domain: POS   Target Account ID: POS\592409   Caller User Name: SVC-IDMAdmin   Caller Domain: NA   Caller Logon ID: (0x0,0x473A8C1F)   Privileges: -  Changed Attributes:   Sam Account Name: -   Display Name: -   User Principal Name: -   Home Directory: -   Home Drive: -   Script Path: -   Profile Path: -   User Workstations: -   Password Last Set: 1/11/2014 9:39:13 PM   Account Expires: -   Primary Group ID: -   AllowedToDelegateTo: -   Old UAC Value: -   New UAC Value: -   User Account Control: -   User Parameters: -   Sid History: -   Logon Hours: -   
<13>Jan 11 21:22:53 USCHNAHUB02 AgentDevice=WindowsLog	AgentLogFile=Security	PluginVersion=1.0.14	Source=Security	Computer=USCHNAHUB02	User=SYSTEM	Domain=NT AUTHORITY	EventID=644	EventIDCode=644	EventType=8	EventCategory=7	RecordNumber=3020538900	TimeGenerated=1389493370	TimeWritten=1389493370	Message=User Account Locked Out:   Target Account Name: JCBmgr   Target Account ID: NA\JCBmgr   Caller Machine Name: \\10.63.125.95   Caller User Name: USCHNAHUB02$   Caller Domain: NA   Caller Logon ID: (0x0,0x3E7)   
<13>Jan 11 21:22:43 USHQNADC02 AgentDevice=WindowsLog	AgentLogFile=Security	PluginVersion=1.0.14	Source=Security	Computer=USHQNADC02	User=SYSTEM	Domain=NT AUTHORITY	EventID=644	EventIDCode=644	EventType=8	EventCategory=7	RecordNumber=4072315770	TimeGenerated=1389493360	TimeWritten=1389493360	Message=User Account Locked Out:   Target Account Name: JCBmgr   Target Account ID: NA\JCBmgr   Caller Machine Name: \\10.63.125.95   Caller User Name: USHQNADC02$   Caller Domain: NA   Caller Logon ID: (0x0,0x3E7)   
<13>Jan 11 21:16:46 USCHNAHUB02 AgentDevice=WindowsLog	AgentLogFile=Security	PluginVersion=1.0.14	Source=Security	Computer=USCHNAHUB02	User=SYSTEM	Domain=NT AUTHORITY	EventID=644	EventIDCode=644	EventType=8	EventCategory=7	RecordNumber=3020530307	TimeGenerated=1389493002	TimeWritten=1389493002	Message=User Account Locked Out:   Target Account Name: Adrian-Macean   Target Account ID: NA\Adrian-Macean   Caller Machine Name: CHSECGPRS01   Caller User Name: USCHNAHUB02$   Caller Domain: NA   Caller Logon ID: (0x0,0x3E7)   
<13>Jan 11 21:11:26 USCHRETDC01 AgentDevice=WindowsLog	AgentLogFile=Security	PluginVersion=1.0.14	Source=Security	Computer=USCHRETDC01	User=SYSTEM	Domain=NT AUTHORITY	EventID=644	EventIDCode=644	EventType=8	EventCategory=7	RecordNumber=2272679039	TimeGenerated=1389492682	TimeWritten=1389492682	Message=User Account Locked Out:   Target Account Name: Salesxp02583   Target Account ID: ODRETAIL\Salesxp02583   Caller Machine Name: ODS02583W07   Caller User Name: USCHRETDC01$   Caller Domain: ODRETAIL   Caller Logon ID: (0x0,0x3E7)   
<13>Jan 11 21:08:45 USCHPOSDC01 AgentDevice=WindowsLog	AgentLogFile=Security	PluginVersion=1.0.14	Source=Security	Computer=USCHPOSDC01	User=SYSTEM	Domain=NT AUTHORITY	EventID=644	EventIDCode=644	EventType=8	EventCategory=7	RecordNumber=2544596659	TimeGenerated=1389492522	TimeWritten=1389492522	Message=User Account Locked Out:   Target Account Name: 566207   Target Account ID: POS\566207   Caller Machine Name: USCHNABH03   Caller User Name: USCHPOSDC01$   Caller Domain: POS   Caller Logon ID: (0x0,0x3E7)   
<13>Jan 11 21:04:50 USCHRETDC02 AgentDevice=WindowsLog	AgentLogFile=Security	PluginVersion=1.0.14	Source=Security	Computer=USCHRETDC02	User=SYSTEM	Domain=NT AUTHORITY	EventID=644	EventIDCode=644	EventType=8	EventCategory=7	RecordNumber=2059730280	TimeGenerated=1389492287	TimeWritten=1389492287	Message=User Account Locked Out:   Target Account Name: Salesxp00625   Target Account ID: ODRETAIL\Salesxp00625   Caller Machine Name: ODS00625W07   Caller User Name: USCHRETDC02$   Caller Domain: ODRETAIL   Caller Logon ID: (0x0,0x3E7)   
<13>Jan 11 21:04:49 USCHRETDC01 AgentDevice=WindowsLog	AgentLogFile=Security	PluginVersion=1.0.14	Source=Security	Computer=USCHRETDC01	User=SYSTEM	Domain=NT AUTHORITY	EventID=644	EventIDCode=644	EventType=8	EventCategory=7	RecordNumber=2272670380	TimeGenerated=1389492287	TimeWritten=1389492287	Message=User Account Locked Out:   Target Account Name: Salesxp00625   Target Account ID: ODRETAIL\Salesxp00625   Caller Machine Name: ODS00625W07   Caller User Name: USCHRETDC01$   Caller Domain: ODRETAIL   Caller Logon ID: (0x0,0x3E7)   
<13>Jan 11 21:00:00 USCHPOSDC01 AgentDevice=WindowsLog	AgentLogFile=Security	PluginVersion=1.0.14	Source=Security	Computer=USCHPOSDC01	User=SVC-IDMAdmin	Domain=NA	EventID=671	EventIDCode=671	EventType=8	EventCategory=7	RecordNumber=2544591337	TimeGenerated=1389491997	TimeWritten=1389491997	Message=User Account Unlocked:   Target Account Name: 645641   Target Domain:  POS   Target Account ID: POS\645641   Caller User Name: SVC-IDMAdmin   Caller Domain: NA   Caller Logon ID: (0x0,0x47288151)   
<13>Jan 11 21:00:00 USCHPOSDC01 AgentDevice=WindowsLog	AgentLogFile=Security	PluginVersion=1.0.14	Source=Security	Computer=USCHPOSDC01	User=SVC-IDMAdmin	Domain=NA	EventID=642	EventIDCode=642	EventType=8	EventCategory=7	RecordNumber=2544591330	TimeGenerated=1389491996	TimeWritten=1389491996	Message=User Account Changed:   Target Account Name: 645641   Target Domain: POS   Target Account ID: POS\645641   Caller User Name: SVC-IDMAdmin   Caller Domain: NA   Caller Logon ID: (0x0,0x4728821C)   Privileges: -  Changed Attributes:   Sam Account Name: -   Display Name: -   User Principal Name: -   Home Directory: -   Home Drive: -   Script Path: -   Profile Path: -   User Workstations: -   Password Last Set: 1/11/2014 8:59:56 PM   Account Expires: -   Primary Group ID: -   AllowedToDelegateTo: -   Old UAC Value: -   New UAC Value: -   User Account Control: -   User Parameters: -   Sid History: -   Logon Hours: -   
<13>Jan 11 20:54:14 USCHPOSDC01 AgentDevice=WindowsLog	AgentLogFile=Security	PluginVersion=1.0.14	Source=Security	Computer=USCHPOSDC01	User=SVC-IDMAdmin	Domain=NA	EventID=671	EventIDCode=671	EventType=8	EventCategory=7	RecordNumber=2544588297	TimeGenerated=1389491652	TimeWritten=1389491652	Message=User Account Unlocked:   Target Account Name: 606953   Target Domain:  POS   Target Account ID: POS\606953   Caller User Name: SVC-IDMAdmin   Caller Domain: NA   Caller Logon ID: (0x0,0x4725FE07)   
<13>Jan 11 20:54:14 USCHPOSDC01 AgentDevice=WindowsLog	AgentLogFile=Security	PluginVersion=1.0.14	Source=Security	Computer=USCHPOSDC01	User=SVC-IDMAdmin	Domain=NA	EventID=642	EventIDCode=642	EventType=8	EventCategory=7	RecordNumber=2544588287	TimeGenerated=1389491651	TimeWritten=1389491651	Message=User Account Changed:   Target Account Name: 606953   Target Domain: POS   Target Account ID: POS\606953   Caller User Name: SVC-IDMAdmin   Caller Domain: NA   Caller Logon ID: (0x0,0x4725FEC9)   Privileges: -  Changed Attributes:   Sam Account Name: -   Display Name: -   User Principal Name: -   Home Directory: -   Home Drive: -   Script Path: -   Profile Path: -   User Workstations: -   Password Last Set: 1/11/2014 8:54:11 PM   Account Expires: -   Primary Group ID: -   AllowedToDelegateTo: -   Old UAC Value: -   New UAC Value: -   User Account Control: -   User Parameters: -   Sid History: -   Logon Hours: -   
<13>Jan 11 20:54:08 USCHPOSDC01 AgentDevice=WindowsLog	AgentLogFile=Security	PluginVersion=1.0.14	Source=Security	Computer=USCHPOSDC01	User=SYSTEM	Domain=NT AUTHORITY	EventID=644	EventIDCode=644	EventType=8	EventCategory=7	RecordNumber=2544588184	TimeGenerated=1389491645	TimeWritten=1389491645	Message=User Account Locked Out:   Target Account Name: Ods02084Cpc   Target Account ID: POS\Ods02084Cpc   Caller Machine Name: USCHSAPROD01   Caller User Name: USCHPOSDC01$   Caller Domain: POS   Caller Logon ID: (0x0,0x3E7)   
<13>Jan 11 20:52:13 USCHNAHUB02 AgentDevice=WindowsLog	AgentLogFile=Security	PluginVersion=1.0.14	Source=Security	Computer=USCHNAHUB02	User=SYSTEM	Domain=NT AUTHORITY	EventID=644	EventIDCode=644	EventType=8	EventCategory=7	RecordNumber=3020497124	TimeGenerated=1389491531	TimeWritten=1389491531	Message=User Account Locked Out:   Target Account Name: JCBmgr   Target Account ID: NA\JCBmgr   Caller Machine Name: \\10.63.125.95   Caller User Name: USCHNAHUB02$   Caller Domain: NA   Caller Logon ID: (0x0,0x3E7)   
<13>Jan 11 20:52:01 USHQNADC01 AgentDevice=WindowsLog	AgentLogFile=Security	PluginVersion=1.0.14	Source=Security	Computer=USHQNADC01	User=SYSTEM	Domain=NT AUTHORITY	EventID=644	EventIDCode=644	EventType=8	EventCategory=7	RecordNumber=232017724	TimeGenerated=1389491519	TimeWritten=1389491519	Message=User Account Locked Out:   Target Account Name: JCBmgr   Target Account ID: NA\JCBmgr   Caller Machine Name: \\10.63.125.95   Caller User Name: USHQNADC01$   Caller Domain: NA   Caller Logon ID: (0x0,0x3E7)   
<13>Jan 11 20:42:25 USCHPOSDC01 AgentDevice=WindowsLog	AgentLogFile=Security	PluginVersion=1.0.14	Source=Security	Computer=USCHPOSDC01	User=SYSTEM	Domain=NT AUTHORITY	EventID=644	EventIDCode=644	EventType=8	EventCategory=7	RecordNumber=2544580925	TimeGenerated=1389490943	TimeWritten=1389490943	Message=User Account Locked Out:   Target Account Name: 224297   Target Account ID: POS\224297   Caller Machine Name: USCHNABH02   Caller User Name: USCHPOSDC01$   Caller Domain: POS   Caller Logon ID: (0x0,0x3E7)   
<13>Jan 11 20:42:03 USCHPOSDC01 AgentDevice=WindowsLog	AgentLogFile=Security	PluginVersion=1.0.14	Source=Security	Computer=USCHPOSDC01	User=SYSTEM	Domain=NT AUTHORITY	EventID=644	EventIDCode=644	EventType=8	EventCategory=7	RecordNumber=2544580582	TimeGenerated=1389490921	TimeWritten=1389490921	Message=User Account Locked Out:   Target Account Name: 654882   Target Account ID: POS\654882   Caller Machine Name: USCHNABH03   Caller User Name: USCHPOSDC01$   Caller Domain: POS   Caller Logon ID: (0x0,0x3E7)   
<13>Jan 11 20:40:13 USCHPOSDC02 AgentDevice=WindowsLog	AgentLogFile=Security	PluginVersion=1.0.14	Source=Security	Computer=USCHPOSDC02	User=SVC-IDMAdmin	Domain=NA	EventID=671	EventIDCode=671	EventType=8	EventCategory=7	RecordNumber=573612253	TimeGenerated=1389490810	TimeWritten=1389490810	Message=User Account Unlocked:   Target Account Name: 165908   Target Domain:  POS   Target Account ID: POS\165908   Caller User Name: SVC-IDMAdmin   Caller Domain: NA   Caller Logon ID: (0x0,0x4CCDD5DE)   
<13>Jan 11 20:40:13 USCHPOSDC02 AgentDevice=WindowsLog	AgentLogFile=Security	PluginVersion=1.0.14	Source=Security	Computer=USCHPOSDC02	User=SVC-IDMAdmin	Domain=NA	EventID=642	EventIDCode=642	EventType=8	EventCategory=7	RecordNumber=573612246	TimeGenerated=1389490810	TimeWritten=1389490810	Message=User Account Changed:   Target Account Name: 165908   Target Domain: POS   Target Account ID: POS\165908   Caller User Name: SVC-IDMAdmin   Caller Domain: NA   Caller Logon ID: (0x0,0x4CCDD662)   Privileges: -  Changed Attributes:   Sam Account Name: -   Display Name: -   User Principal Name: -   Home Directory: -   Home Drive: -   Script Path: -   Profile Path: -   User Workstations: -   Password Last Set: 1/11/2014 8:40:10 PM   Account Expires: -   Primary Group ID: -   AllowedToDelegateTo: -   Old UAC Value: -   New UAC Value: -   User Account Control: -   User Parameters: -   Sid History: -   Logon Hours: -   
<13>Jan 11 20:40:12 USCHPOSDC01 AgentDevice=WindowsLog	AgentLogFile=Security	PluginVersion=1.0.14	Source=Security	Computer=USCHPOSDC01	User=ANONYMOUS LOGON	Domain=NT AUTHORITY	EventID=642	EventIDCode=642	EventType=8	EventCategory=7	RecordNumber=2544579297	TimeGenerated=1389490810	TimeWritten=1389490810	Message=User Account Changed:   Target Account Name: 165908   Target Domain: POS   Target Account ID: POS\165908   Caller User Name: USCHPOSDC01$   Caller Domain: POS   Caller Logon ID: (0x0,0x3E7)   Privileges: -  Changed Attributes:   Sam Account Name: -   Display Name: -   User Principal Name: -   Home Directory: -   Home Drive: -   Script Path: -   Profile Path: -   User Workstations: -   Password Last Set: 1/11/2014 8:40:10 PM   Account Expires: -   Primary Group ID: -   AllowedToDelegateTo: -   Old UAC Value: -   New UAC Value: -   User Account Control: -   User Parameters: -   Sid History: -   Logon Hours: -   
<13>Jan 11 20:38:51 USCHRETDC01 AgentDevice=WindowsLog	AgentLogFile=Security	PluginVersion=1.0.14	Source=Security	Computer=USCHRETDC01	User=SYSTEM	Domain=NT AUTHORITY	EventID=644	EventIDCode=644	EventType=8	EventCategory=7	RecordNumber=2272635943	TimeGenerated=1389490728	TimeWritten=1389490728	Message=User Account Locked Out:   Target Account Name: Salesxp00832   Target Account ID: ODRETAIL\Salesxp00832   Caller Machine Name: ODS00832W07   Caller User Name: USCHRETDC01$   Caller Domain: ODRETAIL   Caller Logon ID: (0x0,0x3E7)   
<13>Jan 11 20:35:58 USCHPOSDC01 AgentDevice=WindowsLog	AgentLogFile=Security	PluginVersion=1.0.14	Source=Security	Computer=USCHPOSDC01	User=SVC-IDMAdmin	Domain=NA	EventID=671	EventIDCode=671	EventType=8	EventCategory=7	RecordNumber=2544576313	TimeGenerated=1389490555	TimeWritten=1389490555	Message=User Account Unlocked:   Target Account Name: 629155   Target Domain:  POS   Target Account ID: POS\629155   Caller User Name: SVC-IDMAdmin   Caller Domain: NA   Caller Logon ID: (0x0,0x471D5866)   
<13>Jan 11 20:35:58 USCHPOSDC01 AgentDevice=WindowsLog	AgentLogFile=Security	PluginVersion=1.0.14	Source=Security	Computer=USCHPOSDC01	User=SVC-IDMAdmin	Domain=NA	EventID=642	EventIDCode=642	EventType=8	EventCategory=7	RecordNumber=2544576308	TimeGenerated=1389490555	TimeWritten=1389490555	Message=User Account Changed:   Target Account Name: 629155   Target Domain: POS   Target Account ID: POS\629155   Caller User Name: SVC-IDMAdmin   Caller Domain: NA   Caller Logon ID: (0x0,0x471D5B2F)   Privileges: -  Changed Attributes:   Sam Account Name: -   Display Name: -   User Principal Name: -   Home Directory: -   Home Drive: -   Script Path: -   Profile Path: -   User Workstations: -   Password Last Set: 1/11/2014 8:35:54 PM   Account Expires: -   Primary Group ID: -   AllowedToDelegateTo: -   Old UAC Value: -   New UAC Value: -   User Account Control: -   User Parameters: -   Sid History: -   Logon Hours: -   
<13>Jan 11 20:31:58 USHQFSC02S02 AgentDevice=WindowsLog	AgentLogFile=Security	PluginVersion=1.0.14	Source=Security	Computer=USHQFSC02S01	User=SYSTEM	Domain=NT AUTHORITY	EventID=644	EventIDCode=644	EventType=8	EventCategory=7	RecordNumber=170526464	TimeGenerated=1389490294	TimeWritten=1389490294	Message=User Account Locked Out:   Target Account Name: john-jacobs   Target Account ID: USHQFSC02S02\john-jacobs   Caller Machine Name: ODS00440W07   Caller User Name: USHQFSC02S01$   Caller Domain: NA   Caller Logon ID: (0x0,0x3E7)   
<13>Jan 11 20:31:37 USCHC10WEB02 AgentDevice=WindowsLog	AgentLogFile=Security	PluginVersion=1.0.14	Source=Security	Computer=USCHC10WEB02	User=SYSTEM	Domain=NT AUTHORITY	EventID=644	EventIDCode=644	EventType=8	EventCategory=7	RecordNumber=115958650	TimeGenerated=1389490294	TimeWritten=1389490294	Message=User Account Locked Out:   Target Account Name: john-jacobs   Target Account ID: USCHC10WEB02\john-jacobs   Caller Machine Name: ODS00914W07   Caller User Name: USCHC10WEB02$   Caller Domain: NA   Caller Logon ID: (0x0,0x3E7)   
<13>Jan 11 20:31:38 USHQFSC02S01 AgentDevice=WindowsLog	AgentLogFile=Security	PluginVersion=1.0.14	Source=Security	Computer=USHQFSC02S01	User=SYSTEM	Domain=NT AUTHORITY	EventID=644	EventIDCode=644	EventType=8	EventCategory=7	RecordNumber=309873853	TimeGenerated=1389490294	TimeWritten=1389490294	Message=User Account Locked Out:   Target Account Name: john-jacobs   Target Account ID: USHQFSC02S01\john-jacobs   Caller Machine Name: ODS00440W07   Caller User Name: USHQFSC02S01$   Caller Domain: NA   Caller Logon ID: (0x0,0x3E7)   
<13>Jan 11 20:28:25 USCHRETDC01 AgentDevice=WindowsLog	AgentLogFile=Security	PluginVersion=1.0.14	Source=Security	Computer=USCHRETDC01	User=SYSTEM	Domain=NT AUTHORITY	EventID=644	EventIDCode=644	EventType=8	EventCategory=7	RecordNumber=2272622598	TimeGenerated=1389490101	TimeWritten=1389490101	Message=User Account Locked Out:   Target Account Name: Salesxp02459   Target Account ID: ODRETAIL\Salesxp02459   Caller Machine Name: ODS02459W06   Caller User Name: USCHRETDC01$   Caller Domain: ODRETAIL   Caller Logon ID: (0x0,0x3E7)   
<13>Jan 11 20:28:24 USCHRETDC02 AgentDevice=WindowsLog	AgentLogFile=Security	PluginVersion=1.0.14	Source=Security	Computer=USCHRETDC02	User=SYSTEM	Domain=NT AUTHORITY	EventID=644	EventIDCode=644	EventType=8	EventCategory=7	RecordNumber=2059686240	TimeGenerated=1389490102	TimeWritten=1389490102	Message=User Account Locked Out:   Target Account Name: Salesxp02459   Target Account ID: ODRETAIL\Salesxp02459   Caller Machine Name: ODS02459W06   Caller User Name: USCHRETDC02$   Caller Domain: ODRETAIL   Caller Logon ID: (0x0,0x3E7)   
<13>Jan 11 20:23:51 USCHNAHUB01 AgentDevice=WindowsLog	AgentLogFile=Security	PluginVersion=1.0.14	Source=Security	Computer=USCHNAHUB01	User=Brian-Doherty	Domain=NA	EventID=642	EventIDCode=642	EventType=8	EventCategory=7	RecordNumber=358292367	TimeGenerated=1389485744	TimeWritten=1389485744	Message=User Account Changed:   Target Account Name: Brian-Doherty   Target Domain: NA   Target Account ID: NA\Brian-Doherty   Caller User Name: Brian-Doherty   Caller Domain: NA   Caller Logon ID: (0x0,0xAF941164)   Privileges: -  Changed Attributes:   Sam Account Name: -   Display Name: -   User Principal Name: -   Home Directory: -   Home Drive: -   Script Path: -   Profile Path: -   User Workstations: -   Password Last Set: 1/11/2014 7:15:44 PM   Account Expires: -   Primary Group ID: -   AllowedToDelegateTo: -   Old UAC Value: -   New UAC Value: -   User Account Control: -   User Parameters: -   Sid History: -   Logon Hours: -   
<13>Jan 11 20:21:52 USCHNAHUB02 AgentDevice=WindowsLog	AgentLogFile=Security	PluginVersion=1.0.14	Source=Security	Computer=USCHNAHUB02	User=SYSTEM	Domain=NT AUTHORITY	EventID=644	EventIDCode=644	EventType=8	EventCategory=7	RecordNumber=3020463925	TimeGenerated=1389489710	TimeWritten=1389489710	Message=User Account Locked Out:   Target Account Name: 594632MGR   Target Account ID: NA\594632MGR   Caller Machine Name: S4SNC-DW   Caller User Name: USCHNAHUB02$   Caller Domain: NA   Caller Logon ID: (0x0,0x3E7)   
<13>Jan 11 20:21:32 USCHNAHUB02 AgentDevice=WindowsLog	AgentLogFile=Security	PluginVersion=1.0.14	Source=Security	Computer=USCHNAHUB02	User=SYSTEM	Domain=NT AUTHORITY	EventID=644	EventIDCode=644	EventType=8	EventCategory=7	RecordNumber=3020463300	TimeGenerated=1389489688	TimeWritten=1389489688	Message=User Account Locked Out:   Target Account Name: JCBmgr   Target Account ID: NA\JCBmgr   Caller Machine Name: \\10.63.125.95   Caller User Name: USCHNAHUB02$   Caller Domain: NA   Caller Logon ID: (0x0,0x3E7)   
<13>Jan 11 20:21:02 USHQNADC01 AgentDevice=WindowsLog	AgentLogFile=Security	PluginVersion=1.0.14	Source=Security	Computer=USHQNADC01	User=SYSTEM	Domain=NT AUTHORITY	EventID=644	EventIDCode=644	EventType=8	EventCategory=7	RecordNumber=232004531	TimeGenerated=1389489659	TimeWritten=1389489659	Message=User Account Locked Out:   Target Account Name: JCBmgr   Target Account ID: NA\JCBmgr   Caller Machine Name: \\10.63.125.95   Caller User Name: USHQNADC01$   Caller Domain: NA   Caller Logon ID: (0x0,0x3E7)   
<13>Jan 11 20:19:57 USCHPOSDC01 AgentDevice=WindowsLog	AgentLogFile=Security	PluginVersion=1.0.14	Source=Security	Computer=USCHPOSDC01	User=SYSTEM	Domain=NT AUTHORITY	EventID=644	EventIDCode=644	EventType=8	EventCategory=7	RecordNumber=2544565688	TimeGenerated=1389489595	TimeWritten=1389489595	Message=User Account Locked Out:   Target Account Name: 633264   Target Account ID: POS\633264   Caller Machine Name: USCHNABH01   Caller User Name: USCHPOSDC01$   Caller Domain: POS   Caller Logon ID: (0x0,0x3E7)   
<13>Jan 11 20:11:26 USCHRETDC01 AgentDevice=WindowsLog	AgentLogFile=Security	PluginVersion=1.0.14	Source=Security	Computer=USCHRETDC01	User=SYSTEM	Domain=NT AUTHORITY	EventID=644	EventIDCode=644	EventType=8	EventCategory=7	RecordNumber=2272599235	TimeGenerated=1389489082	TimeWritten=1389489082	Message=User Account Locked Out:   Target Account Name: Salesxp02246   Target Account ID: ODRETAIL\Salesxp02246   Caller Machine Name: ODS02246W07   Caller User Name: USCHRETDC01$   Caller Domain: ODRETAIL   Caller Logon ID: (0x0,0x3E7)   
<13>Jan 11 20:11:25 USCHRETDC02 AgentDevice=WindowsLog	AgentLogFile=Security	PluginVersion=1.0.14	Source=Security	Computer=USCHRETDC02	User=SYSTEM	Domain=NT AUTHORITY	EventID=644	EventIDCode=644	EventType=8	EventCategory=7	RecordNumber=2059664810	TimeGenerated=1389489082	TimeWritten=1389489082	Message=User Account Locked Out:   Target Account Name: Salesxp02246   Target Account ID: ODRETAIL\Salesxp02246   Caller Machine Name: ODS02246W07   Caller User Name: USCHRETDC02$   Caller Domain: ODRETAIL   Caller Logon ID: (0x0,0x3E7)   
<13>Jan 11 20:10:17 USCHRETDC01 AgentDevice=WindowsLog	AgentLogFile=Security	PluginVersion=1.0.14	Source=Security	Computer=USCHRETDC01	User=SYSTEM	Domain=NT AUTHORITY	EventID=644	EventIDCode=644	EventType=8	EventCategory=7	RecordNumber=2272597730	TimeGenerated=1389489013	TimeWritten=1389489013	Message=User Account Locked Out:   Target Account Name: Salesxp00086   Target Account ID: ODRETAIL\Salesxp00086   Caller Machine Name: ODS00086W09   Caller User Name: USCHRETDC01$   Caller Domain: ODRETAIL   Caller Logon ID: (0x0,0x3E7)   
<13>Jan 11 20:10:16 USCHRETDC02 AgentDevice=WindowsLog	AgentLogFile=Security	PluginVersion=1.0.14	Source=Security	Computer=USCHRETDC02	User=SYSTEM	Domain=NT AUTHORITY	EventID=644	EventIDCode=644	EventType=8	EventCategory=7	RecordNumber=2059663449	TimeGenerated=1389489014	TimeWritten=1389489014	Message=User Account Locked Out:   Target Account Name: Salesxp00086   Target Account ID: ODRETAIL\Salesxp00086   Caller Machine Name: ODS00086W09   Caller User Name: USCHRETDC02$   Caller Domain: ODRETAIL   Caller Logon ID: (0x0,0x3E7)   
<13>Jan 11 20:07:28 USCHRETDC01 AgentDevice=WindowsLog	AgentLogFile=Security	PluginVersion=1.0.14	Source=Security	Computer=USCHRETDC01	User=SYSTEM	Domain=NT AUTHORITY	EventID=644	EventIDCode=644	EventType=8	EventCategory=7	RecordNumber=2272593820	TimeGenerated=1389488845	TimeWritten=1389488845	Message=User Account Locked Out:   Target Account Name: Salesxp00940   Target Account ID: ODRETAIL\Salesxp00940   Caller Machine Name: ODS00940W09   Caller User Name: USCHRETDC01$   Caller Domain: ODRETAIL   Caller Logon ID: (0x0,0x3E7)   
<13>Jan 11 20:07:28 USCHRETDC02 AgentDevice=WindowsLog	AgentLogFile=Security	PluginVersion=1.0.14	Source=Security	Computer=USCHRETDC02	User=SYSTEM	Domain=NT AUTHORITY	EventID=644	EventIDCode=644	EventType=8	EventCategory=7	RecordNumber=2059659814	TimeGenerated=1389488845	TimeWritten=1389488845	Message=User Account Locked Out:   Target Account Name: Salesxp00940   Target Account ID: ODRETAIL\Salesxp00940   Caller Machine Name: ODS00940W09   Caller User Name: USCHRETDC02$   Caller Domain: ODRETAIL   Caller Logon ID: (0x0,0x3E7)   
<13>Jan 11 20:06:08 USCHPOSDC01 AgentDevice=WindowsLog	AgentLogFile=Security	PluginVersion=1.0.14	Source=Security	Computer=USCHPOSDC01	User=SVC-IDMAdmin	Domain=NA	EventID=671	EventIDCode=671	EventType=8	EventCategory=7	RecordNumber=2544555521	TimeGenerated=1389488765	TimeWritten=1389488765	Message=User Account Unlocked:   Target Account Name: 405761   Target Domain:  POS   Target Account ID: POS\405761   Caller User Name: SVC-IDMAdmin   Caller Domain: NA   Caller Logon ID: (0x0,0x470EFA9B)   
<13>Jan 11 20:06:08 USCHPOSDC01 AgentDevice=WindowsLog	AgentLogFile=Security	PluginVersion=1.0.14	Source=Security	Computer=USCHPOSDC01	User=SVC-IDMAdmin	Domain=NA	EventID=642	EventIDCode=642	EventType=8	EventCategory=7	RecordNumber=2544555510	TimeGenerated=1389488765	TimeWritten=1389488765	Message=User Account Changed:   Target Account Name: 405761   Target Domain: POS   Target Account ID: POS\405761   Caller User Name: SVC-IDMAdmin   Caller Domain: NA   Caller Logon ID: (0x0,0x470EFC90)   Privileges: -  Changed Attributes:   Sam Account Name: -   Display Name: -   User Principal Name: -   Home Directory: -   Home Drive: -   Script Path: -   Profile Path: -   User Workstations: -   Password Last Set: 1/11/2014 8:06:05 PM   Account Expires: -   Primary Group ID: -   AllowedToDelegateTo: -   Old UAC Value: -   New UAC Value: -   User Account Control: -   User Parameters: -   Sid History: -   Logon Hours: -   
<13>Jan 11 20:05:30 USCHNAHUB02 AgentDevice=WindowsLog	AgentLogFile=Security	PluginVersion=1.0.14	Source=Security	Computer=USCHNAHUB02	User=SYSTEM	Domain=NT AUTHORITY	EventID=644	EventIDCode=644	EventType=8	EventCategory=7	RecordNumber=3020440652	TimeGenerated=1389488727	TimeWritten=1389488727	Message=User Account Locked Out:   Target Account Name: 649314MAN   Target Account ID: NA\649314MAN   Caller Machine Name: USCHFINC01S01   Caller User Name: USCHNAHUB02$   Caller Domain: NA   Caller Logon ID: (0x0,0x3E7)   
<13>Jan 11 20:02:19 USCHPOSDC01 AgentDevice=WindowsLog	AgentLogFile=Security	PluginVersion=1.0.14	Source=Security	Computer=USCHPOSDC01	User=SYSTEM	Domain=NT AUTHORITY	EventID=644	EventIDCode=644	EventType=8	EventCategory=7	RecordNumber=2544552840	TimeGenerated=1389488536	TimeWritten=1389488536	Message=User Account Locked Out:   Target Account Name: 604562   Target Account ID: POS\604562   Caller Machine Name: USCHNABH03   Caller User Name: USCHPOSDC01$   Caller Domain: POS   Caller Logon ID: (0x0,0x3E7)   
<13>Jan 11 19:55:19 USCHC10WEB01 AgentDevice=WindowsLog	AgentLogFile=Security	PluginVersion=1.0.14	Source=Security	Computer=USCHC10WEB01	User=SYSTEM	Domain=NT AUTHORITY	EventID=644	EventIDCode=644	EventType=8	EventCategory=7	RecordNumber=115323789	TimeGenerated=1389488116	TimeWritten=1389488116	Message=User Account Locked Out:   Target Account Name: john-jacobs   Target Account ID: USCHC10WEB01\john-jacobs   Caller Machine Name: ODS00072W07   Caller User Name: USCHC10WEB01$   Caller Domain: NA   Caller Logon ID: (0x0,0x3E7)   
<13>Jan 11 19:51:51 USHQFSC02S02 AgentDevice=WindowsLog	AgentLogFile=Security	PluginVersion=1.0.14	Source=Security	Computer=USHQFSC02S01	User=SYSTEM	Domain=NT AUTHORITY	EventID=644	EventIDCode=644	EventType=8	EventCategory=7	RecordNumber=170525190	TimeGenerated=1389487893	TimeWritten=1389487893	Message=User Account Locked Out:   Target Account Name: john-jacobs   Target Account ID: USHQFSC02S02\john-jacobs   Caller Machine Name: ODS02364W07   Caller User Name: USHQFSC02S01$   Caller Domain: NA   Caller Logon ID: (0x0,0x3E7)   
<13>Jan 11 19:51:36 USHQFSC02S01 AgentDevice=WindowsLog	AgentLogFile=Security	PluginVersion=1.0.14	Source=Security	Computer=USHQFSC02S01	User=SYSTEM	Domain=NT AUTHORITY	EventID=644	EventIDCode=644	EventType=8	EventCategory=7	RecordNumber=309872586	TimeGenerated=1389487893	TimeWritten=1389487893	Message=User Account Locked Out:   Target Account Name: john-jacobs   Target Account ID: USHQFSC02S01\john-jacobs   Caller Machine Name: ODS02364W07   Caller User Name: USHQFSC02S01$   Caller Domain: NA   Caller Logon ID: (0x0,0x3E7)   
<13>Jan 11 19:50:44 USCHNAHUB02 AgentDevice=WindowsLog	AgentLogFile=Security	PluginVersion=1.0.14	Source=Security	Computer=USCHNAHUB02	User=SYSTEM	Domain=NT AUTHORITY	EventID=644	EventIDCode=644	EventType=8	EventCategory=7	RecordNumber=3020421316	TimeGenerated=1389487841	TimeWritten=1389487841	Message=User Account Locked Out:   Target Account Name: JCBmgr   Target Account ID: NA\JCBmgr   Caller Machine Name: \\10.63.125.95   Caller User Name: USCHNAHUB02$   Caller Domain: NA   Caller Logon ID: (0x0,0x3E7)   
<13>Jan 11 19:50:35 USHQNADC01 AgentDevice=WindowsLog	AgentLogFile=Security	PluginVersion=1.0.14	Source=Security	Computer=USHQNADC01	User=SYSTEM	Domain=NT AUTHORITY	EventID=644	EventIDCode=644	EventType=8	EventCategory=7	RecordNumber=231990847	TimeGenerated=1389487833	TimeWritten=1389487833	Message=User Account Locked Out:   Target Account Name: JCBmgr   Target Account ID: NA\JCBmgr   Caller Machine Name: \\10.63.125.95   Caller User Name: USHQNADC01$   Caller Domain: NA   Caller Logon ID: (0x0,0x3E7)   
<13>Jan 11 19:50:11 USCHPOSDC01 AgentDevice=WindowsLog	AgentLogFile=Security	PluginVersion=1.0.14	Source=Security	Computer=USCHPOSDC01	User=SYSTEM	Domain=NT AUTHORITY	EventID=644	EventIDCode=644	EventType=8	EventCategory=7	RecordNumber=2544544480	TimeGenerated=1389487808	TimeWritten=1389487808	Message=User Account Locked Out:   Target Account Name: 654865   Target Account ID: POS\654865   Caller Machine Name: USCHNABH03   Caller User Name: USCHPOSDC01$   Caller Domain: POS   Caller Logon ID: (0x0,0x3E7)   
<13>Jan 11 19:49:47 USCHPOSDC01 AgentDevice=WindowsLog	AgentLogFile=Security	PluginVersion=1.0.14	Source=Security	Computer=USCHPOSDC01	User=SVC-IDMAdmin	Domain=NA	EventID=671	EventIDCode=671	EventType=8	EventCategory=7	RecordNumber=2544544285	TimeGenerated=1389487785	TimeWritten=1389487785	Message=User Account Unlocked:   Target Account Name: 636290   Target Domain:  POS   Target Account ID: POS\636290   Caller User Name: SVC-IDMAdmin   Caller Domain: NA   Caller Logon ID: (0x0,0x47075549)   
<13>Jan 11 19:49:47 USCHPOSDC01 AgentDevice=WindowsLog	AgentLogFile=Security	PluginVersion=1.0.14	Source=Security	Computer=USCHPOSDC01	User=SVC-IDMAdmin	Domain=NA	EventID=642	EventIDCode=642	EventType=8	EventCategory=7	RecordNumber=2544544274	TimeGenerated=1389487784	TimeWritten=1389487784	Message=User Account Changed:   Target Account Name: 636290   Target Domain: POS   Target Account ID: POS\636290   Caller User Name: SVC-IDMAdmin   Caller Domain: NA   Caller Logon ID: (0x0,0x470755C8)   Privileges: -  Changed Attributes:   Sam Account Name: -   Display Name: -   User Principal Name: -   Home Directory: -   Home Drive: -   Script Path: -   Profile Path: -   User Workstations: -   Password Last Set: 1/11/2014 7:49:44 PM   Account Expires: -   Primary Group ID: -   AllowedToDelegateTo: -   Old UAC Value: -   New UAC Value: -   User Account Control: -   User Parameters: -   Sid History: -   Logon Hours: -   
<13>Jan 11 19:45:31 USCHRETDC01 AgentDevice=WindowsLog	AgentLogFile=Security	PluginVersion=1.0.14	Source=Security	Computer=USCHRETDC01	User=SYSTEM	Domain=NT AUTHORITY	EventID=644	EventIDCode=644	EventType=8	EventCategory=7	RecordNumber=2272563964	TimeGenerated=1389487527	TimeWritten=1389487527	Message=User Account Locked Out:   Target Account Name: Salesxp00094   Target Account ID: ODRETAIL\Salesxp00094   Caller Machine Name: ODS00094W06   Caller User Name: USCHRETDC01$   Caller Domain: ODRETAIL   Caller Logon ID: (0x0,0x3E7)   
<13>Jan 11 19:43:25 USCHPOSDC01 AgentDevice=WindowsLog	AgentLogFile=Security	PluginVersion=1.0.14	Source=Security	Computer=USCHPOSDC01	User=SVC-IDMAdmin	Domain=NA	EventID=671	EventIDCode=671	EventType=8	EventCategory=7	RecordNumber=2544540664	TimeGenerated=1389487401	TimeWritten=1389487401	Message=User Account Unlocked:   Target Account Name: 648447   Target Domain:  POS   Target Account ID: POS\648447   Caller User Name: SVC-IDMAdmin   Caller Domain: NA   Caller Logon ID: (0x0,0x47043741)   
<13>Jan 11 19:43:25 USCHPOSDC01 AgentDevice=WindowsLog	AgentLogFile=Security	PluginVersion=1.0.14	Source=Security	Computer=USCHPOSDC01	User=SVC-IDMAdmin	Domain=NA	EventID=642	EventIDCode=642	EventType=8	EventCategory=7	RecordNumber=2544540660	TimeGenerated=1389487401	TimeWritten=1389487401	Message=User Account Changed:   Target Account Name: 648447   Target Domain: POS   Target Account ID: POS\648447   Caller User Name: SVC-IDMAdmin   Caller Domain: NA   Caller Logon ID: (0x0,0x47044168)   Privileges: -  Changed Attributes:   Sam Account Name: -   Display Name: -   User Principal Name: -   Home Directory: -   Home Drive: -   Script Path: -   Profile Path: -   User Workstations: -   Password Last Set: 1/11/2014 7:43:21 PM   Account Expires: -   Primary Group ID: -   AllowedToDelegateTo: -   Old UAC Value: -   New UAC Value: -   User Account Control: -   User Parameters: -   Sid History: -   Logon Hours: -   
<13>Jan 11 19:42:45 USCHPOSDC01 AgentDevice=WindowsLog	AgentLogFile=Security	PluginVersion=1.0.14	Source=Security	Computer=USCHPOSDC01	User=SVC-IDMAdmin	Domain=NA	EventID=671	EventIDCode=671	EventType=8	EventCategory=7	RecordNumber=2544540218	TimeGenerated=1389487363	TimeWritten=1389487363	Message=User Account Unlocked:   Target Account Name: 187578   Target Domain:  POS   Target Account ID: POS\187578   Caller User Name: SVC-IDMAdmin   Caller Domain: NA   Caller Logon ID: (0x0,0x470407F9)   
<13>Jan 11 19:42:45 USCHPOSDC01 AgentDevice=WindowsLog	AgentLogFile=Security	PluginVersion=1.0.14	Source=Security	Computer=USCHPOSDC01	User=SVC-IDMAdmin	Domain=NA	EventID=642	EventIDCode=642	EventType=8	EventCategory=7	RecordNumber=2544540211	TimeGenerated=1389487362	TimeWritten=1389487362	Message=User Account Changed:   Target Account Name: 187578   Target Domain: POS   Target Account ID: POS\187578   Caller User Name: SVC-IDMAdmin   Caller Domain: NA   Caller Logon ID: (0x0,0x47040874)   Privileges: -  Changed Attributes:   Sam Account Name: -   Display Name: -   User Principal Name: -   Home Directory: -   Home Drive: -   Script Path: -   Profile Path: -   User Workstations: -   Password Last Set: 1/11/2014 7:42:42 PM   Account Expires: -   Primary Group ID: -   AllowedToDelegateTo: -   Old UAC Value: -   New UAC Value: -   User Account Control: -   User Parameters: -   Sid History: -   Logon Hours: -   
<13>Jan 11 19:36:43 USHQNADC01 AgentDevice=WindowsLog	AgentLogFile=Security	PluginVersion=1.0.14	Source=Security	Computer=USHQNADC01	User=SYSTEM	Domain=NT AUTHORITY	EventID=644	EventIDCode=644	EventType=8	EventCategory=7	RecordNumber=231976572	TimeGenerated=1389485985	TimeWritten=1389485985	Message=User Account Locked Out:   Target Account Name: JCBmgr   Target Account ID: NA\JCBmgr   Caller Machine Name: \\10.63.125.95   Caller User Name: USHQNADC01$   Caller Domain: NA   Caller Logon ID: (0x0,0x3E7)   
<13>Jan 11 19:31:36 USHQNADC01 AgentDevice=WindowsLog	AgentLogFile=Security	PluginVersion=1.0.14	Source=Security	Computer=USHQNADC01	User=SYSTEM	Domain=NT AUTHORITY	EventID=644	EventIDCode=644	EventType=8	EventCategory=7	RecordNumber=231961842	TimeGenerated=1389484141	TimeWritten=1389484141	Message=User Account Locked Out:   Target Account Name: JCBmgr   Target Account ID: NA\JCBmgr   Caller Machine Name: \\10.63.125.95   Caller User Name: USHQNADC01$   Caller Domain: NA   Caller Logon ID: (0x0,0x3E7)   
<13>Jan 11 19:30:00 USCHRETDC01 AgentDevice=WindowsLog	AgentLogFile=Security	PluginVersion=1.0.14	Source=Security	Computer=USCHRETDC01	User=SYSTEM	Domain=NT AUTHORITY	EventID=644	EventIDCode=644	EventType=8	EventCategory=7	RecordNumber=2272541550	TimeGenerated=1389486596	TimeWritten=1389486596	Message=User Account Locked Out:   Target Account Name: Salesxp00969   Target Account ID: ODRETAIL\Salesxp00969   Caller Machine Name: ODS00969W12   Caller User Name: USCHRETDC01$   Caller Domain: ODRETAIL   Caller Logon ID: (0x0,0x3E7)   
<13>Jan 11 19:29:59 USCHRETDC02 AgentDevice=WindowsLog	AgentLogFile=Security	PluginVersion=1.0.14	Source=Security	Computer=USCHRETDC02	User=SYSTEM	Domain=NT AUTHORITY	EventID=644	EventIDCode=644	EventType=8	EventCategory=7	RecordNumber=2059611785	TimeGenerated=1389486596	TimeWritten=1389486596	Message=User Account Locked Out:   Target Account Name: Salesxp00969   Target Account ID: ODRETAIL\Salesxp00969   Caller Machine Name: ODS00969W12   Caller User Name: USCHRETDC02$   Caller Domain: ODRETAIL   Caller Logon ID: (0x0,0x3E7)   
<13>Jan 11 19:29:52 USCHPOSDC01 AgentDevice=WindowsLog	AgentLogFile=Security	PluginVersion=1.0.14	Source=Security	Computer=USCHPOSDC01	User=SVC-IDMAdmin	Domain=NA	EventID=671	EventIDCode=671	EventType=8	EventCategory=7	RecordNumber=2544531955	TimeGenerated=1389486588	TimeWritten=1389486588	Message=User Account Unlocked:   Target Account Name: 644417   Target Domain:  POS   Target Account ID: POS\644417   Caller User Name: SVC-IDMAdmin   Caller Domain: NA   Caller Logon ID: (0x0,0x46FE2D80)   
<13>Jan 11 19:29:50 USCHPOSDC01 AgentDevice=WindowsLog	AgentLogFile=Security	PluginVersion=1.0.14	Source=Security	Computer=USCHPOSDC01	User=SVC-IDMAdmin	Domain=NA	EventID=642	EventIDCode=642	EventType=8	EventCategory=7	RecordNumber=2544531948	TimeGenerated=1389486588	TimeWritten=1389486588	Message=User Account Changed:   Target Account Name: 644417   Target Domain: POS   Target Account ID: POS\644417   Caller User Name: SVC-IDMAdmin   Caller Domain: NA   Caller Logon ID: (0x0,0x46FE2DEB)   Privileges: -  Changed Attributes:   Sam Account Name: -   Display Name: -   User Principal Name: -   Home Directory: -   Home Drive: -   Script Path: -   Profile Path: -   User Workstations: -   Password Last Set: 1/11/2014 7:29:48 PM   Account Expires: -   Primary Group ID: -   AllowedToDelegateTo: -   Old UAC Value: -   New UAC Value: -   User Account Control: -   User Parameters: -   Sid History: -   Logon Hours: -   
<13>Jan 11 19:29:42 USCHPOSDC01 AgentDevice=WindowsLog	AgentLogFile=Security	PluginVersion=1.0.14	Source=Security	Computer=USCHPOSDC01	User=SVC-IDMAdmin	Domain=NA	EventID=671	EventIDCode=671	EventType=8	EventCategory=7	RecordNumber=2544531825	TimeGenerated=1389486580	TimeWritten=1389486580	Message=User Account Unlocked:   Target Account Name: 639877   Target Domain:  POS   Target Account ID: POS\639877   Caller User Name: SVC-IDMAdmin   Caller Domain: NA   Caller Logon ID: (0x0,0x46FE20F3)   
<13>Jan 11 19:29:42 USCHPOSDC01 AgentDevice=WindowsLog	AgentLogFile=Security	PluginVersion=1.0.14	Source=Security	Computer=USCHPOSDC01	User=SVC-IDMAdmin	Domain=NA	EventID=642	EventIDCode=642	EventType=8	EventCategory=7	RecordNumber=2544531813	TimeGenerated=1389486579	TimeWritten=1389486579	Message=User Account Changed:   Target Account Name: 639877   Target Domain: POS   Target Account ID: POS\639877   Caller User Name: SVC-IDMAdmin   Caller Domain: NA   Caller Logon ID: (0x0,0x46FE216F)   Privileges: -  Changed Attributes:   Sam Account Name: -   Display Name: -   User Principal Name: -   Home Directory: -   Home Drive: -   Script Path: -   Profile Path: -   User Workstations: -   Password Last Set: 1/11/2014 7:29:39 PM   Account Expires: -   Primary Group ID: -   AllowedToDelegateTo: -   Old UAC Value: -   New UAC Value: -   User Account Control: -   User Parameters: -   Sid History: -   Logon Hours: -   
<13>Jan 11 19:28:21 USCHPOSDC01 AgentDevice=WindowsLog	AgentLogFile=Security	PluginVersion=1.0.14	Source=Security	Computer=USCHPOSDC01	User=SYSTEM	Domain=NT AUTHORITY	EventID=644	EventIDCode=644	EventType=8	EventCategory=7	RecordNumber=2544530822	TimeGenerated=1389486498	TimeWritten=1389486498	Message=User Account Locked Out:   Target Account Name: 655465   Target Account ID: POS\655465   Caller Machine Name: USCHNABH03   Caller User Name: USCHPOSDC01$   Caller Domain: POS   Caller Logon ID: (0x0,0x3E7)   
<13>Jan 11 19:27:25 USCHPOSDC01 AgentDevice=WindowsLog	AgentLogFile=Security	PluginVersion=1.0.14	Source=Security	Computer=USCHPOSDC01	User=SVC-IDMAdmin	Domain=NA	EventID=671	EventIDCode=671	EventType=8	EventCategory=7	RecordNumber=2544530283	TimeGenerated=1389486442	TimeWritten=1389486442	Message=User Account Unlocked:   Target Account Name: 644977   Target Domain:  POS   Target Account ID: POS\644977   Caller User Name: SVC-IDMAdmin   Caller Domain: NA   Caller Logon ID: (0x0,0x46FCF7B4)   
<13>Jan 11 19:27:25 USCHPOSDC01 AgentDevice=WindowsLog	AgentLogFile=Security	PluginVersion=1.0.14	Source=Security	Computer=USCHPOSDC01	User=SVC-IDMAdmin	Domain=NA	EventID=642	EventIDCode=642	EventType=8	EventCategory=7	RecordNumber=2544530276	TimeGenerated=1389486442	TimeWritten=1389486442	Message=User Account Changed:   Target Account Name: 644977   Target Domain: POS   Target Account ID: POS\644977   Caller User Name: SVC-IDMAdmin   Caller Domain: NA   Caller Logon ID: (0x0,0x46FCF864)   Privileges: -  Changed Attributes:   Sam Account Name: -   Display Name: -   User Principal Name: -   Home Directory: -   Home Drive: -   Script Path: -   Profile Path: -   User Workstations: -   Password Last Set: 1/11/2014 7:27:21 PM   Account Expires: -   Primary Group ID: -   AllowedToDelegateTo: -   Old UAC Value: -   New UAC Value: -   User Account Control: -   User Parameters: -   Sid History: -   Logon Hours: -   
<13>Jan 11 19:26:18 USHQNADC01 AgentDevice=WindowsLog	AgentLogFile=Security	PluginVersion=1.0.14	Source=Security	Computer=USHQNADC01	User=SYSTEM	Domain=NT AUTHORITY	EventID=644	EventIDCode=644	EventType=8	EventCategory=7	RecordNumber=231946569	TimeGenerated=1389482278	TimeWritten=1389482278	Message=User Account Locked Out:   Target Account Name: JCBmgr   Target Account ID: NA\JCBmgr   Caller Machine Name: \\10.63.125.95   Caller User Name: USHQNADC01$   Caller Domain: NA   Caller Logon ID: (0x0,0x3E7)   
<13>Jan 11 19:25:53 USCHPOSDC01 AgentDevice=WindowsLog	AgentLogFile=Security	PluginVersion=1.0.14	Source=Security	Computer=USCHPOSDC01	User=SYSTEM	Domain=NT AUTHORITY	EventID=644	EventIDCode=644	EventType=8	EventCategory=7	RecordNumber=2544529385	TimeGenerated=1389486349	TimeWritten=1389486349	Message=User Account Locked Out:   Target Account Name: 636290   Target Account ID: POS\636290   Caller Machine Name: USCHNABH03   Caller User Name: USCHPOSDC01$   Caller Domain: POS   Caller Logon ID: (0x0,0x3E7)   
<13>Jan 11 19:20:01 USCHNAHUB02 AgentDevice=WindowsLog	AgentLogFile=Security	PluginVersion=1.0.14	Source=Security	Computer=USCHNAHUB02	User=SYSTEM	Domain=NT AUTHORITY	EventID=644	EventIDCode=644	EventType=8	EventCategory=7	RecordNumber=3020382006	TimeGenerated=1389485998	TimeWritten=1389485998	Message=User Account Locked Out:   Target Account Name: JCBmgr   Target Account ID: NA\JCBmgr   Caller Machine Name: \\10.63.125.95   Caller User Name: USCHNAHUB02$   Caller Domain: NA   Caller Logon ID: (0x0,0x3E7)   
<13>Jan 11 19:19:49 USCHC10WEB02 AgentDevice=WindowsLog	AgentLogFile=Security	PluginVersion=1.0.14	Source=Security	Computer=USCHC10WEB02	User=SYSTEM	Domain=NT AUTHORITY	EventID=644	EventIDCode=644	EventType=8	EventCategory=7	RecordNumber=115957342	TimeGenerated=1389485987	TimeWritten=1389485987	Message=User Account Locked Out:   Target Account Name: john-jacobs   Target Account ID: USCHC10WEB02\john-jacobs   Caller Machine Name: ODS02232K10   Caller User Name: USCHC10WEB02$   Caller Domain: NA   Caller Logon ID: (0x0,0x3E7)   
